Log file open, 01/26/19 17:10:32
LogWindows: Failed to load 'aqProf.dll' (GetLastError=126)
LogWindows: File 'aqProf.dll' does not exist
LogWindows: Failed to load 'VtuneApi.dll' (GetLastError=126)
LogWindows: File 'VtuneApi.dll' does not exist
LogWindows: Failed to load 'VtuneApi32e.dll' (GetLastError=126)
LogWindows: File 'VtuneApi32e.dll' does not exist
LogConsoleResponse: Display: Failed to find resolution value strings in scalability ini. Falling back to default.
LogInit: Display: Running engine for game: MultiplayerShootout
LogPakFile: Registered encryption key '00000000000000000000000000000000': 0 pak files mounted, 0 remain pending
LogPlatformFile: Not using cached read wrapper
LogTaskGraph: Started task graph with 5 named threads and 47 total threads with 3 sets of task threads.
LogStats: Stats thread started at 0.515458
LogD3D11RHI: Loaded GFSDK_Aftermath_Lib.x64.dll
LogICUInternationalization: ICU TimeZone Detection - Raw Offset: -5:00, Platform Override: ''
LogPluginManager: Mounting plugin Paper2D
LogPluginManager: Mounting plugin AISupport
LogPluginManager: Mounting plugin LightPropagationVolume
LogPluginManager: Mounting plugin ActorLayerUtilities
LogPluginManager: Mounting plugin CLionSourceCodeAccess
LogPluginManager: Mounting plugin CodeLiteSourceCodeAccess
LogPluginManager: Mounting plugin GitSourceControl
LogPluginManager: Mounting plugin KDevelopSourceCodeAccess
LogPluginManager: Mounting plugin NullSourceCodeAccess
LogPluginManager: Mounting plugin PerforceSourceControl
LogPluginManager: Mounting plugin SubversionSourceControl
LogPluginManager: Mounting plugin UObjectPlugin
LogPluginManager: Mounting plugin VisualStudioCodeSourceCodeAccess
LogPluginManager: Mounting plugin VisualStudioSourceCodeAccess
LogPluginManager: Mounting plugin XCodeSourceCodeAccess
LogPluginManager: Mounting plugin AssetManagerEditor
LogPluginManager: Mounting plugin CryptoKeys
LogPluginManager: Mounting plugin DataValidation
LogPluginManager: Mounting plugin FacialAnimation
LogPluginManager: Mounting plugin GameplayTagsEditor
LogPluginManager: Mounting plugin MacGraphicsSwitching
LogPluginManager: Mounting plugin MeshEditor
LogPluginManager: Mounting plugin MobileLauncherProfileWizard
LogPluginManager: Mounting plugin PluginBrowser
LogPluginManager: Mounting plugin SpeedTreeImporter
LogPluginManager: Mounting plugin DatasmithContent
LogPluginManager: Mounting plugin VariantManagerContent
LogPluginManager: Mounting plugin AlembicImporter
LogPluginManager: Mounting plugin AppleImageUtils
LogPluginManager: Mounting plugin AppleVision
LogPluginManager: Mounting plugin BackChannel
LogPluginManager: Mounting plugin CharacterAI
LogPluginManager: Mounting plugin GeometryCache
LogPluginManager: Mounting plugin HTML5Networking
LogPluginManager: Mounting plugin ProxyLODPlugin
LogPluginManager: Mounting plugin MagicLeap
LogPluginManager: Mounting plugin MagicLeapMedia
LogPluginManager: Mounting plugin AndroidMedia
LogPluginManager: Mounting plugin AvfMedia
LogPluginManager: Mounting plugin ImgMedia
LogPluginManager: Mounting plugin LinearTimecode
LogPluginManager: Mounting plugin MediaCompositing
LogPluginManager: Mounting plugin MediaPlayerEditor
LogPluginManager: Mounting plugin WebMMedia
LogPluginManager: Mounting plugin WmfMedia
LogPluginManager: Mounting plugin TcpMessaging
LogPluginManager: Mounting plugin UdpMessaging
LogPluginManager: Mounting plugin ActorSequence
LogPluginManager: Mounting plugin LevelSequenceEditor
LogPluginManager: Mounting plugin MatineeToLevelSequence
LogPluginManager: Mounting plugin NetcodeUnitTest
LogPluginManager: Mounting plugin NUTUnrealEngine4
LogPluginManager: Mounting plugin OnlineSubsystemGooglePlay
LogPluginManager: Mounting plugin OnlineSubsystemIOS
LogPluginManager: Mounting plugin OnlineSubsystem
LogPluginManager: Mounting plugin OnlineSubsystemNull
LogPluginManager: Mounting plugin OnlineSubsystemUtils
LogPluginManager: Mounting plugin LauncherChunkInstaller
LogPluginManager: Mounting plugin AndroidDeviceProfileSelector
LogPluginManager: Mounting plugin AndroidMoviePlayer
LogPluginManager: Mounting plugin AndroidPermission
LogPluginManager: Mounting plugin ApexDestruction
LogPluginManager: Mounting plugin AppleMoviePlayer
LogPluginManager: Mounting plugin ArchVisCharacter
LogPluginManager: Mounting plugin AudioCapture
LogPluginManager: Mounting plugin CableComponent
LogPluginManager: Mounting plugin CustomMeshComponent
LogPluginManager: Mounting plugin EditableMesh
LogPluginManager: Mounting plugin ExampleDeviceProfileSelector
LogPluginManager: Mounting plugin Firebase
LogPluginManager: Mounting plugin GoogleCloudMessaging
LogPluginManager: Mounting plugin IOSDeviceProfileSelector
LogPluginManager: Mounting plugin LinuxDeviceProfileSelector
LogPluginManager: Mounting plugin LocationServicesBPLibrary
LogPluginManager: Mounting plugin MobilePatchingUtils
LogPluginManager: Mounting plugin OculusVR
LogPluginManager: Mounting plugin PhysXVehicles
LogPluginManager: Mounting plugin ProceduralMeshComponent
LogPluginManager: Mounting plugin RuntimePhysXCooking
LogPluginManager: Mounting plugin SteamVR
LogPluginManager: Mounting plugin WebMMoviePlayer
LogPluginManager: Mounting plugin WindowsMoviePlayer
LogStreaming: Display: Took  0.059s to configure plugins.
LogInit: Using libcurl 7.55.1-DEV
LogInit:  - built for x86_64-pc-win32
LogInit:  - supports SSL with OpenSSL/1.0.2h
LogInit:  - supports HTTP deflate (compression) using libz 1.2.8
LogInit:  - other features:
LogInit:      CURL_VERSION_SSL
LogInit:      CURL_VERSION_LIBZ
LogInit:      CURL_VERSION_IPV6
LogInit:      CURL_VERSION_ASYNCHDNS
LogInit:      CURL_VERSION_LARGEFILE
LogInit:      CURL_VERSION_IDN
LogInit:  CurlRequestOptions (configurable via config and command line):
LogInit:  - bVerifyPeer = true  - Libcurl will verify peer certificate
LogInit:  - bUseHttpProxy = false  - Libcurl will NOT use HTTP proxy
LogInit:  - bDontReuseConnections = false  - Libcurl will reuse connections
LogInit:  - MaxHostConnections = 16  - Libcurl will limit the number of connections to a host
LogInit:  - LocalHostAddr = Default
LogInit:  - BufferSize = 65536
LogModuleManager: Warning: ModuleManager: Unable to load module 'OnlineSubsystemSteam'  - 0 instances of that module name found.
LogInit: WinSock: version 1.1 (2.2), MaxSocks=32767, MaxUdp=65467
LogHMD: Failed initializing OVRPlugin 1.28.0
LogInit: Build: ++UE4+Release-4.21-CL-4753647
LogInit: Engine Version: 4.21.2-4753647+++UE4+Release-4.21
LogInit: Compatible Engine Version: 4.21.0-4541578+++UE4+Release-4.21
LogInit: Net CL: 4541578
LogInit: OS: Windows 10 (), CPU: AMD Ryzen 7 2700X Eight-Core Processor         , GPU: NVIDIA GeForce GTX 1080
LogInit: Compiled (64-bit): Jan 19 2019 02:07:31
LogInit: Compiled with Visual C++: 19.13.26129.00
LogInit: Build Configuration: Development
LogInit: Branch Name: ++UE4+Release-4.21
LogInit: Command Line:  -game
LogInit: Base Directory: F:/Development/Epic Games/UE_4.21/Engine/Binaries/Win64/
LogInit: Installed Engine Build: 1
LogDevObjectVersion: Number of dev versions registered: 22
LogDevObjectVersion:   Dev-Blueprints (B0D832E4-1F89-4F0D-ACCF-7EB736FD4AA2): 10
LogDevObjectVersion:   Dev-Build (E1C64328-A22C-4D53-A36C-8E866417BD8C): 0
LogDevObjectVersion:   Dev-Core (375EC13C-06E4-48FB-B500-84F0262A717E): 2
LogDevObjectVersion:   Dev-Editor (E4B068ED-F494-42E9-A231-DA0B2E46BB41): 26
LogDevObjectVersion:   Dev-Framework (CFFC743F-43B0-4480-9391-14DF171D2073): 34
LogDevObjectVersion:   Dev-Mobile (B02B49B5-BB20-44E9-A304-32B752E40360): 2
LogDevObjectVersion:   Dev-Networking (A4E4105C-59A1-49B5-A7C5-40C4547EDFEE): 0
LogDevObjectVersion:   Dev-Online (39C831C9-5AE6-47DC-9A44-9C173E1C8E7C): 0
LogDevObjectVersion:   Dev-Physics (78F01B33-EBEA-4F98-B9B4-84EACCB95AA2): 0
LogDevObjectVersion:   Dev-Platform (6631380F-2D4D-43E0-8009-CF276956A95A): 0
LogDevObjectVersion:   Dev-Rendering (12F88B9F-8875-4AFC-A67C-D90C383ABD29): 27
LogDevObjectVersion:   Dev-Sequencer (7B5AE74C-D270-4C10-A958-57980B212A5A): 9
LogDevObjectVersion:   Dev-VR (D7296918-1DD6-4BDD-9DE2-64A83CC13884): 2
LogDevObjectVersion:   Dev-LoadTimes (C2A15278-BFE7-4AFE-6C17-90FF531DF755): 1
LogDevObjectVersion:   Private-Geometry (6EACA3D4-40EC-4CC1-B786-8BED09428FC5): 3
LogDevObjectVersion:   Dev-AnimPhys (29E575DD-E0A3-4627-9D10-D276232CDCEA): 17
LogDevObjectVersion:   Dev-Anim (AF43A65D-7FD3-4947-9873-3E8ED9C1BB05): 2
LogDevObjectVersion:   Dev-ReflectionCapture (6B266CEC-1EC7-4B8F-A30B-E4D90942FC07): 1
LogDevObjectVersion:   Dev-Automation (0DF73D61-A23F-47EA-B727-89E90C41499A): 1
LogDevObjectVersion:   FortniteMain (601D1886-AC64-4F84-AA16-D3DE0DEAC7D6): 17
LogDevObjectVersion:   Dev-Enterprise (9DFFBCD6-494F-0158-E221-12823C92A888): 4
LogDevObjectVersion:   Dev-Niagara (F2AED0AC-9AFE-416F-8664-AA7FFA26D6FC): 1
LogStreaming: Display: Took  0.001s to delete old logs.
LogInit: Presizing for max 8388607 objects, including 0 objects not considered by GC, pre-allocating 0 bytes for permanent pool.
LogInit: Object subsystem initialized
LogConfig: Setting CVar [[con.DebugEarlyDefault:1]]
LogConfig: Setting CVar [[r.setres:1280x720]]
[2019.01.26-22.10.33:135][  0]LogConfig: Setting CVar [[con.DebugEarlyDefault:1]]
[2019.01.26-22.10.33:135][  0]LogConfig: Setting CVar [[r.setres:1280x720]]
[2019.01.26-22.10.33:135][  0]LogConfig: Applying CVar settings from Section [/Script/Engine.RendererSettings] File [F:/Projects/VR/VR_MultiPlayerShootout/MultiplayerShootout 4.19/Saved/Config/Windows/Engine.ini]
[2019.01.26-22.10.33:135][  0]LogConfig: Setting CVar [[r.GPUCrashDebugging:0]]
[2019.01.26-22.10.33:135][  0]LogConfig: Setting CVar [[r.MobileHDR:1]]
[2019.01.26-22.10.33:135][  0]LogConfig: Setting CVar [[r.AllowOcclusionQueries:1]]
[2019.01.26-22.10.33:135][  0]LogConfig: Setting CVar [[r.MinScreenRadiusForLights:0.030000]]
[2019.01.26-22.10.33:135][  0]LogConfig: Setting CVar [[r.MinScreenRadiusForDepthPrepass:0.030000]]
[2019.01.26-22.10.33:135][  0]LogConfig: Setting CVar [[r.PrecomputedVisibilityWarning:0]]
[2019.01.26-22.10.33:135][  0]LogConfig: Setting CVar [[r.TextureStreaming:1]]
[2019.01.26-22.10.33:135][  0]LogConfig: Setting CVar [[Compat.UseDXT5NormalMaps:0]]
[2019.01.26-22.10.33:135][  0]LogConfig: Setting CVar [[r.AllowStaticLighting:1]]
[2019.01.26-22.10.33:135][  0]LogConfig: Setting CVar [[r.NormalMapsForStaticLighting:0]]
[2019.01.26-22.10.33:135][  0]LogConfig: Setting CVar [[r.GenerateMeshDistanceFields:1]]
[2019.01.26-22.10.33:135][  0]LogConfig: Setting CVar [[r.TessellationAdaptivePixelsPerTriangle:48.000000]]
[2019.01.26-22.10.33:135][  0]LogConfig: Setting CVar [[r.SeparateTranslucency:1]]
[2019.01.26-22.10.33:135][  0]LogConfig: Setting CVar [[r.CustomDepth:1]]
[2019.01.26-22.10.33:135][  0]LogConfig: Setting CVar [[r.DefaultFeature.Bloom:1]]
[2019.01.26-22.10.33:135][  0]LogConfig: Setting CVar [[r.DefaultFeature.AmbientOcclusion:1]]
[2019.01.26-22.10.33:135][  0]LogConfig: Setting CVar [[r.DefaultFeature.AmbientOcclusionStaticFraction:1]]
[2019.01.26-22.10.33:135][  0]LogConfig: Setting CVar [[r.DefaultFeature.AutoExposure:1]]
[2019.01.26-22.10.33:135][  0]LogConfig: Setting CVar [[r.DefaultFeature.MotionBlur:1]]
[2019.01.26-22.10.33:135][  0]LogConfig: Setting CVar [[r.DefaultFeature.LensFlare:1]]
[2019.01.26-22.10.33:135][  0]LogConfig: Setting CVar [[r.DefaultFeature.AntiAliasing:2]]
[2019.01.26-22.10.33:135][  0]LogConfig: Setting CVar [[r.EarlyZPass:3]]
[2019.01.26-22.10.33:135][  0]LogConfig: Setting CVar [[r.EarlyZPassMovable:0]]
[2019.01.26-22.10.33:135][  0]LogConfig: Setting CVar [[r.DBuffer:0]]
[2019.01.26-22.10.33:135][  0]LogConfig: Setting CVar [[r.ClearSceneMethod:1]]
[2019.01.26-22.10.33:135][  0]LogConfig: Setting CVar [[r.MSAA.CompositingSampleCount:4]]
[2019.01.26-22.10.33:135][  0]LogConfig: Setting CVar [[r.WireframeCullThreshold:5.000000]]
[2019.01.26-22.10.33:135][  0]LogConfig: Applying CVar settings from Section [/Script/Engine.RendererOverrideSettings] File [F:/Projects/VR/VR_MultiPlayerShootout/MultiplayerShootout 4.19/Saved/Config/Windows/Engine.ini]
[2019.01.26-22.10.33:135][  0]LogConfig: Applying CVar settings from Section [/Script/Engine.StreamingSettings] File [F:/Projects/VR/VR_MultiPlayerShootout/MultiplayerShootout 4.19/Saved/Config/Windows/Engine.ini]
[2019.01.26-22.10.33:135][  0]LogConfig: Setting CVar [[s.MinBulkDataSizeForAsyncLoading:131072]]
[2019.01.26-22.10.33:135][  0]LogConfig: Setting CVar [[s.AsyncLoadingThreadEnabled:0]]
[2019.01.26-22.10.33:135][  0]LogConfig: Setting CVar [[s.EventDrivenLoaderEnabled:1]]
[2019.01.26-22.10.33:135][  0]LogConfig: Setting CVar [[s.WarnIfTimeLimitExceeded:0]]
[2019.01.26-22.10.33:135][  0]LogConfig: Setting CVar [[s.TimeLimitExceededMultiplier:1.5]]
[2019.01.26-22.10.33:135][  0]LogConfig: Setting CVar [[s.TimeLimitExceededMinTime:0.005]]
[2019.01.26-22.10.33:135][  0]LogConfig: Setting CVar [[s.UseBackgroundLevelStreaming:1]]
[2019.01.26-22.10.33:135][  0]LogConfig: Setting CVar [[s.PriorityAsyncLoadingExtraTime:15.0]]
[2019.01.26-22.10.33:135][  0]LogConfig: Setting CVar [[s.LevelStreamingActorsUpdateTimeLimit:5.0]]
[2019.01.26-22.10.33:135][  0]LogConfig: Setting CVar [[s.PriorityLevelStreamingActorsUpdateExtraTime:5.0]]
[2019.01.26-22.10.33:135][  0]LogConfig: Setting CVar [[s.LevelStreamingComponentsRegistrationGranularity:10]]
[2019.01.26-22.10.33:135][  0]LogConfig: Setting CVar [[s.UnregisterComponentsTimeLimit:1.0]]
[2019.01.26-22.10.33:135][  0]LogConfig: Setting CVar [[s.LevelStreamingComponentsUnregistrationGranularity:5]]
[2019.01.26-22.10.33:135][  0]LogConfig: Applying CVar settings from Section [/Script/Engine.GarbageCollectionSettings] File [F:/Projects/VR/VR_MultiPlayerShootout/MultiplayerShootout 4.19/Saved/Config/Windows/Engine.ini]
[2019.01.26-22.10.33:135][  0]LogConfig: Setting CVar [[gc.MaxObjectsNotConsideredByGC:1]]
[2019.01.26-22.10.33:135][  0]LogConfig: Setting CVar [[gc.SizeOfPermanentObjectPool:0]]
[2019.01.26-22.10.33:135][  0]LogConfig: Setting CVar [[gc.FlushStreamingOnGC:0]]
[2019.01.26-22.10.33:135][  0]LogConfig: Setting CVar [[gc.NumRetriesBeforeForcingGC:10]]
[2019.01.26-22.10.33:135][  0]LogConfig: Setting CVar [[gc.AllowParallelGC:1]]
[2019.01.26-22.10.33:135][  0]LogConfig: Setting CVar [[gc.TimeBetweenPurgingPendingKillObjects:61.1]]
[2019.01.26-22.10.33:135][  0]LogConfig: Setting CVar [[gc.MaxObjectsInEditor:8388607]]
[2019.01.26-22.10.33:135][  0]LogConfig: Setting CVar [[gc.IncrementalBeginDestroyEnabled:1]]
[2019.01.26-22.10.33:135][  0]LogConfig: Setting CVar [[gc.CreateGCClusters:1]]
[2019.01.26-22.10.33:135][  0]LogConfig: Setting CVar [[gc.MergeGCClusters:0]]
[2019.01.26-22.10.33:135][  0]LogConfig: Setting CVar [[gc.MinGCClusterSize:5]]
[2019.01.26-22.10.33:135][  0]LogConfig: Setting CVar [[gc.ActorClusteringEnabled:0]]
[2019.01.26-22.10.33:135][  0]LogConfig: Setting CVar [[gc.BlueprintClusteringEnabled:0]]
[2019.01.26-22.10.33:135][  0]LogConfig: Setting CVar [[gc.UseDisregardForGCOnDedicatedServers:0]]
[2019.01.26-22.10.33:135][  0]LogConfig: Applying CVar settings from Section [/Script/Engine.NetworkSettings] File [F:/Projects/VR/VR_MultiPlayerShootout/MultiplayerShootout 4.19/Saved/Config/Windows/Engine.ini]
[2019.01.26-22.10.33:135][  0]LogConfig: Applying CVar settings from Section [/Script/UnrealEd.CookerSettings] File [F:/Projects/VR/VR_MultiPlayerShootout/MultiplayerShootout 4.19/Saved/Config/Windows/Engine.ini]
[2019.01.26-22.10.33:138][  0]LogConfig: Applying CVar settings from Section [ViewDistanceQuality@3] File [F:/Projects/VR/VR_MultiPlayerShootout/MultiplayerShootout 4.19/Saved/Config/Windows/Scalability.ini]
[2019.01.26-22.10.33:138][  0]LogConfig: Setting CVar [[r.SkeletalMeshLODBias:0]]
[2019.01.26-22.10.33:138][  0]LogConfig: Setting CVar [[r.ViewDistanceScale:1.0]]
[2019.01.26-22.10.33:138][  0]LogConfig: Applying CVar settings from Section [AntiAliasingQuality@3] File [F:/Projects/VR/VR_MultiPlayerShootout/MultiplayerShootout 4.19/Saved/Config/Windows/Scalability.ini]
[2019.01.26-22.10.33:138][  0]LogConfig: Setting CVar [[r.PostProcessAAQuality:4]]
[2019.01.26-22.10.33:138][  0]LogConfig: Applying CVar settings from Section [ShadowQuality@3] File [F:/Projects/VR/VR_MultiPlayerShootout/MultiplayerShootout 4.19/Saved/Config/Windows/Scalability.ini]
[2019.01.26-22.10.33:138][  0]LogConfig: Setting CVar [[r.LightFunctionQuality:1]]
[2019.01.26-22.10.33:138][  0]LogConfig: Setting CVar [[r.ShadowQuality:5]]
[2019.01.26-22.10.33:138][  0]LogConfig: Setting CVar [[r.Shadow.CSM.MaxCascades:10]]
[2019.01.26-22.10.33:138][  0]LogConfig: Setting CVar [[r.Shadow.MaxResolution:2048]]
[2019.01.26-22.10.33:138][  0]LogConfig: Setting CVar [[r.Shadow.MaxCSMResolution:2048]]
[2019.01.26-22.10.33:138][  0]LogConfig: Setting CVar [[r.Shadow.RadiusThreshold:0.01]]
[2019.01.26-22.10.33:138][  0]LogConfig: Setting CVar [[r.Shadow.DistanceScale:1.0]]
[2019.01.26-22.10.33:138][  0]LogConfig: Setting CVar [[r.Shadow.CSM.TransitionScale:1.0]]
[2019.01.26-22.10.33:138][  0]LogConfig: Setting CVar [[r.Shadow.PreShadowResolutionFactor:1.0]]
[2019.01.26-22.10.33:138][  0]LogConfig: Setting CVar [[r.DistanceFieldShadowing:1]]
[2019.01.26-22.10.33:138][  0]LogConfig: Setting CVar [[r.DistanceFieldAO:1]]
[2019.01.26-22.10.33:138][  0]LogConfig: Setting CVar [[r.AOQuality:2]]
[2019.01.26-22.10.33:138][  0]LogConfig: Setting CVar [[r.VolumetricFog:1]]
[2019.01.26-22.10.33:138][  0]LogConfig: Setting CVar [[r.VolumetricFog.GridPixelSize:8]]
[2019.01.26-22.10.33:138][  0]LogConfig: Setting CVar [[r.VolumetricFog.GridSizeZ:128]]
[2019.01.26-22.10.33:138][  0]LogConfig: Setting CVar [[r.VolumetricFog.HistoryMissSupersampleCount:4]]
[2019.01.26-22.10.33:138][  0]LogConfig: Setting CVar [[r.LightMaxDrawDistanceScale:1]]
[2019.01.26-22.10.33:138][  0]LogConfig: Setting CVar [[r.CapsuleShadows:1]]
[2019.01.26-22.10.33:138][  0]LogConfig: Applying CVar settings from Section [PostProcessQuality@3] File [F:/Projects/VR/VR_MultiPlayerShootout/MultiplayerShootout 4.19/Saved/Config/Windows/Scalability.ini]
[2019.01.26-22.10.33:138][  0]LogConfig: Setting CVar [[r.MotionBlurQuality:4]]
[2019.01.26-22.10.33:138][  0]LogConfig: Setting CVar [[r.AmbientOcclusionMipLevelFactor:0.4]]
[2019.01.26-22.10.33:138][  0]LogConfig: Setting CVar [[r.AmbientOcclusionMaxQuality:100]]
[2019.01.26-22.10.33:138][  0]LogConfig: Setting CVar [[r.AmbientOcclusionLevels:-1]]
[2019.01.26-22.10.33:138][  0]LogConfig: Setting CVar [[r.AmbientOcclusionRadiusScale:1.0]]
[2019.01.26-22.10.33:138][  0]LogConfig: Setting CVar [[r.DepthOfFieldQuality:2]]
[2019.01.26-22.10.33:138][  0]LogConfig: Setting CVar [[r.RenderTargetPoolMin:400]]
[2019.01.26-22.10.33:138][  0]LogConfig: Setting CVar [[r.LensFlareQuality:2]]
[2019.01.26-22.10.33:138][  0]LogConfig: Setting CVar [[r.SceneColorFringeQuality:1]]
[2019.01.26-22.10.33:138][  0]LogConfig: Setting CVar [[r.EyeAdaptationQuality:2]]
[2019.01.26-22.10.33:138][  0]LogConfig: Setting CVar [[r.BloomQuality:5]]
[2019.01.26-22.10.33:138][  0]LogConfig: Setting CVar [[r.FastBlurThreshold:100]]
[2019.01.26-22.10.33:138][  0]LogConfig: Setting CVar [[r.Upscale.Quality:3]]
[2019.01.26-22.10.33:138][  0]LogConfig: Setting CVar [[r.Tonemapper.GrainQuantization:1]]
[2019.01.26-22.10.33:138][  0]LogConfig: Setting CVar [[r.LightShaftQuality:1]]
[2019.01.26-22.10.33:138][  0]LogConfig: Setting CVar [[r.Filter.SizeScale:1]]
[2019.01.26-22.10.33:138][  0]LogConfig: Setting CVar [[r.Tonemapper.Quality:5]]
[2019.01.26-22.10.33:138][  0]LogConfig: Setting CVar [[r.DOF.Gather.AccumulatorQuality:1        ; higher gathering accumulator quality]]
[2019.01.26-22.10.33:138][  0]LogConfig: Setting CVar [[r.DOF.Gather.PostfilterMethod:1          ; Median3x3 postfilering method]]
[2019.01.26-22.10.33:138][  0]LogConfig: Setting CVar [[r.DOF.Gather.EnableBokehSettings:0       ; no bokeh simulation when gathering]]
[2019.01.26-22.10.33:138][  0]LogConfig: Setting CVar [[r.DOF.Gather.RingCount:4                 ; medium number of samples when gathering]]
[2019.01.26-22.10.33:138][  0]LogConfig: Setting CVar [[r.DOF.Scatter.ForegroundCompositing:1    ; additive foreground scattering]]
[2019.01.26-22.10.33:138][  0]LogConfig: Setting CVar [[r.DOF.Scatter.BackgroundCompositing:2    ; additive background scattering]]
[2019.01.26-22.10.33:138][  0]LogConfig: Setting CVar [[r.DOF.Scatter.EnableBokehSettings:1      ; bokeh simulation when scattering]]
[2019.01.26-22.10.33:138][  0]LogConfig: Setting CVar [[r.DOF.Scatter.MaxSpriteRatio:0.1         ; only a maximum of 10% of scattered bokeh]]
[2019.01.26-22.10.33:138][  0]LogConfig: Setting CVar [[r.DOF.Recombine.Quality:1                ; cheap slight out of focus]]
[2019.01.26-22.10.33:138][  0]LogConfig: Setting CVar [[r.DOF.Recombine.EnableBokehSettings:0    ; no bokeh simulation on slight out of focus]]
[2019.01.26-22.10.33:138][  0]LogConfig: Setting CVar [[r.DOF.TemporalAAQuality:1                ; more stable temporal accumulation]]
[2019.01.26-22.10.33:138][  0]LogConfig: Setting CVar [[r.DOF.Kernel.MaxForegroundRadius:0.025]]
[2019.01.26-22.10.33:138][  0]LogConfig: Setting CVar [[r.DOF.Kernel.MaxBackgroundRadius:0.025]]
[2019.01.26-22.10.33:138][  0]LogConfig: Applying CVar settings from Section [TextureQuality@3] File [F:/Projects/VR/VR_MultiPlayerShootout/MultiplayerShootout 4.19/Saved/Config/Windows/Scalability.ini]
[2019.01.26-22.10.33:138][  0]LogConfig: Setting CVar [[r.Streaming.MipBias:0]]
[2019.01.26-22.10.33:138][  0]LogConfig: Setting CVar [[r.Streaming.AmortizeCPUToGPUCopy:0]]
[2019.01.26-22.10.33:138][  0]LogConfig: Setting CVar [[r.Streaming.MaxNumTexturesToStreamPerFrame:0]]
[2019.01.26-22.10.33:138][  0]LogConfig: Setting CVar [[r.Streaming.Boost:1]]
[2019.01.26-22.10.33:138][  0]LogConfig: Setting CVar [[r.MaxAnisotropy:8]]
[2019.01.26-22.10.33:138][  0]LogConfig: Setting CVar [[r.Streaming.LimitPoolSizeToVRAM:0]]
[2019.01.26-22.10.33:138][  0]LogConfig: Setting CVar [[r.Streaming.PoolSize:1000]]
[2019.01.26-22.10.33:138][  0]LogConfig: Setting CVar [[r.Streaming.MaxEffectiveScreenSize:0]]
[2019.01.26-22.10.33:138][  0]LogConfig: Applying CVar settings from Section [EffectsQuality@3] File [F:/Projects/VR/VR_MultiPlayerShootout/MultiplayerShootout 4.19/Saved/Config/Windows/Scalability.ini]
[2019.01.26-22.10.33:138][  0]LogConfig: Setting CVar [[r.TranslucencyLightingVolumeDim:64]]
[2019.01.26-22.10.33:138][  0]LogConfig: Setting CVar [[r.RefractionQuality:2]]
[2019.01.26-22.10.33:138][  0]LogConfig: Setting CVar [[r.SSR.Quality:3]]
[2019.01.26-22.10.33:138][  0]LogConfig: Setting CVar [[r.SceneColorFormat:4]]
[2019.01.26-22.10.33:138][  0]LogConfig: Setting CVar [[r.DetailMode:2]]
[2019.01.26-22.10.33:138][  0]LogConfig: Setting CVar [[r.TranslucencyVolumeBlur:1]]
[2019.01.26-22.10.33:138][  0]LogConfig: Setting CVar [[r.MaterialQualityLevel:1 ; High quality]]
[2019.01.26-22.10.33:138][  0]LogConfig: Setting CVar [[r.SSS.Scale:1]]
[2019.01.26-22.10.33:138][  0]LogConfig: Setting CVar [[r.SSS.SampleSet:2]]
[2019.01.26-22.10.33:138][  0]LogConfig: Setting CVar [[r.SSS.Quality:1]]
[2019.01.26-22.10.33:138][  0]LogConfig: Setting CVar [[r.SSS.HalfRes:1]]
[2019.01.26-22.10.33:138][  0]LogConfig: Setting CVar [[r.EmitterSpawnRateScale:1.0]]
[2019.01.26-22.10.33:138][  0]LogConfig: Setting CVar [[r.ParticleLightQuality:2]]
[2019.01.26-22.10.33:138][  0]LogConfig: Applying CVar settings from Section [FoliageQuality@3] File [F:/Projects/VR/VR_MultiPlayerShootout/MultiplayerShootout 4.19/Saved/Config/Windows/Scalability.ini]
[2019.01.26-22.10.33:139][  0]LogConfig: Setting CVar [[foliage.DensityScale:1.0]]
[2019.01.26-22.10.33:139][  0]LogConfig: Setting CVar [[grass.DensityScale:1.0]]
[2019.01.26-22.10.33:139][  0]LogInit: Selected Device Profile: [Windows]
[2019.01.26-22.10.33:139][  0]LogInit: Applying CVar settings loaded from the selected device profile: [Windows]
[2019.01.26-22.10.33:150][  0]LogHAL: Display: Platform has ~ 16 GB [17111269376 / 17179869184 / 16], which maps to Larger [LargestMinGB=32, LargerMinGB=12, DefaultMinGB=8, SmallerMinGB=6, SmallestMinGB=0)
[2019.01.26-22.10.33:150][  0]LogConfig: Setting CVar [[r.Vulkan.UseRealUBs:1]]
[2019.01.26-22.10.33:150][  0]LogInit: Going up to parent DeviceProfile []
[2019.01.26-22.10.33:150][  0]LogConfig: Applying CVar settings from Section [ViewDistanceQuality@3] File [F:/Projects/VR/VR_MultiPlayerShootout/MultiplayerShootout 4.19/Saved/Config/Windows/Scalability.ini]
[2019.01.26-22.10.33:150][  0]LogConfig: Setting CVar [[r.SkeletalMeshLODBias:0]]
[2019.01.26-22.10.33:150][  0]LogConfig: Setting CVar [[r.ViewDistanceScale:1.0]]
[2019.01.26-22.10.33:150][  0]LogConfig: Applying CVar settings from Section [AntiAliasingQuality@3] File [F:/Projects/VR/VR_MultiPlayerShootout/MultiplayerShootout 4.19/Saved/Config/Windows/Scalability.ini]
[2019.01.26-22.10.33:150][  0]LogConfig: Setting CVar [[r.PostProcessAAQuality:4]]
[2019.01.26-22.10.33:150][  0]LogConfig: Applying CVar settings from Section [ShadowQuality@3] File [F:/Projects/VR/VR_MultiPlayerShootout/MultiplayerShootout 4.19/Saved/Config/Windows/Scalability.ini]
[2019.01.26-22.10.33:150][  0]LogConfig: Setting CVar [[r.LightFunctionQuality:1]]
[2019.01.26-22.10.33:150][  0]LogConfig: Setting CVar [[r.ShadowQuality:5]]
[2019.01.26-22.10.33:150][  0]LogConfig: Setting CVar [[r.Shadow.CSM.MaxCascades:10]]
[2019.01.26-22.10.33:150][  0]LogConfig: Setting CVar [[r.Shadow.MaxResolution:2048]]
[2019.01.26-22.10.33:150][  0]LogConfig: Setting CVar [[r.Shadow.MaxCSMResolution:2048]]
[2019.01.26-22.10.33:150][  0]LogConfig: Setting CVar [[r.Shadow.RadiusThreshold:0.01]]
[2019.01.26-22.10.33:150][  0]LogConfig: Setting CVar [[r.Shadow.DistanceScale:1.0]]
[2019.01.26-22.10.33:150][  0]LogConfig: Setting CVar [[r.Shadow.CSM.TransitionScale:1.0]]
[2019.01.26-22.10.33:150][  0]LogConfig: Setting CVar [[r.Shadow.PreShadowResolutionFactor:1.0]]
[2019.01.26-22.10.33:150][  0]LogConfig: Setting CVar [[r.DistanceFieldShadowing:1]]
[2019.01.26-22.10.33:151][  0]LogConfig: Setting CVar [[r.DistanceFieldAO:1]]
[2019.01.26-22.10.33:151][  0]LogConfig: Setting CVar [[r.AOQuality:2]]
[2019.01.26-22.10.33:151][  0]LogConfig: Setting CVar [[r.VolumetricFog:1]]
[2019.01.26-22.10.33:151][  0]LogConfig: Setting CVar [[r.VolumetricFog.GridPixelSize:8]]
[2019.01.26-22.10.33:151][  0]LogConfig: Setting CVar [[r.VolumetricFog.GridSizeZ:128]]
[2019.01.26-22.10.33:151][  0]LogConfig: Setting CVar [[r.VolumetricFog.HistoryMissSupersampleCount:4]]
[2019.01.26-22.10.33:151][  0]LogConfig: Setting CVar [[r.LightMaxDrawDistanceScale:1]]
[2019.01.26-22.10.33:151][  0]LogConfig: Setting CVar [[r.CapsuleShadows:1]]
[2019.01.26-22.10.33:151][  0]LogConfig: Applying CVar settings from Section [PostProcessQuality@3] File [F:/Projects/VR/VR_MultiPlayerShootout/MultiplayerShootout 4.19/Saved/Config/Windows/Scalability.ini]
[2019.01.26-22.10.33:151][  0]LogConfig: Setting CVar [[r.MotionBlurQuality:4]]
[2019.01.26-22.10.33:151][  0]LogConfig: Setting CVar [[r.AmbientOcclusionMipLevelFactor:0.4]]
[2019.01.26-22.10.33:151][  0]LogConfig: Setting CVar [[r.AmbientOcclusionMaxQuality:100]]
[2019.01.26-22.10.33:151][  0]LogConfig: Setting CVar [[r.AmbientOcclusionLevels:-1]]
[2019.01.26-22.10.33:151][  0]LogConfig: Setting CVar [[r.AmbientOcclusionRadiusScale:1.0]]
[2019.01.26-22.10.33:151][  0]LogConfig: Setting CVar [[r.DepthOfFieldQuality:2]]
[2019.01.26-22.10.33:151][  0]LogConfig: Setting CVar [[r.RenderTargetPoolMin:400]]
[2019.01.26-22.10.33:151][  0]LogConfig: Setting CVar [[r.LensFlareQuality:2]]
[2019.01.26-22.10.33:151][  0]LogConfig: Setting CVar [[r.SceneColorFringeQuality:1]]
[2019.01.26-22.10.33:151][  0]LogConfig: Setting CVar [[r.EyeAdaptationQuality:2]]
[2019.01.26-22.10.33:151][  0]LogConfig: Setting CVar [[r.BloomQuality:5]]
[2019.01.26-22.10.33:151][  0]LogConfig: Setting CVar [[r.FastBlurThreshold:100]]
[2019.01.26-22.10.33:151][  0]LogConfig: Setting CVar [[r.Upscale.Quality:3]]
[2019.01.26-22.10.33:151][  0]LogConfig: Setting CVar [[r.Tonemapper.GrainQuantization:1]]
[2019.01.26-22.10.33:151][  0]LogConfig: Setting CVar [[r.LightShaftQuality:1]]
[2019.01.26-22.10.33:151][  0]LogConfig: Setting CVar [[r.Filter.SizeScale:1]]
[2019.01.26-22.10.33:151][  0]LogConfig: Setting CVar [[r.Tonemapper.Quality:5]]
[2019.01.26-22.10.33:151][  0]LogConfig: Setting CVar [[r.DOF.Gather.AccumulatorQuality:1        ; higher gathering accumulator quality]]
[2019.01.26-22.10.33:151][  0]LogConfig: Setting CVar [[r.DOF.Gather.PostfilterMethod:1          ; Median3x3 postfilering method]]
[2019.01.26-22.10.33:151][  0]LogConfig: Setting CVar [[r.DOF.Gather.EnableBokehSettings:0       ; no bokeh simulation when gathering]]
[2019.01.26-22.10.33:151][  0]LogConfig: Setting CVar [[r.DOF.Gather.RingCount:4                 ; medium number of samples when gathering]]
[2019.01.26-22.10.33:151][  0]LogConfig: Setting CVar [[r.DOF.Scatter.ForegroundCompositing:1    ; additive foreground scattering]]
[2019.01.26-22.10.33:151][  0]LogConfig: Setting CVar [[r.DOF.Scatter.BackgroundCompositing:2    ; additive background scattering]]
[2019.01.26-22.10.33:151][  0]LogConfig: Setting CVar [[r.DOF.Scatter.EnableBokehSettings:1      ; bokeh simulation when scattering]]
[2019.01.26-22.10.33:151][  0]LogConfig: Setting CVar [[r.DOF.Scatter.MaxSpriteRatio:0.1         ; only a maximum of 10% of scattered bokeh]]
[2019.01.26-22.10.33:151][  0]LogConfig: Setting CVar [[r.DOF.Recombine.Quality:1                ; cheap slight out of focus]]
[2019.01.26-22.10.33:151][  0]LogConfig: Setting CVar [[r.DOF.Recombine.EnableBokehSettings:0    ; no bokeh simulation on slight out of focus]]
[2019.01.26-22.10.33:151][  0]LogConfig: Setting CVar [[r.DOF.TemporalAAQuality:1                ; more stable temporal accumulation]]
[2019.01.26-22.10.33:151][  0]LogConfig: Setting CVar [[r.DOF.Kernel.MaxForegroundRadius:0.025]]
[2019.01.26-22.10.33:151][  0]LogConfig: Setting CVar [[r.DOF.Kernel.MaxBackgroundRadius:0.025]]
[2019.01.26-22.10.33:151][  0]LogConfig: Applying CVar settings from Section [TextureQuality@3] File [F:/Projects/VR/VR_MultiPlayerShootout/MultiplayerShootout 4.19/Saved/Config/Windows/Scalability.ini]
[2019.01.26-22.10.33:151][  0]LogConfig: Setting CVar [[r.Streaming.MipBias:0]]
[2019.01.26-22.10.33:151][  0]LogConfig: Setting CVar [[r.Streaming.AmortizeCPUToGPUCopy:0]]
[2019.01.26-22.10.33:151][  0]LogConfig: Setting CVar [[r.Streaming.MaxNumTexturesToStreamPerFrame:0]]
[2019.01.26-22.10.33:151][  0]LogConfig: Setting CVar [[r.Streaming.Boost:1]]
[2019.01.26-22.10.33:151][  0]LogConfig: Setting CVar [[r.MaxAnisotropy:8]]
[2019.01.26-22.10.33:151][  0]LogConfig: Setting CVar [[r.Streaming.LimitPoolSizeToVRAM:0]]
[2019.01.26-22.10.33:151][  0]LogConfig: Setting CVar [[r.Streaming.PoolSize:1000]]
[2019.01.26-22.10.33:151][  0]LogConfig: Setting CVar [[r.Streaming.MaxEffectiveScreenSize:0]]
[2019.01.26-22.10.33:151][  0]LogConfig: Applying CVar settings from Section [EffectsQuality@3] File [F:/Projects/VR/VR_MultiPlayerShootout/MultiplayerShootout 4.19/Saved/Config/Windows/Scalability.ini]
[2019.01.26-22.10.33:151][  0]LogConfig: Setting CVar [[r.TranslucencyLightingVolumeDim:64]]
[2019.01.26-22.10.33:151][  0]LogConfig: Setting CVar [[r.RefractionQuality:2]]
[2019.01.26-22.10.33:151][  0]LogConfig: Setting CVar [[r.SSR.Quality:3]]
[2019.01.26-22.10.33:151][  0]LogConfig: Setting CVar [[r.SceneColorFormat:4]]
[2019.01.26-22.10.33:151][  0]LogConfig: Setting CVar [[r.DetailMode:2]]
[2019.01.26-22.10.33:151][  0]LogConfig: Setting CVar [[r.TranslucencyVolumeBlur:1]]
[2019.01.26-22.10.33:151][  0]LogConfig: Setting CVar [[r.MaterialQualityLevel:1 ; High quality]]
[2019.01.26-22.10.33:151][  0]LogConfig: Setting CVar [[r.SSS.Scale:1]]
[2019.01.26-22.10.33:151][  0]LogConfig: Setting CVar [[r.SSS.SampleSet:2]]
[2019.01.26-22.10.33:151][  0]LogConfig: Setting CVar [[r.SSS.Quality:1]]
[2019.01.26-22.10.33:151][  0]LogConfig: Setting CVar [[r.SSS.HalfRes:1]]
[2019.01.26-22.10.33:151][  0]LogConfig: Setting CVar [[r.EmitterSpawnRateScale:1.0]]
[2019.01.26-22.10.33:151][  0]LogConfig: Setting CVar [[r.ParticleLightQuality:2]]
[2019.01.26-22.10.33:151][  0]LogConfig: Applying CVar settings from Section [FoliageQuality@3] File [F:/Projects/VR/VR_MultiPlayerShootout/MultiplayerShootout 4.19/Saved/Config/Windows/Scalability.ini]
[2019.01.26-22.10.33:151][  0]LogConfig: Setting CVar [[foliage.DensityScale:1.0]]
[2019.01.26-22.10.33:151][  0]LogConfig: Setting CVar [[grass.DensityScale:1.0]]
[2019.01.26-22.10.33:151][  0]LogConfig: Applying CVar settings from Section [Startup] File [../../../Engine/Config/ConsoleVariables.ini]
[2019.01.26-22.10.33:152][  0]LogConfig: Setting CVar [[net.UseAdaptiveNetUpdateFrequency:0]]
[2019.01.26-22.10.33:152][  0]LogConfig: Applying CVar settings from Section [ConsoleVariables] File [F:/Projects/VR/VR_MultiPlayerShootout/MultiplayerShootout 4.19/Saved/Config/Windows/Engine.ini]
[2019.01.26-22.10.33:152][  0]LogInit: Computer: WHITECUBE
[2019.01.26-22.10.33:152][  0]LogInit: User: Edward
[2019.01.26-22.10.33:152][  0]LogInit: CPU Page size=4096, Cores=8
[2019.01.26-22.10.33:152][  0]LogInit: High frequency timer resolution =10.000000 MHz
[2019.01.26-22.10.33:152][  0]LogMemory: Memory total: Physical=15.9GB (16GB approx)
[2019.01.26-22.10.33:152][  0]LogMemory: Platform Memory Stats for Windows
[2019.01.26-22.10.33:152][  0]LogMemory: Process Physical Memory: 109.25 MB used, 109.26 MB peak
[2019.01.26-22.10.33:152][  0]LogMemory: Process Virtual Memory: 95.30 MB used, 95.30 MB peak
[2019.01.26-22.10.33:152][  0]LogMemory: Physical Memory: 5649.38 MB used,  10669.20 MB free, 16318.58 MB total
[2019.01.26-22.10.33:152][  0]LogMemory: Virtual Memory: 4703.38 MB used,  134213024.00 MB free, 134217728.00 MB total
[2019.01.26-22.10.33:166][  0]LogInit: Using OS detected language (en-US).
[2019.01.26-22.10.33:166][  0]LogInit: Using OS detected locale (en-US).
[2019.01.26-22.10.33:167][  0]LogTextLocalizationManager: No specific localization for 'en-US' exists, so the 'en' localization will be used.
[2019.01.26-22.10.33:498][  0]LogStreaming: Display: Took  0.332s to InitEngineTextLocalization.
[2019.01.26-22.10.33:532][  0]LogSlate: New Slate User Created.  User Index 0, Is Virtual User: 0
[2019.01.26-22.10.33:532][  0]LogSlate: Slate User Registered.  User Index 0, Is Virtual User: 0
[2019.01.26-22.10.34:618][  0]LogD3D11RHI: D3D11 adapters:
[2019.01.26-22.10.34:667][  0]LogD3D11RHI:    0. 'NVIDIA GeForce GTX 1080' (Feature Level 11_0)
[2019.01.26-22.10.34:667][  0]LogD3D11RHI:       8079/0/8159 MB DedicatedVideo/DedicatedSystem/SharedSystem, Outputs:1, VendorId:0x10de
[2019.01.26-22.10.34:669][  0]LogD3D11RHI:    1. 'Microsoft Basic Render Driver' (Feature Level 11_0)
[2019.01.26-22.10.34:669][  0]LogD3D11RHI:       0/0/8159 MB DedicatedVideo/DedicatedSystem/SharedSystem, Outputs:0, VendorId:0x1414
[2019.01.26-22.10.34:669][  0]LogD3D11RHI: Chosen D3D11 Adapter: 0
[2019.01.26-22.10.34:674][  0]LogD3D11RHI: Creating new Direct3DDevice
[2019.01.26-22.10.34:674][  0]LogD3D11RHI:     GPU DeviceId: 0x1b80 (for the marketing name, search the web for "GPU Device Id")
[2019.01.26-22.10.34:674][  0]LogWindows: EnumDisplayDevices:
[2019.01.26-22.10.34:674][  0]LogWindows:    0. 'NVIDIA GeForce GTX 1080' (P:1 D:1)
[2019.01.26-22.10.34:675][  0]LogWindows:    1. 'NVIDIA GeForce GTX 1080' (P:0 D:0)
[2019.01.26-22.10.34:675][  0]LogWindows:    2. 'NVIDIA GeForce GTX 1080' (P:0 D:0)
[2019.01.26-22.10.34:675][  0]LogWindows:    3. 'NVIDIA GeForce GTX 1080' (P:0 D:0)
[2019.01.26-22.10.34:675][  0]LogWindows:    4. 'Mirage Driver' (P:0 D:0)
[2019.01.26-22.10.34:675][  0]LogWindows: DebugString: GetVideoDriverDetailsInvalid PrimaryIsNotTheChoosenAdapter FoundDriverCount:4 
[2019.01.26-22.10.34:675][  0]LogD3D11RHI:     Adapter Name: NVIDIA GeForce GTX 1080
[2019.01.26-22.10.34:675][  0]LogD3D11RHI:   Driver Version: 417.71 (internal:25.21.14.1771, unified:417.71)
[2019.01.26-22.10.34:675][  0]LogD3D11RHI:      Driver Date: 1-11-2019
[2019.01.26-22.10.34:675][  0]LogRHI: Texture pool is 5655 MB (70% of 8079 MB)
[2019.01.26-22.10.34:719][  0]LogD3D11RHI: Async texture creation enabled
[2019.01.26-22.10.34:736][  0]LogD3D11RHI: GPU Timing Frequency: 1000.000000 (Debug: 2 2)
[2019.01.26-22.10.35:001][  0]LogTemp: Display: Loaded TP WindowsClientTargetPlatform
[2019.01.26-22.10.35:014][  0]LogTemp: Display: Loaded TP WindowsNoEditorTargetPlatform
[2019.01.26-22.10.35:026][  0]LogTemp: Display: Loaded TP WindowsServerTargetPlatform
[2019.01.26-22.10.35:039][  0]LogTemp: Display: Loaded TP WindowsTargetPlatform
[2019.01.26-22.10.35:040][  0]LogTargetPlatformManager: Display: Building Assets For Windows
[2019.01.26-22.10.35:083][  0]LogShaderCompilers: Guid format shader working directory is -30 characters bigger than the processId version (../../../../../../Projects/VR/VR_MultiPlayerShootout/MultiplayerShootout 4.19/Intermediate/Shaders/WorkingDirectory/9280/).
[2019.01.26-22.10.35:083][  0]LogShaderCompilers: Cleaned the shader compiler working directory 'C:/Users/Edward/AppData/Local/Temp/UnrealShaderWorkingDir/5C63131C48A083E65E89B4AD9BE652EA/'.
[2019.01.26-22.10.35:084][  0]LogXGEController: Cleaning working directory: C:/Users/Edward/AppData/Local/Temp/UnrealXGEWorkingDir/
[2019.01.26-22.10.35:096][  0]LogShaderCompilers: Display: Using XGE Shader Compiler (Interception Interface).
[2019.01.26-22.10.35:553][  0]LogDerivedDataCache: Display: Max Cache Size: 512 MB
[2019.01.26-22.10.35:594][  0]LogDerivedDataCache: Loaded boot cache 0.04s 92MB C:/Users/Edward/AppData/Local/UnrealEngine/4.21/DerivedDataCache/Boot.ddc.
[2019.01.26-22.10.35:594][  0]LogDerivedDataCache: Display: Loaded Boot cache: C:/Users/Edward/AppData/Local/UnrealEngine/4.21/DerivedDataCache/Boot.ddc
[2019.01.26-22.10.35:594][  0]LogDerivedDataCache: FDerivedDataBackendGraph:  Pak pak cache file ../../../../../../Projects/VR/VR_MultiPlayerShootout/MultiplayerShootout 4.19/DerivedDataCache/DDC.ddp not found, will not use a pak cache.
[2019.01.26-22.10.35:594][  0]LogDerivedDataCache: Unable to find inner node Pak for hierarchical cache Hierarchy.
[2019.01.26-22.10.35:594][  0]LogDerivedDataCache: FDerivedDataBackendGraph:  CompressedPak pak cache file ../../../../../../Projects/VR/VR_MultiPlayerShootout/MultiplayerShootout 4.19/DerivedDataCache/Compressed.ddp not found, will not use a pak cache.
[2019.01.26-22.10.35:594][  0]LogDerivedDataCache: Unable to find inner node CompressedPak for hierarchical cache Hierarchy.
[2019.01.26-22.10.35:608][  0]LogDerivedDataCache: Display: Pak cache opened for reading ../../../Engine/DerivedDataCache/Compressed.ddp.
[2019.01.26-22.10.35:608][  0]LogDerivedDataCache: FDerivedDataBackendGraph:  EnterprisePak pak cache file ../../../Enterprise/DerivedDataCache/Compressed.ddp not found, will not use a pak cache.
[2019.01.26-22.10.35:608][  0]LogDerivedDataCache: Unable to find inner node EnterprisePak for hierarchical cache Hierarchy.
[2019.01.26-22.10.35:620][  0]LogDerivedDataCache: Using Local data cache path C:/Users/Edward/AppData/Local/UnrealEngine/Common/DerivedDataCache: Writable
[2019.01.26-22.10.35:620][  0]LogDerivedDataCache: Shared data cache path not found in *engine.ini, will not use an Shared cache.
[2019.01.26-22.10.35:620][  0]LogDerivedDataCache: Unable to find inner node Shared for hierarchical cache Hierarchy.
[2019.01.26-22.10.35:632][  0]LogMaterial: Verifying Global Shaders for PCD3D_SM5
[2019.01.26-22.10.36:735][  0]LogSlate: Using FreeType 2.6.0
[2019.01.26-22.10.36:735][  0]LogSlate: SlateFontServices - WITH_FREETYPE: 1, WITH_HARFBUZZ: 1
