Log file open, 01/21/18 14:05:22
LogWindows: Failed to load 'aqProf.dll' (GetLastError=126)
LogWindows: File 'aqProf.dll' does not exist
LogWindows: Failed to load 'VtuneApi.dll' (GetLastError=126)
LogWindows: File 'VtuneApi.dll' does not exist
LogWindows: Failed to load 'VtuneApi32e.dll' (GetLastError=126)
LogWindows: File 'VtuneApi32e.dll' does not exist
LogInit: Display: Running engine for game: MultiplayerShootout
LogPlatformFile: Not using cached read wrapper
LogInit: Display: RandInit(-948247041) SRandInit(-948247040).
LogInit: Read version file with build ID '3709383'
LogInit: Overriding engine version to CL 3832480, compatible CL 3709383
LogInit: Registered custom module enumerator with build ID '3709383'
LogTaskGraph: Started task graph with 5 named threads and 20 total threads with 3 sets of task threads.
LogStats: Stats thread started at 0.239353
LogD3D11RHI: Aftermath initialized
LogModuleManager: Display: Found up-to-date module file ../../../Engine/Plugins/2D/Paper2D/Binaries/Win64/UE4Editor-Paper2D.dll (API version 3709383).
LogModuleManager: Display: Found up-to-date module file ../../../Engine/Plugins/2D/Paper2D/Binaries/Win64/UE4Editor-Paper2DEditor.dll (API version 3709383).
LogModuleManager: Display: Found up-to-date module file ../../../Engine/Plugins/2D/Paper2D/Binaries/Win64/UE4Editor-PaperSpriteSheetImporter.dll (API version 3709383).
LogModuleManager: Display: Found up-to-date module file ../../../Engine/Plugins/2D/Paper2D/Binaries/Win64/UE4Editor-PaperTiledImporter.dll (API version 3709383).
LogModuleManager: Display: Found up-to-date module file ../../../Engine/Plugins/2D/Paper2D/Binaries/Win64/UE4Editor-SmartSnapping.dll (API version 3709383).
LogModuleManager: Display: Found up-to-date module file ../../../Engine/Plugins/Blendables/LightPropagationVolume/Binaries/Win64/UE4Editor-LightPropagationVolumeRuntime.dll (API version 3709383).
LogModuleManager: Display: Found up-to-date module file ../../../Engine/Plugins/Blendables/LightPropagationVolume/Binaries/Win64/UE4Editor-LightPropagationVolumeEditor.dll (API version 3709383).
LogModuleManager: Display: Found up-to-date module file ../../../Engine/Plugins/Developer/GitSourceControl/Binaries/Win64/UE4Editor-GitSourceControl.dll (API version 3709383).
LogModuleManager: Display: Found up-to-date module file ../../../Engine/Plugins/Developer/PerforceSourceControl/Binaries/Win64/UE4Editor-PerforceSourceControl.dll (API version 3709383).
LogModuleManager: Display: Found up-to-date module file ../../../Engine/Plugins/Developer/SubversionSourceControl/Binaries/Win64/UE4Editor-SubversionSourceControl.dll (API version 3709383).
LogModuleManager: Display: Found up-to-date module file ../../../Engine/Plugins/Developer/UObjectPlugin/Binaries/Win64/UE4Editor-UObjectPlugin.dll (API version 3709383).
LogModuleManager: Display: Found up-to-date module file ../../../Engine/Plugins/Developer/VisualStudioCodeSourceCodeAccess/Binaries/Win64/UE4Editor-VisualStudioCodeSourceCodeAccess.dll (API version 3709383).
LogModuleManager: Display: Found up-to-date module file ../../../Engine/Plugins/Developer/VisualStudioSourceCodeAccess/Binaries/Win64/UE4Editor-VisualStudioSourceCodeAccess.dll (API version 3709383).
LogModuleManager: Display: Found up-to-date module file ../../../Engine/Plugins/Editor/AssetManagerEditor/Binaries/Win64/UE4Editor-AssetManagerEditor.dll (API version 3709383).
LogModuleManager: Display: Found up-to-date module file ../../../Engine/Plugins/Editor/AudioCapture/Binaries/Win64/UE4Editor-AudioCapture.dll (API version 3709383).
LogModuleManager: Display: Found up-to-date module file ../../../Engine/Plugins/Editor/FacialAnimation/Binaries/Win64/UE4Editor-FacialAnimation.dll (API version 3709383).
LogModuleManager: Display: Found up-to-date module file ../../../Engine/Plugins/Editor/FacialAnimation/Binaries/Win64/UE4Editor-FacialAnimationEditor.dll (API version 3709383).
LogModuleManager: Display: Found up-to-date module file ../../../Engine/Plugins/Editor/GameplayTagsEditor/Binaries/Win64/UE4Editor-GameplayTagsEditor.dll (API version 3709383).
LogModuleManager: Display: Found up-to-date module file ../../../Engine/Plugins/Editor/MobileLauncherProfileWizard/Binaries/Win64/UE4Editor-MobileLauncherProfileWizard.dll (API version 3709383).
LogModuleManager: Display: Found up-to-date module file ../../../Engine/Plugins/Editor/PluginBrowser/Binaries/Win64/UE4Editor-PluginBrowser.dll (API version 3709383).
LogModuleManager: Display: Found up-to-date module file ../../../Engine/Plugins/Editor/SpeedTreeImporter/Binaries/Win64/UE4Editor-SpeedTreeImporter.dll (API version 3709383).
LogModuleManager: Display: Found up-to-date module file ../../../Engine/Plugins/Experimental/AlembicImporter/Binaries/Win64/UE4Editor-AlembicImporter.dll (API version 3709383).
LogModuleManager: Display: Found up-to-date module file ../../../Engine/Plugins/Experimental/AlembicImporter/Binaries/Win64/UE4Editor-AlembicLibrary.dll (API version 3709383).
LogModuleManager: Display: Found up-to-date module file ../../../Engine/Plugins/Experimental/CharacterAI/Binaries/Win64/UE4Editor-CharacterAI.dll (API version 3709383).
LogModuleManager: Display: Found up-to-date module file ../../../Engine/Plugins/Experimental/HTML5Networking/Binaries/Win64/UE4Editor-HTML5Networking.dll (API version 3709383).
LogModuleManager: Display: Found up-to-date module file ../../../Engine/Plugins/Media/AndroidMedia/Binaries/Win64/UE4Editor-AndroidMediaEditor.dll (API version 3709383).
LogModuleManager: Display: Found up-to-date module file ../../../Engine/Plugins/Media/AndroidMedia/Binaries/Win64/UE4Editor-AndroidMediaFactory.dll (API version 3709383).
LogModuleManager: Display: Found up-to-date module file ../../../Engine/Plugins/Media/AvfMedia/Binaries/Win64/UE4Editor-AvfMediaEditor.dll (API version 3709383).
LogModuleManager: Display: Found up-to-date module file ../../../Engine/Plugins/Media/AvfMedia/Binaries/Win64/UE4Editor-AvfMediaFactory.dll (API version 3709383).
LogModuleManager: Display: Found up-to-date module file ../../../Engine/Plugins/Media/AvfMedia/Binaries/Win64/UE4Editor-AvfMediaFactory.dll (API version 3709383).
LogModuleManager: Display: Found up-to-date module file ../../../Engine/Plugins/Media/ImgMedia/Binaries/Win64/UE4Editor-ImgMedia.dll (API version 3709383).
LogModuleManager: Display: Found up-to-date module file ../../../Engine/Plugins/Media/ImgMedia/Binaries/Win64/UE4Editor-ImgMediaEditor.dll (API version 3709383).
LogModuleManager: Display: Found up-to-date module file ../../../Engine/Plugins/Media/ImgMedia/Binaries/Win64/UE4Editor-ImgMediaFactory.dll (API version 3709383).
LogModuleManager: Display: Found up-to-date module file ../../../Engine/Plugins/Media/ImgMedia/Binaries/Win64/UE4Editor-ImgMediaFactory.dll (API version 3709383).
LogModuleManager: Display: Found up-to-date module file ../../../Engine/Plugins/Media/ImgMedia/Binaries/Win64/UE4Editor-OpenExrWrapper.dll (API version 3709383).
LogModuleManager: Display: Found up-to-date module file ../../../Engine/Plugins/Media/MediaCompositing/Binaries/Win64/UE4Editor-MediaCompositing.dll (API version 3709383).
LogModuleManager: Display: Found up-to-date module file ../../../Engine/Plugins/Media/MediaCompositing/Binaries/Win64/UE4Editor-MediaCompositingEditor.dll (API version 3709383).
LogModuleManager: Display: Found up-to-date module file ../../../Engine/Plugins/Media/MediaPlayerEditor/Binaries/Win64/UE4Editor-MediaPlayerEditor.dll (API version 3709383).
LogModuleManager: Display: Found up-to-date module file ../../../Engine/Plugins/Media/WmfMedia/Binaries/Win64/UE4Editor-WmfMedia.dll (API version 3709383).
LogModuleManager: Display: Found up-to-date module file ../../../Engine/Plugins/Media/WmfMedia/Binaries/Win64/UE4Editor-WmfMediaEditor.dll (API version 3709383).
LogModuleManager: Display: Found up-to-date module file ../../../Engine/Plugins/Media/WmfMedia/Binaries/Win64/UE4Editor-WmfMediaFactory.dll (API version 3709383).
LogModuleManager: Display: Found up-to-date module file ../../../Engine/Plugins/Media/WmfMedia/Binaries/Win64/UE4Editor-WmfMediaFactory.dll (API version 3709383).
LogModuleManager: Display: Found up-to-date module file ../../../Engine/Plugins/Messaging/TcpMessaging/Binaries/Win64/UE4Editor-TcpMessaging.dll (API version 3709383).
LogModuleManager: Display: Found up-to-date module file ../../../Engine/Plugins/Messaging/UdpMessaging/Binaries/Win64/UE4Editor-UdpMessaging.dll (API version 3709383).
LogModuleManager: Display: Found up-to-date module file ../../../Engine/Plugins/MovieScene/ActorSequence/Binaries/Win64/UE4Editor-ActorSequence.dll (API version 3709383).
LogModuleManager: Display: Found up-to-date module file ../../../Engine/Plugins/MovieScene/LevelSequenceEditor/Binaries/Win64/UE4Editor-LevelSequenceEditor.dll (API version 3709383).
LogModuleManager: Display: Found up-to-date module file ../../../Engine/Plugins/MovieScene/MatineeToLevelSequence/Binaries/Win64/UE4Editor-MatineeToLevelSequence.dll (API version 3709383).
LogModuleManager: Display: Found up-to-date module file ../../../Engine/Plugins/Online/OnlineSubsystem/Binaries/Win64/UE4Editor-OnlineSubsystem.dll (API version 3709383).
LogModuleManager: Display: Found up-to-date module file ../../../Engine/Plugins/Runtime/AndroidPermission/Binaries/Win64/UE4Editor-AndroidPermission.dll (API version 3709383).
LogModuleManager: Display: Found up-to-date module file ../../../Engine/Plugins/Online/OnlineSubsystemNull/Binaries/Win64/UE4Editor-OnlineSubsystemNull.dll (API version 3709383).
LogModuleManager: Display: Found up-to-date module file ../../../Engine/Plugins/Online/OnlineSubsystemUtils/Binaries/Win64/UE4Editor-OnlineSubsystemUtils.dll (API version 3709383).
LogModuleManager: Display: Found up-to-date module file ../../../Engine/Plugins/Online/OnlineSubsystemUtils/Binaries/Win64/UE4Editor-OnlineBlueprintSupport.dll (API version 3709383).
LogModuleManager: Display: Found up-to-date module file ../../../Engine/Plugins/Runtime/AndroidDeviceProfileSelector/Binaries/Win64/UE4Editor-AndroidDeviceProfileSelector.dll (API version 3709383).
LogModuleManager: Display: Found up-to-date module file ../../../Engine/Plugins/Runtime/AppleARKit/Binaries/Win64/UE4Editor-AppleARKit.dll (API version 3709383).
LogModuleManager: Display: Found up-to-date module file ../../../Engine/Plugins/Runtime/ArchVisCharacter/Binaries/Win64/UE4Editor-ArchVisCharacter.dll (API version 3709383).
LogModuleManager: Display: Found up-to-date module file ../../../Engine/Plugins/Runtime/CableComponent/Binaries/Win64/UE4Editor-CableComponent.dll (API version 3709383).
LogModuleManager: Display: Found up-to-date module file ../../../Engine/Plugins/Runtime/CustomMeshComponent/Binaries/Win64/UE4Editor-CustomMeshComponent.dll (API version 3709383).
LogModuleManager: Display: Found up-to-date module file ../../../Engine/Plugins/Runtime/ExampleDeviceProfileSelector/Binaries/Win64/UE4Editor-ExampleDeviceProfileSelector.dll (API version 3709383).
LogModuleManager: Display: Found up-to-date module file ../../../Engine/Plugins/Runtime/ImmediatePhysics/Binaries/Win64/UE4Editor-ImmediatePhysics.dll (API version 3709383).
LogModuleManager: Display: Found up-to-date module file ../../../Engine/Plugins/Runtime/ImmediatePhysics/Binaries/Win64/UE4Editor-ImmediatePhysicsEditor.dll (API version 3709383).
LogModuleManager: Display: Found up-to-date module file ../../../Engine/Plugins/Runtime/LocationServicesBPLibrary/Binaries/Win64/UE4Editor-LocationServicesBPLibrary.dll (API version 3709383).
LogModuleManager: Display: Found up-to-date module file ../../../Engine/Plugins/Runtime/MobilePatchingUtils/Binaries/Win64/UE4Editor-MobilePatchingUtils.dll (API version 3709383).
LogModuleManager: Display: Found up-to-date module file ../../../Engine/Plugins/Runtime/Oculus/OculusVR/Binaries/Win64/UE4Editor-OculusHMD.dll (API version 3709383).
LogModuleManager: Display: Found up-to-date module file ../../../Engine/Plugins/Runtime/Oculus/OculusVR/Binaries/Win64/UE4Editor-OculusInput.dll (API version 3709383).
LogModuleManager: Display: Found up-to-date module file ../../../Engine/Plugins/Runtime/Oculus/OculusVR/Binaries/Win64/UE4Editor-OculusEditor.dll (API version 3709383).
LogModuleManager: Display: Found up-to-date module file ../../../Engine/Plugins/Runtime/PhysXVehicles/Binaries/Win64/UE4Editor-PhysXVehicles.dll (API version 3709383).
LogModuleManager: Display: Found up-to-date module file ../../../Engine/Plugins/Runtime/PhysXVehicles/Binaries/Win64/UE4Editor-PhysXVehiclesEditor.dll (API version 3709383).
LogModuleManager: Display: Found up-to-date module file ../../../Engine/Plugins/Runtime/ProceduralMeshComponent/Binaries/Win64/UE4Editor-ProceduralMeshComponent.dll (API version 3709383).
LogModuleManager: Display: Found up-to-date module file ../../../Engine/Plugins/Runtime/ProceduralMeshComponent/Binaries/Win64/UE4Editor-ProceduralMeshComponentEditor.dll (API version 3709383).
LogModuleManager: Display: Found up-to-date module file ../../../Engine/Plugins/Runtime/RuntimePhysXCooking/Binaries/Win64/UE4Editor-RuntimePhysXCooking.dll (API version 3709383).
LogModuleManager: Display: Found up-to-date module file ../../../Engine/Plugins/Runtime/Steam/SteamVR/Binaries/Win64/UE4Editor-SteamVR.dll (API version 3709383).
LogModuleManager: Display: Found up-to-date module file ../../../Engine/Plugins/Runtime/Steam/SteamVR/Binaries/Win64/UE4Editor-SteamVRController.dll (API version 3709383).
LogModuleManager: Display: Found up-to-date module file ../../../Engine/Plugins/Runtime/WindowsMoviePlayer/Binaries/Win64/UE4Editor-WindowsMoviePlayer.dll (API version 3709383).
LogPluginManager: Mounting plugin Paper2D
LogPluginManager: Mounting plugin LightPropagationVolume
LogPluginManager: Mounting plugin CodeLiteSourceCodeAccess
LogPluginManager: Mounting plugin GitSourceControl
LogPluginManager: Mounting plugin KDevelopSourceCodeAccess
LogPluginManager: Mounting plugin NullSourceCodeAccess
LogPluginManager: Mounting plugin PerforceSourceControl
LogPluginManager: Mounting plugin SubversionSourceControl
LogPluginManager: Mounting plugin UObjectPlugin
LogPluginManager: Mounting plugin VisualStudioCodeSourceCodeAccess
LogPluginManager: Mounting plugin VisualStudioSourceCodeAccess
LogPluginManager: Mounting plugin XCodeSourceCodeAccess
LogPluginManager: Mounting plugin AssetManagerEditor
LogPluginManager: Mounting plugin AudioCapture
LogPluginManager: Mounting plugin FacialAnimation
LogPluginManager: Mounting plugin GameplayTagsEditor
LogPluginManager: Mounting plugin MobileLauncherProfileWizard
LogPluginManager: Mounting plugin PluginBrowser
LogPluginManager: Mounting plugin SpeedTreeImporter
LogPluginManager: Mounting plugin AlembicImporter
LogPluginManager: Mounting plugin CharacterAI
LogPluginManager: Mounting plugin HTML5Networking
LogPluginManager: Mounting plugin AndroidMedia
LogPluginManager: Mounting plugin AvfMedia
LogPluginManager: Mounting plugin ImgMedia
LogPluginManager: Mounting plugin MediaCompositing
LogPluginManager: Mounting plugin MediaPlayerEditor
LogPluginManager: Mounting plugin WmfMedia
LogPluginManager: Mounting plugin TcpMessaging
LogPluginManager: Mounting plugin UdpMessaging
LogPluginManager: Mounting plugin ActorSequence
LogPluginManager: Mounting plugin LevelSequenceEditor
LogPluginManager: Mounting plugin MatineeToLevelSequence
LogPluginManager: Mounting plugin OnlineSubsystemGooglePlay
LogPluginManager: Mounting plugin OnlineSubsystemIOS
LogPluginManager: Mounting plugin OnlineSubsystem
LogPluginManager: Mounting plugin OnlineSubsystemNull
LogPluginManager: Mounting plugin OnlineSubsystemUtils
LogPluginManager: Mounting plugin AndroidDeviceProfileSelector
LogPluginManager: Mounting plugin AndroidMoviePlayer
LogPluginManager: Mounting plugin AndroidPermission
LogPluginManager: Mounting plugin AppleARKit
LogPluginManager: Mounting plugin AppleMoviePlayer
LogPluginManager: Mounting plugin ArchVisCharacter
LogPluginManager: Mounting plugin CableComponent
LogPluginManager: Mounting plugin CustomMeshComponent
LogPluginManager: Mounting plugin ExampleDeviceProfileSelector
LogPluginManager: Mounting plugin GoogleCloudMessaging
LogPluginManager: Mounting plugin ImmediatePhysics
LogPluginManager: Mounting plugin IOSDeviceProfileSelector
LogPluginManager: Mounting plugin LinuxDeviceProfileSelector
LogPluginManager: Mounting plugin LocationServicesBPLibrary
LogPluginManager: Mounting plugin MobilePatchingUtils
LogPluginManager: Mounting plugin OculusVR
LogPluginManager: Plugin shader directory ../../../Engine/Plugins/Runtime/Oculus/OculusVR/Shaders found
LogPluginManager: Mapping shader source directory ../../../Engine/Plugins/Runtime/Oculus/OculusVR/Shaders to virtual directory /Plugin/OculusVR
LogPluginManager: Mounting plugin PhysXVehicles
LogPluginManager: Mounting plugin ProceduralMeshComponent
LogPluginManager: Mounting plugin RuntimePhysXCooking
LogPluginManager: Mounting plugin SteamVR
LogPluginManager: Mounting plugin WindowsMoviePlayer
LogInit: Using libcurl 7.47.1
LogInit:  - built for x86_64-pc-win32
LogInit:  - supports SSL with OpenSSL/1.0.2g
LogInit:  - supports HTTP deflate (compression) using libz 1.2.8
LogInit:  - other features:
LogInit:      CURL_VERSION_SSL
LogInit:      CURL_VERSION_LIBZ
LogInit:      CURL_VERSION_IPV6
LogInit:      CURL_VERSION_ASYNCHDNS
LogInit:      CURL_VERSION_LARGEFILE
LogInit:      CURL_VERSION_IDN
LogInit:  CurlRequestOptions (configurable via config and command line):
LogInit:  - bVerifyPeer = false  - Libcurl will NOT verify peer certificate
LogInit:  - bUseHttpProxy = false  - Libcurl will NOT use HTTP proxy
LogInit:  - bDontReuseConnections = false  - Libcurl will reuse connections
LogInit:  - CertBundlePath = nullptr  - Libcurl will use whatever was configured at build time.
LogModuleManager: Warning: No filename provided for module OnlineSubsystemSteam
LogModuleManager: Warning: ModuleManager: Unable to load module 'OnlineSubsystemSteam' because the file 'C:/Program Files/Epic Games/UE_4.18/Engine/Binaries/Win64/' was not found.
LogInit: WinSock: version 1.1 (2.2), MaxSocks=32767, MaxUdp=65467
LogInit: Build: ++UE4+Release-4.18-CL-3832480
LogInit: Engine Version: 4.18.3-3832480+++UE4+Release-4.18
LogInit: Compatible Engine Version: 4.18.0-3709383+++UE4+Release-4.18
LogInit: Net CL: 3709383
LogDevObjectVersion: Number of dev versions registered: 16
LogDevObjectVersion:   Dev-Blueprints (B0D832E4-1F89-4F0D-ACCF-7EB736FD4AA2): 10
LogDevObjectVersion:   Dev-Build (E1C64328-A22C-4D53-A36C-8E866417BD8C): 0
LogDevObjectVersion:   Dev-Core (375EC13C-06E4-48FB-B500-84F0262A717E): 2
LogDevObjectVersion:   Dev-Editor (E4B068ED-F494-42E9-A231-DA0B2E46BB41): 20
LogDevObjectVersion:   Dev-Framework (CFFC743F-43B0-4480-9391-14DF171D2073): 30
LogDevObjectVersion:   Dev-Mobile (B02B49B5-BB20-44E9-A304-32B752E40360): 0
LogDevObjectVersion:   Dev-Networking (A4E4105C-59A1-49B5-A7C5-40C4547EDFEE): 0
LogDevObjectVersion:   Dev-Online (39C831C9-5AE6-47DC-9A44-9C173E1C8E7C): 0
LogDevObjectVersion:   Dev-Physics (78F01B33-EBEA-4F98-B9B4-84EACCB95AA2): 0
LogDevObjectVersion:   Dev-Platform (6631380F-2D4D-43E0-8009-CF276956A95A): 0
LogDevObjectVersion:   Dev-Rendering (12F88B9F-8875-4AFC-A67C-D90C383ABD29): 20
LogDevObjectVersion:   Dev-Sequencer (7B5AE74C-D270-4C10-A958-57980B212A5A): 4
LogDevObjectVersion:   Dev-VR (D7296918-1DD6-4BDD-9DE2-64A83CC13884): 0
LogDevObjectVersion:   Dev-LoadTimes (C2A15278-BFE7-4AFE-6C17-90FF531DF755): 1
LogDevObjectVersion:   Private-Geometry (6EACA3D4-40EC-4CC1-B786-8BED09428FC5): 1
LogDevObjectVersion:   Dev-AnimPhys (29E575DD-E0A3-4627-9D10-D276232CDCEA): 12
LogInit: Compiled (64-bit): Jan 12 2018 02:04:55
LogInit: Compiled with Visual C++: 19.00.24215.01
LogInit: Build Configuration: Development
LogInit: Branch Name: ++UE4+Release-4.18
LogInit: Command line:  
LogInit: Base directory: C:/Program Files/Epic Games/UE_4.18/Engine/Binaries/Win64/
LogInit: Installed Engine Build: 1
LogInit: Presizing for max 8388607 objects, including 0 objects not considered by GC, pre-allocating 0 bytes for permanent pool.
LogInit: Object subsystem initialized
[2018.01.21-19.05.23:868][  0]LogInit: Selected Device Profile: [Windows]
[2018.01.21-19.05.23:868][  0]LogInit: Applying CVar settings loaded from the selected device profile: [Windows]
[2018.01.21-19.05.23:879][  0]LogInit: Computer: OPENHID-AREA51
[2018.01.21-19.05.23:879][  0]LogInit: User: Francisco
[2018.01.21-19.05.23:879][  0]LogInit: CPU Page size=4096, Cores=6
[2018.01.21-19.05.23:879][  0]LogInit: High frequency timer resolution =3.215212 MHz
[2018.01.21-19.05.23:879][  0]LogMemory: Memory total: Physical=31.9GB (32GB approx)
[2018.01.21-19.05.23:879][  0]LogMemory: Platform Memory Stats for Windows
[2018.01.21-19.05.23:879][  0]LogMemory: Process Physical Memory: 276.90 MB used, 276.90 MB peak
[2018.01.21-19.05.23:879][  0]LogMemory: Process Virtual Memory: 270.54 MB used, 270.54 MB peak
[2018.01.21-19.05.23:879][  0]LogMemory: Physical Memory: 18352.91 MB used,  14302.62 MB free, 32655.54 MB total
[2018.01.21-19.05.23:879][  0]LogMemory: Virtual Memory: 657.55 MB used,  14302.62 MB free, 134217728.00 MB total
[2018.01.21-19.05.24:008][  0]LogInit: Using OS detected language (en-US).
[2018.01.21-19.05.24:008][  0]LogInit: Using OS detected locale (en-US).
[2018.01.21-19.05.24:010][  0]LogTextLocalizationManager: No specific localization for 'en-US' exists, so the 'en' localization will be used.
[2018.01.21-19.05.24:384][  0]LogInit: Setting process to per monitor DPI aware
[2018.01.21-19.05.24:619][  0]LogD3D11RHI: D3D11 adapters:
[2018.01.21-19.05.24:660][  0]LogD3D11RHI:    0. 'NVIDIA GeForce GTX 980' (Feature Level 11_0)
[2018.01.21-19.05.24:660][  0]LogD3D11RHI:       4060/0/16327 MB DedicatedVideo/DedicatedSystem/SharedSystem, Outputs:2, VendorId:0x10de
[2018.01.21-19.05.24:661][  0]LogD3D11RHI:    1. 'Microsoft Basic Render Driver' (Feature Level 11_0)
[2018.01.21-19.05.24:661][  0]LogD3D11RHI:       0/0/16327 MB DedicatedVideo/DedicatedSystem/SharedSystem, Outputs:0, VendorId:0x1414
[2018.01.21-19.05.24:661][  0]LogD3D11RHI: Chosen D3D11 Adapter: 0
[2018.01.21-19.05.24:668][  0]LogD3D11RHI: Creating new Direct3DDevice
[2018.01.21-19.05.24:668][  0]LogD3D11RHI:     GPU DeviceId: 0x13c0 (for the marketing name, search the web for "GPU Device Id")
[2018.01.21-19.05.24:668][  0]LogWindows: EnumDisplayDevices:
[2018.01.21-19.05.24:668][  0]LogWindows:    0. 'NVIDIA GeForce GTX 980' (P:1 D:1)
[2018.01.21-19.05.24:668][  0]LogWindows:    1. 'NVIDIA GeForce GTX 980' (P:0 D:1)
[2018.01.21-19.05.24:668][  0]LogWindows:    2. 'NVIDIA GeForce GTX 980' (P:0 D:0)
[2018.01.21-19.05.24:668][  0]LogWindows:    3. 'NVIDIA GeForce GTX 980' (P:0 D:0)
[2018.01.21-19.05.24:668][  0]LogWindows: DebugString: FoundDriverCount:4 
[2018.01.21-19.05.24:668][  0]LogD3D11RHI:     Adapter Name: NVIDIA GeForce GTX 980
[2018.01.21-19.05.24:668][  0]LogD3D11RHI:   Driver Version: 388.13 (internal:23.21.13.8813, unified:388.13)
[2018.01.21-19.05.24:668][  0]LogD3D11RHI:      Driver Date: 10-27-2017
[2018.01.21-19.05.24:668][  0]LogRHI: Texture pool is 2842 MB (70% of 4060 MB)
[2018.01.21-19.05.24:700][  0]LogD3D11RHI: Async texture creation enabled
[2018.01.21-19.05.24:941][  0]LogD3D11RHI: GPU Timing Frequency: 1000.000000 (Debug: 2 1)
[2018.01.21-19.05.25:025][  0]LogShaderCompilers: Guid format shader working directory is -23 characters bigger than the processId version (D:/Documents/Unreal Projects/MultiplayerShootout/Intermediate/Shaders/WorkingDirectory/35056/).
[2018.01.21-19.05.25:025][  0]LogShaderCompilers: Cleaned the shader compiler working directory 'D:/cache/temp/UnrealShaderWorkingDir/6E279B404287C19009CB9D87977B4FA5/'.
[2018.01.21-19.05.25:025][  0]LogShaderCompilers: Display: Using Local Shader Compiler.
[2018.01.21-19.05.25:889][  0]LogTemp: Display: Loaded TP AllDesktopTargetPlatform
[2018.01.21-19.05.25:937][  0]LogTemp: Display: Loaded TP MacClientTargetPlatform
[2018.01.21-19.05.25:985][  0]LogTemp: Display: Loaded TP MacNoEditorTargetPlatform
[2018.01.21-19.05.26:031][  0]LogTemp: Display: Loaded TP MacServerTargetPlatform
[2018.01.21-19.05.26:079][  0]LogTemp: Display: Loaded TP MacTargetPlatform
[2018.01.21-19.05.26:126][  0]LogTemp: Display: Loaded TP WindowsClientTargetPlatform
[2018.01.21-19.05.26:175][  0]LogTemp: Display: Loaded TP WindowsNoEditorTargetPlatform
[2018.01.21-19.05.26:222][  0]LogTemp: Display: Loaded TP WindowsServerTargetPlatform
[2018.01.21-19.05.26:264][  0]LogTemp: Display: Loaded TP WindowsTargetPlatform
[2018.01.21-19.05.26:310][  0]LogTemp: Display: Loaded TP Android_ASTCTargetPlatform
[2018.01.21-19.05.26:356][  0]LogTemp: Display: Loaded TP Android_ATCTargetPlatform
[2018.01.21-19.05.26:403][  0]LogTemp: Display: Loaded TP Android_DXTTargetPlatform
[2018.01.21-19.05.26:449][  0]LogTemp: Display: Loaded TP Android_ETC1TargetPlatform
[2018.01.21-19.05.26:494][  0]LogTemp: Display: Loaded TP Android_ETC2TargetPlatform
[2018.01.21-19.05.26:585][  0]LogTemp: Display: Loaded TP Android_MultiTargetPlatform
[2018.01.21-19.05.26:585][  0]LogTemp: Display: Loaded TP Android_PVRTCTargetPlatform
[2018.01.21-19.05.26:630][  0]LogTemp: Display: Loaded TP AndroidTargetPlatform
[2018.01.21-19.05.26:666][  0]LogTemp: Display: Loaded TP HTML5TargetPlatform
[2018.01.21-19.05.26:750][  0]LogTemp: Display: Loaded TP IOSTargetPlatform
[2018.01.21-19.05.26:774][  0]LogTemp: Display: Loaded TP TVOSTargetPlatform
[2018.01.21-19.05.26:820][  0]LogTemp: Display: Loaded TP LinuxClientTargetPlatform
[2018.01.21-19.05.26:867][  0]LogTemp: Display: Loaded TP LinuxNoEditorTargetPlatform
[2018.01.21-19.05.26:912][  0]LogTemp: Display: Loaded TP LinuxServerTargetPlatform
[2018.01.21-19.05.26:959][  0]LogTemp: Display: Loaded TP LinuxTargetPlatform
[2018.01.21-19.05.26:959][  0]LogTargetPlatformManager: Display: Building Assets For Windows
[2018.01.21-19.05.27:372][  0]LogDerivedDataCache: Display: Max Cache Size: 512 MB
[2018.01.21-19.05.27:477][  0]LogDerivedDataCache: Loaded boot cache 0.10s 92MB C:/Users/Francisco/AppData/Local/UnrealEngine/4.18/DerivedDataCache/Boot.ddc.
[2018.01.21-19.05.27:477][  0]LogDerivedDataCache: Display: Loaded Boot cache: C:/Users/Francisco/AppData/Local/UnrealEngine/4.18/DerivedDataCache/Boot.ddc
[2018.01.21-19.05.27:477][  0]LogDerivedDataCache: FDerivedDataBackendGraph:  Pak pak cache file D:/Documents/Unreal Projects/MultiplayerShootout/DerivedDataCache/DDC.ddp not found, will not use a pak cache.
[2018.01.21-19.05.27:477][  0]LogDerivedDataCache: Unable to find inner node Pak for hierarchical cache Hierarchy.
[2018.01.21-19.05.27:477][  0]LogDerivedDataCache: FDerivedDataBackendGraph:  CompressedPak pak cache file D:/Documents/Unreal Projects/MultiplayerShootout/DerivedDataCache/Compressed.ddp not found, will not use a pak cache.
[2018.01.21-19.05.27:477][  0]LogDerivedDataCache: Unable to find inner node CompressedPak for hierarchical cache Hierarchy.
[2018.01.21-19.05.27:492][  0]LogDerivedDataCache: Display: Pak cache opened for reading ../../../Engine/DerivedDataCache/Compressed.ddp.
[2018.01.21-19.05.27:505][  0]LogDerivedDataCache: Using Local data cache path C:/Users/Francisco/AppData/Local/UnrealEngine/Common/DerivedDataCache: Writable
[2018.01.21-19.05.27:516][  0]LogMaterial: Verifying Global Shaders for PCD3D_SM5
[2018.01.21-19.05.27:516][  0]LogSlate: Using Freetype 2.6.0
[2018.01.21-19.05.27:517][  0]LogSlate: SlateFontCache - WITH_FREETYPE: 1, WITH_HARFBUZZ: 1
[2018.01.21-19.05.27:517][  0]LogSlate: SlateFontCache - WITH_FREETYPE: 1, WITH_HARFBUZZ: 1
[2018.01.21-19.05.27:853][  0]LogInit: Selected Device Profile: [Windows]
[2018.01.21-19.05.28:157][  0]LogSimplygon: Simplygon DLL not present - disabling.
[2018.01.21-19.05.28:194][  0]LogMeshReduction: Using SimplygonSwarm for distributed automatic mesh merging
[2018.01.21-19.05.28:194][  0]LogMeshReduction: Using QuadricMeshReduction for automatic static mesh reduction
[2018.01.21-19.05.28:194][  0]LogMeshReduction: No automatic skeletal mesh reduction module available
[2018.01.21-19.05.28:194][  0]LogMeshReduction: No automatic mesh merging module available
[2018.01.21-19.05.28:194][  0]LogMeshMerging: No automatic mesh merging module available
[2018.01.21-19.05.28:222][  0]LogNetVersion: MultiplayerShootout , NetCL: 3709383, EngineNetVer: 2, GameNetVer: 0 (Checksum: 2187402621)
[2018.01.21-19.05.28:314][  0]Warning: Missing opening '"' in string property value: ThirdParty/Steamworks)
[2018.01.21-19.05.28:379][  0]LogAssetRegistry: FAssetRegistry took 0.0256 seconds to start up
[2018.01.21-19.05.28:856][  0]LogPackageLocalizationCache: Processed 7 localized package path(s) for 2 prioritized culture(s) in 0.046816 seconds
[2018.01.21-19.05.28:860][  0]LogUObjectArray: 35870 objects as part of root set at end of initial load.
[2018.01.21-19.05.28:861][  0]LogUObjectAllocator: 7363704 out of 0 bytes used by permanent object pool.
[2018.01.21-19.05.28:861][  0]LogUObjectArray: CloseDisregardForGC: 0/0 objects in disregard for GC pool
[2018.01.21-19.05.31:354][  0]LogTcpMessaging: Initializing TcpMessaging bridge
[2018.01.21-19.05.31:392][  0]LogUdpMessaging: Initializing bridge on interface 0.0.0.0:0 to multicast group 230.0.0.1:6666.
[2018.01.21-19.05.32:013][  0]LogMaterial: Uniform references updated for custom material expression Custom.
[2018.01.21-19.05.32:413][  0]SourceControl: Source control is disabled
[2018.01.21-19.05.32:413][  0]SourceControl: Source control is disabled
[2018.01.21-19.05.32:462][  0]SourceControl: Source control is disabled
[2018.01.21-19.05.32:510][  0]SourceControl: Source control is disabled
[2018.01.21-19.05.33:206][  0]LogAndroidPermission: UAndroidPermissionCallbackProxy::GetInstance
[2018.01.21-19.05.33:458][  0]LogOcInput: OculusInput pre-init called
[2018.01.21-19.05.33:727][  0]LogEngine: Initializing Engine...
[2018.01.21-19.05.33:746][  0]LogHMD: Failed to initialize OpenVR with code 126
[2018.01.21-19.05.33:965][  0]LogStats: UGameplayTagsManager::ConstructGameplayTagTree: Construct from data asset -  0.000 s
[2018.01.21-19.05.33:965][  0]LogStats: UGameplayTagsManager::ConstructGameplayTagTree: GameplayTagTreeChangedEvent.Broadcast -  0.000 s
[2018.01.21-19.05.34:083][  0]LogAIModule: Creating AISystem for world Untitled
[2018.01.21-19.05.34:090][  0]LogInit: XAudio2 using 'Speakers (Sound Blaster Recon3Di)' : 2 channels at 48 kHz using 32 bits per sample (channel mask 0x3)
[2018.01.21-19.05.34:110][  0]LogInit: FAudioDevice initialized.
[2018.01.21-19.05.34:199][  0]LogDerivedDataCache: Saved boot cache 0.09s 92MB C:/Users/Francisco/AppData/Local/UnrealEngine/4.18/DerivedDataCache/Boot.ddc.
[2018.01.21-19.05.34:219][  0]LogInit: Texture streaming: Enabled
[2018.01.21-19.05.34:309][  0]LogEngineSessionManager: EngineSessionManager initialized
[2018.01.21-19.05.34:428][  0]LogInit: Transaction tracking system initialized
[2018.01.21-19.05.34:716][  0]BlueprintLog: New page: Editor Load
[2018.01.21-19.05.35:523][  0]LocalizationService: Localization service is disabled
[2018.01.21-19.05.36:197][  0]LogConsoleResponse: Display: 
[2018.01.21-19.05.36:362][  0]LogCook: Display: Max memory allowance for cook 16384mb min free memory 0mb
[2018.01.21-19.05.36:362][  0]LogCook: Display: Mobile HDR setting 1
[2018.01.21-19.05.36:362][  0]LogGameplayTags: Display: UGameplayTagsManager::DoneAddingNativeTags. DelegateIsBound: 0
[2018.01.21-19.05.36:654][  0]LogFileCache: Scanning file cache for directory 'D:/Documents/Unreal Projects/MultiplayerShootout/Content/' took 0.01s
[2018.01.21-19.05.37:445][  0]SourceControl: Source control is disabled
[2018.01.21-19.05.37:445][  0]Cmd: MAP LOAD FILE="D:/Documents/Unreal Projects/MultiplayerShootout/Content/Maps/Level_01.umap" TEMPLATE=0 SHOWPROGRESS=1 FEATURELEVEL=3
[2018.01.21-19.05.37:446][  0]LightingResults: New page: Lighting Build
[2018.01.21-19.05.37:484][  0]MapCheck: New page: Map Check
[2018.01.21-19.05.37:484][  0]LightingResults: New page: Lighting Build
[2018.01.21-19.05.37:893][  0]LogBlueprint: Warning: [Compiler BP_Projectile] Set Physics Angular Velocity  is deprecated; Use SetPhysicsAngularVelocityInDegrees instead
[2018.01.21-19.05.37:959][  0]LogBlueprint: Warning: [Compiler BP_Projectile] [0016.32] Compile of BP_Projectile successful, but with 1 Warning(s) [in 90 ms] (/Game/Blueprints/BP_Projectile.BP_Projectile)
[2018.01.21-19.05.38:254][  0]LogAIModule: Creating AISystem for world Level_01
[2018.01.21-19.05.38:263][  0]LogEditorServer: Finished looking for orphan Actors (0.000 secs)
[2018.01.21-19.05.38:282][  0]Cmd: MAP CHECKDEP NOCLEARLOG
[2018.01.21-19.05.38:337][  0]MapCheck: Map check complete: 0 Error(s), 0 Warning(s), took 55.455ms to complete.
[2018.01.21-19.05.38:337][  0]LogFileHelpers: Loading map 'Level_01' took 0.892
[2018.01.21-19.05.38:473][  0]LogCollectionManager: Loaded 0 collections in 0.001327 seconds
[2018.01.21-19.05.38:550][  0]LogFileCache: Scanning file cache for directory 'D:/Documents/Unreal Projects/MultiplayerShootout/Saved/Collections/' took 0.01s
[2018.01.21-19.05.38:550][  0]LogFileCache: Scanning file cache for directory 'D:/Documents/Unreal Projects/MultiplayerShootout/Content/Developers/Francisco/Collections/' took 0.01s
[2018.01.21-19.05.38:550][  0]LogFileCache: Scanning file cache for directory 'D:/Documents/Unreal Projects/MultiplayerShootout/Content/Collections/' took 0.01s
[2018.01.21-19.05.38:550][  0]LogCollectionManager: Rebuilt the GUID cache for 0 collections in 0.000001 seconds
[2018.01.21-19.05.38:558][  0]LogContentBrowser: Native class hierarchy populated in 0.0079 seconds. Added 2363 classes and 519 folders.
[2018.01.21-19.05.38:617][  0]LogContentBrowser: Native class hierarchy updated for 'WidgetCarousel' in 0.0002 seconds. Added 0 classes and 0 folders.
[2018.01.21-19.05.38:652][  0]LogContentBrowser: Native class hierarchy updated for 'AddContentDialog' in 0.0002 seconds. Added 0 classes and 0 folders.
[2018.01.21-19.05.38:693][  0]LogContentBrowser: Native class hierarchy updated for 'SceneOutliner' in 0.0002 seconds. Added 1 classes and 2 folders.
[2018.01.21-19.05.38:708][  0]LogSlate: Took 0.000177 seconds to synchronously load lazily loaded font '../../../Engine/Content/Slate/Fonts/Roboto-Regular.ttf' (155K)
[2018.01.21-19.05.38:710][  0]LogSlate: Took 0.000150 seconds to synchronously load lazily loaded font '../../../Engine/Content/Slate/Fonts/Roboto-Bold.ttf' (160K)
[2018.01.21-19.05.38:716][  0]LogSlate: Took 0.000154 seconds to synchronously load lazily loaded font '../../../Engine/Content/Editor/Slate/Fonts/FontAwesome.ttf' (139K)
[2018.01.21-19.05.38:807][  0]LogRenderer: Reallocating scene render targets to support 1248x644 Format 10 NumSamples 1 (Frame:1).
[2018.01.21-19.05.38:980][  0]LogContentBrowser: Native class hierarchy updated for 'HierarchicalLODOutliner' in 0.0003 seconds. Added 1 classes and 2 folders.
[2018.01.21-19.05.38:980][  0]LogLoad: (Engine Initialization) Total time: 17.34 seconds
[2018.01.21-19.05.38:980][  0]LogLoad: (Engine Initialization) Total Blueprint compile time: 0.00 seconds
[2018.01.21-19.05.38:980][  0]LogExternalProfiler: Found external profiler: VSPerf
[2018.01.21-19.05.38:980][  0]LogExternalProfiler: Using external profiler: VSPerf
[2018.01.21-19.05.38:990][  0]LogWindowsTextInputMethodSystem: Display: IME system now deactivated.
[2018.01.21-19.05.39:011][  0]LogContentStreaming: Texture pool size now 1000 MB
[2018.01.21-19.05.39:055][  0]LogSlate: Took 0.000242 seconds to synchronously load lazily loaded font '../../../Engine/Content/Slate/Fonts/Roboto-Light.ttf' (159K)
[2018.01.21-19.05.39:082][  1]LogAssetRegistry: Asset discovery search completed in 10.7248 seconds
[2018.01.21-19.05.39:084][  1]LogCollectionManager: Rebuilt the object cache for 0 collections in 0.000001 seconds (found 0 objects)
[2018.01.21-19.05.39:085][  1]LogCollectionManager: Fixed up redirectors for 0 collections in 0.000158 seconds (updated 0 objects)
[2018.01.21-19.05.39:126][  1]LogStaticMesh: Allocated 496x129x64 distance field atlas = 7.8Mb, with 56 objects containing 3.2Mb backing data
[2018.01.21-19.05.47:734][  1]LogBlueprint: Warning: [Compiler ThirdPersonCharacter] InputAction Event references unknown Action 'ResetVR' for  InputAction ResetVR
[2018.01.21-19.05.47:735][  1]LogBlueprint: Warning: [Compiler ThirdPersonCharacter] InputAction Event references unknown Action 'Jump' for  InputAction Jump
[2018.01.21-19.05.47:739][  1]LogBlueprint: Warning: [Compiler ThirdPersonCharacter] [0026.10] Compile of ThirdPersonCharacter successful, but with 2 Warning(s) [in 8 ms] (/Game/ThirdPersonBP/Blueprints/ThirdPersonCharacter.ThirdPersonCharacter)
[2018.01.21-19.05.47:765][  1]LogMaterial: Missing cached shader map for material M_UE4Man_Body, compiling. 
[2018.01.21-19.05.47:891][  1]LogMaterial: Missing cached shader map for material M_UE4Man_Body, compiling. 
[2018.01.21-19.05.48:041][  1]LogSlate: Took 0.000177 seconds to synchronously load lazily loaded font '../../../Engine/Content/Slate/Fonts/Roboto-Light.ttf' (159K)
[2018.01.21-19.05.48:445][  1]LogContentBrowser: Native class hierarchy updated for 'BlueprintGraph' in 0.0011 seconds. Added 116 classes and 0 folders.
[2018.01.21-19.05.49:469][  1]LogSlate: Took 0.000182 seconds to synchronously load lazily loaded font '../../../Engine/Content/Slate/Fonts/Roboto-Regular.ttf' (155K)
[2018.01.21-19.05.49:571][  1]LogSlate: Took 0.000276 seconds to synchronously load lazily loaded font '../../../Engine/Content/Editor/Slate/Fonts/Roboto-BoldCondensed.ttf' (158K)
[2018.01.21-19.05.49:802][  2]LogSlate: Took 0.000248 seconds to synchronously load lazily loaded font '../../../Engine/Content/Editor/Slate/Fonts/Roboto-Italic.ttf' (157K)
[2018.01.21-19.06.18:064][861]LogSlate: Only BGRA pngs, bmps or icos are supported in by External Image Picker
[2018.01.21-19.06.18:154][863]LogTemp: Executing iPhonePackager certificates Engine -bundlename com.YourCompany.MultiplayerShootout
[2018.01.21-19.06.18:154][863]LogTemp: CWD: C:\Program Files\Epic Games\UE_4.18\Engine\Binaries\DotNET\IOS
[2018.01.21-19.06.18:154][863]LogTemp: Initial Dir: C:\Program Files\Epic Games\UE_4.18
[2018.01.21-19.06.18:154][863]LogTemp: Env CWD: C:\Program Files\Epic Games\UE_4.18\Engine\Binaries\DotNET\IOS
[2018.01.21-19.06.18:154][863]LogTemp: BranchPath = OPENHID-AREA51/C/Program Files/Epic Games/UE_4.18/Engine/Binaries --- GameBranchPath = OPENHID-AREA51/C/Program Files/Epic Games/UE_4.18/Engine/Binaries
[2018.01.21-19.06.18:172][864]LogTemp: IPP ERROR: Could not find provision directory 'C:\Users\Francisco\AppData\Local/Apple Computer/MobileDevice/Provisioning Profiles/'.
[2018.01.21-19.07.55:913][363]BlueprintLog: New page: Compile ThirdPersonCharacter
[2018.01.21-19.07.59:432][670]LogRenderer: Reallocating scene render targets to support 1248x808 Format 10 NumSamples 1 (Frame:1).
[2018.01.21-19.08.46:119][137]LogClass: Warning: In asset 'None', there is an enum property of type 'ECameraProjectionMode' with an invalid value of ''
[2018.01.21-19.08.46:119][137]LogClass: Warning: In asset 'None', there is an enum property of type 'ECameraProjectionMode' with an invalid value of ''
[2018.01.21-19.08.53:931][845]BlueprintLog: New page: Compile ThirdPersonCharacter
[2018.01.21-19.09.01:801][650]LogSlate: Warning: Prevented a slow task dialog from being summoned while a context menu was open
[2018.01.21-19.09.07:677][194]BlueprintLog: New page: Compile ThirdPersonCharacter
[2018.01.21-19.09.26:405][329]LogContentBrowser: Native class hierarchy updated for 'SkeletonEditor' in 0.0002 seconds. Added 1 classes and 2 folders.
[2018.01.21-19.09.26:640][329]LogMaterial: Missing cached shader map for material M_SkyBox, compiling. 
[2018.01.21-19.09.26:655][329]LogActorComponent: RegisterComponentWithWorld: (/Engine/Transient.World_8:PersistentLevel.Actor_0.DebugSkelMeshComponent_0) Already registered. Aborting.
[2018.01.21-19.09.27:003][329]LogMeshUtilities: Finished distance field build in 0.1s - 15x15x15 distance field, 960 triangles, Range [-0.2, 1.0], Sphere_inversenormals
[2018.01.21-19.09.27:003][329]LogSkeletalMesh: USkeletalMeshComponent::InitArticulated : Bodies already created (/Engine/Transient.World_8:PersistentLevel.Actor_0.DebugSkelMeshComponent_0) - call TermArticulated first.
[2018.01.21-19.09.27:458][329]LogContentBrowser: Native class hierarchy updated for 'ClothingSystemEditorInterface' in 0.0003 seconds. Added 1 classes and 0 folders.
[2018.01.21-19.09.27:506][329]LogContentBrowser: Verbose: The majority of assets in the view are of type: AnimSequence
[2018.01.21-19.09.28:848][452]LogMeshUtilities: Finished distance field build in 2.1s - 64x64x30 distance field, 10 triangles, Range [-0.1, 0.5], Floor_Mesh
[2018.01.21-19.09.40:170][790]LogActorComponent: RegisterComponentWithWorld: (/Engine/Transient.World_11:PersistentLevel.Actor_1.DebugSkelMeshComponent_2) Already registered. Aborting.
[2018.01.21-19.09.40:191][790]LogSkeletalMesh: USkeletalMeshComponent::InitArticulated : Bodies already created (/Engine/Transient.World_11:PersistentLevel.Actor_1.DebugSkelMeshComponent_2) - call TermArticulated first.
[2018.01.21-19.09.40:477][790]LogContentBrowser: Verbose: The majority of assets in the view are of type: AnimSequence
[2018.01.21-19.09.45:380][335]LogAnimationCompression: Building Anim DDC data for AnimSequence /Game/Mannequin/Animations/ThirdPersonJump_End.ThirdPersonJump_End
[2018.01.21-19.09.45:381][335]LogAnimationCompression: Recompressing (AnimSequence /Game/Mannequin/Animations/ThirdPersonJump_End.ThirdPersonJump_End) using current/default (AnimCompress_BitwiseCompressOnly_2) bFirstRecompressUsingCurrentOrDefault(1) bTryAlternateCompressor(0) IsCompressedDataValid(0)
[2018.01.21-19.12.07:133][ 29]LogAnimationCompression: Building Anim DDC data for AnimSequence /Game/Mannequin/Animations/ThirdPersonStill.ThirdPersonStill
[2018.01.21-19.12.07:134][ 29]LogAnimationCompression: Recompressing (AnimSequence /Engine/Transient.ThirdPersonStill) using current/default (AnimCompress_BitwiseCompressOnly_0) bFirstRecompressUsingCurrentOrDefault(1) bTryAlternateCompressor(0) IsCompressedDataValid(0)
[2018.01.21-19.12.43:843][323]LogSavePackage: Save=15.88ms
[2018.01.21-19.12.43:844][323]LogSavePackage: Moving 'D:/Documents/Unreal Projects/MultiplayerShootout/Saved/ThirdPerson_IdleRun_2D160C548A4877A918C7D532B69082C38F.tmp' to 'D:/Documents/Unreal Projects/MultiplayerShootout/Content/Mannequin/Animations/ThirdPerson_IdleRun_2D.uasset'
[2018.01.21-19.12.43:847][323]LogSavePackage: Display: Finished SavePackage D:/Documents/Unreal Projects/MultiplayerShootout/Content/Mannequin/Animations/ThirdPerson_IdleRun_2D.uasset
[2018.01.21-19.13.30:015][814]BlueprintLog: New page: Compile ThirdPersonCharacter
[2018.01.21-19.15.46:192][848]BlueprintLog: New page: Compile ThirdPerson_AnimBP
[2018.01.21-19.19.19:046][949]BlueprintLog: New page: Compile ThirdPerson_AnimBP
[2018.01.21-19.19.29:620][178]LogSlate: Warning: Prevented a slow task dialog from being summoned while a context menu was open
[2018.01.21-19.19.40:101][407]BlueprintLog: New page: Compile MyGameMode
[2018.01.21-19.19.52:908][907]LogTemp: Repeating last play command: Selected Viewport
[2018.01.21-19.19.52:997][907]LogBlueprintUserMessages: Early PlayInEditor Detection: Level '/Game/Maps/Level_01.Level_01:PersistentLevel' has LevelScriptBlueprint '/Game/Maps/Level_01.Level_01:PersistentLevel.Level_01' with GeneratedClass '/Game/Maps/Level_01.Level_01_C' with ClassGeneratedBy '/Game/Maps/Level_01.Level_01:PersistentLevel.Level_01'
[2018.01.21-19.19.52:997][907]LogPlayLevel: PlayLevel: No blueprints needed recompiling
[2018.01.21-19.19.52:998][907]LogOnline: Display: OSS: FOnlineSubsystemNull::Shutdown()
[2018.01.21-19.19.52:998][907]LogOnline: Display: OSS: FOnlineAsyncTaskManager::Stop() ActiveTask:0000000000000000 Tasks[0/0]
[2018.01.21-19.19.52:999][907]LogOnline: Display: OSS: FOnlineAsyncTaskManager::Exit() started
[2018.01.21-19.19.52:999][907]LogOnline: Display: OSS: FOnlineAsyncTaskManager::Exit() finished
[2018.01.21-19.19.52:999][907]LogModuleManager: Warning: No filename provided for module OnlineSubsystemSteam
[2018.01.21-19.19.52:999][907]LogModuleManager: Warning: ModuleManager: Unable to load module 'OnlineSubsystemSteam' because the file 'C:/Program Files/Epic Games/UE_4.18/Engine/Binaries/Win64/' was not found.
[2018.01.21-19.19.53:011][907]PIE: New page: PIE session: Level_01 (Jan 21, 2018, 9:19:53 AM)
[2018.01.21-19.19.53:011][907]LogPlayLevel: Creating play world package: /Game/Maps/UEDPIE_0_Level_01
[2018.01.21-19.19.53:018][907]LogPlayLevel: PIE: StaticDuplicateObject took: (0.006984s)
[2018.01.21-19.19.53:019][907]LogAIModule: Creating AISystem for world Level_01
[2018.01.21-19.19.53:019][907]LogPlayLevel: PIE: World Init took: (0.001107s)
[2018.01.21-19.19.53:019][907]LogPlayLevel: PIE: Created PIE world by copying editor world from /Game/Maps/Level_01.Level_01 to /Game/Maps/UEDPIE_0_Level_01.Level_01 (0.008404s)
[2018.01.21-19.19.53:046][907]LogInit: XAudio2 using 'Speakers (Sound Blaster Recon3Di)' : 2 channels at 48 kHz using 32 bits per sample (channel mask 0x3)
[2018.01.21-19.19.53:054][907]LogInit: FAudioDevice initialized.
[2018.01.21-19.19.53:098][907]LogLoad: Game class is 'MyGameMode_C'
[2018.01.21-19.19.53:103][907]LogWorld: Bringing World /Game/Maps/UEDPIE_0_Level_01.Level_01 up for play (max tick rate 0) at 2018.01.21-14.19.53
[2018.01.21-19.19.53:103][907]LogWorld: Bringing up level for play took: 0.002934
[2018.01.21-19.19.53:171][907]LogContentBrowser: Native class hierarchy updated for 'MovieSceneCapture' in 0.0003 seconds. Added 11 classes and 0 folders.
[2018.01.21-19.19.53:174][907]LogScript: Warning: Accessed None trying to read property MotionController_R
	ThirdPerson_AnimBP_C /Game/Maps/UEDPIE_0_Level_01.Level_01:PersistentLevel.ThirdPersonCharacter_C_0.CharacterMesh0.ThirdPerson_AnimBP_C_0
	Function /Game/Mannequin/Animations/ThirdPerson_AnimBP.ThirdPerson_AnimBP_C:ExecuteUbergraph_ThirdPerson_AnimBP:03D9
[2018.01.21-19.19.53:174][907]PIE: Error: Blueprint Runtime Error: Accessed None trying to read property MotionController_R from function: 'ExecuteUbergraph_ThirdPerson_AnimBP' from node: Set ControllerTransform_R in graph: EventGraph in object: ThirdPerson_AnimBP with description: Accessed None trying to read property MotionController_R
[2018.01.21-19.19.53:174][907]LogScript: Warning: Accessed None trying to read property MotionController_L
	ThirdPerson_AnimBP_C /Game/Maps/UEDPIE_0_Level_01.Level_01:PersistentLevel.ThirdPersonCharacter_C_0.CharacterMesh0.ThirdPerson_AnimBP_C_0
	Function /Game/Mannequin/Animations/ThirdPerson_AnimBP.ThirdPerson_AnimBP_C:ExecuteUbergraph_ThirdPerson_AnimBP:043E
[2018.01.21-19.19.53:174][907]PIE: Error: Blueprint Runtime Error: Accessed None trying to read property MotionController_L from function: 'ExecuteUbergraph_ThirdPerson_AnimBP' from node: Set ControllerTransform_L in graph: EventGraph in object: ThirdPerson_AnimBP with description: Accessed None trying to read property MotionController_L
[2018.01.21-19.19.53:176][907]LogGameMode: Display: Match State Changed from EnteringMap to WaitingToStart
[2018.01.21-19.19.53:176][907]LogGameState: Match State Changed from EnteringMap to WaitingToStart
[2018.01.21-19.19.53:176][907]LogGameMode: Display: Match State Changed from WaitingToStart to InProgress
[2018.01.21-19.19.53:179][907]LogGameState: Match State Changed from WaitingToStart to InProgress
[2018.01.21-19.19.53:179][907]PIE: Play in editor start time for /Game/Maps/UEDPIE_0_Level_01 0.673
[2018.01.21-19.19.53:179][907]LogBlueprintUserMessages: Late PlayInEditor Detection: Level '/Game/Maps/Level_01.Level_01:PersistentLevel' has LevelScriptBlueprint '/Game/Maps/Level_01.Level_01:PersistentLevel.Level_01' with GeneratedClass '/Game/Maps/Level_01.Level_01_C' with ClassGeneratedBy '/Game/Maps/Level_01.Level_01:PersistentLevel.Level_01'
[2018.01.21-19.20.13:273][312]LogBlueprintUserMessages: Early EndPlayMap Detection: Level '/Game/Maps/Level_01.Level_01:PersistentLevel' has LevelScriptBlueprint '/Game/Maps/Level_01.Level_01:PersistentLevel.Level_01' with GeneratedClass '/Game/Maps/Level_01.Level_01_C' with ClassGeneratedBy '/Game/Maps/Level_01.Level_01:PersistentLevel.Level_01'
[2018.01.21-19.20.13:306][312]LogOnline: Display: OSS: FOnlineSubsystemNull::Shutdown()
[2018.01.21-19.20.13:306][312]LogOnline: Display: OSS: FOnlineAsyncTaskManager::Stop() ActiveTask:0000000000000000 Tasks[0/0]
[2018.01.21-19.20.13:306][312]LogOnline: Display: OSS: FOnlineAsyncTaskManager::Exit() started
[2018.01.21-19.20.13:306][312]LogOnline: Display: OSS: FOnlineAsyncTaskManager::Exit() finished
[2018.01.21-19.20.13:307][312]LogPlayLevel: Display: Shutting down PIE online subsystems
[2018.01.21-19.20.13:307][312]LogBlueprintUserMessages: Late EndPlayMap Detection: Level '/Game/Maps/Level_01.Level_01:PersistentLevel' has LevelScriptBlueprint '/Game/Maps/Level_01.Level_01:PersistentLevel.Level_01' with GeneratedClass '/Game/Maps/Level_01.Level_01_C' with ClassGeneratedBy '/Game/Maps/Level_01.Level_01:PersistentLevel.Level_01'
[2018.01.21-19.20.13:373][313]LogPlayLevel: Display: Destroying online subsystem :Context_19
[2018.01.21-19.20.13:373][313]LogOnline: Display: OSS: FOnlineSubsystemNull::Shutdown()
[2018.01.21-19.20.18:140][873]LogDirectoryWatcher: Warning: Failed to begin reading directory changes for D:/Documents/Unreal Projects/MultiplayerShootout/Plugins/. Error: The system cannot find the file specified. (0x00000002)
[2018.01.21-19.20.24:836][664]LogDirectoryWatcher: A directory notification for '../../../Engine/Plugins/' was aborted.
[2018.01.21-19.20.49:304][598]LogSlate: Took 0.000208 seconds to synchronously load lazily loaded font '../../../Engine/Content/Slate/Fonts/Roboto-Light.ttf' (159K)
[2018.01.21-19.20.58:309][670]LogFileHelpers: Editor autosave (incl. sublevels) for '/Game/Maps/Level_01' took 0.023
[2018.01.21-19.20.58:310][670]OBJ SavePackage: Generating thumbnails for [0] asset(s) in package [/Game/Blueprints/MyGameMode] ([1] browsable assets)...
[2018.01.21-19.20.58:310][670]OBJ SavePackage: Finished generating thumbnails for package [/Game/Blueprints/MyGameMode]
[2018.01.21-19.20.58:310][670]Cmd: OBJ SAVEPACKAGE PACKAGE="/Game/Blueprints/MyGameMode" FILE="D:/Documents/Unreal Projects/MultiplayerShootout/Saved/Autosaves/Game/Blueprints/MyGameMode_Auto1.uasset" SILENT=false AUTOSAVING=true
[2018.01.21-19.20.58:378][670]LogSavePackage: Save=59.42ms
[2018.01.21-19.20.58:379][670]LogSavePackage: Moving 'D:/Documents/Unreal Projects/MultiplayerShootout/Saved/MyGameMode_Auto17D755688446AB60D2E891B9AC17003D9.tmp' to 'D:/Documents/Unreal Projects/MultiplayerShootout/Saved/Autosaves/Game/Blueprints/MyGameMode_Auto1.uasset'
[2018.01.21-19.20.58:379][670]LogSavePackage: Display: Finished SavePackage D:/Documents/Unreal Projects/MultiplayerShootout/Saved/Autosaves/Game/Blueprints/MyGameMode_Auto1.uasset
[2018.01.21-19.20.58:380][670]OBJ SavePackage: Generating thumbnails for [1] asset(s) in package [/Game/ThirdPersonBP/Blueprints/ThirdPersonCharacter] ([1] browsable assets)...
[2018.01.21-19.20.58:396][670]OBJ SavePackage:     Rendered thumbnail for [Blueprint /Game/ThirdPersonBP/Blueprints/ThirdPersonCharacter.ThirdPersonCharacter]
[2018.01.21-19.20.58:396][670]OBJ SavePackage: Finished generating thumbnails for package [/Game/ThirdPersonBP/Blueprints/ThirdPersonCharacter]
[2018.01.21-19.20.58:461][670]LogSavePackage: Save=58.41ms
[2018.01.21-19.20.58:461][670]LogSavePackage: Moving 'D:/Documents/Unreal Projects/MultiplayerShootout/Saved/ThirdPersonCharacter_Auto1B8F9EB0D42167A4474915B9241E867D0.tmp' to 'D:/Documents/Unreal Projects/MultiplayerShootout/Saved/Autosaves/Game/ThirdPersonBP/Blueprints/ThirdPersonCharacter_Auto1.uasset'
[2018.01.21-19.20.58:461][670]LogSavePackage: Display: Finished SavePackage D:/Documents/Unreal Projects/MultiplayerShootout/Saved/Autosaves/Game/ThirdPersonBP/Blueprints/ThirdPersonCharacter_Auto1.uasset
[2018.01.21-19.20.58:462][670]OBJ SavePackage: Generating thumbnails for [1] asset(s) in package [/Game/Mannequin/Animations/ThirdPerson_AnimBP] ([1] browsable assets)...
[2018.01.21-19.20.58:474][670]OBJ SavePackage:     Rendered thumbnail for [AnimBlueprint /Game/Mannequin/Animations/ThirdPerson_AnimBP.ThirdPerson_AnimBP]
[2018.01.21-19.20.58:474][670]OBJ SavePackage: Finished generating thumbnails for package [/Game/Mannequin/Animations/ThirdPerson_AnimBP]
[2018.01.21-19.20.58:590][670]LogSavePackage: Save=108.55ms
[2018.01.21-19.20.58:590][670]LogSavePackage: Moving 'D:/Documents/Unreal Projects/MultiplayerShootout/Saved/ThirdPerson_AnimBP_Auto13D0AB69145E9D88B3BF9F48701F34F65.tmp' to 'D:/Documents/Unreal Projects/MultiplayerShootout/Saved/Autosaves/Game/Mannequin/Animations/ThirdPerson_AnimBP_Auto1.uasset'
[2018.01.21-19.20.58:590][670]LogSavePackage: Display: Finished SavePackage D:/Documents/Unreal Projects/MultiplayerShootout/Saved/Autosaves/Game/Mannequin/Animations/ThirdPerson_AnimBP_Auto1.uasset
[2018.01.21-19.20.58:590][670]OBJ SavePackage: Generating thumbnails for [1] asset(s) in package [/Game/Mannequin/Animations/ThirdPersonStill] ([1] browsable assets)...
[2018.01.21-19.20.58:602][670]OBJ SavePackage:     Rendered thumbnail for [AnimSequence /Game/Mannequin/Animations/ThirdPersonStill.ThirdPersonStill]
[2018.01.21-19.20.58:602][670]OBJ SavePackage: Finished generating thumbnails for package [/Game/Mannequin/Animations/ThirdPersonStill]
[2018.01.21-19.20.58:619][670]LogSavePackage: Save=15.77ms
[2018.01.21-19.20.58:620][670]LogSavePackage: Moving 'D:/Documents/Unreal Projects/MultiplayerShootout/Saved/ThirdPersonStill_Auto1B72099EF4E3D7D99AE20AEA7F523FF61.tmp' to 'D:/Documents/Unreal Projects/MultiplayerShootout/Saved/Autosaves/Game/Mannequin/Animations/ThirdPersonStill_Auto1.uasset'
[2018.01.21-19.20.58:620][670]LogSavePackage: Display: Finished SavePackage D:/Documents/Unreal Projects/MultiplayerShootout/Saved/Autosaves/Game/Mannequin/Animations/ThirdPersonStill_Auto1.uasset
[2018.01.21-19.20.58:620][670]LogFileHelpers: Auto-saving content packages took 0.311
[2018.01.21-19.21.01:602][989]LogInit: XAudio2 using 'Speakers (3- HTC Vive)' : 2 channels at 44.1 kHz using 16 bits per sample (channel mask 0x3)
[2018.01.21-19.21.01:939][ 19]LogInit: XAudio2 using 'Speakers (3- HTC Vive)' : 2 channels at 44.1 kHz using 16 bits per sample (channel mask 0x3)
[2018.01.21-19.21.01:986][ 20]LogInit: XAudio2 using 'Speakers (3- HTC Vive)' : 2 channels at 44.1 kHz using 16 bits per sample (channel mask 0x3)
[2018.01.21-19.21.59:520][681]Cmd: OBJ SAVEPACKAGE PACKAGE="/Game/Blueprints/MyGameMode" FILE="D:/Documents/Unreal Projects/MultiplayerShootout/Content/Blueprints/MyGameMode.uasset" SILENT=true
[2018.01.21-19.21.59:582][681]LogSavePackage: Save=60.13ms
[2018.01.21-19.21.59:582][681]LogSavePackage: Moving 'D:/Documents/Unreal Projects/MultiplayerShootout/Saved/MyGameMode983290584CA58DF5E86FC6B5FD62EE13.tmp' to 'D:/Documents/Unreal Projects/MultiplayerShootout/Content/Blueprints/MyGameMode.uasset'
[2018.01.21-19.21.59:588][681]LogSavePackage: Display: Finished SavePackage D:/Documents/Unreal Projects/MultiplayerShootout/Content/Blueprints/MyGameMode.uasset
[2018.01.21-19.21.59:592][681]Cmd: OBJ SAVEPACKAGE PACKAGE="/Game/Mannequin/Animations/ThirdPerson_AnimBP" FILE="D:/Documents/Unreal Projects/MultiplayerShootout/Content/Mannequin/Animations/ThirdPerson_AnimBP.uasset" SILENT=true
[2018.01.21-19.21.59:695][681]LogSavePackage: Save=100.77ms
[2018.01.21-19.21.59:695][681]LogSavePackage: Moving 'D:/Documents/Unreal Projects/MultiplayerShootout/Saved/ThirdPerson_AnimBP98875D4442E497D4050DEF91E65BC6B1.tmp' to 'D:/Documents/Unreal Projects/MultiplayerShootout/Content/Mannequin/Animations/ThirdPerson_AnimBP.uasset'
[2018.01.21-19.21.59:701][681]LogSavePackage: Display: Finished SavePackage D:/Documents/Unreal Projects/MultiplayerShootout/Content/Mannequin/Animations/ThirdPerson_AnimBP.uasset
[2018.01.21-19.21.59:717][681]Cmd: OBJ SAVEPACKAGE PACKAGE="/Game/Mannequin/Animations/ThirdPersonStill" FILE="D:/Documents/Unreal Projects/MultiplayerShootout/Content/Mannequin/Animations/ThirdPersonStill.uasset" SILENT=true
[2018.01.21-19.21.59:734][681]LogSavePackage: Save=15.05ms
[2018.01.21-19.21.59:734][681]LogSavePackage: Moving 'D:/Documents/Unreal Projects/MultiplayerShootout/Saved/ThirdPersonStillD6276EA8438D41EAE1801EBD5C528A69.tmp' to 'D:/Documents/Unreal Projects/MultiplayerShootout/Content/Mannequin/Animations/ThirdPersonStill.uasset'
[2018.01.21-19.21.59:737][681]LogSavePackage: Display: Finished SavePackage D:/Documents/Unreal Projects/MultiplayerShootout/Content/Mannequin/Animations/ThirdPersonStill.uasset
[2018.01.21-19.21.59:794][681]LogSavePackage: Save=51.19ms
[2018.01.21-19.21.59:794][681]LogSavePackage: Moving 'D:/Documents/Unreal Projects/MultiplayerShootout/Saved/ThirdPersonCharacter6A9C8CB54A9A3B00984DA2AEA4C0DE1D.tmp' to 'D:/Documents/Unreal Projects/MultiplayerShootout/Content/ThirdPersonBP/Blueprints/ThirdPersonCharacter.uasset'
[2018.01.21-19.21.59:797][681]LogSavePackage: Display: Finished SavePackage D:/Documents/Unreal Projects/MultiplayerShootout/Content/ThirdPersonBP/Blueprints/ThirdPersonCharacter.uasset
[2018.01.21-19.22.00:292][681]LogActorComponent: UnregisterComponent: (/Engine/Transient.EditorFloorComp) Not registered. Aborting.
[2018.01.21-19.22.00:509][682]Cmd: QUIT_EDITOR
[2018.01.21-19.22.01:364][682]LogWindowsTextInputMethodSystem: Display: IME system now deactivated.
[2018.01.21-19.22.01:373][682]LogExit: Preparing to exit.
[2018.01.21-19.22.01:795][682]LogExit: Editor shut down
[2018.01.21-19.22.01:799][682]LogExit: Transaction tracking system shut down
[2018.01.21-19.22.01:941][682]LogDirectoryWatcher: A directory notification for '../../../Engine/Content/' was aborted.
[2018.01.21-19.22.01:941][682]LogDirectoryWatcher: A directory notification for 'D:/Documents/Unreal Projects/MultiplayerShootout/Content/' was aborted.
[2018.01.21-19.22.01:941][682]LogDirectoryWatcher: A directory notification for '../../../Engine/Plugins/2D/Paper2D/Content/' was aborted.
[2018.01.21-19.22.01:941][682]LogDirectoryWatcher: A directory notification for '../../../Engine/Plugins/Media/MediaCompositing/Content/' was aborted.
[2018.01.21-19.22.01:941][682]LogDirectoryWatcher: A directory notification for '../../../Engine/Plugins/Runtime/AppleARKit/Content/' was aborted.
[2018.01.21-19.22.01:941][682]LogDirectoryWatcher: A directory notification for '../../../Engine/Plugins/Runtime/Oculus/OculusVR/Content/' was aborted.
[2018.01.21-19.22.01:941][682]LogDirectoryWatcher: A directory notification for '../../../Engine/Plugins/Runtime/Steam/SteamVR/Content/' was aborted.
[2018.01.21-19.22.02:022][682]LogExit: Object subsystem successfully closed.
[2018.01.21-19.22.02:050][682]LogD3D11RHI: Shutdown
[2018.01.21-19.22.02:050][682]LogD3D11RHI: CleanupD3DDevice
[2018.01.21-19.22.02:054][682]LogD3D11RHI: ~FD3D11DynamicRHI
[2018.01.21-19.22.02:068][682]LogModuleManager: Shutting down and abandoning module MovieSceneCapture (565)
[2018.01.21-19.22.02:068][682]LogModuleManager: Shutting down and abandoning module Voice (563)
[2018.01.21-19.22.02:068][682]LogModuleManager: Shutting down and abandoning module AnimationEditor (561)
[2018.01.21-19.22.02:068][682]LogModuleManager: Shutting down and abandoning module ClothingSystemEditorInterface (559)
[2018.01.21-19.22.02:068][682]LogModuleManager: Shutting down and abandoning module SkeletonEditor (557)
[2018.01.21-19.22.02:068][682]LogModuleManager: Shutting down and abandoning module AnimationBlueprintEditor (555)
[2018.01.21-19.22.02:068][682]LogModuleManager: Shutting down and abandoning module ExternalImagePicker (553)
[2018.01.21-19.22.02:068][682]LogModuleManager: Shutting down and abandoning module BlueprintGraph (551)
[2018.01.21-19.22.02:068][682]LogModuleManager: Shutting down and abandoning module HierarchicalLODOutliner (549)
[2018.01.21-19.22.02:068][682]LogModuleManager: Shutting down and abandoning module SceneOutliner (547)
[2018.01.21-19.22.02:068][682]LogModuleManager: Shutting down and abandoning module AddContentDialog (545)
[2018.01.21-19.22.02:069][682]LogDirectoryWatcher: A directory notification for 'C:/Program Files/Epic Games/UE_4.18/FeaturePacks/' was aborted.
[2018.01.21-19.22.02:069][682]LogModuleManager: Shutting down and abandoning module WidgetCarousel (544)
[2018.01.21-19.22.02:069][682]LogModuleManager: Shutting down and abandoning module EditorWidgets (541)
[2018.01.21-19.22.02:070][682]LogModuleManager: Shutting down and abandoning module CollectionManager (539)
[2018.01.21-19.22.02:070][682]LogDirectoryWatcher: A directory notification for 'D:/Documents/Unreal Projects/MultiplayerShootout/Content/Collections/' was aborted.
[2018.01.21-19.22.02:070][682]LogDirectoryWatcher: A directory notification for 'D:/Documents/Unreal Projects/MultiplayerShootout/Content/Developers/Francisco/Collections/' was aborted.
[2018.01.21-19.22.02:070][682]LogDirectoryWatcher: A directory notification for 'D:/Documents/Unreal Projects/MultiplayerShootout/Saved/Collections/' was aborted.
[2018.01.21-19.22.02:070][682]LogModuleManager: Shutting down and abandoning module StatsViewer (537)
[2018.01.21-19.22.02:070][682]LogModuleManager: Shutting down and abandoning module FoliageEdit (535)
[2018.01.21-19.22.02:070][682]LogModuleManager: Shutting down and abandoning module LandscapeEditor (533)
[2018.01.21-19.22.02:070][682]LogModuleManager: Shutting down and abandoning module MeshPaintMode (531)
[2018.01.21-19.22.02:070][682]LogModuleManager: Shutting down and abandoning module SceneDepthPickerMode (529)
[2018.01.21-19.22.02:070][682]LogModuleManager: Shutting down and abandoning module ActorPickerMode (527)
[2018.01.21-19.22.02:070][682]LogModuleManager: Shutting down and abandoning module GeometryMode (525)
[2018.01.21-19.22.02:070][682]LogModuleManager: Shutting down and abandoning module TextureAlignMode (523)
[2018.01.21-19.22.02:070][682]LogModuleManager: Shutting down and abandoning module BspMode (521)
[2018.01.21-19.22.02:070][682]LogModuleManager: Shutting down and abandoning module PIEPreviewDeviceProfileSelector (519)
[2018.01.21-19.22.02:070][682]LogModuleManager: Shutting down and abandoning module HardwareSurvey (517)
[2018.01.21-19.22.02:070][682]LogModuleManager: Shutting down and abandoning module SequenceRecorderSections (515)
[2018.01.21-19.22.02:070][682]LogModuleManager: Shutting down and abandoning module AutomationWorker (513)
[2018.01.21-19.22.02:070][682]LogModuleManager: Shutting down and abandoning module MatineeToLevelSequence (511)
[2018.01.21-19.22.02:070][682]LogModuleManager: Shutting down and abandoning module LevelSequenceEditor (509)
[2018.01.21-19.22.02:070][682]LogModuleManager: Shutting down and abandoning module PlacementMode (508)
[2018.01.21-19.22.02:070][682]LogModuleManager: Shutting down and abandoning module WmfMediaFactory (505)
[2018.01.21-19.22.02:070][682]LogModuleManager: Shutting down and abandoning module WmfMediaEditor (503)
[2018.01.21-19.22.02:070][682]LogModuleManager: Shutting down and abandoning module OpenExrWrapper (501)
[2018.01.21-19.22.02:070][682]LogModuleManager: Shutting down and abandoning module ImgMediaFactory (499)
[2018.01.21-19.22.02:070][682]LogModuleManager: Shutting down and abandoning module ImgMediaEditor (497)
[2018.01.21-19.22.02:070][682]LogModuleManager: Shutting down and abandoning module AvfMediaFactory (495)
[2018.01.21-19.22.02:070][682]LogModuleManager: Shutting down and abandoning module AvfMediaEditor (493)
[2018.01.21-19.22.02:070][682]LogModuleManager: Shutting down and abandoning module AndroidMediaFactory (491)
[2018.01.21-19.22.02:070][682]LogModuleManager: Shutting down and abandoning module AndroidMediaEditor (489)
[2018.01.21-19.22.02:070][682]LogModuleManager: Shutting down and abandoning module CharacterAI (487)
[2018.01.21-19.22.02:070][682]LogModuleManager: Shutting down and abandoning module AudioCapture (485)
[2018.01.21-19.22.02:070][682]LogModuleManager: Shutting down and abandoning module SequenceRecorder (484)
[2018.01.21-19.22.02:070][682]LogModuleManager: Shutting down and abandoning module SmartSnapping (481)
[2018.01.21-19.22.02:070][682]LogModuleManager: Shutting down and abandoning module SessionServices (479)
[2018.01.21-19.22.02:070][682]LogModuleManager: Shutting down and abandoning module ViewportSnapping (477)
[2018.01.21-19.22.02:070][682]LogModuleManager: Shutting down and abandoning module ViewportInteraction (475)
[2018.01.21-19.22.02:071][682]LogModuleManager: Shutting down and abandoning module ClothPainter (473)
[2018.01.21-19.22.02:071][682]LogModuleManager: Shutting down and abandoning module SkeletalMeshEditor (472)
[2018.01.21-19.22.02:071][682]LogModuleManager: Shutting down and abandoning module LogVisualizer (469)
[2018.01.21-19.22.02:071][682]LogModuleManager: Shutting down and abandoning module IntroTutorials (467)
[2018.01.21-19.22.02:071][682]LogModuleManager: Shutting down and abandoning module GameProjectGeneration (466)
[2018.01.21-19.22.02:071][682]LogModuleManager: Shutting down and abandoning module IOSPlatformEditor (463)
[2018.01.21-19.22.02:071][682]LogModuleManager: Shutting down and abandoning module HTML5PlatformEditor (461)
[2018.01.21-19.22.02:071][682]LogModuleManager: Shutting down and abandoning module AndroidPlatformEditor (459)
[2018.01.21-19.22.02:071][682]LogModuleManager: Shutting down and abandoning module AndroidDeviceDetection (458)
[2018.01.21-19.22.02:190][682]LogModuleManager: Shutting down and abandoning module WindowsPlatformEditor (455)
[2018.01.21-19.22.02:190][682]LogModuleManager: Shutting down and abandoning module IOSRuntimeSettings (453)
[2018.01.21-19.22.02:190][682]LogModuleManager: Shutting down and abandoning module AndroidRuntimeSettings (451)
[2018.01.21-19.22.02:190][682]LogModuleManager: Shutting down and abandoning module InputBindingEditor (449)
[2018.01.21-19.22.02:190][682]LogModuleManager: Shutting down and abandoning module MergeActors (447)
[2018.01.21-19.22.02:190][682]LogModuleManager: Shutting down and abandoning module SizeMap (445)
[2018.01.21-19.22.02:190][682]LogModuleManager: Shutting down and abandoning module TreeMap (443)
[2018.01.21-19.22.02:190][682]LogModuleManager: Shutting down and abandoning module ReferenceViewer (441)
[2018.01.21-19.22.02:190][682]LogModuleManager: Shutting down and abandoning module LocalizationDashboard (439)
[2018.01.21-19.22.02:190][682]LogModuleManager: Shutting down and abandoning module LocalizationService (438)
[2018.01.21-19.22.02:190][682]LogModuleManager: Shutting down and abandoning module HardwareTargeting (435)
[2018.01.21-19.22.02:190][682]LogModuleManager: Shutting down and abandoning module DeviceProfileEditor (433)
[2018.01.21-19.22.02:190][682]LogModuleManager: Shutting down and abandoning module UndoHistory (431)
[2018.01.21-19.22.02:190][682]LogModuleManager: Shutting down and abandoning module XmlParser (429)
[2018.01.21-19.22.02:190][682]LogModuleManager: Shutting down and abandoning module Blutility (427)
[2018.01.21-19.22.02:190][682]LogModuleManager: Shutting down and abandoning module ProjectSettingsViewer (425)
[2018.01.21-19.22.02:191][682]LogModuleManager: Shutting down and abandoning module ProjectTargetPlatformEditor (424)
[2018.01.21-19.22.02:191][682]LogModuleManager: Shutting down and abandoning module EditorSettingsViewer (421)
[2018.01.21-19.22.02:191][682]LogModuleManager: Shutting down and abandoning module SettingsEditor (419)
[2018.01.21-19.22.02:191][682]LogModuleManager: Shutting down and abandoning module ProjectLauncher (417)
[2018.01.21-19.22.02:191][682]LogModuleManager: Shutting down and abandoning module SessionFrontend (415)
[2018.01.21-19.22.02:191][682]LogModuleManager: Shutting down and abandoning module ProfilerClient (413)
[2018.01.21-19.22.02:191][682]LogModuleManager: Shutting down and abandoning module DeviceManager (411)
[2018.01.21-19.22.02:191][682]LogModuleManager: Shutting down and abandoning module TargetDeviceServices (410)
[2018.01.21-19.22.02:257][682]LogModuleManager: Shutting down and abandoning module AutomationController (407)
[2018.01.21-19.22.02:257][682]LogModuleManager: Shutting down and abandoning module AutomationWindow (405)
[2018.01.21-19.22.02:257][682]LogModuleManager: Shutting down and abandoning module Layers (403)
[2018.01.21-19.22.02:257][682]LogModuleManager: Shutting down and abandoning module ComponentVisualizers (401)
[2018.01.21-19.22.02:257][682]LogModuleManager: Shutting down and abandoning module DetailCustomizations (399)
[2018.01.21-19.22.02:257][682]LogModuleManager: Shutting down and abandoning module PackagesDialog (397)
[2018.01.21-19.22.02:257][682]LogModuleManager: Shutting down and abandoning module Persona (395)
[2018.01.21-19.22.02:257][682]LogModuleManager: Shutting down and abandoning module AdvancedPreviewScene (394)
[2018.01.21-19.22.02:257][682]LogModuleManager: Shutting down and abandoning module AnimGraph (392)
[2018.01.21-19.22.02:257][682]LogModuleManager: Shutting down and abandoning module Kismet (389)
[2018.01.21-19.22.02:266][682]LogModuleManager: Shutting down and abandoning module ClassViewer (387)
[2018.01.21-19.22.02:267][682]LogModuleManager: Shutting down and abandoning module Toolbox (385)
[2018.01.21-19.22.02:267][682]LogModuleManager: Shutting down and abandoning module ModuleUI (383)
[2018.01.21-19.22.02:267][682]LogModuleManager: Shutting down and abandoning module MovieSceneTools (381)
[2018.01.21-19.22.02:267][682]LogModuleManager: Shutting down and abandoning module OutputLog (379)
[2018.01.21-19.22.02:267][682]LogModuleManager: Shutting down and abandoning module GammaUI (377)
[2018.01.21-19.22.02:267][682]LogModuleManager: Shutting down and abandoning module Documentation (375)
[2018.01.21-19.22.02:268][682]LogModuleManager: Shutting down and abandoning module MovieSceneTracks (373)
[2018.01.21-19.22.02:268][682]LogModuleManager: Shutting down and abandoning module MovieScene (371)
[2018.01.21-19.22.02:268][682]LogModuleManager: Shutting down and abandoning module StreamingPauseRendering (369)
[2018.01.21-19.22.02:268][682]LogModuleManager: Shutting down and abandoning module LauncherPlatform (367)
[2018.01.21-19.22.02:268][682]LogModuleManager: Shutting down and abandoning module AnalyticsET (365)
[2018.01.21-19.22.02:268][682]LogModuleManager: Shutting down and abandoning module PortalServices (363)
[2018.01.21-19.22.02:268][682]LogModuleManager: Shutting down and abandoning module PortalRpc (361)
[2018.01.21-19.22.02:268][682]LogModuleManager: Shutting down and abandoning module MessagingRpc (359)
[2018.01.21-19.22.02:268][682]LogModuleManager: Shutting down and abandoning module AIModule (357)
[2018.01.21-19.22.02:268][682]LogModuleManager: Shutting down and abandoning module GameplayDebugger (356)
[2018.01.21-19.22.02:268][682]LogModuleManager: Shutting down and abandoning module AITestSuite (354)
[2018.01.21-19.22.02:268][682]LogModuleManager: Shutting down and abandoning module DesktopPlatform (351)
[2018.01.21-19.22.02:268][682]LogModuleManager: Shutting down and abandoning module ProfilerService (349)
[2018.01.21-19.22.02:297][682]LogModuleManager: Shutting down and abandoning module TaskGraph (347)
[2018.01.21-19.22.02:297][682]LogModuleManager: Shutting down and abandoning module SteamVRController (345)
[2018.01.21-19.22.02:297][682]LogModuleManager: Shutting down and abandoning module ProceduralMeshComponentEditor (343)
[2018.01.21-19.22.02:297][682]LogModuleManager: Shutting down and abandoning module ProceduralMeshComponent (341)
[2018.01.21-19.22.02:297][682]LogModuleManager: Shutting down and abandoning module OculusInput (339)
[2018.01.21-19.22.02:297][682]LogModuleManager: Shutting down and abandoning module MobilePatchingUtils (337)
[2018.01.21-19.22.02:297][682]LogModuleManager: Shutting down and abandoning module CustomMeshComponent (335)
[2018.01.21-19.22.02:297][682]LogModuleManager: Shutting down and abandoning module CableComponent (333)
[2018.01.21-19.22.02:297][682]LogModuleManager: Shutting down and abandoning module ArchVisCharacter (331)
[2018.01.21-19.22.02:297][682]LogModuleManager: Shutting down and abandoning module AndroidPermission (329)
[2018.01.21-19.22.02:297][682]LogModuleManager: Shutting down and abandoning module ActorSequence (327)
[2018.01.21-19.22.02:297][682]LogModuleManager: Shutting down and abandoning module MediaPlayerEditor (325)
[2018.01.21-19.22.02:297][682]LogModuleManager: Shutting down and abandoning module MediaCompositingEditor (323)
[2018.01.21-19.22.02:297][682]LogModuleManager: Shutting down and abandoning module MediaCompositing (321)
[2018.01.21-19.22.02:297][682]LogModuleManager: Shutting down and abandoning module HTML5Networking (319)
[2018.01.21-19.22.02:297][682]LogModuleManager: Shutting down and abandoning module AlembicImporter (317)
[2018.01.21-19.22.02:297][682]LogModuleManager: Shutting down and abandoning module AlembicLibrary (316)
[2018.01.21-19.22.02:298][682]LogModuleManager: Shutting down and abandoning module GeometryCache (315)
[2018.01.21-19.22.02:298][682]LogModuleManager: Shutting down and abandoning module GeometryCacheEd (314)
[2018.01.21-19.22.02:298][682]LogModuleManager: Shutting down and abandoning module SpeedTreeImporter (309)
[2018.01.21-19.22.02:298][682]LogModuleManager: Shutting down and abandoning module PluginBrowser (307)
[2018.01.21-19.22.02:298][682]LogModuleManager: Shutting down and abandoning module MobileLauncherProfileWizard (305)
[2018.01.21-19.22.02:298][682]LogModuleManager: Shutting down and abandoning module VisualStudioSourceCodeAccess (303)
[2018.01.21-19.22.02:298][682]LogModuleManager: Shutting down and abandoning module VisualStudioCodeSourceCodeAccess (301)
[2018.01.21-19.22.02:298][682]LogModuleManager: Shutting down and abandoning module UObjectPlugin (299)
[2018.01.21-19.22.02:298][682]LogModuleManager: Shutting down and abandoning module SubversionSourceControl (297)
[2018.01.21-19.22.02:298][682]LogModuleManager: Shutting down and abandoning module PerforceSourceControl (295)
[2018.01.21-19.22.02:298][682]LogModuleManager: Shutting down and abandoning module GitSourceControl (293)
[2018.01.21-19.22.02:298][682]LogModuleManager: Shutting down and abandoning module SourceControl (292)
[2018.01.21-19.22.02:298][682]LogModuleManager: Shutting down and abandoning module LightPropagationVolumeEditor (289)
[2018.01.21-19.22.02:298][682]LogModuleManager: Shutting down and abandoning module PaperTiledImporter (287)
[2018.01.21-19.22.02:298][682]LogModuleManager: Shutting down and abandoning module PaperSpriteSheetImporter (285)
[2018.01.21-19.22.02:298][682]LogModuleManager: Shutting down and abandoning module Paper2DEditor (283)
[2018.01.21-19.22.02:298][682]LogModuleManager: Shutting down and abandoning module MeshPaint (282)
[2018.01.21-19.22.02:298][682]LogModuleManager: Shutting down and abandoning module LevelEditor (280)
[2018.01.21-19.22.02:299][682]LogModuleManager: Shutting down and abandoning module PixelInspectorModule (279)
[2018.01.21-19.22.02:299][682]LogModuleManager: Shutting down and abandoning module MainFrame (277)
[2018.01.21-19.22.02:299][682]LogModuleManager: Shutting down and abandoning module HotReload (276)
[2018.01.21-19.22.02:299][682]LogModuleManager: Shutting down and abandoning module RuntimePhysXCooking (271)
[2018.01.21-19.22.02:299][682]LogModuleManager: Shutting down and abandoning module PhysXVehiclesEditor (269)
[2018.01.21-19.22.02:299][682]LogModuleManager: Shutting down and abandoning module PhysXVehicles (267)
[2018.01.21-19.22.02:299][682]LogModuleManager: Shutting down and abandoning module OculusEditor (265)
[2018.01.21-19.22.02:299][682]LogModuleManager: Shutting down and abandoning module LocationServicesBPLibrary (263)
[2018.01.21-19.22.02:299][682]LogModuleManager: Shutting down and abandoning module ImmediatePhysicsEditor (261)
[2018.01.21-19.22.02:299][682]LogModuleManager: Shutting down and abandoning module ImmediatePhysics (259)
[2018.01.21-19.22.02:299][682]LogModuleManager: Shutting down and abandoning module UdpMessaging (257)
[2018.01.21-19.22.02:400][682]LogModuleManager: Shutting down and abandoning module TcpMessaging (255)
[2018.01.21-19.22.02:673][682]LogModuleManager: Shutting down and abandoning module GameplayTagsEditor (253)
[2018.01.21-19.22.02:673][682]LogModuleManager: Shutting down and abandoning module FacialAnimationEditor (251)
[2018.01.21-19.22.02:673][682]LogModuleManager: Shutting down and abandoning module FacialAnimation (249)
[2018.01.21-19.22.02:673][682]LogModuleManager: Shutting down and abandoning module AssetManagerEditor (247)
[2018.01.21-19.22.02:673][682]LogModuleManager: Shutting down and abandoning module GraphEditor (246)
[2018.01.21-19.22.02:673][682]LogModuleManager: Shutting down and abandoning module ContentBrowser (244)
[2018.01.21-19.22.02:674][682]LogModuleManager: Shutting down and abandoning module LightPropagationVolumeRuntime (241)
[2018.01.21-19.22.02:674][682]LogModuleManager: Shutting down and abandoning module Paper2D (239)
[2018.01.21-19.22.02:674][682]LogModuleManager: Shutting down and abandoning module WindowsMoviePlayer (237)
[2018.01.21-19.22.02:674][682]LogModuleManager: Shutting down and abandoning module WmfMedia (235)
[2018.01.21-19.22.02:675][682]LogModuleManager: Shutting down and abandoning module ImgMedia (233)
[2018.01.21-19.22.02:675][682]LogModuleManager: Shutting down and abandoning module PacketHandler (231)
[2018.01.21-19.22.02:675][682]LogModuleManager: Shutting down and abandoning module ClothingSystemEditor (229)
[2018.01.21-19.22.02:675][682]LogModuleManager: Shutting down and abandoning module ClothingSystemRuntime (227)
[2018.01.21-19.22.02:675][682]LogModuleManager: Shutting down and abandoning module MediaAssets (225)
[2018.01.21-19.22.02:675][682]LogModuleManager: Shutting down and abandoning module Media (224)
[2018.01.21-19.22.02:681][682]LogModuleManager: Shutting down and abandoning module Overlay (221)
[2018.01.21-19.22.02:681][682]LogModuleManager: Shutting down and abandoning module OverlayEditor (220)
[2018.01.21-19.22.02:681][682]LogModuleManager: Shutting down and abandoning module VREditor (217)
[2018.01.21-19.22.02:681][682]LogModuleManager: Shutting down and abandoning module StringTableEditor (215)
[2018.01.21-19.22.02:681][682]LogModuleManager: Shutting down and abandoning module GameplayTasksEditor (213)
[2018.01.21-19.22.02:681][682]LogModuleManager: Shutting down and abandoning module BehaviorTreeEditor (211)
[2018.01.21-19.22.02:681][682]LogModuleManager: Shutting down and abandoning module FunctionalTesting (209)
[2018.01.21-19.22.02:681][682]LogModuleManager: Shutting down and abandoning module CollisionAnalyzer (207)
[2018.01.21-19.22.02:681][682]LogModuleManager: Shutting down and abandoning module WorkspaceMenuStructure (206)
[2018.01.21-19.22.02:681][682]LogModuleManager: Shutting down and abandoning module UMG (203)
[2018.01.21-19.22.02:681][682]LogModuleManager: Shutting down and abandoning module UMGEditor (202)
[2018.01.21-19.22.02:681][682]LogModuleManager: Shutting down and abandoning module Sequencer (201)
[2018.01.21-19.22.02:681][682]LogModuleManager: Shutting down and abandoning module MessageLog (198)
[2018.01.21-19.22.02:681][682]LogModuleManager: Shutting down and abandoning module SlateReflector (193)
[2018.01.21-19.22.02:681][682]LogModuleManager: Shutting down and abandoning module Slate (191)
[2018.01.21-19.22.02:681][682]LogModuleManager: Shutting down and abandoning module EditorStyle (189)
[2018.01.21-19.22.02:684][682]LogModuleManager: Shutting down and abandoning module MRMesh (187)
[2018.01.21-19.22.02:684][682]LogModuleManager: Shutting down and abandoning module SourceCodeAccess (185)
[2018.01.21-19.22.02:684][682]LogModuleManager: Shutting down and abandoning module HeadMountedDisplay (183)
[2018.01.21-19.22.02:684][682]LogModuleManager: Shutting down and abandoning module XAudio2 (181)
[2018.01.21-19.22.02:684][682]LogModuleManager: Shutting down and abandoning module Networking (179)
[2018.01.21-19.22.02:684][682]LogModuleManager: Shutting down and abandoning module Core (177)
[2018.01.21-19.22.02:684][682]LogModuleManager: Shutting down and abandoning module LevelSequence (173)
[2018.01.21-19.22.02:684][682]LogModuleManager: Shutting down and abandoning module DirectoryWatcher (171)
[2018.01.21-19.22.02:684][682]LogModuleManager: Shutting down and abandoning module KismetCompiler (169)
[2018.01.21-19.22.02:684][682]LogModuleManager: Shutting down and abandoning module MeshUtilities (167)
[2018.01.21-19.22.02:684][682]LogModuleManager: Shutting down and abandoning module MeshMergeUtilities (166)
[2018.01.21-19.22.02:684][682]LogModuleManager: Shutting down and abandoning module MeshReductionInterface (165)
[2018.01.21-19.22.02:684][682]LogModuleManager: Shutting down and abandoning module SimplygonSwarm (164)
[2018.01.21-19.22.02:684][682]LogModuleManager: Shutting down and abandoning module SimplygonMeshReduction (162)
[2018.01.21-19.22.02:684][682]LogModuleManager: Shutting down and abandoning module QuadricMeshReduction (160)
[2018.01.21-19.22.02:684][682]LogModuleManager: Shutting down and abandoning module MaterialBaking (156)
[2018.01.21-19.22.02:684][682]LogModuleManager: Shutting down and abandoning module DerivedDataCache (153)
[2018.01.21-19.22.02:695][682]LogDerivedDataCache: Shutdown
[2018.01.21-19.22.02:695][682]LogModuleManager: Shutting down and abandoning module TargetPlatform (151)
[2018.01.21-19.22.02:695][682]LogModuleManager: Shutting down and abandoning module VulkanShaderFormat (150)
[2018.01.21-19.22.02:695][682]LogModuleManager: Shutting down and abandoning module ShaderFormatVectorVM (148)
[2018.01.21-19.22.02:695][682]LogModuleManager: Shutting down and abandoning module ShaderFormatOpenGL (146)
[2018.01.21-19.22.02:695][682]LogModuleManager: Shutting down and abandoning module ShaderFormatD3D (144)
[2018.01.21-19.22.02:695][682]LogModuleManager: Shutting down and abandoning module MetalShaderFormat (142)
[2018.01.21-19.22.02:695][682]LogModuleManager: Shutting down and abandoning module TextureFormatUncompressed (140)
[2018.01.21-19.22.02:695][682]LogModuleManager: Shutting down and abandoning module TextureFormatPVR (138)
[2018.01.21-19.22.02:695][682]LogModuleManager: Shutting down and abandoning module TextureFormatDXT (136)
[2018.01.21-19.22.02:695][682]LogModuleManager: Shutting down and abandoning module TextureFormatIntelISPCTexComp (134)
[2018.01.21-19.22.02:695][682]LogModuleManager: Shutting down and abandoning module TextureFormatASTC (132)
[2018.01.21-19.22.02:695][682]LogModuleManager: Shutting down and abandoning module ImageWrapper (131)
[2018.01.21-19.22.02:695][682]LogModuleManager: Shutting down and abandoning module TextureFormatAndroid (128)
[2018.01.21-19.22.02:695][682]LogModuleManager: Shutting down and abandoning module AudioFormatOpus (126)
[2018.01.21-19.22.02:695][682]LogModuleManager: Shutting down and abandoning module AudioFormatOgg (124)
[2018.01.21-19.22.02:695][682]LogModuleManager: Shutting down and abandoning module AudioFormatADPCM (122)
[2018.01.21-19.22.02:695][682]LogModuleManager: Shutting down and abandoning module LinuxTargetPlatform (120)
[2018.01.21-19.22.02:695][682]LogModuleManager: Shutting down and abandoning module LinuxServerTargetPlatform (118)
[2018.01.21-19.22.02:695][682]LogModuleManager: Shutting down and abandoning module LinuxNoEditorTargetPlatform (116)
[2018.01.21-19.22.02:695][682]LogModuleManager: Shutting down and abandoning module LinuxClientTargetPlatform (114)
[2018.01.21-19.22.02:695][682]LogModuleManager: Shutting down and abandoning module TVOSTargetPlatform (112)
[2018.01.21-19.22.02:695][682]LogModuleManager: Shutting down and abandoning module Messaging (110)
[2018.01.21-19.22.02:695][682]LogModuleManager: Shutting down and abandoning module IOSTargetPlatform (108)
[2018.01.21-19.22.02:696][682]LogModuleManager: Shutting down and abandoning module HTML5TargetPlatform (106)
[2018.01.21-19.22.02:696][682]LogModuleManager: Shutting down and abandoning module AndroidTargetPlatform (104)
[2018.01.21-19.22.02:696][682]LogModuleManager: Shutting down and abandoning module Android_PVRTCTargetPlatform (102)
[2018.01.21-19.22.02:696][682]LogModuleManager: Shutting down and abandoning module Android_MultiTargetPlatform (100)
[2018.01.21-19.22.02:696][682]LogModuleManager: Shutting down and abandoning module Android_ETC2TargetPlatform (98)
[2018.01.21-19.22.02:696][682]LogModuleManager: Shutting down and abandoning module Android_ETC1TargetPlatform (96)
[2018.01.21-19.22.02:696][682]LogModuleManager: Shutting down and abandoning module Android_DXTTargetPlatform (94)
[2018.01.21-19.22.02:696][682]LogModuleManager: Shutting down and abandoning module Android_ATCTargetPlatform (92)
[2018.01.21-19.22.02:696][682]LogModuleManager: Shutting down and abandoning module Android_ASTCTargetPlatform (90)
[2018.01.21-19.22.02:696][682]LogModuleManager: Shutting down and abandoning module WindowsTargetPlatform (88)
[2018.01.21-19.22.02:696][682]LogModuleManager: Shutting down and abandoning module WindowsServerTargetPlatform (86)
[2018.01.21-19.22.02:696][682]LogModuleManager: Shutting down and abandoning module WindowsNoEditorTargetPlatform (84)
[2018.01.21-19.22.02:696][682]LogModuleManager: Shutting down and abandoning module WindowsClientTargetPlatform (82)
[2018.01.21-19.22.02:696][682]LogModuleManager: Shutting down and abandoning module MacTargetPlatform (80)
[2018.01.21-19.22.02:696][682]LogModuleManager: Shutting down and abandoning module MacServerTargetPlatform (78)
[2018.01.21-19.22.02:696][682]LogModuleManager: Shutting down and abandoning module MacNoEditorTargetPlatform (76)
[2018.01.21-19.22.02:696][682]LogModuleManager: Shutting down and abandoning module MacClientTargetPlatform (74)
[2018.01.21-19.22.02:696][682]LogModuleManager: Shutting down and abandoning module AllDesktopTargetPlatform (72)
[2018.01.21-19.22.02:696][682]LogModuleManager: Shutting down and abandoning module InputCore (69)
[2018.01.21-19.22.02:696][682]LogModuleManager: Shutting down and abandoning module Settings (67)
[2018.01.21-19.22.02:696][682]LogModuleManager: Shutting down and abandoning module PhysXCooking (65)
[2018.01.21-19.22.02:696][682]LogModuleManager: Shutting down and abandoning module SteamVR (63)
[2018.01.21-19.22.02:696][682]LogModuleManager: Shutting down and abandoning module OculusHMD (61)
[2018.01.21-19.22.02:696][682]LogModuleManager: Shutting down and abandoning module ExampleDeviceProfileSelector (59)
[2018.01.21-19.22.02:696][682]LogModuleManager: Shutting down and abandoning module AppleARKit (57)
[2018.01.21-19.22.02:696][682]LogModuleManager: Shutting down and abandoning module AugmentedReality (56)
[2018.01.21-19.22.02:696][682]LogModuleManager: Shutting down and abandoning module OnlineBlueprintSupport (53)
[2018.01.21-19.22.02:696][682]LogModuleManager: Shutting down and abandoning module OnlineSubsystem (49)
[2018.01.21-19.22.02:696][682]LogOnline: Display: OSS: FOnlineSubsystemNull::Shutdown()
[2018.01.21-19.22.02:696][682]LogOnline: Display: OSS: FOnlineAsyncTaskManager::Stop() ActiveTask:0000000000000000 Tasks[0/0]
[2018.01.21-19.22.02:696][682]LogOnline: Display: OSS: FOnlineAsyncTaskManager::Exit() started
[2018.01.21-19.22.02:696][682]LogOnline: Display: OSS: FOnlineAsyncTaskManager::Exit() finished
[2018.01.21-19.22.02:696][682]LogModuleManager: Shutting down and abandoning module XMPP (43)
[2018.01.21-19.22.02:696][682]LogModuleManager: Shutting down and abandoning module HTTP (41)
[2018.01.21-19.22.02:696][682]LogHttp: Display: Http module shutting down, but needs to wait on 2 outstanding Http requests:
[2018.01.21-19.22.02:696][682]LogHttp: Display: 	verb=[POST] url=[https://datarouter.ol.epicgames.com/datarouter/api/v1/public/data?SessionID=%7B0A242492-4342-3C20-4D23-F2AE5CF36DFF%7D&AppID=UEEditor.Rocket.Release&AppVersion=4.18.3-3832480%2B%2B%2BUE4%2BRelease-4.18&UserID=12cfc1174abe4774a5fdafb4b5d17dfe%7Caede66b47dc74c7dbc239fe2c29745e4%7C2302930f-b170-43fb-a1dc-ab9f4a12f19a&AppEnvironment=datacollector-binary&UploadType=eteventstream] status=Processing
[2018.01.21-19.22.02:696][682]LogHttp: Display: 	verb=[POST] url=[https://datarouter.ol.epicgames.com/datarouter/api/v1/public/data?SessionID=%7B0A242492-4342-3C20-4D23-F2AE5CF36DFF%7D&AppID=UEEditor.Rocket.Release&AppVersion=4.18.3-3832480%2B%2B%2BUE4%2BRelease-4.18&UserID=12cfc1174abe4774a5fdafb4b5d17dfe%7Caede66b47dc74c7dbc239fe2c29745e4%7C2302930f-b170-43fb-a1dc-ab9f4a12f19a&AppEnvironment=datacollector-binary&UploadType=eteventstream] status=Processing
[2018.01.21-19.22.02:726][682]LogModuleManager: Shutting down and abandoning module SSL (40)
[2018.01.21-19.22.02:727][682]LogModuleManager: Shutting down and abandoning module AnimationModifiers (36)
[2018.01.21-19.22.02:727][682]LogModuleManager: Shutting down and abandoning module PropertyEditor (35)
[2018.01.21-19.22.02:727][682]LogModuleManager: Shutting down and abandoning module AudioEditor (32)
[2018.01.21-19.22.02:727][682]LogModuleManager: Shutting down and abandoning module TextureCompressor (30)
[2018.01.21-19.22.02:727][682]LogModuleManager: Shutting down and abandoning module ShaderCore (28)
[2018.01.21-19.22.02:727][682]LogModuleManager: Shutting down and abandoning module Landscape (26)
[2018.01.21-19.22.02:727][682]LogModuleManager: Shutting down and abandoning module SlateRHIRenderer (24)
[2018.01.21-19.22.02:729][682]LogModuleManager: Shutting down and abandoning module OpenGLDrv (22)
[2018.01.21-19.22.02:729][682]LogModuleManager: Shutting down and abandoning module D3D11RHI (20)
[2018.01.21-19.22.02:729][682]LogModuleManager: Shutting down and abandoning module AnimGraphRuntime (18)
[2018.01.21-19.22.02:729][682]LogModuleManager: Shutting down and abandoning module Renderer (16)
[2018.01.21-19.22.02:729][682]LogModuleManager: Shutting down and abandoning module Engine (14)
[2018.01.21-19.22.02:729][682]LogModuleManager: Shutting down and abandoning module CoreUObject (12)
[2018.01.21-19.22.02:729][682]LogModuleManager: Shutting down and abandoning module NetworkFile (10)
[2018.01.21-19.22.02:729][682]LogModuleManager: Shutting down and abandoning module CookedIterativeFile (8)
[2018.01.21-19.22.02:729][682]LogModuleManager: Shutting down and abandoning module StreamingFile (6)
[2018.01.21-19.22.02:729][682]LogModuleManager: Shutting down and abandoning module SandboxFile (4)
[2018.01.21-19.22.02:729][682]LogModuleManager: Shutting down and abandoning module PakFile (2)
[2018.01.21-19.22.02:732][682]LogExit: Exiting.
[2018.01.21-19.22.02:744][682]Log file closed, 01/21/18 14:22:02
