Log file open, 02/25/18 16:08:26
LogWindows: Failed to load 'aqProf.dll' (GetLastError=126)
LogWindows: File 'aqProf.dll' does not exist
LogWindows: Failed to load 'VtuneApi.dll' (GetLastError=126)
LogWindows: File 'VtuneApi.dll' does not exist
LogWindows: Failed to load 'VtuneApi32e.dll' (GetLastError=126)
LogWindows: File 'VtuneApi32e.dll' does not exist
LogInit: Display: Running engine for game: MultiplayerShootout
LogPlatformFile: Not using cached read wrapper
LogInit: Display: RandInit(1081748794) SRandInit(1081748794).
LogInit: Read version file with build ID '3709383'
LogInit: Overriding engine version to CL 3832480, compatible CL 3709383
LogInit: Registered custom module enumerator with build ID '3709383'
LogTaskGraph: Started task graph with 5 named threads and 17 total threads with 3 sets of task threads.
LogStats: Stats thread started at 0.198855
LogD3D11RHI: Aftermath initialized
LogModuleManager: Display: Found up-to-date module file ../../../Engine/Plugins/2D/Paper2D/Binaries/Win64/UE4Editor-Paper2D.dll (API version 3709383).
LogModuleManager: Display: Found up-to-date module file ../../../Engine/Plugins/2D/Paper2D/Binaries/Win64/UE4Editor-Paper2DEditor.dll (API version 3709383).
LogModuleManager: Display: Found up-to-date module file ../../../Engine/Plugins/2D/Paper2D/Binaries/Win64/UE4Editor-PaperSpriteSheetImporter.dll (API version 3709383).
LogModuleManager: Display: Found up-to-date module file ../../../Engine/Plugins/2D/Paper2D/Binaries/Win64/UE4Editor-PaperTiledImporter.dll (API version 3709383).
LogModuleManager: Display: Found up-to-date module file ../../../Engine/Plugins/2D/Paper2D/Binaries/Win64/UE4Editor-SmartSnapping.dll (API version 3709383).
LogModuleManager: Display: Found up-to-date module file ../../../Engine/Plugins/Blendables/LightPropagationVolume/Binaries/Win64/UE4Editor-LightPropagationVolumeRuntime.dll (API version 3709383).
LogModuleManager: Display: Found up-to-date module file ../../../Engine/Plugins/Blendables/LightPropagationVolume/Binaries/Win64/UE4Editor-LightPropagationVolumeEditor.dll (API version 3709383).
LogModuleManager: Display: Found up-to-date module file ../../../Engine/Plugins/Developer/GitSourceControl/Binaries/Win64/UE4Editor-GitSourceControl.dll (API version 3709383).
LogModuleManager: Display: Found up-to-date module file ../../../Engine/Plugins/Developer/PerforceSourceControl/Binaries/Win64/UE4Editor-PerforceSourceControl.dll (API version 3709383).
LogModuleManager: Display: Found up-to-date module file ../../../Engine/Plugins/Developer/SubversionSourceControl/Binaries/Win64/UE4Editor-SubversionSourceControl.dll (API version 3709383).
LogModuleManager: Display: Found up-to-date module file ../../../Engine/Plugins/Developer/UObjectPlugin/Binaries/Win64/UE4Editor-UObjectPlugin.dll (API version 3709383).
LogModuleManager: Display: Found up-to-date module file ../../../Engine/Plugins/Developer/VisualStudioCodeSourceCodeAccess/Binaries/Win64/UE4Editor-VisualStudioCodeSourceCodeAccess.dll (API version 3709383).
LogModuleManager: Display: Found up-to-date module file ../../../Engine/Plugins/Developer/VisualStudioSourceCodeAccess/Binaries/Win64/UE4Editor-VisualStudioSourceCodeAccess.dll (API version 3709383).
LogModuleManager: Display: Found up-to-date module file ../../../Engine/Plugins/Editor/AssetManagerEditor/Binaries/Win64/UE4Editor-AssetManagerEditor.dll (API version 3709383).
LogModuleManager: Display: Found up-to-date module file ../../../Engine/Plugins/Editor/AudioCapture/Binaries/Win64/UE4Editor-AudioCapture.dll (API version 3709383).
LogModuleManager: Display: Found up-to-date module file ../../../Engine/Plugins/Editor/FacialAnimation/Binaries/Win64/UE4Editor-FacialAnimation.dll (API version 3709383).
LogModuleManager: Display: Found up-to-date module file ../../../Engine/Plugins/Editor/FacialAnimation/Binaries/Win64/UE4Editor-FacialAnimationEditor.dll (API version 3709383).
LogModuleManager: Display: Found up-to-date module file ../../../Engine/Plugins/Editor/GameplayTagsEditor/Binaries/Win64/UE4Editor-GameplayTagsEditor.dll (API version 3709383).
LogModuleManager: Display: Found up-to-date module file ../../../Engine/Plugins/Editor/MobileLauncherProfileWizard/Binaries/Win64/UE4Editor-MobileLauncherProfileWizard.dll (API version 3709383).
LogModuleManager: Display: Found up-to-date module file ../../../Engine/Plugins/Editor/PluginBrowser/Binaries/Win64/UE4Editor-PluginBrowser.dll (API version 3709383).
LogModuleManager: Display: Found up-to-date module file ../../../Engine/Plugins/Editor/SpeedTreeImporter/Binaries/Win64/UE4Editor-SpeedTreeImporter.dll (API version 3709383).
LogModuleManager: Display: Found up-to-date module file ../../../Engine/Plugins/Experimental/AlembicImporter/Binaries/Win64/UE4Editor-AlembicImporter.dll (API version 3709383).
LogModuleManager: Display: Found up-to-date module file ../../../Engine/Plugins/Experimental/AlembicImporter/Binaries/Win64/UE4Editor-AlembicLibrary.dll (API version 3709383).
LogModuleManager: Display: Found up-to-date module file ../../../Engine/Plugins/Experimental/CharacterAI/Binaries/Win64/UE4Editor-CharacterAI.dll (API version 3709383).
LogModuleManager: Display: Found up-to-date module file ../../../Engine/Plugins/Experimental/HTML5Networking/Binaries/Win64/UE4Editor-HTML5Networking.dll (API version 3709383).
LogModuleManager: Display: Found up-to-date module file ../../../Engine/Plugins/Media/AndroidMedia/Binaries/Win64/UE4Editor-AndroidMediaEditor.dll (API version 3709383).
LogModuleManager: Display: Found up-to-date module file ../../../Engine/Plugins/Media/AndroidMedia/Binaries/Win64/UE4Editor-AndroidMediaFactory.dll (API version 3709383).
LogModuleManager: Display: Found up-to-date module file ../../../Engine/Plugins/Media/AvfMedia/Binaries/Win64/UE4Editor-AvfMediaEditor.dll (API version 3709383).
LogModuleManager: Display: Found up-to-date module file ../../../Engine/Plugins/Media/AvfMedia/Binaries/Win64/UE4Editor-AvfMediaFactory.dll (API version 3709383).
LogModuleManager: Display: Found up-to-date module file ../../../Engine/Plugins/Media/AvfMedia/Binaries/Win64/UE4Editor-AvfMediaFactory.dll (API version 3709383).
LogModuleManager: Display: Found up-to-date module file ../../../Engine/Plugins/Media/ImgMedia/Binaries/Win64/UE4Editor-ImgMedia.dll (API version 3709383).
LogModuleManager: Display: Found up-to-date module file ../../../Engine/Plugins/Media/ImgMedia/Binaries/Win64/UE4Editor-ImgMediaEditor.dll (API version 3709383).
LogModuleManager: Display: Found up-to-date module file ../../../Engine/Plugins/Media/ImgMedia/Binaries/Win64/UE4Editor-ImgMediaFactory.dll (API version 3709383).
LogModuleManager: Display: Found up-to-date module file ../../../Engine/Plugins/Media/ImgMedia/Binaries/Win64/UE4Editor-ImgMediaFactory.dll (API version 3709383).
LogModuleManager: Display: Found up-to-date module file ../../../Engine/Plugins/Media/ImgMedia/Binaries/Win64/UE4Editor-OpenExrWrapper.dll (API version 3709383).
LogModuleManager: Display: Found up-to-date module file ../../../Engine/Plugins/Media/MediaCompositing/Binaries/Win64/UE4Editor-MediaCompositing.dll (API version 3709383).
LogModuleManager: Display: Found up-to-date module file ../../../Engine/Plugins/Media/MediaCompositing/Binaries/Win64/UE4Editor-MediaCompositingEditor.dll (API version 3709383).
LogModuleManager: Display: Found up-to-date module file ../../../Engine/Plugins/Media/MediaPlayerEditor/Binaries/Win64/UE4Editor-MediaPlayerEditor.dll (API version 3709383).
LogModuleManager: Display: Found up-to-date module file ../../../Engine/Plugins/Media/WmfMedia/Binaries/Win64/UE4Editor-WmfMedia.dll (API version 3709383).
LogModuleManager: Display: Found up-to-date module file ../../../Engine/Plugins/Media/WmfMedia/Binaries/Win64/UE4Editor-WmfMediaEditor.dll (API version 3709383).
LogModuleManager: Display: Found up-to-date module file ../../../Engine/Plugins/Media/WmfMedia/Binaries/Win64/UE4Editor-WmfMediaFactory.dll (API version 3709383).
LogModuleManager: Display: Found up-to-date module file ../../../Engine/Plugins/Media/WmfMedia/Binaries/Win64/UE4Editor-WmfMediaFactory.dll (API version 3709383).
LogModuleManager: Display: Found up-to-date module file ../../../Engine/Plugins/Messaging/TcpMessaging/Binaries/Win64/UE4Editor-TcpMessaging.dll (API version 3709383).
LogModuleManager: Display: Found up-to-date module file ../../../Engine/Plugins/Messaging/UdpMessaging/Binaries/Win64/UE4Editor-UdpMessaging.dll (API version 3709383).
LogModuleManager: Display: Found up-to-date module file ../../../Engine/Plugins/MovieScene/ActorSequence/Binaries/Win64/UE4Editor-ActorSequence.dll (API version 3709383).
LogModuleManager: Display: Found up-to-date module file ../../../Engine/Plugins/MovieScene/LevelSequenceEditor/Binaries/Win64/UE4Editor-LevelSequenceEditor.dll (API version 3709383).
LogModuleManager: Display: Found up-to-date module file ../../../Engine/Plugins/MovieScene/MatineeToLevelSequence/Binaries/Win64/UE4Editor-MatineeToLevelSequence.dll (API version 3709383).
LogModuleManager: Display: Found up-to-date module file ../../../Engine/Plugins/Online/OnlineSubsystem/Binaries/Win64/UE4Editor-OnlineSubsystem.dll (API version 3709383).
LogModuleManager: Display: Found up-to-date module file ../../../Engine/Plugins/Runtime/AndroidPermission/Binaries/Win64/UE4Editor-AndroidPermission.dll (API version 3709383).
LogModuleManager: Display: Found up-to-date module file ../../../Engine/Plugins/Online/OnlineSubsystemNull/Binaries/Win64/UE4Editor-OnlineSubsystemNull.dll (API version 3709383).
LogModuleManager: Display: Found up-to-date module file ../../../Engine/Plugins/Online/OnlineSubsystemUtils/Binaries/Win64/UE4Editor-OnlineSubsystemUtils.dll (API version 3709383).
LogModuleManager: Display: Found up-to-date module file ../../../Engine/Plugins/Online/OnlineSubsystemUtils/Binaries/Win64/UE4Editor-OnlineBlueprintSupport.dll (API version 3709383).
LogModuleManager: Display: Found up-to-date module file ../../../Engine/Plugins/Runtime/AndroidDeviceProfileSelector/Binaries/Win64/UE4Editor-AndroidDeviceProfileSelector.dll (API version 3709383).
LogModuleManager: Display: Found up-to-date module file ../../../Engine/Plugins/Runtime/AppleARKit/Binaries/Win64/UE4Editor-AppleARKit.dll (API version 3709383).
LogModuleManager: Display: Found up-to-date module file ../../../Engine/Plugins/Runtime/ArchVisCharacter/Binaries/Win64/UE4Editor-ArchVisCharacter.dll (API version 3709383).
LogModuleManager: Display: Found up-to-date module file ../../../Engine/Plugins/Runtime/CableComponent/Binaries/Win64/UE4Editor-CableComponent.dll (API version 3709383).
LogModuleManager: Display: Found up-to-date module file ../../../Engine/Plugins/Runtime/CustomMeshComponent/Binaries/Win64/UE4Editor-CustomMeshComponent.dll (API version 3709383).
LogModuleManager: Display: Found up-to-date module file ../../../Engine/Plugins/Runtime/ExampleDeviceProfileSelector/Binaries/Win64/UE4Editor-ExampleDeviceProfileSelector.dll (API version 3709383).
LogModuleManager: Display: Found up-to-date module file ../../../Engine/Plugins/Runtime/ImmediatePhysics/Binaries/Win64/UE4Editor-ImmediatePhysics.dll (API version 3709383).
LogModuleManager: Display: Found up-to-date module file ../../../Engine/Plugins/Runtime/ImmediatePhysics/Binaries/Win64/UE4Editor-ImmediatePhysicsEditor.dll (API version 3709383).
LogModuleManager: Display: Found up-to-date module file ../../../Engine/Plugins/Runtime/LocationServicesBPLibrary/Binaries/Win64/UE4Editor-LocationServicesBPLibrary.dll (API version 3709383).
LogModuleManager: Display: Found up-to-date module file ../../../Engine/Plugins/Runtime/MobilePatchingUtils/Binaries/Win64/UE4Editor-MobilePatchingUtils.dll (API version 3709383).
LogModuleManager: Display: Found up-to-date module file ../../../Engine/Plugins/Runtime/Oculus/OculusVR/Binaries/Win64/UE4Editor-OculusHMD.dll (API version 3709383).
LogModuleManager: Display: Found up-to-date module file ../../../Engine/Plugins/Runtime/Oculus/OculusVR/Binaries/Win64/UE4Editor-OculusInput.dll (API version 3709383).
LogModuleManager: Display: Found up-to-date module file ../../../Engine/Plugins/Runtime/Oculus/OculusVR/Binaries/Win64/UE4Editor-OculusEditor.dll (API version 3709383).
LogModuleManager: Display: Found up-to-date module file ../../../Engine/Plugins/Runtime/PhysXVehicles/Binaries/Win64/UE4Editor-PhysXVehicles.dll (API version 3709383).
LogModuleManager: Display: Found up-to-date module file ../../../Engine/Plugins/Runtime/PhysXVehicles/Binaries/Win64/UE4Editor-PhysXVehiclesEditor.dll (API version 3709383).
LogModuleManager: Display: Found up-to-date module file ../../../Engine/Plugins/Runtime/ProceduralMeshComponent/Binaries/Win64/UE4Editor-ProceduralMeshComponent.dll (API version 3709383).
LogModuleManager: Display: Found up-to-date module file ../../../Engine/Plugins/Runtime/ProceduralMeshComponent/Binaries/Win64/UE4Editor-ProceduralMeshComponentEditor.dll (API version 3709383).
LogModuleManager: Display: Found up-to-date module file ../../../Engine/Plugins/Runtime/RuntimePhysXCooking/Binaries/Win64/UE4Editor-RuntimePhysXCooking.dll (API version 3709383).
LogModuleManager: Display: Found up-to-date module file ../../../Engine/Plugins/Runtime/Steam/SteamVR/Binaries/Win64/UE4Editor-SteamVR.dll (API version 3709383).
LogModuleManager: Display: Found up-to-date module file ../../../Engine/Plugins/Runtime/Steam/SteamVR/Binaries/Win64/UE4Editor-SteamVRController.dll (API version 3709383).
LogModuleManager: Display: Found up-to-date module file ../../../Engine/Plugins/Runtime/WindowsMoviePlayer/Binaries/Win64/UE4Editor-WindowsMoviePlayer.dll (API version 3709383).
LogPluginManager: Mounting plugin Paper2D
LogPluginManager: Mounting plugin LightPropagationVolume
LogPluginManager: Mounting plugin CodeLiteSourceCodeAccess
LogPluginManager: Mounting plugin GitSourceControl
LogPluginManager: Mounting plugin KDevelopSourceCodeAccess
LogPluginManager: Mounting plugin NullSourceCodeAccess
LogPluginManager: Mounting plugin PerforceSourceControl
LogPluginManager: Mounting plugin SubversionSourceControl
LogPluginManager: Mounting plugin UObjectPlugin
LogPluginManager: Mounting plugin VisualStudioCodeSourceCodeAccess
LogPluginManager: Mounting plugin VisualStudioSourceCodeAccess
LogPluginManager: Mounting plugin XCodeSourceCodeAccess
LogPluginManager: Mounting plugin AssetManagerEditor
LogPluginManager: Mounting plugin AudioCapture
LogPluginManager: Mounting plugin FacialAnimation
LogPluginManager: Mounting plugin GameplayTagsEditor
LogPluginManager: Mounting plugin MobileLauncherProfileWizard
LogPluginManager: Mounting plugin PluginBrowser
LogPluginManager: Mounting plugin SpeedTreeImporter
LogPluginManager: Mounting plugin AlembicImporter
LogPluginManager: Mounting plugin CharacterAI
LogPluginManager: Mounting plugin HTML5Networking
LogPluginManager: Mounting plugin AndroidMedia
LogPluginManager: Mounting plugin AvfMedia
LogPluginManager: Mounting plugin ImgMedia
LogPluginManager: Mounting plugin MediaCompositing
LogPluginManager: Mounting plugin MediaPlayerEditor
LogPluginManager: Mounting plugin WmfMedia
LogPluginManager: Mounting plugin TcpMessaging
LogPluginManager: Mounting plugin UdpMessaging
LogPluginManager: Mounting plugin ActorSequence
LogPluginManager: Mounting plugin LevelSequenceEditor
LogPluginManager: Mounting plugin MatineeToLevelSequence
LogPluginManager: Mounting plugin OnlineSubsystemGooglePlay
LogPluginManager: Mounting plugin OnlineSubsystemIOS
LogPluginManager: Mounting plugin OnlineSubsystem
LogPluginManager: Mounting plugin OnlineSubsystemNull
LogPluginManager: Mounting plugin OnlineSubsystemUtils
LogPluginManager: Mounting plugin AndroidDeviceProfileSelector
LogPluginManager: Mounting plugin AndroidMoviePlayer
LogPluginManager: Mounting plugin AndroidPermission
LogPluginManager: Mounting plugin AppleARKit
LogPluginManager: Mounting plugin AppleMoviePlayer
LogPluginManager: Mounting plugin ArchVisCharacter
LogPluginManager: Mounting plugin CableComponent
LogPluginManager: Mounting plugin CustomMeshComponent
LogPluginManager: Mounting plugin ExampleDeviceProfileSelector
LogPluginManager: Mounting plugin GoogleCloudMessaging
LogPluginManager: Mounting plugin ImmediatePhysics
LogPluginManager: Mounting plugin IOSDeviceProfileSelector
LogPluginManager: Mounting plugin LinuxDeviceProfileSelector
LogPluginManager: Mounting plugin LocationServicesBPLibrary
LogPluginManager: Mounting plugin MobilePatchingUtils
LogPluginManager: Mounting plugin OculusVR
LogPluginManager: Plugin shader directory ../../../Engine/Plugins/Runtime/Oculus/OculusVR/Shaders found
LogPluginManager: Mapping shader source directory ../../../Engine/Plugins/Runtime/Oculus/OculusVR/Shaders to virtual directory /Plugin/OculusVR
LogPluginManager: Mounting plugin PhysXVehicles
LogPluginManager: Mounting plugin ProceduralMeshComponent
LogPluginManager: Mounting plugin RuntimePhysXCooking
LogPluginManager: Mounting plugin SteamVR
LogPluginManager: Mounting plugin WindowsMoviePlayer
LogInit: Using libcurl 7.47.1
LogInit:  - built for x86_64-pc-win32
LogInit:  - supports SSL with OpenSSL/1.0.2g
LogInit:  - supports HTTP deflate (compression) using libz 1.2.8
LogInit:  - other features:
LogInit:      CURL_VERSION_SSL
LogInit:      CURL_VERSION_LIBZ
LogInit:      CURL_VERSION_IPV6
LogInit:      CURL_VERSION_ASYNCHDNS
LogInit:      CURL_VERSION_LARGEFILE
LogInit:      CURL_VERSION_IDN
LogInit:  CurlRequestOptions (configurable via config and command line):
LogInit:  - bVerifyPeer = false  - Libcurl will NOT verify peer certificate
LogInit:  - bUseHttpProxy = false  - Libcurl will NOT use HTTP proxy
LogInit:  - bDontReuseConnections = false  - Libcurl will reuse connections
LogInit:  - CertBundlePath = nullptr  - Libcurl will use whatever was configured at build time.
LogModuleManager: Warning: No filename provided for module OnlineSubsystemSteam
LogModuleManager: Warning: ModuleManager: Unable to load module 'OnlineSubsystemSteam' because the file 'C:/Program Files/Epic Games/UE_4.18/Engine/Binaries/Win64/' was not found.
LogInit: WinSock: version 1.1 (2.2), MaxSocks=32767, MaxUdp=65467
LogHMD: Failed initializing OVRPlugin 1.19.0
LogInit: Build: ++UE4+Release-4.18-CL-3832480
LogInit: Engine Version: 4.18.3-3832480+++UE4+Release-4.18
LogInit: Compatible Engine Version: 4.18.0-3709383+++UE4+Release-4.18
LogInit: Net CL: 3709383
LogDevObjectVersion: Number of dev versions registered: 16
LogDevObjectVersion:   Dev-Blueprints (B0D832E4-1F89-4F0D-ACCF-7EB736FD4AA2): 10
LogDevObjectVersion:   Dev-Build (E1C64328-A22C-4D53-A36C-8E866417BD8C): 0
LogDevObjectVersion:   Dev-Core (375EC13C-06E4-48FB-B500-84F0262A717E): 2
LogDevObjectVersion:   Dev-Editor (E4B068ED-F494-42E9-A231-DA0B2E46BB41): 20
LogDevObjectVersion:   Dev-Framework (CFFC743F-43B0-4480-9391-14DF171D2073): 30
LogDevObjectVersion:   Dev-Mobile (B02B49B5-BB20-44E9-A304-32B752E40360): 0
LogDevObjectVersion:   Dev-Networking (A4E4105C-59A1-49B5-A7C5-40C4547EDFEE): 0
LogDevObjectVersion:   Dev-Online (39C831C9-5AE6-47DC-9A44-9C173E1C8E7C): 0
LogDevObjectVersion:   Dev-Physics (78F01B33-EBEA-4F98-B9B4-84EACCB95AA2): 0
LogDevObjectVersion:   Dev-Platform (6631380F-2D4D-43E0-8009-CF276956A95A): 0
LogDevObjectVersion:   Dev-Rendering (12F88B9F-8875-4AFC-A67C-D90C383ABD29): 20
LogDevObjectVersion:   Dev-Sequencer (7B5AE74C-D270-4C10-A958-57980B212A5A): 4
LogDevObjectVersion:   Dev-VR (D7296918-1DD6-4BDD-9DE2-64A83CC13884): 0
LogDevObjectVersion:   Dev-LoadTimes (C2A15278-BFE7-4AFE-6C17-90FF531DF755): 1
LogDevObjectVersion:   Private-Geometry (6EACA3D4-40EC-4CC1-B786-8BED09428FC5): 1
LogDevObjectVersion:   Dev-AnimPhys (29E575DD-E0A3-4627-9D10-D276232CDCEA): 12
LogInit: Compiled (64-bit): Jan 12 2018 02:04:55
LogInit: Compiled with Visual C++: 19.00.24215.01
LogInit: Build Configuration: Development
LogInit: Branch Name: ++UE4+Release-4.18
LogInit: Command line:  -game
LogInit: Base directory: C:/Program Files/Epic Games/UE_4.18/Engine/Binaries/Win64/
LogInit: Installed Engine Build: 1
LogInit: Presizing for max 8388607 objects, including 0 objects not considered by GC, pre-allocating 0 bytes for permanent pool.
LogInit: Object subsystem initialized
[2018.02.25-21.08.28:542][  0]LogInit: Selected Device Profile: [Windows]
[2018.02.25-21.08.28:543][  0]LogInit: Applying CVar settings loaded from the selected device profile: [Windows]
[2018.02.25-21.08.28:554][  0]LogInit: Computer: ICAVE-AREA51
[2018.02.25-21.08.28:554][  0]LogInit: User: haczar
[2018.02.25-21.08.28:554][  0]LogInit: CPU Page size=4096, Cores=10
[2018.02.25-21.08.28:554][  0]LogInit: High frequency timer resolution =2.922920 MHz
[2018.02.25-21.08.28:554][  0]LogMemory: Memory total: Physical=31.9GB (32GB approx)
[2018.02.25-21.08.28:554][  0]LogMemory: Platform Memory Stats for Windows
[2018.02.25-21.08.28:554][  0]LogMemory: Process Physical Memory: 280.51 MB used, 280.51 MB peak
[2018.02.25-21.08.28:554][  0]LogMemory: Process Virtual Memory: 277.11 MB used, 277.11 MB peak
[2018.02.25-21.08.28:554][  0]LogMemory: Physical Memory: 11014.14 MB used,  21643.83 MB free, 32657.96 MB total
[2018.02.25-21.08.28:554][  0]LogMemory: Virtual Memory: 737.91 MB used,  21643.83 MB free, 134217728.00 MB total
[2018.02.25-21.08.28:697][  0]LogInit: Using OS detected language (en-US).
[2018.02.25-21.08.28:697][  0]LogInit: Using OS detected locale (en-US).
[2018.02.25-21.08.28:700][  0]LogTextLocalizationManager: No specific localization for 'en-US' exists, so the 'en' localization will be used.
[2018.02.25-21.08.29:138][  0]LogD3D11RHI: D3D11 adapters:
[2018.02.25-21.08.29:174][  0]LogD3D11RHI:    0. 'NVIDIA GeForce GTX 1080' (Feature Level 11_0)
[2018.02.25-21.08.29:174][  0]LogD3D11RHI:       8079/0/16328 MB DedicatedVideo/DedicatedSystem/SharedSystem, Outputs:2, VendorId:0x10de
[2018.02.25-21.08.29:216][  0]LogD3D11RHI:    1. 'NVIDIA GeForce GTX 1080' (Feature Level 11_0)
[2018.02.25-21.08.29:216][  0]LogD3D11RHI:       8079/0/16328 MB DedicatedVideo/DedicatedSystem/SharedSystem, Outputs:0, VendorId:0x10de
[2018.02.25-21.08.29:218][  0]LogD3D11RHI:    2. 'Microsoft Basic Render Driver' (Feature Level 11_0)
[2018.02.25-21.08.29:218][  0]LogD3D11RHI:       0/0/16328 MB DedicatedVideo/DedicatedSystem/SharedSystem, Outputs:0, VendorId:0x1414
[2018.02.25-21.08.29:218][  0]LogD3D11RHI: Chosen D3D11 Adapter: 0
[2018.02.25-21.08.29:230][  0]LogD3D11RHI: Creating new Direct3DDevice
[2018.02.25-21.08.29:230][  0]LogD3D11RHI:     GPU DeviceId: 0x1b80 (for the marketing name, search the web for "GPU Device Id")
[2018.02.25-21.08.29:230][  0]LogWindows: EnumDisplayDevices:
[2018.02.25-21.08.29:230][  0]LogWindows:    0. 'NVIDIA GeForce GTX 1080' (P:0 D:0)
[2018.02.25-21.08.29:230][  0]LogWindows:    1. 'NVIDIA GeForce GTX 1080' (P:0 D:0)
[2018.02.25-21.08.29:230][  0]LogWindows:    2. 'NVIDIA GeForce GTX 1080' (P:0 D:0)
[2018.02.25-21.08.29:231][  0]LogWindows:    3. 'NVIDIA GeForce GTX 1080' (P:0 D:0)
[2018.02.25-21.08.29:231][  0]LogWindows:    4. 'NVIDIA GeForce GTX 1080' (P:0 D:1)
[2018.02.25-21.08.29:231][  0]LogWindows:    5. 'NVIDIA GeForce GTX 1080' (P:1 D:1)
[2018.02.25-21.08.29:231][  0]LogWindows:    6. 'NVIDIA GeForce GTX 1080' (P:0 D:0)
[2018.02.25-21.08.29:231][  0]LogWindows:    7. 'NVIDIA GeForce GTX 1080' (P:0 D:0)
[2018.02.25-21.08.29:231][  0]LogWindows: DebugString: GetVideoDriverDetailsInvalid PrimaryIsNotTheChoosenAdapter GetVideoDriverDetailsInvalid PrimaryIsNotTheChoosenAdapter GetVideoDriverDetailsInvalid PrimaryIsNotTheChoosenAdapter GetVideoDriverDetailsInvalid PrimaryIsNotTheChoosenAdapter GetVideoDriverDetailsInvalid PrimaryIsNotTheChoosenAdapter GetVideoDriverDetailsInvalid PrimaryIsNotTheChoosenAdapter GetVideoDriverDetailsInvalid PrimaryIsNotTheChoosenAdapter GetVideoDriverDetailsInvalid PrimaryIsNotTheChoosenAdapter FoundDriverCount:0 
[2018.02.25-21.08.29:231][  0]LogD3D11RHI:     Adapter Name: NVIDIA GeForce GTX 1080
[2018.02.25-21.08.29:231][  0]LogD3D11RHI:   Driver Version: Unknown (internal:Unknown, unified:Unknown)
[2018.02.25-21.08.29:231][  0]LogD3D11RHI:      Driver Date: Unknown
[2018.02.25-21.08.29:231][  0]LogRHI: Texture pool is 5655 MB (70% of 8079 MB)
[2018.02.25-21.08.29:257][  0]LogD3D11RHI: Async texture creation enabled
[2018.02.25-21.08.29:274][  0]LogD3D11RHI: GPU Timing Frequency: 1000.000000 (Debug: 2 2)
[2018.02.25-21.08.29:361][  0]LogShaderCompilers: Guid format shader working directory is -44 characters bigger than the processId version (../../../../../../Users/haczar/Documents/GitHub/VR_MultiPlayerShootout/MultiplayerShootout/Intermediate/Shaders/WorkingDirectory/15508/).
[2018.02.25-21.08.29:361][  0]LogShaderCompilers: Cleaned the shader compiler working directory 'C:/Users/haczar/AppData/Local/Temp/UnrealShaderWorkingDir/3EE6C0404E8D1B104B72048A6291E8A1/'.
[2018.02.25-21.08.29:361][  0]LogShaderCompilers: Display: Using Local Shader Compiler.
[2018.02.25-21.08.30:258][  0]LogTemp: Display: Loaded TP WindowsClientTargetPlatform
[2018.02.25-21.08.30:312][  0]LogTemp: Display: Loaded TP WindowsNoEditorTargetPlatform
[2018.02.25-21.08.30:365][  0]LogTemp: Display: Loaded TP WindowsServerTargetPlatform
[2018.02.25-21.08.30:419][  0]LogTemp: Display: Loaded TP WindowsTargetPlatform
[2018.02.25-21.08.30:419][  0]LogTargetPlatformManager: Display: Building Assets For Windows
[2018.02.25-21.08.30:875][  0]LogDerivedDataCache: Display: Max Cache Size: 512 MB
[2018.02.25-21.08.30:958][  0]LogDerivedDataCache: Loaded boot cache 0.08s 92MB C:/Users/haczar/AppData/Local/UnrealEngine/4.18/DerivedDataCache/Boot.ddc.
[2018.02.25-21.08.30:958][  0]LogDerivedDataCache: Display: Loaded Boot cache: C:/Users/haczar/AppData/Local/UnrealEngine/4.18/DerivedDataCache/Boot.ddc
[2018.02.25-21.08.30:958][  0]LogDerivedDataCache: FDerivedDataBackendGraph:  Pak pak cache file ../../../../../../Users/haczar/Documents/GitHub/VR_MultiPlayerShootout/MultiplayerShootout/DerivedDataCache/DDC.ddp not found, will not use a pak cache.
[2018.02.25-21.08.30:958][  0]LogDerivedDataCache: Unable to find inner node Pak for hierarchical cache Hierarchy.
[2018.02.25-21.08.30:958][  0]LogDerivedDataCache: FDerivedDataBackendGraph:  CompressedPak pak cache file ../../../../../../Users/haczar/Documents/GitHub/VR_MultiPlayerShootout/MultiplayerShootout/DerivedDataCache/Compressed.ddp not found, will not use a pak cache.
[2018.02.25-21.08.30:958][  0]LogDerivedDataCache: Unable to find inner node CompressedPak for hierarchical cache Hierarchy.
[2018.02.25-21.08.30:974][  0]LogDerivedDataCache: Display: Pak cache opened for reading ../../../Engine/DerivedDataCache/Compressed.ddp.
[2018.02.25-21.08.30:986][  0]LogDerivedDataCache: Using Local data cache path C:/Users/haczar/AppData/Local/UnrealEngine/Common/DerivedDataCache: Writable
[2018.02.25-21.08.30:997][  0]LogMaterial: Verifying Global Shaders for PCD3D_SM5
[2018.02.25-21.08.30:997][  0]LogSlate: Using Freetype 2.6.0
[2018.02.25-21.08.30:997][  0]LogSlate: SlateFontCache - WITH_FREETYPE: 1, WITH_HARFBUZZ: 1
[2018.02.25-21.08.30:998][  0]LogSlate: SlateFontCache - WITH_FREETYPE: 1, WITH_HARFBUZZ: 1
[2018.02.25-21.08.31:276][  0]LogAssetRegistry: FAssetRegistry took 0.0044 seconds to start up
[2018.02.25-21.08.31:324][  0]LogPackageLocalizationCache: Processed 7 localized package path(s) for 2 prioritized culture(s) in 0.048335 seconds
[2018.02.25-21.08.31:419][  0]LogInit: Selected Device Profile: [Windows]
[2018.02.25-21.08.31:665][  0]LogSimplygon: Simplygon DLL not present - disabling.
[2018.02.25-21.08.31:708][  0]LogMeshReduction: Using SimplygonSwarm for distributed automatic mesh merging
[2018.02.25-21.08.31:708][  0]LogMeshReduction: Using QuadricMeshReduction for automatic static mesh reduction
[2018.02.25-21.08.31:708][  0]LogMeshReduction: No automatic skeletal mesh reduction module available
[2018.02.25-21.08.31:709][  0]LogMeshReduction: No automatic mesh merging module available
[2018.02.25-21.08.31:709][  0]LogMeshMerging: No automatic mesh merging module available
[2018.02.25-21.08.31:813][  0]LogNetVersion: MultiplayerShootout , NetCL: 3709383, EngineNetVer: 2, GameNetVer: 0 (Checksum: 2187402621)
[2018.02.25-21.08.31:879][  0]Warning: Missing opening '"' in string property value: ThirdParty/Steamworks)
[2018.02.25-21.08.33:601][  0]LogMoviePlayer: Initializing movie player
[2018.02.25-21.08.33:933][  0]LogCollectionManager: Loaded 0 collections in 0.001255 seconds
[2018.02.25-21.08.33:983][  0]LogFileCache: Scanning file cache for directory 'C:/Users/haczar/Documents/GitHub/VR_MultiPlayerShootout/MultiplayerShootout/Saved/Collections/' took 0.01s
[2018.02.25-21.08.33:983][  0]LogFileCache: Scanning file cache for directory 'C:/Users/haczar/Documents/GitHub/VR_MultiPlayerShootout/MultiplayerShootout/Content/Developers/haczar/Collections/' took 0.01s
[2018.02.25-21.08.33:983][  0]LogFileCache: Scanning file cache for directory 'C:/Users/haczar/Documents/GitHub/VR_MultiPlayerShootout/MultiplayerShootout/Content/Collections/' took 0.01s
[2018.02.25-21.08.33:983][  0]LogCollectionManager: Rebuilt the object cache for 0 collections in 0.000000 seconds (found 0 objects)
[2018.02.25-21.08.33:983][  0]LogCollectionManager: Fixed up redirectors for 0 collections in 0.000085 seconds (updated 0 objects)
[2018.02.25-21.08.34:618][  0]SourceControl: Source control is disabled
[2018.02.25-21.08.34:618][  0]SourceControl: Source control is disabled
[2018.02.25-21.08.34:670][  0]SourceControl: Source control is disabled
[2018.02.25-21.08.35:019][  0]LogAndroidPermission: UAndroidPermissionCallbackProxy::GetInstance
[2018.02.25-21.08.35:287][  0]LogOcInput: OculusInput pre-init called
[2018.02.25-21.08.35:404][  0]LogUObjectArray: 38923 objects as part of root set at end of initial load.
[2018.02.25-21.08.35:404][  0]LogUObjectAllocator: 8349192 out of 0 bytes used by permanent object pool.
[2018.02.25-21.08.35:404][  0]LogUObjectArray: CloseDisregardForGC: 0/0 objects in disregard for GC pool
[2018.02.25-21.08.35:506][  0]LogEngine: Initializing Engine...
[2018.02.25-21.08.36:103][  0]LogHMD: SteamVR initialized.  Driver: lighthouse  Display: LHR-F2CD0324
[2018.02.25-21.08.36:275][  0]LogStats: UGameplayTagsManager::ConstructGameplayTagTree: Construct from data asset -  0.000 s
[2018.02.25-21.08.36:275][  0]LogStats: UGameplayTagsManager::ConstructGameplayTagTree: GameplayTagTreeChangedEvent.Broadcast -  0.000 s
[2018.02.25-21.08.36:298][  0]LogInit: XAudio2 using 'HTC-VIVE (NVIDIA High Definition Audio)' : 2 channels at 48 kHz using 16 bits per sample (channel mask 0x3)
[2018.02.25-21.08.36:310][  0]LogInit: FAudioDevice initialized.
[2018.02.25-21.08.36:404][  0]LogDerivedDataCache: Saved boot cache 0.08s 79MB C:/Users/haczar/AppData/Local/UnrealEngine/4.18/DerivedDataCache/Boot.ddc.
[2018.02.25-21.08.36:415][  0]LogInit: Texture streaming: Enabled
[2018.02.25-21.08.36:429][  0]LogMaterial: Uniform references updated for custom material expression Custom.
[2018.02.25-21.08.36:762][  0]LogConsoleManager: Warning: Setting the console variable 'r.VSync' with 'SetByGameSetting' was ignored as it is lower priority than the previous 'SetByCode'. Value remains '0'
[2018.02.25-21.08.37:038][  0]LogInit: Display: Game Engine Initialized.
[2018.02.25-21.08.37:038][  0]LogGameplayTags: Display: UGameplayTagsManager::DoneAddingNativeTags. DelegateIsBound: 0
[2018.02.25-21.08.37:201][  0]LogInit: Display: Starting Game.
[2018.02.25-21.08.37:201][  0]LogNet: Browse: /Game/Z_Folder/Blueprints/Map/VR_MainMenuMap?Name=Player
[2018.02.25-21.08.37:202][  0]LogLoad: LoadMap: /Game/Z_Folder/Blueprints/Map/VR_MainMenuMap?Name=Player
[2018.02.25-21.08.37:457][  0]LogBlueprint: Warning: [Compiler BP_Projectile] Set Physics Angular Velocity  is deprecated; Use SetPhysicsAngularVelocityInDegrees instead
[2018.02.25-21.08.37:563][  0]LogBlueprint: Warning: [Compiler BP_Projectile] [0011.95] Compile of BP_Projectile successful, but with 1 Warning(s) [in 143 ms] (/Game/Blueprints/BP_Projectile.BP_Projectile)
[2018.02.25-21.08.37:870][  0]LogAIModule: Creating AISystem for world VR_MainMenuMap
[2018.02.25-21.08.37:870][  0]LogLoad: Game class is 'VR_GameMode_C'
[2018.02.25-21.08.37:875][  0]LogWorld: Bringing World /Game/Z_Folder/Blueprints/Map/VR_MainMenuMap.VR_MainMenuMap up for play (max tick rate 0) at 2018.02.25-16.08.37
[2018.02.25-21.08.37:876][  0]LogWorld: Bringing up level for play took: 0.003742
[2018.02.25-21.08.37:877][  0]LogSpawn: Warning: SpawnActor failed because no class was specified
[2018.02.25-21.08.37:894][  0]LogGameMode: Display: Match State Changed from EnteringMap to WaitingToStart
[2018.02.25-21.08.37:894][  0]LogGameState: Match State Changed from EnteringMap to WaitingToStart
[2018.02.25-21.08.37:894][  0]LogGameMode: Display: Match State Changed from WaitingToStart to InProgress
[2018.02.25-21.08.37:900][  0]LogGameState: Match State Changed from WaitingToStart to InProgress
[2018.02.25-21.08.37:900][  0]LogLoad: Took 0.699238 seconds to LoadMap(/Game/Z_Folder/Blueprints/Map/VR_MainMenuMap)
[2018.02.25-21.08.38:114][  0]LogRenderer: Reallocating scene render targets to support 1080x1920 Format 10 NumSamples 1 (Frame:1).
[2018.02.25-21.08.38:114][  0]LogLoad: (Engine Initialization) Total time: 12.50 seconds
[2018.02.25-21.08.38:114][  0]LogLoad: (Engine Initialization) Total Blueprint compile time: 0.00 seconds
[2018.02.25-21.08.38:114][  0]LogExternalProfiler: Found external profiler: VSPerf
[2018.02.25-21.08.38:114][  0]LogExternalProfiler: Using external profiler: VSPerf
[2018.02.25-21.08.38:132][  0]LogWindowsTextInputMethodSystem: Display: IME system now deactivated.
[2018.02.25-21.08.38:165][  0]LogRenderer: Reallocating scene render targets to support 2160x1200 Format 10 NumSamples 1 (Frame:2).
[2018.02.25-21.08.38:222][  0]LogContentStreaming: Texture pool size now 1000 MB
[2018.02.25-21.08.38:226][  1]LogStaticMesh: Allocated 497x64x64 distance field atlas = 3.9Mb, with 52 objects containing 3.0Mb backing data
[2018.02.25-21.09.06:978][547]LogBlueprintUserMessages: [VR_ServerList_C_0] PlayerController
[2018.02.25-21.09.06:979][547]LogInit: WinSock: I am icave-area51 (172.28.19.49:0)
[2018.02.25-21.09.19:899][704]LogBlueprintUserMessages: [VR_ServerList_C_0] PlayerController
[2018.02.25-21.10.11:693][341]LogBlueprintUserMessages: [VR_ServerList_C_0] PlayerController
[2018.02.25-21.10.33:265][272]LogBlueprintUserMessages: [VR_ServerList_C_1] PlayerController
[2018.02.25-21.10.39:875][864]LogBlueprintUserMessages: [VR_ServerList_C_1] PlayerController
[2018.02.25-21.11.09:745][535]LogWindowsTextInputMethodSystem: Display: IME system now deactivated.
[2018.02.25-21.11.09:750][535]LogEngine: All Windows Closed
[2018.02.25-21.11.09:750][535]LogWindows: FPlatformMisc::RequestExit(0)
[2018.02.25-21.11.10:193][536]LogExit: Preparing to exit.
[2018.02.25-21.11.10:193][536]LogMoviePlayer: Shutting down movie player
[2018.02.25-21.11.10:232][536]LogExit: Game engine shut down
[2018.02.25-21.11.10:286][536]LogExit: Object subsystem successfully closed.
[2018.02.25-21.11.10:311][536]LogD3D11RHI: Shutdown
[2018.02.25-21.11.10:311][536]LogD3D11RHI: CleanupD3DDevice
[2018.02.25-21.11.10:325][536]LogD3D11RHI: ~FD3D11DynamicRHI
[2018.02.25-21.11.10:334][536]LogModuleManager: Shutting down and abandoning module SequenceRecorderSections (315)
[2018.02.25-21.11.10:334][536]LogModuleManager: Shutting down and abandoning module SequenceRecorder (313)
[2018.02.25-21.11.10:334][536]LogModuleManager: Shutting down and abandoning module AutomationController (311)
[2018.02.25-21.11.10:334][536]LogModuleManager: Shutting down and abandoning module AutomationWorker (309)
[2018.02.25-21.11.10:334][536]LogModuleManager: Shutting down and abandoning module Voice (307)
[2018.02.25-21.11.10:334][536]LogModuleManager: Shutting down and abandoning module AIModule (305)
[2018.02.25-21.11.10:334][536]LogModuleManager: Shutting down and abandoning module GameplayDebugger (304)
[2018.02.25-21.11.10:334][536]LogModuleManager: Shutting down and abandoning module AITestSuite (302)
[2018.02.25-21.11.10:334][536]LogModuleManager: Shutting down and abandoning module WmfMediaFactory (299)
[2018.02.25-21.11.10:334][536]LogModuleManager: Shutting down and abandoning module OpenExrWrapper (297)
[2018.02.25-21.11.10:334][536]LogModuleManager: Shutting down and abandoning module ImgMediaFactory (295)
[2018.02.25-21.11.10:334][536]LogModuleManager: Shutting down and abandoning module AvfMediaFactory (293)
[2018.02.25-21.11.10:334][536]LogModuleManager: Shutting down and abandoning module CharacterAI (291)
[2018.02.25-21.11.10:334][536]LogModuleManager: Shutting down and abandoning module SessionServices (289)
[2018.02.25-21.11.10:334][536]LogModuleManager: Shutting down and abandoning module MovieSceneCapture (287)
[2018.02.25-21.11.10:334][536]LogModuleManager: Shutting down and abandoning module MovieSceneTracks (285)
[2018.02.25-21.11.10:334][536]LogModuleManager: Shutting down and abandoning module MovieScene (283)
[2018.02.25-21.11.10:334][536]LogModuleManager: Shutting down and abandoning module GeometryCache (281)
[2018.02.25-21.11.10:334][536]LogModuleManager: Shutting down and abandoning module GeometryCacheEd (280)
[2018.02.25-21.11.10:334][536]LogModuleManager: Shutting down and abandoning module StreamingPauseRendering (277)
[2018.02.25-21.11.10:334][536]LogModuleManager: Shutting down and abandoning module PortalServices (275)
[2018.02.25-21.11.10:334][536]LogModuleManager: Shutting down and abandoning module PortalRpc (273)
[2018.02.25-21.11.10:334][536]LogModuleManager: Shutting down and abandoning module MessagingRpc (271)
[2018.02.25-21.11.10:334][536]LogModuleManager: Shutting down and abandoning module ProfilerService (269)
[2018.02.25-21.11.10:458][536]LogModuleManager: Shutting down and abandoning module TaskGraph (267)
[2018.02.25-21.11.10:458][536]LogModuleManager: Shutting down and abandoning module SteamVRController (265)
[2018.02.25-21.11.10:458][536]LogModuleManager: Shutting down and abandoning module ProceduralMeshComponent (263)
[2018.02.25-21.11.10:458][536]LogModuleManager: Shutting down and abandoning module OculusInput (261)
[2018.02.25-21.11.10:458][536]LogModuleManager: Shutting down and abandoning module MobilePatchingUtils (259)
[2018.02.25-21.11.10:458][536]LogModuleManager: Shutting down and abandoning module CustomMeshComponent (257)
[2018.02.25-21.11.10:458][536]LogModuleManager: Shutting down and abandoning module CableComponent (255)
[2018.02.25-21.11.10:459][536]LogModuleManager: Shutting down and abandoning module ArchVisCharacter (253)
[2018.02.25-21.11.10:459][536]LogModuleManager: Shutting down and abandoning module AndroidPermission (251)
[2018.02.25-21.11.10:459][536]LogModuleManager: Shutting down and abandoning module ActorSequence (249)
[2018.02.25-21.11.10:459][536]LogModuleManager: Shutting down and abandoning module MediaCompositing (247)
[2018.02.25-21.11.10:459][536]LogModuleManager: Shutting down and abandoning module HTML5Networking (245)
[2018.02.25-21.11.10:459][536]LogModuleManager: Shutting down and abandoning module VisualStudioSourceCodeAccess (243)
[2018.02.25-21.11.10:459][536]LogModuleManager: Shutting down and abandoning module HotReload (242)
[2018.02.25-21.11.10:459][536]LogModuleManager: Shutting down and abandoning module VisualStudioCodeSourceCodeAccess (239)
[2018.02.25-21.11.10:459][536]LogModuleManager: Shutting down and abandoning module UObjectPlugin (237)
[2018.02.25-21.11.10:459][536]LogModuleManager: Shutting down and abandoning module SubversionSourceControl (235)
[2018.02.25-21.11.10:459][536]LogModuleManager: Shutting down and abandoning module PerforceSourceControl (233)
[2018.02.25-21.11.10:459][536]LogModuleManager: Shutting down and abandoning module SourceControl (232)
[2018.02.25-21.11.10:459][536]LogModuleManager: Shutting down and abandoning module RuntimePhysXCooking (229)
[2018.02.25-21.11.10:459][536]LogModuleManager: Shutting down and abandoning module PhysXVehiclesEditor (227)
[2018.02.25-21.11.10:459][536]LogModuleManager: Shutting down and abandoning module PhysXVehicles (225)
[2018.02.25-21.11.10:459][536]LogModuleManager: Shutting down and abandoning module LocationServicesBPLibrary (223)
[2018.02.25-21.11.10:459][536]LogModuleManager: Shutting down and abandoning module ImmediatePhysicsEditor (221)
[2018.02.25-21.11.10:459][536]LogModuleManager: Shutting down and abandoning module ImmediatePhysics (219)
[2018.02.25-21.11.10:459][536]LogModuleManager: Shutting down and abandoning module UdpMessaging (217)
[2018.02.25-21.11.10:459][536]LogModuleManager: Shutting down and abandoning module TcpMessaging (215)
[2018.02.25-21.11.10:459][536]LogModuleManager: Shutting down and abandoning module GameplayTagsEditor (213)
[2018.02.25-21.11.10:459][536]LogModuleManager: Shutting down and abandoning module FacialAnimation (211)
[2018.02.25-21.11.10:459][536]LogModuleManager: Shutting down and abandoning module AssetManagerEditor (209)
[2018.02.25-21.11.10:459][536]LogModuleManager: Shutting down and abandoning module GraphEditor (208)
[2018.02.25-21.11.10:459][536]LogModuleManager: Shutting down and abandoning module ContentBrowser (206)
[2018.02.25-21.11.10:459][536]LogModuleManager: Shutting down and abandoning module CollectionManager (205)
[2018.02.25-21.11.10:459][536]LogDirectoryWatcher: A directory notification for 'C:/Users/haczar/Documents/GitHub/VR_MultiPlayerShootout/MultiplayerShootout/Content/Collections/' was aborted.
[2018.02.25-21.11.10:459][536]LogDirectoryWatcher: A directory notification for 'C:/Users/haczar/Documents/GitHub/VR_MultiPlayerShootout/MultiplayerShootout/Content/Developers/haczar/Collections/' was aborted.
[2018.02.25-21.11.10:459][536]LogDirectoryWatcher: A directory notification for 'C:/Users/haczar/Documents/GitHub/VR_MultiPlayerShootout/MultiplayerShootout/Saved/Collections/' was aborted.
[2018.02.25-21.11.10:459][536]LogModuleManager: Shutting down and abandoning module DirectoryWatcher (204)
[2018.02.25-21.11.10:460][536]LogModuleManager: Shutting down and abandoning module LightPropagationVolumeRuntime (199)
[2018.02.25-21.11.10:460][536]LogModuleManager: Shutting down and abandoning module Paper2D (197)
[2018.02.25-21.11.10:460][536]LogModuleManager: Shutting down and abandoning module WindowsMoviePlayer (195)
[2018.02.25-21.11.10:460][536]LogModuleManager: Shutting down and abandoning module WmfMedia (193)
[2018.02.25-21.11.10:461][536]LogModuleManager: Shutting down and abandoning module ImgMedia (191)
[2018.02.25-21.11.10:461][536]LogModuleManager: Shutting down and abandoning module PacketHandler (189)
[2018.02.25-21.11.10:461][536]LogModuleManager: Shutting down and abandoning module ClothingSystemEditor (187)
[2018.02.25-21.11.10:461][536]LogModuleManager: Shutting down and abandoning module ClothingSystemRuntime (185)
[2018.02.25-21.11.10:461][536]LogModuleManager: Shutting down and abandoning module MediaAssets (183)
[2018.02.25-21.11.10:461][536]LogModuleManager: Shutting down and abandoning module Media (182)
[2018.02.25-21.11.10:466][536]LogModuleManager: Shutting down and abandoning module Overlay (179)
[2018.02.25-21.11.10:466][536]LogModuleManager: Shutting down and abandoning module OverlayEditor (178)
[2018.02.25-21.11.10:466][536]LogModuleManager: Shutting down and abandoning module VREditor (175)
[2018.02.25-21.11.10:466][536]LogModuleManager: Shutting down and abandoning module StringTableEditor (173)
[2018.02.25-21.11.10:466][536]LogModuleManager: Shutting down and abandoning module GameplayTasksEditor (171)
[2018.02.25-21.11.10:466][536]LogModuleManager: Shutting down and abandoning module BehaviorTreeEditor (169)
[2018.02.25-21.11.10:466][536]LogModuleManager: Shutting down and abandoning module FunctionalTesting (167)
[2018.02.25-21.11.10:466][536]LogModuleManager: Shutting down and abandoning module CollisionAnalyzer (165)
[2018.02.25-21.11.10:466][536]LogModuleManager: Shutting down and abandoning module WorkspaceMenuStructure (164)
[2018.02.25-21.11.10:466][536]LogModuleManager: Shutting down and abandoning module UMG (161)
[2018.02.25-21.11.10:467][536]LogModuleManager: Shutting down and abandoning module UMGEditor (160)
[2018.02.25-21.11.10:467][536]LogModuleManager: Shutting down and abandoning module Sequencer (159)
[2018.02.25-21.11.10:467][536]LogModuleManager: Shutting down and abandoning module MessageLog (156)
[2018.02.25-21.11.10:467][536]LogModuleManager: Shutting down and abandoning module SlateReflector (151)
[2018.02.25-21.11.10:467][536]LogModuleManager: Shutting down and abandoning module Slate (149)
[2018.02.25-21.11.10:467][536]LogModuleManager: Shutting down and abandoning module EditorStyle (147)
[2018.02.25-21.11.10:468][536]LogModuleManager: Shutting down and abandoning module MRMesh (145)
[2018.02.25-21.11.10:468][536]LogModuleManager: Shutting down and abandoning module Messaging (143)
[2018.02.25-21.11.10:468][536]LogModuleManager: Shutting down and abandoning module SourceCodeAccess (141)
[2018.02.25-21.11.10:468][536]LogModuleManager: Shutting down and abandoning module HeadMountedDisplay (139)
[2018.02.25-21.11.10:468][536]LogModuleManager: Shutting down and abandoning module XAudio2 (137)
[2018.02.25-21.11.10:468][536]LogModuleManager: Shutting down and abandoning module Networking (135)
[2018.02.25-21.11.10:468][536]LogModuleManager: Shutting down and abandoning module Core (133)
[2018.02.25-21.11.10:468][536]LogModuleManager: Shutting down and abandoning module LevelSequence (131)
[2018.02.25-21.11.10:469][536]LogModuleManager: Shutting down and abandoning module KismetCompiler (129)
[2018.02.25-21.11.10:469][536]LogModuleManager: Shutting down and abandoning module MeshUtilities (127)
[2018.02.25-21.11.10:469][536]LogModuleManager: Shutting down and abandoning module MeshMergeUtilities (126)
[2018.02.25-21.11.10:469][536]LogModuleManager: Shutting down and abandoning module MeshReductionInterface (125)
[2018.02.25-21.11.10:469][536]LogModuleManager: Shutting down and abandoning module SimplygonSwarm (124)
[2018.02.25-21.11.10:469][536]LogModuleManager: Shutting down and abandoning module SimplygonMeshReduction (122)
[2018.02.25-21.11.10:469][536]LogModuleManager: Shutting down and abandoning module QuadricMeshReduction (120)
[2018.02.25-21.11.10:469][536]LogModuleManager: Shutting down and abandoning module MaterialBaking (116)
[2018.02.25-21.11.10:469][536]LogModuleManager: Shutting down and abandoning module DerivedDataCache (111)
[2018.02.25-21.11.10:485][536]LogDerivedDataCache: Shutdown
[2018.02.25-21.11.10:485][536]LogModuleManager: Shutting down and abandoning module TargetPlatform (109)
[2018.02.25-21.11.10:485][536]LogModuleManager: Shutting down and abandoning module VulkanShaderFormat (108)
[2018.02.25-21.11.10:485][536]LogModuleManager: Shutting down and abandoning module ShaderFormatVectorVM (106)
[2018.02.25-21.11.10:485][536]LogModuleManager: Shutting down and abandoning module ShaderFormatOpenGL (104)
[2018.02.25-21.11.10:485][536]LogModuleManager: Shutting down and abandoning module ShaderFormatD3D (102)
[2018.02.25-21.11.10:485][536]LogModuleManager: Shutting down and abandoning module MetalShaderFormat (100)
[2018.02.25-21.11.10:485][536]LogModuleManager: Shutting down and abandoning module TextureFormatUncompressed (98)
[2018.02.25-21.11.10:485][536]LogModuleManager: Shutting down and abandoning module TextureFormatPVR (96)
[2018.02.25-21.11.10:485][536]LogModuleManager: Shutting down and abandoning module TextureFormatDXT (94)
[2018.02.25-21.11.10:485][536]LogModuleManager: Shutting down and abandoning module TextureFormatIntelISPCTexComp (92)
[2018.02.25-21.11.10:485][536]LogModuleManager: Shutting down and abandoning module TextureFormatASTC (90)
[2018.02.25-21.11.10:485][536]LogModuleManager: Shutting down and abandoning module ImageWrapper (89)
[2018.02.25-21.11.10:485][536]LogModuleManager: Shutting down and abandoning module TextureFormatAndroid (86)
[2018.02.25-21.11.10:485][536]LogModuleManager: Shutting down and abandoning module AudioFormatOpus (84)
[2018.02.25-21.11.10:485][536]LogModuleManager: Shutting down and abandoning module AudioFormatOgg (82)
[2018.02.25-21.11.10:485][536]LogModuleManager: Shutting down and abandoning module AudioFormatADPCM (80)
[2018.02.25-21.11.10:485][536]LogModuleManager: Shutting down and abandoning module WindowsTargetPlatform (78)
[2018.02.25-21.11.10:485][536]LogModuleManager: Shutting down and abandoning module WindowsServerTargetPlatform (76)
[2018.02.25-21.11.10:485][536]LogModuleManager: Shutting down and abandoning module WindowsNoEditorTargetPlatform (74)
[2018.02.25-21.11.10:485][536]LogModuleManager: Shutting down and abandoning module WindowsClientTargetPlatform (72)
[2018.02.25-21.11.10:485][536]LogModuleManager: Shutting down and abandoning module InputCore (69)
[2018.02.25-21.11.10:485][536]LogModuleManager: Shutting down and abandoning module Settings (67)
[2018.02.25-21.11.10:485][536]LogModuleManager: Shutting down and abandoning module PhysXCooking (65)
[2018.02.25-21.11.10:485][536]LogModuleManager: Shutting down and abandoning module SteamVR (63)
[2018.02.25-21.11.10:485][536]LogModuleManager: Shutting down and abandoning module OculusHMD (61)
[2018.02.25-21.11.10:485][536]LogModuleManager: Shutting down and abandoning module ExampleDeviceProfileSelector (59)
[2018.02.25-21.11.10:485][536]LogModuleManager: Shutting down and abandoning module AppleARKit (57)
[2018.02.25-21.11.10:485][536]LogModuleManager: Shutting down and abandoning module AugmentedReality (56)
[2018.02.25-21.11.10:485][536]LogModuleManager: Shutting down and abandoning module OnlineBlueprintSupport (53)
[2018.02.25-21.11.10:485][536]LogModuleManager: Shutting down and abandoning module OnlineSubsystem (49)
[2018.02.25-21.11.10:485][536]LogOnline: Display: OSS: FOnlineSubsystemNull::Shutdown()
[2018.02.25-21.11.10:486][536]LogOnline: Display: OSS: FOnlineAsyncTaskManager::Stop() ActiveTask:0000000000000000 Tasks[0/0]
[2018.02.25-21.11.10:486][536]LogOnline: Display: OSS: FOnlineAsyncTaskManager::Exit() started
[2018.02.25-21.11.10:486][536]LogOnline: Display: OSS: FOnlineAsyncTaskManager::Exit() finished
[2018.02.25-21.11.10:486][536]LogModuleManager: Shutting down and abandoning module XMPP (43)
[2018.02.25-21.11.10:486][536]LogModuleManager: Shutting down and abandoning module HTTP (41)
[2018.02.25-21.11.10:520][536]LogModuleManager: Shutting down and abandoning module SSL (40)
[2018.02.25-21.11.10:521][536]LogModuleManager: Shutting down and abandoning module AnimationModifiers (36)
[2018.02.25-21.11.10:521][536]LogModuleManager: Shutting down and abandoning module PropertyEditor (35)
[2018.02.25-21.11.10:521][536]LogModuleManager: Shutting down and abandoning module AudioEditor (32)
[2018.02.25-21.11.10:521][536]LogModuleManager: Shutting down and abandoning module TextureCompressor (30)
[2018.02.25-21.11.10:521][536]LogModuleManager: Shutting down and abandoning module ShaderCore (28)
[2018.02.25-21.11.10:521][536]LogModuleManager: Shutting down and abandoning module Landscape (26)
[2018.02.25-21.11.10:521][536]LogModuleManager: Shutting down and abandoning module SlateRHIRenderer (24)
[2018.02.25-21.11.10:521][536]LogModuleManager: Shutting down and abandoning module OpenGLDrv (22)
[2018.02.25-21.11.10:521][536]LogModuleManager: Shutting down and abandoning module D3D11RHI (20)
[2018.02.25-21.11.10:521][536]LogModuleManager: Shutting down and abandoning module AnimGraphRuntime (18)
[2018.02.25-21.11.10:521][536]LogModuleManager: Shutting down and abandoning module Renderer (16)
[2018.02.25-21.11.10:521][536]LogModuleManager: Shutting down and abandoning module Engine (14)
[2018.02.25-21.11.10:521][536]LogModuleManager: Shutting down and abandoning module CoreUObject (12)
[2018.02.25-21.11.10:521][536]LogModuleManager: Shutting down and abandoning module NetworkFile (10)
[2018.02.25-21.11.10:521][536]LogModuleManager: Shutting down and abandoning module CookedIterativeFile (8)
[2018.02.25-21.11.10:521][536]LogModuleManager: Shutting down and abandoning module StreamingFile (6)
[2018.02.25-21.11.10:521][536]LogModuleManager: Shutting down and abandoning module SandboxFile (4)
[2018.02.25-21.11.10:521][536]LogModuleManager: Shutting down and abandoning module PakFile (2)
[2018.02.25-21.11.10:524][536]LogExit: Exiting.
[2018.02.25-21.11.10:525][536]Log file closed, 02/25/18 16:11:10
