Log file open, 03/03/18 16:33:23
LogWindows: Failed to load 'aqProf.dll' (GetLastError=126)
LogWindows: File 'aqProf.dll' does not exist
LogWindows: Failed to load 'VSPerf140.dll' (GetLastError=126)
LogWindows: File 'VSPerf140.dll' does not exist
LogWindows: Failed to load 'VtuneApi.dll' (GetLastError=126)
LogWindows: File 'VtuneApi.dll' does not exist
LogWindows: Failed to load 'VtuneApi32e.dll' (GetLastError=126)
LogWindows: File 'VtuneApi32e.dll' does not exist
LogInit: Display: Running engine for game: MultiplayerShootout
LogPlatformFile: Not using cached read wrapper
LogInit: Display: RandInit(-706826790) SRandInit(-706826790).
LogInit: Read version file with build ID '3709383'
LogInit: Overriding engine version to CL 3832480, compatible CL 3709383
LogInit: Registered custom module enumerator with build ID '3709383'
LogTaskGraph: Started task graph with 5 named threads and 14 total threads with 3 sets of task threads.
LogStats: Stats thread started at 0.538944
LogD3D11RHI: Aftermath initialized
LogModuleManager: Display: Found up-to-date module file ../../../Engine/Plugins/2D/Paper2D/Binaries/Win64/UE4Editor-Paper2D.dll (API version 3709383).
LogModuleManager: Display: Found up-to-date module file ../../../Engine/Plugins/2D/Paper2D/Binaries/Win64/UE4Editor-Paper2DEditor.dll (API version 3709383).
LogModuleManager: Display: Found up-to-date module file ../../../Engine/Plugins/2D/Paper2D/Binaries/Win64/UE4Editor-PaperSpriteSheetImporter.dll (API version 3709383).
LogModuleManager: Display: Found up-to-date module file ../../../Engine/Plugins/2D/Paper2D/Binaries/Win64/UE4Editor-PaperTiledImporter.dll (API version 3709383).
LogModuleManager: Display: Found up-to-date module file ../../../Engine/Plugins/2D/Paper2D/Binaries/Win64/UE4Editor-SmartSnapping.dll (API version 3709383).
LogModuleManager: Display: Found up-to-date module file ../../../Engine/Plugins/Blendables/LightPropagationVolume/Binaries/Win64/UE4Editor-LightPropagationVolumeRuntime.dll (API version 3709383).
LogModuleManager: Display: Found up-to-date module file ../../../Engine/Plugins/Blendables/LightPropagationVolume/Binaries/Win64/UE4Editor-LightPropagationVolumeEditor.dll (API version 3709383).
LogModuleManager: Display: Found up-to-date module file ../../../Engine/Plugins/Developer/GitSourceControl/Binaries/Win64/UE4Editor-GitSourceControl.dll (API version 3709383).
LogModuleManager: Display: Found up-to-date module file ../../../Engine/Plugins/Developer/PerforceSourceControl/Binaries/Win64/UE4Editor-PerforceSourceControl.dll (API version 3709383).
LogModuleManager: Display: Found up-to-date module file ../../../Engine/Plugins/Developer/SubversionSourceControl/Binaries/Win64/UE4Editor-SubversionSourceControl.dll (API version 3709383).
LogModuleManager: Display: Found up-to-date module file ../../../Engine/Plugins/Developer/UObjectPlugin/Binaries/Win64/UE4Editor-UObjectPlugin.dll (API version 3709383).
LogModuleManager: Display: Found up-to-date module file ../../../Engine/Plugins/Developer/VisualStudioCodeSourceCodeAccess/Binaries/Win64/UE4Editor-VisualStudioCodeSourceCodeAccess.dll (API version 3709383).
LogModuleManager: Display: Found up-to-date module file ../../../Engine/Plugins/Developer/VisualStudioSourceCodeAccess/Binaries/Win64/UE4Editor-VisualStudioSourceCodeAccess.dll (API version 3709383).
LogModuleManager: Display: Found up-to-date module file ../../../Engine/Plugins/Editor/AssetManagerEditor/Binaries/Win64/UE4Editor-AssetManagerEditor.dll (API version 3709383).
LogModuleManager: Display: Found up-to-date module file ../../../Engine/Plugins/Editor/AudioCapture/Binaries/Win64/UE4Editor-AudioCapture.dll (API version 3709383).
LogModuleManager: Display: Found up-to-date module file ../../../Engine/Plugins/Editor/FacialAnimation/Binaries/Win64/UE4Editor-FacialAnimation.dll (API version 3709383).
LogModuleManager: Display: Found up-to-date module file ../../../Engine/Plugins/Editor/FacialAnimation/Binaries/Win64/UE4Editor-FacialAnimationEditor.dll (API version 3709383).
LogModuleManager: Display: Found up-to-date module file ../../../Engine/Plugins/Editor/GameplayTagsEditor/Binaries/Win64/UE4Editor-GameplayTagsEditor.dll (API version 3709383).
LogModuleManager: Display: Found up-to-date module file ../../../Engine/Plugins/Editor/MobileLauncherProfileWizard/Binaries/Win64/UE4Editor-MobileLauncherProfileWizard.dll (API version 3709383).
LogModuleManager: Display: Found up-to-date module file ../../../Engine/Plugins/Editor/PluginBrowser/Binaries/Win64/UE4Editor-PluginBrowser.dll (API version 3709383).
LogModuleManager: Display: Found up-to-date module file ../../../Engine/Plugins/Editor/SpeedTreeImporter/Binaries/Win64/UE4Editor-SpeedTreeImporter.dll (API version 3709383).
LogModuleManager: Display: Found up-to-date module file ../../../Engine/Plugins/Experimental/AlembicImporter/Binaries/Win64/UE4Editor-AlembicImporter.dll (API version 3709383).
LogModuleManager: Display: Found up-to-date module file ../../../Engine/Plugins/Experimental/AlembicImporter/Binaries/Win64/UE4Editor-AlembicLibrary.dll (API version 3709383).
LogModuleManager: Display: Found up-to-date module file ../../../Engine/Plugins/Experimental/CharacterAI/Binaries/Win64/UE4Editor-CharacterAI.dll (API version 3709383).
LogModuleManager: Display: Found up-to-date module file ../../../Engine/Plugins/Experimental/HTML5Networking/Binaries/Win64/UE4Editor-HTML5Networking.dll (API version 3709383).
LogModuleManager: Display: Found up-to-date module file ../../../Engine/Plugins/Media/AndroidMedia/Binaries/Win64/UE4Editor-AndroidMediaEditor.dll (API version 3709383).
LogModuleManager: Display: Found up-to-date module file ../../../Engine/Plugins/Media/AndroidMedia/Binaries/Win64/UE4Editor-AndroidMediaFactory.dll (API version 3709383).
LogModuleManager: Display: Found up-to-date module file ../../../Engine/Plugins/Media/AvfMedia/Binaries/Win64/UE4Editor-AvfMediaEditor.dll (API version 3709383).
LogModuleManager: Display: Found up-to-date module file ../../../Engine/Plugins/Media/AvfMedia/Binaries/Win64/UE4Editor-AvfMediaFactory.dll (API version 3709383).
LogModuleManager: Display: Found up-to-date module file ../../../Engine/Plugins/Media/AvfMedia/Binaries/Win64/UE4Editor-AvfMediaFactory.dll (API version 3709383).
LogModuleManager: Display: Found up-to-date module file ../../../Engine/Plugins/Media/ImgMedia/Binaries/Win64/UE4Editor-ImgMedia.dll (API version 3709383).
LogModuleManager: Display: Found up-to-date module file ../../../Engine/Plugins/Media/ImgMedia/Binaries/Win64/UE4Editor-ImgMediaEditor.dll (API version 3709383).
LogModuleManager: Display: Found up-to-date module file ../../../Engine/Plugins/Media/ImgMedia/Binaries/Win64/UE4Editor-ImgMediaFactory.dll (API version 3709383).
LogModuleManager: Display: Found up-to-date module file ../../../Engine/Plugins/Media/ImgMedia/Binaries/Win64/UE4Editor-ImgMediaFactory.dll (API version 3709383).
LogModuleManager: Display: Found up-to-date module file ../../../Engine/Plugins/Media/ImgMedia/Binaries/Win64/UE4Editor-OpenExrWrapper.dll (API version 3709383).
LogModuleManager: Display: Found up-to-date module file ../../../Engine/Plugins/Media/MediaCompositing/Binaries/Win64/UE4Editor-MediaCompositing.dll (API version 3709383).
LogModuleManager: Display: Found up-to-date module file ../../../Engine/Plugins/Media/MediaCompositing/Binaries/Win64/UE4Editor-MediaCompositingEditor.dll (API version 3709383).
LogModuleManager: Display: Found up-to-date module file ../../../Engine/Plugins/Media/MediaPlayerEditor/Binaries/Win64/UE4Editor-MediaPlayerEditor.dll (API version 3709383).
LogModuleManager: Display: Found up-to-date module file ../../../Engine/Plugins/Media/WmfMedia/Binaries/Win64/UE4Editor-WmfMedia.dll (API version 3709383).
LogModuleManager: Display: Found up-to-date module file ../../../Engine/Plugins/Media/WmfMedia/Binaries/Win64/UE4Editor-WmfMediaEditor.dll (API version 3709383).
LogModuleManager: Display: Found up-to-date module file ../../../Engine/Plugins/Media/WmfMedia/Binaries/Win64/UE4Editor-WmfMediaFactory.dll (API version 3709383).
LogModuleManager: Display: Found up-to-date module file ../../../Engine/Plugins/Media/WmfMedia/Binaries/Win64/UE4Editor-WmfMediaFactory.dll (API version 3709383).
LogModuleManager: Display: Found up-to-date module file ../../../Engine/Plugins/Messaging/TcpMessaging/Binaries/Win64/UE4Editor-TcpMessaging.dll (API version 3709383).
LogModuleManager: Display: Found up-to-date module file ../../../Engine/Plugins/Messaging/UdpMessaging/Binaries/Win64/UE4Editor-UdpMessaging.dll (API version 3709383).
LogModuleManager: Display: Found up-to-date module file ../../../Engine/Plugins/MovieScene/ActorSequence/Binaries/Win64/UE4Editor-ActorSequence.dll (API version 3709383).
LogModuleManager: Display: Found up-to-date module file ../../../Engine/Plugins/MovieScene/LevelSequenceEditor/Binaries/Win64/UE4Editor-LevelSequenceEditor.dll (API version 3709383).
LogModuleManager: Display: Found up-to-date module file ../../../Engine/Plugins/MovieScene/MatineeToLevelSequence/Binaries/Win64/UE4Editor-MatineeToLevelSequence.dll (API version 3709383).
LogModuleManager: Display: Found up-to-date module file ../../../Engine/Plugins/Online/OnlineSubsystem/Binaries/Win64/UE4Editor-OnlineSubsystem.dll (API version 3709383).
LogModuleManager: Display: Found up-to-date module file ../../../Engine/Plugins/Runtime/AndroidPermission/Binaries/Win64/UE4Editor-AndroidPermission.dll (API version 3709383).
LogModuleManager: Display: Found up-to-date module file ../../../Engine/Plugins/Online/OnlineSubsystemNull/Binaries/Win64/UE4Editor-OnlineSubsystemNull.dll (API version 3709383).
LogModuleManager: Display: Found up-to-date module file ../../../Engine/Plugins/Online/OnlineSubsystemUtils/Binaries/Win64/UE4Editor-OnlineSubsystemUtils.dll (API version 3709383).
LogModuleManager: Display: Found up-to-date module file ../../../Engine/Plugins/Online/OnlineSubsystemUtils/Binaries/Win64/UE4Editor-OnlineBlueprintSupport.dll (API version 3709383).
LogModuleManager: Display: Found up-to-date module file ../../../Engine/Plugins/Runtime/AndroidDeviceProfileSelector/Binaries/Win64/UE4Editor-AndroidDeviceProfileSelector.dll (API version 3709383).
LogModuleManager: Display: Found up-to-date module file ../../../Engine/Plugins/Runtime/AppleARKit/Binaries/Win64/UE4Editor-AppleARKit.dll (API version 3709383).
LogModuleManager: Display: Found up-to-date module file ../../../Engine/Plugins/Runtime/ArchVisCharacter/Binaries/Win64/UE4Editor-ArchVisCharacter.dll (API version 3709383).
LogModuleManager: Display: Found up-to-date module file ../../../Engine/Plugins/Runtime/CableComponent/Binaries/Win64/UE4Editor-CableComponent.dll (API version 3709383).
LogModuleManager: Display: Found up-to-date module file ../../../Engine/Plugins/Runtime/CustomMeshComponent/Binaries/Win64/UE4Editor-CustomMeshComponent.dll (API version 3709383).
LogModuleManager: Display: Found up-to-date module file ../../../Engine/Plugins/Runtime/ExampleDeviceProfileSelector/Binaries/Win64/UE4Editor-ExampleDeviceProfileSelector.dll (API version 3709383).
LogModuleManager: Display: Found up-to-date module file ../../../Engine/Plugins/Runtime/ImmediatePhysics/Binaries/Win64/UE4Editor-ImmediatePhysics.dll (API version 3709383).
LogModuleManager: Display: Found up-to-date module file ../../../Engine/Plugins/Runtime/ImmediatePhysics/Binaries/Win64/UE4Editor-ImmediatePhysicsEditor.dll (API version 3709383).
LogModuleManager: Display: Found up-to-date module file ../../../Engine/Plugins/Runtime/LocationServicesBPLibrary/Binaries/Win64/UE4Editor-LocationServicesBPLibrary.dll (API version 3709383).
LogModuleManager: Display: Found up-to-date module file ../../../Engine/Plugins/Runtime/MobilePatchingUtils/Binaries/Win64/UE4Editor-MobilePatchingUtils.dll (API version 3709383).
LogModuleManager: Display: Found up-to-date module file ../../../Engine/Plugins/Runtime/Oculus/OculusVR/Binaries/Win64/UE4Editor-OculusHMD.dll (API version 3709383).
LogModuleManager: Display: Found up-to-date module file ../../../Engine/Plugins/Runtime/Oculus/OculusVR/Binaries/Win64/UE4Editor-OculusInput.dll (API version 3709383).
LogModuleManager: Display: Found up-to-date module file ../../../Engine/Plugins/Runtime/Oculus/OculusVR/Binaries/Win64/UE4Editor-OculusEditor.dll (API version 3709383).
LogModuleManager: Display: Found up-to-date module file ../../../Engine/Plugins/Runtime/PhysXVehicles/Binaries/Win64/UE4Editor-PhysXVehicles.dll (API version 3709383).
LogModuleManager: Display: Found up-to-date module file ../../../Engine/Plugins/Runtime/PhysXVehicles/Binaries/Win64/UE4Editor-PhysXVehiclesEditor.dll (API version 3709383).
LogModuleManager: Display: Found up-to-date module file ../../../Engine/Plugins/Runtime/ProceduralMeshComponent/Binaries/Win64/UE4Editor-ProceduralMeshComponent.dll (API version 3709383).
LogModuleManager: Display: Found up-to-date module file ../../../Engine/Plugins/Runtime/ProceduralMeshComponent/Binaries/Win64/UE4Editor-ProceduralMeshComponentEditor.dll (API version 3709383).
LogModuleManager: Display: Found up-to-date module file ../../../Engine/Plugins/Runtime/RuntimePhysXCooking/Binaries/Win64/UE4Editor-RuntimePhysXCooking.dll (API version 3709383).
LogModuleManager: Display: Found up-to-date module file ../../../Engine/Plugins/Runtime/Steam/SteamVR/Binaries/Win64/UE4Editor-SteamVR.dll (API version 3709383).
LogModuleManager: Display: Found up-to-date module file ../../../Engine/Plugins/Runtime/Steam/SteamVR/Binaries/Win64/UE4Editor-SteamVRController.dll (API version 3709383).
LogModuleManager: Display: Found up-to-date module file ../../../Engine/Plugins/Runtime/WindowsMoviePlayer/Binaries/Win64/UE4Editor-WindowsMoviePlayer.dll (API version 3709383).
LogPluginManager: Mounting plugin Paper2D
LogPluginManager: Mounting plugin LightPropagationVolume
LogPluginManager: Mounting plugin CodeLiteSourceCodeAccess
LogPluginManager: Mounting plugin GitSourceControl
LogPluginManager: Mounting plugin KDevelopSourceCodeAccess
LogPluginManager: Mounting plugin NullSourceCodeAccess
LogPluginManager: Mounting plugin PerforceSourceControl
LogPluginManager: Mounting plugin SubversionSourceControl
LogPluginManager: Mounting plugin UObjectPlugin
LogPluginManager: Mounting plugin VisualStudioCodeSourceCodeAccess
LogPluginManager: Mounting plugin VisualStudioSourceCodeAccess
LogPluginManager: Mounting plugin XCodeSourceCodeAccess
LogPluginManager: Mounting plugin AssetManagerEditor
LogPluginManager: Mounting plugin AudioCapture
LogPluginManager: Mounting plugin FacialAnimation
LogPluginManager: Mounting plugin GameplayTagsEditor
LogPluginManager: Mounting plugin MobileLauncherProfileWizard
LogPluginManager: Mounting plugin PluginBrowser
LogPluginManager: Mounting plugin SpeedTreeImporter
LogPluginManager: Mounting plugin AlembicImporter
LogPluginManager: Mounting plugin CharacterAI
LogPluginManager: Mounting plugin HTML5Networking
LogPluginManager: Mounting plugin AndroidMedia
LogPluginManager: Mounting plugin AvfMedia
LogPluginManager: Mounting plugin ImgMedia
LogPluginManager: Mounting plugin MediaCompositing
LogPluginManager: Mounting plugin MediaPlayerEditor
LogPluginManager: Mounting plugin WmfMedia
LogPluginManager: Mounting plugin TcpMessaging
LogPluginManager: Mounting plugin UdpMessaging
LogPluginManager: Mounting plugin ActorSequence
LogPluginManager: Mounting plugin LevelSequenceEditor
LogPluginManager: Mounting plugin MatineeToLevelSequence
LogPluginManager: Mounting plugin OnlineSubsystemGooglePlay
LogPluginManager: Mounting plugin OnlineSubsystemIOS
LogPluginManager: Mounting plugin OnlineSubsystem
LogPluginManager: Mounting plugin OnlineSubsystemNull
LogPluginManager: Mounting plugin OnlineSubsystemUtils
LogPluginManager: Mounting plugin AndroidDeviceProfileSelector
LogPluginManager: Mounting plugin AndroidMoviePlayer
LogPluginManager: Mounting plugin AndroidPermission
LogPluginManager: Mounting plugin AppleARKit
LogPluginManager: Mounting plugin AppleMoviePlayer
LogPluginManager: Mounting plugin ArchVisCharacter
LogPluginManager: Mounting plugin CableComponent
LogPluginManager: Mounting plugin CustomMeshComponent
LogPluginManager: Mounting plugin ExampleDeviceProfileSelector
LogPluginManager: Mounting plugin GoogleCloudMessaging
LogPluginManager: Mounting plugin ImmediatePhysics
LogPluginManager: Mounting plugin IOSDeviceProfileSelector
LogPluginManager: Mounting plugin LinuxDeviceProfileSelector
LogPluginManager: Mounting plugin LocationServicesBPLibrary
LogPluginManager: Mounting plugin MobilePatchingUtils
LogPluginManager: Mounting plugin OculusVR
LogPluginManager: Plugin shader directory ../../../Engine/Plugins/Runtime/Oculus/OculusVR/Shaders found
LogPluginManager: Mapping shader source directory ../../../Engine/Plugins/Runtime/Oculus/OculusVR/Shaders to virtual directory /Plugin/OculusVR
LogPluginManager: Mounting plugin PhysXVehicles
LogPluginManager: Mounting plugin ProceduralMeshComponent
LogPluginManager: Mounting plugin RuntimePhysXCooking
LogPluginManager: Mounting plugin SteamVR
LogPluginManager: Mounting plugin WindowsMoviePlayer
LogInit: Using libcurl 7.47.1
LogInit:  - built for x86_64-pc-win32
LogInit:  - supports SSL with OpenSSL/1.0.2g
LogInit:  - supports HTTP deflate (compression) using libz 1.2.8
LogInit:  - other features:
LogInit:      CURL_VERSION_SSL
LogInit:      CURL_VERSION_LIBZ
LogInit:      CURL_VERSION_IPV6
LogInit:      CURL_VERSION_ASYNCHDNS
LogInit:      CURL_VERSION_LARGEFILE
LogInit:      CURL_VERSION_IDN
LogInit:  CurlRequestOptions (configurable via config and command line):
LogInit:  - bVerifyPeer = false  - Libcurl will NOT verify peer certificate
LogInit:  - bUseHttpProxy = false  - Libcurl will NOT use HTTP proxy
LogInit:  - bDontReuseConnections = false  - Libcurl will reuse connections
LogInit:  - CertBundlePath = nullptr  - Libcurl will use whatever was configured at build time.
LogModuleManager: Warning: No filename provided for module OnlineSubsystemSteam
LogModuleManager: Warning: ModuleManager: Unable to load module 'OnlineSubsystemSteam' because the file 'C:/Program Files/Epic Games/UE_4.18/Engine/Binaries/Win64/' was not found.
LogInit: WinSock: version 1.1 (2.2), MaxSocks=32767, MaxUdp=65467
LogHMD: Failed initializing OVRPlugin 1.19.0
LogInit: Build: ++UE4+Release-4.18-CL-3832480
LogInit: Engine Version: 4.18.3-3832480+++UE4+Release-4.18
LogInit: Compatible Engine Version: 4.18.0-3709383+++UE4+Release-4.18
LogInit: Net CL: 3709383
LogDevObjectVersion: Number of dev versions registered: 16
LogDevObjectVersion:   Dev-Blueprints (B0D832E4-1F89-4F0D-ACCF-7EB736FD4AA2): 10
LogDevObjectVersion:   Dev-Build (E1C64328-A22C-4D53-A36C-8E866417BD8C): 0
LogDevObjectVersion:   Dev-Core (375EC13C-06E4-48FB-B500-84F0262A717E): 2
LogDevObjectVersion:   Dev-Editor (E4B068ED-F494-42E9-A231-DA0B2E46BB41): 20
LogDevObjectVersion:   Dev-Framework (CFFC743F-43B0-4480-9391-14DF171D2073): 30
LogDevObjectVersion:   Dev-Mobile (B02B49B5-BB20-44E9-A304-32B752E40360): 0
LogDevObjectVersion:   Dev-Networking (A4E4105C-59A1-49B5-A7C5-40C4547EDFEE): 0
LogDevObjectVersion:   Dev-Online (39C831C9-5AE6-47DC-9A44-9C173E1C8E7C): 0
LogDevObjectVersion:   Dev-Physics (78F01B33-EBEA-4F98-B9B4-84EACCB95AA2): 0
LogDevObjectVersion:   Dev-Platform (6631380F-2D4D-43E0-8009-CF276956A95A): 0
LogDevObjectVersion:   Dev-Rendering (12F88B9F-8875-4AFC-A67C-D90C383ABD29): 20
LogDevObjectVersion:   Dev-Sequencer (7B5AE74C-D270-4C10-A958-57980B212A5A): 4
LogDevObjectVersion:   Dev-VR (D7296918-1DD6-4BDD-9DE2-64A83CC13884): 0
LogDevObjectVersion:   Dev-LoadTimes (C2A15278-BFE7-4AFE-6C17-90FF531DF755): 1
LogDevObjectVersion:   Private-Geometry (6EACA3D4-40EC-4CC1-B786-8BED09428FC5): 1
LogDevObjectVersion:   Dev-AnimPhys (29E575DD-E0A3-4627-9D10-D276232CDCEA): 12
LogInit: Compiled (64-bit): Jan 12 2018 02:04:55
LogInit: Compiled with Visual C++: 19.00.24215.01
LogInit: Build Configuration: Development
LogInit: Branch Name: ++UE4+Release-4.18
LogInit: Command line:  
LogInit: Base directory: C:/Program Files/Epic Games/UE_4.18/Engine/Binaries/Win64/
LogInit: Installed Engine Build: 1
LogInit: Presizing for max 8388607 objects, including 0 objects not considered by GC, pre-allocating 0 bytes for permanent pool.
LogInit: Object subsystem initialized
[2018.03.03-21.33.25:608][  0]LogInit: Selected Device Profile: [Windows]
[2018.03.03-21.33.25:608][  0]LogInit: Applying CVar settings loaded from the selected device profile: [Windows]
[2018.03.03-21.33.25:637][  0]LogInit: Computer: DESKTOP-TVE1Q8K
[2018.03.03-21.33.25:637][  0]LogInit: User: Cosmotron
[2018.03.03-21.33.25:637][  0]LogInit: CPU Page size=4096, Cores=4
[2018.03.03-21.33.25:637][  0]LogInit: High frequency timer resolution =2.648438 MHz
[2018.03.03-21.33.25:637][  0]LogMemory: Memory total: Physical=32.0GB (32GB approx)
[2018.03.03-21.33.25:637][  0]LogMemory: Platform Memory Stats for Windows
[2018.03.03-21.33.25:637][  0]LogMemory: Process Physical Memory: 278.73 MB used, 278.73 MB peak
[2018.03.03-21.33.25:637][  0]LogMemory: Process Virtual Memory: 276.21 MB used, 276.21 MB peak
[2018.03.03-21.33.25:637][  0]LogMemory: Physical Memory: 4763.28 MB used,  27959.43 MB free, 32722.71 MB total
[2018.03.03-21.33.25:637][  0]LogMemory: Virtual Memory: 735.95 MB used,  27959.43 MB free, 134217728.00 MB total
[2018.03.03-21.33.26:000][  0]LogInit: Using OS detected language (en-US).
[2018.03.03-21.33.26:000][  0]LogInit: Using OS detected locale (en-US).
[2018.03.03-21.33.26:057][  0]LogTextLocalizationManager: No specific localization for 'en-US' exists, so the 'en' localization will be used.
[2018.03.03-21.33.26:561][  0]LogInit: Setting process to per monitor DPI aware
[2018.03.03-21.33.29:093][  0]LogD3D11RHI: D3D11 adapters:
[2018.03.03-21.33.29:138][  0]LogD3D11RHI:    0. 'NVIDIA GeForce GTX 1070' (Feature Level 11_0)
[2018.03.03-21.33.29:139][  0]LogD3D11RHI:       8081/0/16361 MB DedicatedVideo/DedicatedSystem/SharedSystem, Outputs:1, VendorId:0x10de
[2018.03.03-21.33.29:141][  0]LogD3D11RHI:    1. 'Microsoft Basic Render Driver' (Feature Level 11_0)
[2018.03.03-21.33.29:141][  0]LogD3D11RHI:       0/0/16361 MB DedicatedVideo/DedicatedSystem/SharedSystem, Outputs:0, VendorId:0x1414
[2018.03.03-21.33.29:141][  0]LogD3D11RHI: Chosen D3D11 Adapter: 0
[2018.03.03-21.33.29:149][  0]LogD3D11RHI: Creating new Direct3DDevice
[2018.03.03-21.33.29:149][  0]LogD3D11RHI:     GPU DeviceId: 0x1be1 (for the marketing name, search the web for "GPU Device Id")
[2018.03.03-21.33.29:149][  0]LogWindows: EnumDisplayDevices:
[2018.03.03-21.33.29:149][  0]LogWindows:    0. 'NVIDIA GeForce GTX 1070' (P:1 D:1)
[2018.03.03-21.33.29:149][  0]LogWindows:    1. 'NVIDIA GeForce GTX 1070' (P:0 D:0)
[2018.03.03-21.33.29:150][  0]LogWindows:    2. 'NVIDIA GeForce GTX 1070' (P:0 D:0)
[2018.03.03-21.33.29:150][  0]LogWindows:    3. 'NVIDIA GeForce GTX 1070' (P:0 D:0)
[2018.03.03-21.33.29:150][  0]LogWindows: DebugString: GetVideoDriverDetailsInvalid PrimaryIsNotTheChoosenAdapter GetVideoDriverDetailsInvalid PrimaryIsNotTheChoosenAdapter GetVideoDriverDetailsInvalid PrimaryIsNotTheChoosenAdapter GetVideoDriverDetailsInvalid PrimaryIsNotTheChoosenAdapter FoundDriverCount:0 
[2018.03.03-21.33.29:150][  0]LogD3D11RHI:     Adapter Name: NVIDIA GeForce GTX 1070
[2018.03.03-21.33.29:150][  0]LogD3D11RHI:   Driver Version: Unknown (internal:Unknown, unified:Unknown)
[2018.03.03-21.33.29:150][  0]LogD3D11RHI:      Driver Date: Unknown
[2018.03.03-21.33.29:150][  0]LogRHI: Texture pool is 5656 MB (70% of 8081 MB)
[2018.03.03-21.33.29:184][  0]LogD3D11RHI: Async texture creation enabled
[2018.03.03-21.33.29:212][  0]LogD3D11RHI: GPU Timing Frequency: 1000.000000 (Debug: 2 2)
[2018.03.03-21.33.29:260][  0]LogShaderCompilers: Guid format shader working directory is -30 characters bigger than the processId version (../../../../../../Users/Cosmotron/Documents/Unreal Projects/MultiplayerShootout/Intermediate/Shaders/WorkingDirectory/14696/).
[2018.03.03-21.33.29:260][  0]LogShaderCompilers: Cleaned the shader compiler working directory 'C:/Users/Cosmotron/AppData/Local/Temp/UnrealShaderWorkingDir/42B83D1F4E370D9AC6F0E8B852F909D7/'.
[2018.03.03-21.33.29:261][  0]LogShaderCompilers: Display: Using Local Shader Compiler.
[2018.03.03-21.33.31:357][  0]LogTemp: Display: Loaded TP AllDesktopTargetPlatform
[2018.03.03-21.33.31:411][  0]LogTemp: Display: Loaded TP MacClientTargetPlatform
[2018.03.03-21.33.31:467][  0]LogTemp: Display: Loaded TP MacNoEditorTargetPlatform
[2018.03.03-21.33.31:525][  0]LogTemp: Display: Loaded TP MacServerTargetPlatform
[2018.03.03-21.33.31:586][  0]LogTemp: Display: Loaded TP MacTargetPlatform
[2018.03.03-21.33.31:649][  0]LogTemp: Display: Loaded TP WindowsClientTargetPlatform
[2018.03.03-21.33.31:705][  0]LogTemp: Display: Loaded TP WindowsNoEditorTargetPlatform
[2018.03.03-21.33.31:758][  0]LogTemp: Display: Loaded TP WindowsServerTargetPlatform
[2018.03.03-21.33.31:809][  0]LogTemp: Display: Loaded TP WindowsTargetPlatform
[2018.03.03-21.33.31:865][  0]LogTemp: Display: Loaded TP Android_ASTCTargetPlatform
[2018.03.03-21.33.31:923][  0]LogTemp: Display: Loaded TP Android_ATCTargetPlatform
[2018.03.03-21.33.31:979][  0]LogTemp: Display: Loaded TP Android_DXTTargetPlatform
[2018.03.03-21.33.32:032][  0]LogTemp: Display: Loaded TP Android_ETC1TargetPlatform
[2018.03.03-21.33.32:085][  0]LogTemp: Display: Loaded TP Android_ETC2TargetPlatform
[2018.03.03-21.33.32:195][  0]LogTemp: Display: Loaded TP Android_MultiTargetPlatform
[2018.03.03-21.33.32:195][  0]LogTemp: Display: Loaded TP Android_PVRTCTargetPlatform
[2018.03.03-21.33.32:258][  0]LogTemp: Display: Loaded TP AndroidTargetPlatform
[2018.03.03-21.33.32:311][  0]LogTemp: Display: Loaded TP HTML5TargetPlatform
[2018.03.03-21.33.32:421][  0]LogTemp: Display: Loaded TP IOSTargetPlatform
[2018.03.03-21.33.32:459][  0]LogTemp: Display: Loaded TP TVOSTargetPlatform
[2018.03.03-21.33.32:518][  0]LogTemp: Display: Loaded TP LinuxClientTargetPlatform
[2018.03.03-21.33.32:570][  0]LogTemp: Display: Loaded TP LinuxNoEditorTargetPlatform
[2018.03.03-21.33.32:624][  0]LogTemp: Display: Loaded TP LinuxServerTargetPlatform
[2018.03.03-21.33.32:684][  0]LogTemp: Display: Loaded TP LinuxTargetPlatform
[2018.03.03-21.33.32:684][  0]LogTargetPlatformManager: Display: Building Assets For Windows
[2018.03.03-21.33.33:250][  0]LogDerivedDataCache: Display: Max Cache Size: 512 MB
[2018.03.03-21.33.33:472][  0]LogDerivedDataCache: Loaded boot cache 0.22s 91MB C:/Users/Cosmotron/AppData/Local/UnrealEngine/4.18/DerivedDataCache/Boot.ddc.
[2018.03.03-21.33.33:472][  0]LogDerivedDataCache: Display: Loaded Boot cache: C:/Users/Cosmotron/AppData/Local/UnrealEngine/4.18/DerivedDataCache/Boot.ddc
[2018.03.03-21.33.33:472][  0]LogDerivedDataCache: FDerivedDataBackendGraph:  Pak pak cache file ../../../../../../Users/Cosmotron/Documents/Unreal Projects/MultiplayerShootout/DerivedDataCache/DDC.ddp not found, will not use a pak cache.
[2018.03.03-21.33.33:472][  0]LogDerivedDataCache: Unable to find inner node Pak for hierarchical cache Hierarchy.
[2018.03.03-21.33.33:472][  0]LogDerivedDataCache: FDerivedDataBackendGraph:  CompressedPak pak cache file ../../../../../../Users/Cosmotron/Documents/Unreal Projects/MultiplayerShootout/DerivedDataCache/Compressed.ddp not found, will not use a pak cache.
[2018.03.03-21.33.33:472][  0]LogDerivedDataCache: Unable to find inner node CompressedPak for hierarchical cache Hierarchy.
[2018.03.03-21.33.33:500][  0]LogDerivedDataCache: Display: Pak cache opened for reading ../../../Engine/DerivedDataCache/Compressed.ddp.
[2018.03.03-21.33.33:512][  0]LogDerivedDataCache: Using Local data cache path C:/Users/Cosmotron/AppData/Local/UnrealEngine/Common/DerivedDataCache: Writable
[2018.03.03-21.33.33:527][  0]LogMaterial: Verifying Global Shaders for PCD3D_SM5
[2018.03.03-21.33.33:531][  0]LogSlate: Using Freetype 2.6.0
[2018.03.03-21.33.33:550][  0]LogSlate: SlateFontCache - WITH_FREETYPE: 1, WITH_HARFBUZZ: 1
[2018.03.03-21.33.33:551][  0]LogSlate: SlateFontCache - WITH_FREETYPE: 1, WITH_HARFBUZZ: 1
[2018.03.03-21.33.34:356][  0]LogInit: Selected Device Profile: [Windows]
[2018.03.03-21.33.34:905][  0]LogSimplygon: Simplygon DLL not present - disabling.
[2018.03.03-21.33.34:951][  0]LogMeshReduction: Using SimplygonSwarm for distributed automatic mesh merging
[2018.03.03-21.33.34:952][  0]LogMeshReduction: Using QuadricMeshReduction for automatic static mesh reduction
[2018.03.03-21.33.34:952][  0]LogMeshReduction: No automatic skeletal mesh reduction module available
[2018.03.03-21.33.34:952][  0]LogMeshReduction: No automatic mesh merging module available
[2018.03.03-21.33.34:952][  0]LogMeshMerging: No automatic mesh merging module available
[2018.03.03-21.33.35:021][  0]LogNetVersion: MultiplayerShootout , NetCL: 3709383, EngineNetVer: 2, GameNetVer: 0 (Checksum: 2187402621)
[2018.03.03-21.33.35:368][  0]Warning: Missing opening '"' in string property value: ThirdParty/Steamworks)
[2018.03.03-21.33.35:461][  0]LogAssetRegistry: FAssetRegistry took 0.0285 seconds to start up
[2018.03.03-21.33.36:590][  0]LogPackageLocalizationCache: Processed 7 localized package path(s) for 2 prioritized culture(s) in 0.080260 seconds
[2018.03.03-21.33.36:597][  0]LogUObjectArray: 35870 objects as part of root set at end of initial load.
[2018.03.03-21.33.36:597][  0]LogUObjectAllocator: 7363696 out of 0 bytes used by permanent object pool.
[2018.03.03-21.33.36:597][  0]LogUObjectArray: CloseDisregardForGC: 0/0 objects in disregard for GC pool
[2018.03.03-21.33.42:307][  0]LogTcpMessaging: Initializing TcpMessaging bridge
[2018.03.03-21.33.42:354][  0]LogUdpMessaging: Initializing bridge on interface 0.0.0.0:0 to multicast group 230.0.0.1:6666.
[2018.03.03-21.33.43:219][  0]LogMaterial: Uniform references updated for custom material expression Custom.
[2018.03.03-21.33.43:906][  0]SourceControl: Source control is disabled
[2018.03.03-21.33.43:906][  0]SourceControl: Source control is disabled
[2018.03.03-21.33.43:966][  0]SourceControl: Source control is disabled
[2018.03.03-21.33.44:023][  0]SourceControl: Source control is disabled
[2018.03.03-21.33.44:887][  0]LogAndroidPermission: UAndroidPermissionCallbackProxy::GetInstance
[2018.03.03-21.33.45:164][  0]LogOcInput: OculusInput pre-init called
[2018.03.03-21.33.45:522][  0]LogEngine: Initializing Engine...
[2018.03.03-21.33.49:096][  0]LogHMD: SteamVR initialized.  Driver: lighthouse  Display: LHR-25FB5BEE
[2018.03.03-21.33.49:543][  0]LogStats: UGameplayTagsManager::ConstructGameplayTagTree: Construct from data asset -  0.000 s
[2018.03.03-21.33.49:543][  0]LogStats: UGameplayTagsManager::ConstructGameplayTagTree: GameplayTagTreeChangedEvent.Broadcast -  0.000 s
[2018.03.03-21.33.49:699][  0]LogAIModule: Creating AISystem for world Untitled
[2018.03.03-21.33.49:719][  0]LogInit: XAudio2 using 'HTC-VIVE (NVIDIA High Definition Audio)' : 2 channels at 48 kHz using 16 bits per sample (channel mask 0x3)
[2018.03.03-21.33.49:733][  0]LogInit: FAudioDevice initialized.
[2018.03.03-21.33.49:805][  0]LogDerivedDataCache: Saved boot cache 0.07s 92MB C:/Users/Cosmotron/AppData/Local/UnrealEngine/4.18/DerivedDataCache/Boot.ddc.
[2018.03.03-21.33.49:818][  0]LogInit: Texture streaming: Enabled
[2018.03.03-21.33.49:931][  0]LogEngineSessionManager: EngineSessionManager initialized
[2018.03.03-21.33.50:128][  0]LogInit: Transaction tracking system initialized
[2018.03.03-21.33.50:536][  0]BlueprintLog: New page: Editor Load
[2018.03.03-21.33.51:671][  0]LocalizationService: Localization service is disabled
[2018.03.03-21.33.52:633][  0]LogConsoleResponse: Display: 
[2018.03.03-21.33.53:266][  0]LogCook: Display: Max memory allowance for cook 16384mb min free memory 0mb
[2018.03.03-21.33.53:267][  0]LogCook: Display: Mobile HDR setting 1
[2018.03.03-21.33.53:267][  0]LogGameplayTags: Display: UGameplayTagsManager::DoneAddingNativeTags. DelegateIsBound: 0
[2018.03.03-21.33.53:503][  0]LogFileCache: Scanning file cache for directory 'C:/Users/Cosmotron/Documents/Unreal Projects/MultiplayerShootout/Content/' took 0.02s
[2018.03.03-21.33.54:850][  0]SourceControl: Source control is disabled
[2018.03.03-21.33.54:851][  0]Cmd: MAP LOAD FILE="../../../../../../Users/Cosmotron/Documents/Unreal Projects/MultiplayerShootout/Content/Z_Folder/Blueprints/Map/VR_Level01.umap" TEMPLATE=0 SHOWPROGRESS=1 FEATURELEVEL=3
[2018.03.03-21.33.54:858][  0]LightingResults: New page: Lighting Build
[2018.03.03-21.33.54:922][  0]MapCheck: New page: Map Check
[2018.03.03-21.33.54:923][  0]LightingResults: New page: Lighting Build
[2018.03.03-21.33.56:107][  0]LogBlueprint: Warning: [Compiler BP_Projectile] Set Physics Angular Velocity  is deprecated; Use SetPhysicsAngularVelocityInDegrees instead
[2018.03.03-21.33.56:198][  0]LogBlueprint: Warning: [Compiler BP_Projectile] [0035.85] Compile of BP_Projectile successful, but with 1 Warning(s) [in 125 ms] (/Game/Blueprints/BP_Projectile.BP_Projectile)
[2018.03.03-21.33.58:398][  0]LogAIModule: Creating AISystem for world VR_Level01
[2018.03.03-21.33.58:427][  0]LogEditorServer: Finished looking for orphan Actors (0.000 secs)
[2018.03.03-21.33.58:456][  0]Cmd: MAP CHECKDEP NOCLEARLOG
[2018.03.03-21.33.58:531][  0]MapCheck: Map check complete: 0 Error(s), 0 Warning(s), took 75.015ms to complete.
[2018.03.03-21.33.58:531][  0]LogFileHelpers: Loading map 'VR_Level01' took 3.680
[2018.03.03-21.33.58:813][  0]LogCollectionManager: Loaded 0 collections in 0.001911 seconds
[2018.03.03-21.33.58:914][  0]LogFileCache: Scanning file cache for directory 'C:/Users/Cosmotron/Documents/Unreal Projects/MultiplayerShootout/Saved/Collections/' took 0.01s
[2018.03.03-21.33.58:914][  0]LogFileCache: Scanning file cache for directory 'C:/Users/Cosmotron/Documents/Unreal Projects/MultiplayerShootout/Content/Developers/Cosmotron/Collections/' took 0.01s
[2018.03.03-21.33.58:914][  0]LogFileCache: Scanning file cache for directory 'C:/Users/Cosmotron/Documents/Unreal Projects/MultiplayerShootout/Content/Collections/' took 0.01s
[2018.03.03-21.33.58:914][  0]LogCollectionManager: Rebuilt the GUID cache for 0 collections in 0.000000 seconds
[2018.03.03-21.33.58:925][  0]LogContentBrowser: Native class hierarchy populated in 0.0091 seconds. Added 2364 classes and 521 folders.
[2018.03.03-21.33.59:004][  0]LogContentBrowser: Native class hierarchy updated for 'WidgetCarousel' in 0.0005 seconds. Added 0 classes and 0 folders.
[2018.03.03-21.33.59:413][  0]LogContentBrowser: Native class hierarchy updated for 'AddContentDialog' in 0.0004 seconds. Added 0 classes and 0 folders.
[2018.03.03-21.33.59:581][  0]LogSlate: Took 0.006782 seconds to synchronously load lazily loaded font '../../../Engine/Content/Slate/Fonts/Roboto-Regular.ttf' (155K)
[2018.03.03-21.33.59:593][  0]LogSlate: Took 0.005075 seconds to synchronously load lazily loaded font '../../../Engine/Content/Slate/Fonts/Roboto-Bold.ttf' (160K)
[2018.03.03-21.33.59:599][  0]LogSlate: Took 0.004505 seconds to synchronously load lazily loaded font '../../../Engine/Content/Editor/Slate/Fonts/FontAwesome.ttf' (139K)
[2018.03.03-21.33.59:742][  0]LogRenderer: Reallocating scene render targets to support 1024x512 Format 10 NumSamples 1 (Frame:1).
[2018.03.03-21.33.59:946][  0]LogContentBrowser: Native class hierarchy updated for 'HierarchicalLODOutliner' in 0.0002 seconds. Added 1 classes and 2 folders.
[2018.03.03-21.33.59:946][  0]LogLoad: (Engine Initialization) Total time: 39.60 seconds
[2018.03.03-21.33.59:946][  0]LogLoad: (Engine Initialization) Total Blueprint compile time: 0.00 seconds
[2018.03.03-21.33.59:946][  0]LogExternalProfiler: No external profilers were discovered.  External profiling features will not be available.
[2018.03.03-21.34.00:001][  0]LogContentStreaming: Texture pool size now 1000 MB
[2018.03.03-21.34.00:086][  0]LogSlate: Took 0.005402 seconds to synchronously load lazily loaded font '../../../Engine/Content/Slate/Fonts/Roboto-Light.ttf' (159K)
[2018.03.03-21.34.00:118][  1]LogAssetRegistry: Asset discovery search completed in 24.6791 seconds
[2018.03.03-21.34.00:120][  1]LogCollectionManager: Rebuilt the object cache for 0 collections in 0.000001 seconds (found 0 objects)
[2018.03.03-21.34.00:120][  1]LogCollectionManager: Fixed up redirectors for 0 collections in 0.000048 seconds (updated 0 objects)
[2018.03.03-21.34.00:144][  1]LogStaticMesh: Allocated 496x129x64 distance field atlas = 7.8Mb, with 57 objects containing 3.2Mb backing data
[2018.03.03-21.34.06:516][373]LogContentBrowser: Native class hierarchy updated for 'ScreenShotComparisonTools' in 0.0003 seconds. Added 0 classes and 0 folders.
[2018.03.03-21.34.06:566][373]LogDirectoryWatcher: Warning: Failed to begin reading directory changes for C:/Users/Cosmotron/Documents/Unreal Projects/MultiplayerShootout/Saved/Automation/Comparisons. Error: The system cannot find the path specified. (0x00000003)
[2018.03.03-21.34.06:640][373]LogProfilerClient: Subscribe Session: 4C2633E34A050EBAD0D76B8CF144F4E9
[2018.03.03-21.34.06:648][373]LogProfilerService: Subscribe Session: 4C2633E34A050EBAD0D76B8CF144F4E9, Instance: C26C57A449301A73A10EB093DB5F7EAA
[2018.03.03-21.34.06:781][374]LogContentBrowser: Native class hierarchy updated for 'Cascade' in 0.0002 seconds. Added 2 classes and 2 folders.
[2018.03.03-21.34.26:947][ 48]LogDirectoryWatcher: Warning: Failed to begin reading directory changes for C:/Users/Cosmotron/Documents/Unreal Projects/MultiplayerShootout/Saved/Automation/Comparisons. Error: The system cannot find the path specified. (0x00000003)
[2018.03.03-21.34.26:947][ 48]LogProfilerClient: Subscribe Session: 00000000000000000000000000000000
[2018.03.03-21.34.26:947][ 48]LogProfilerClient: Subscribe Session: 00000000000000000000000000000000
[2018.03.03-21.34.26:955][ 48]LogProfilerService: Unsubscribe Session: 4C2633E34A050EBAD0D76B8CF144F4E9, Instance: C26C57A449301A73A10EB093DB5F7EAA
[2018.03.03-21.34.31:104][290]LogWindowsTextInputMethodSystem: Display: IME system now deactivated.
[2018.03.03-21.34.31:278][291]Cmd: QUIT_EDITOR
[2018.03.03-21.34.31:326][291]LogExit: Preparing to exit.
[2018.03.03-21.34.32:392][291]LogDirectoryWatcher: A directory notification for 'C:/Users/Cosmotron/Documents/Unreal Projects/MultiplayerShootout/Content/' was aborted.
[2018.03.03-21.34.32:415][291]LogExit: Editor shut down
[2018.03.03-21.34.32:417][291]LogExit: Transaction tracking system shut down
[2018.03.03-21.34.32:610][291]LogDirectoryWatcher: A directory notification for '../../../Engine/Content/' was aborted.
[2018.03.03-21.34.32:611][291]LogDirectoryWatcher: A directory notification for '../../../../../../Users/Cosmotron/Documents/Unreal Projects/MultiplayerShootout/Content/' was aborted.
[2018.03.03-21.34.32:611][291]LogDirectoryWatcher: A directory notification for '../../../Engine/Plugins/2D/Paper2D/Content/' was aborted.
[2018.03.03-21.34.32:611][291]LogDirectoryWatcher: A directory notification for '../../../Engine/Plugins/Media/MediaCompositing/Content/' was aborted.
[2018.03.03-21.34.32:611][291]LogDirectoryWatcher: A directory notification for '../../../Engine/Plugins/Runtime/AppleARKit/Content/' was aborted.
[2018.03.03-21.34.32:611][291]LogDirectoryWatcher: A directory notification for '../../../Engine/Plugins/Runtime/Oculus/OculusVR/Content/' was aborted.
[2018.03.03-21.34.32:611][291]LogDirectoryWatcher: A directory notification for '../../../Engine/Plugins/Runtime/Steam/SteamVR/Content/' was aborted.
[2018.03.03-21.34.32:677][291]LogExit: Object subsystem successfully closed.
[2018.03.03-21.34.32:696][291]LogD3D11RHI: Shutdown
[2018.03.03-21.34.32:696][291]LogD3D11RHI: CleanupD3DDevice
[2018.03.03-21.34.32:698][291]LogD3D11RHI: ~FD3D11DynamicRHI
[2018.03.03-21.34.32:716][291]LogModuleManager: Shutting down and abandoning module Cascade (559)
[2018.03.03-21.34.32:717][291]LogModuleManager: Shutting down and abandoning module StaticMeshEditor (557)
[2018.03.03-21.34.32:718][291]LogModuleManager: Shutting down and abandoning module Profiler (555)
[2018.03.03-21.34.32:718][291]LogProfilerClient: Subscribe Session: 00000000000000000000000000000000
[2018.03.03-21.34.32:718][291]LogProfilerClient: Subscribe Session: 00000000000000000000000000000000
[2018.03.03-21.34.32:718][291]LogModuleManager: Shutting down and abandoning module ScreenShotComparison (553)
[2018.03.03-21.34.32:718][291]LogModuleManager: Shutting down and abandoning module ScreenShotComparisonTools (551)
[2018.03.03-21.34.32:718][291]LogModuleManager: Shutting down and abandoning module HierarchicalLODOutliner (549)
[2018.03.03-21.34.32:718][291]LogModuleManager: Shutting down and abandoning module AddContentDialog (547)
[2018.03.03-21.34.32:718][291]LogDirectoryWatcher: A directory notification for 'C:/Program Files/Epic Games/UE_4.18/FeaturePacks/' was aborted.
[2018.03.03-21.34.32:719][291]LogModuleManager: Shutting down and abandoning module WidgetCarousel (546)
[2018.03.03-21.34.32:719][291]LogModuleManager: Shutting down and abandoning module EditorWidgets (543)
[2018.03.03-21.34.32:719][291]LogModuleManager: Shutting down and abandoning module CollectionManager (541)
[2018.03.03-21.34.32:719][291]LogDirectoryWatcher: A directory notification for 'C:/Users/Cosmotron/Documents/Unreal Projects/MultiplayerShootout/Content/Collections/' was aborted.
[2018.03.03-21.34.32:719][291]LogDirectoryWatcher: A directory notification for 'C:/Users/Cosmotron/Documents/Unreal Projects/MultiplayerShootout/Content/Developers/Cosmotron/Collections/' was aborted.
[2018.03.03-21.34.32:719][291]LogDirectoryWatcher: A directory notification for 'C:/Users/Cosmotron/Documents/Unreal Projects/MultiplayerShootout/Saved/Collections/' was aborted.
[2018.03.03-21.34.32:719][291]LogModuleManager: Shutting down and abandoning module SceneOutliner (539)
[2018.03.03-21.34.32:719][291]LogModuleManager: Shutting down and abandoning module StatsViewer (537)
[2018.03.03-21.34.32:719][291]LogModuleManager: Shutting down and abandoning module FoliageEdit (535)
[2018.03.03-21.34.32:719][291]LogModuleManager: Shutting down and abandoning module LandscapeEditor (533)
[2018.03.03-21.34.32:720][291]LogModuleManager: Shutting down and abandoning module MeshPaintMode (531)
[2018.03.03-21.34.32:720][291]LogModuleManager: Shutting down and abandoning module SceneDepthPickerMode (529)
[2018.03.03-21.34.32:720][291]LogModuleManager: Shutting down and abandoning module ActorPickerMode (527)
[2018.03.03-21.34.32:720][291]LogModuleManager: Shutting down and abandoning module GeometryMode (525)
[2018.03.03-21.34.32:720][291]LogModuleManager: Shutting down and abandoning module TextureAlignMode (523)
[2018.03.03-21.34.32:720][291]LogModuleManager: Shutting down and abandoning module BspMode (521)
[2018.03.03-21.34.32:720][291]LogModuleManager: Shutting down and abandoning module PIEPreviewDeviceProfileSelector (519)
[2018.03.03-21.34.32:720][291]LogModuleManager: Shutting down and abandoning module HardwareSurvey (517)
[2018.03.03-21.34.32:720][291]LogModuleManager: Shutting down and abandoning module SequenceRecorderSections (515)
[2018.03.03-21.34.32:720][291]LogModuleManager: Shutting down and abandoning module AutomationWorker (513)
[2018.03.03-21.34.32:720][291]LogModuleManager: Shutting down and abandoning module MatineeToLevelSequence (511)
[2018.03.03-21.34.32:720][291]LogModuleManager: Shutting down and abandoning module LevelSequenceEditor (509)
[2018.03.03-21.34.32:720][291]LogModuleManager: Shutting down and abandoning module PlacementMode (508)
[2018.03.03-21.34.32:720][291]LogModuleManager: Shutting down and abandoning module WmfMediaFactory (505)
[2018.03.03-21.34.32:720][291]LogModuleManager: Shutting down and abandoning module WmfMediaEditor (503)
[2018.03.03-21.34.32:720][291]LogModuleManager: Shutting down and abandoning module OpenExrWrapper (501)
[2018.03.03-21.34.32:720][291]LogModuleManager: Shutting down and abandoning module ImgMediaFactory (499)
[2018.03.03-21.34.32:720][291]LogModuleManager: Shutting down and abandoning module ImgMediaEditor (497)
[2018.03.03-21.34.32:720][291]LogModuleManager: Shutting down and abandoning module AvfMediaFactory (495)
[2018.03.03-21.34.32:720][291]LogModuleManager: Shutting down and abandoning module AvfMediaEditor (493)
[2018.03.03-21.34.32:720][291]LogModuleManager: Shutting down and abandoning module AndroidMediaFactory (491)
[2018.03.03-21.34.32:721][291]LogModuleManager: Shutting down and abandoning module AndroidMediaEditor (489)
[2018.03.03-21.34.32:721][291]LogModuleManager: Shutting down and abandoning module CharacterAI (487)
[2018.03.03-21.34.32:721][291]LogModuleManager: Shutting down and abandoning module AudioCapture (485)
[2018.03.03-21.34.32:721][291]LogModuleManager: Shutting down and abandoning module SequenceRecorder (484)
[2018.03.03-21.34.32:721][291]LogModuleManager: Shutting down and abandoning module SmartSnapping (481)
[2018.03.03-21.34.32:721][291]LogModuleManager: Shutting down and abandoning module SessionServices (479)
[2018.03.03-21.34.32:721][291]LogModuleManager: Shutting down and abandoning module ViewportSnapping (477)
[2018.03.03-21.34.32:721][291]LogModuleManager: Shutting down and abandoning module ViewportInteraction (475)
[2018.03.03-21.34.32:721][291]LogModuleManager: Shutting down and abandoning module ClothPainter (473)
[2018.03.03-21.34.32:721][291]LogModuleManager: Shutting down and abandoning module SkeletalMeshEditor (472)
[2018.03.03-21.34.32:721][291]LogModuleManager: Shutting down and abandoning module LogVisualizer (469)
[2018.03.03-21.34.32:721][291]LogModuleManager: Shutting down and abandoning module IntroTutorials (467)
[2018.03.03-21.34.32:722][291]LogModuleManager: Shutting down and abandoning module GameProjectGeneration (466)
[2018.03.03-21.34.32:722][291]LogModuleManager: Shutting down and abandoning module IOSPlatformEditor (463)
[2018.03.03-21.34.32:722][291]LogModuleManager: Shutting down and abandoning module HTML5PlatformEditor (461)
[2018.03.03-21.34.32:722][291]LogModuleManager: Shutting down and abandoning module AndroidPlatformEditor (459)
[2018.03.03-21.34.32:722][291]LogModuleManager: Shutting down and abandoning module AndroidDeviceDetection (458)
[2018.03.03-21.34.33:152][291]LogModuleManager: Shutting down and abandoning module WindowsPlatformEditor (455)
[2018.03.03-21.34.33:152][291]LogModuleManager: Shutting down and abandoning module IOSRuntimeSettings (453)
[2018.03.03-21.34.33:152][291]LogModuleManager: Shutting down and abandoning module AndroidRuntimeSettings (451)
[2018.03.03-21.34.33:152][291]LogModuleManager: Shutting down and abandoning module InputBindingEditor (449)
[2018.03.03-21.34.33:152][291]LogModuleManager: Shutting down and abandoning module MergeActors (447)
[2018.03.03-21.34.33:154][291]LogModuleManager: Shutting down and abandoning module SizeMap (445)
[2018.03.03-21.34.33:154][291]LogModuleManager: Shutting down and abandoning module TreeMap (443)
[2018.03.03-21.34.33:154][291]LogModuleManager: Shutting down and abandoning module ReferenceViewer (441)
[2018.03.03-21.34.33:154][291]LogModuleManager: Shutting down and abandoning module LocalizationDashboard (439)
[2018.03.03-21.34.33:154][291]LogModuleManager: Shutting down and abandoning module LocalizationService (438)
[2018.03.03-21.34.33:154][291]LogModuleManager: Shutting down and abandoning module HardwareTargeting (435)
[2018.03.03-21.34.33:154][291]LogModuleManager: Shutting down and abandoning module DeviceProfileEditor (433)
[2018.03.03-21.34.33:154][291]LogModuleManager: Shutting down and abandoning module UndoHistory (431)
[2018.03.03-21.34.33:154][291]LogModuleManager: Shutting down and abandoning module XmlParser (429)
[2018.03.03-21.34.33:154][291]LogModuleManager: Shutting down and abandoning module Blutility (427)
[2018.03.03-21.34.33:154][291]LogModuleManager: Shutting down and abandoning module ProjectSettingsViewer (425)
[2018.03.03-21.34.33:154][291]LogModuleManager: Shutting down and abandoning module ProjectTargetPlatformEditor (424)
[2018.03.03-21.34.33:155][291]LogModuleManager: Shutting down and abandoning module EditorSettingsViewer (421)
[2018.03.03-21.34.33:155][291]LogModuleManager: Shutting down and abandoning module SettingsEditor (419)
[2018.03.03-21.34.33:155][291]LogModuleManager: Shutting down and abandoning module ProjectLauncher (417)
[2018.03.03-21.34.33:155][291]LogModuleManager: Shutting down and abandoning module SessionFrontend (415)
[2018.03.03-21.34.33:155][291]LogModuleManager: Shutting down and abandoning module ProfilerClient (413)
[2018.03.03-21.34.33:155][291]LogModuleManager: Shutting down and abandoning module DeviceManager (411)
[2018.03.03-21.34.33:155][291]LogModuleManager: Shutting down and abandoning module TargetDeviceServices (410)
[2018.03.03-21.34.33:218][291]LogModuleManager: Shutting down and abandoning module AutomationController (407)
[2018.03.03-21.34.33:218][291]LogModuleManager: Shutting down and abandoning module AutomationWindow (405)
[2018.03.03-21.34.33:218][291]LogModuleManager: Shutting down and abandoning module Layers (403)
[2018.03.03-21.34.33:222][291]LogModuleManager: Shutting down and abandoning module ComponentVisualizers (401)
[2018.03.03-21.34.33:222][291]LogModuleManager: Shutting down and abandoning module DetailCustomizations (399)
[2018.03.03-21.34.33:222][291]LogModuleManager: Shutting down and abandoning module PackagesDialog (397)
[2018.03.03-21.34.33:222][291]LogModuleManager: Shutting down and abandoning module Persona (395)
[2018.03.03-21.34.33:223][291]LogModuleManager: Shutting down and abandoning module AdvancedPreviewScene (394)
[2018.03.03-21.34.33:223][291]LogModuleManager: Shutting down and abandoning module AnimGraph (392)
[2018.03.03-21.34.33:223][291]LogModuleManager: Shutting down and abandoning module Kismet (389)
[2018.03.03-21.34.33:225][291]LogModuleManager: Shutting down and abandoning module ClassViewer (387)
[2018.03.03-21.34.33:225][291]LogModuleManager: Shutting down and abandoning module Toolbox (385)
[2018.03.03-21.34.33:225][291]LogModuleManager: Shutting down and abandoning module ModuleUI (383)
[2018.03.03-21.34.33:225][291]LogModuleManager: Shutting down and abandoning module MovieSceneTools (381)
[2018.03.03-21.34.33:226][291]LogModuleManager: Shutting down and abandoning module OutputLog (379)
[2018.03.03-21.34.33:226][291]LogModuleManager: Shutting down and abandoning module GammaUI (377)
[2018.03.03-21.34.33:226][291]LogModuleManager: Shutting down and abandoning module Documentation (375)
[2018.03.03-21.34.33:226][291]LogModuleManager: Shutting down and abandoning module MovieSceneTracks (373)
[2018.03.03-21.34.33:226][291]LogModuleManager: Shutting down and abandoning module MovieScene (371)
[2018.03.03-21.34.33:226][291]LogModuleManager: Shutting down and abandoning module StreamingPauseRendering (369)
[2018.03.03-21.34.33:226][291]LogModuleManager: Shutting down and abandoning module LauncherPlatform (367)
[2018.03.03-21.34.33:226][291]LogModuleManager: Shutting down and abandoning module AnalyticsET (365)
[2018.03.03-21.34.33:226][291]LogModuleManager: Shutting down and abandoning module PortalServices (363)
[2018.03.03-21.34.33:226][291]LogModuleManager: Shutting down and abandoning module PortalRpc (361)
[2018.03.03-21.34.33:226][291]LogModuleManager: Shutting down and abandoning module MessagingRpc (359)
[2018.03.03-21.34.33:226][291]LogModuleManager: Shutting down and abandoning module AIModule (357)
[2018.03.03-21.34.33:227][291]LogModuleManager: Shutting down and abandoning module GameplayDebugger (356)
[2018.03.03-21.34.33:227][291]LogModuleManager: Shutting down and abandoning module AITestSuite (354)
[2018.03.03-21.34.33:227][291]LogModuleManager: Shutting down and abandoning module DesktopPlatform (351)
[2018.03.03-21.34.33:227][291]LogModuleManager: Shutting down and abandoning module ProfilerService (349)
[2018.03.03-21.34.33:476][291]LogModuleManager: Shutting down and abandoning module TaskGraph (347)
[2018.03.03-21.34.33:476][291]LogModuleManager: Shutting down and abandoning module SteamVRController (345)
[2018.03.03-21.34.33:476][291]LogModuleManager: Shutting down and abandoning module ProceduralMeshComponentEditor (343)
[2018.03.03-21.34.33:476][291]LogModuleManager: Shutting down and abandoning module ProceduralMeshComponent (341)
[2018.03.03-21.34.33:476][291]LogModuleManager: Shutting down and abandoning module OculusInput (339)
[2018.03.03-21.34.33:476][291]LogModuleManager: Shutting down and abandoning module MobilePatchingUtils (337)
[2018.03.03-21.34.33:476][291]LogModuleManager: Shutting down and abandoning module CustomMeshComponent (335)
[2018.03.03-21.34.33:476][291]LogModuleManager: Shutting down and abandoning module CableComponent (333)
[2018.03.03-21.34.33:476][291]LogModuleManager: Shutting down and abandoning module ArchVisCharacter (331)
[2018.03.03-21.34.33:476][291]LogModuleManager: Shutting down and abandoning module AndroidPermission (329)
[2018.03.03-21.34.33:476][291]LogModuleManager: Shutting down and abandoning module ActorSequence (327)
[2018.03.03-21.34.33:476][291]LogModuleManager: Shutting down and abandoning module MediaPlayerEditor (325)
[2018.03.03-21.34.33:477][291]LogModuleManager: Shutting down and abandoning module MediaCompositingEditor (323)
[2018.03.03-21.34.33:477][291]LogModuleManager: Shutting down and abandoning module MediaCompositing (321)
[2018.03.03-21.34.33:477][291]LogModuleManager: Shutting down and abandoning module HTML5Networking (319)
[2018.03.03-21.34.33:478][291]LogModuleManager: Shutting down and abandoning module AlembicImporter (317)
[2018.03.03-21.34.33:478][291]LogModuleManager: Shutting down and abandoning module AlembicLibrary (316)
[2018.03.03-21.34.33:478][291]LogModuleManager: Shutting down and abandoning module GeometryCache (315)
[2018.03.03-21.34.33:478][291]LogModuleManager: Shutting down and abandoning module GeometryCacheEd (314)
[2018.03.03-21.34.33:478][291]LogModuleManager: Shutting down and abandoning module SpeedTreeImporter (309)
[2018.03.03-21.34.33:478][291]LogModuleManager: Shutting down and abandoning module PluginBrowser (307)
[2018.03.03-21.34.33:478][291]LogModuleManager: Shutting down and abandoning module MobileLauncherProfileWizard (305)
[2018.03.03-21.34.33:479][291]LogModuleManager: Shutting down and abandoning module VisualStudioSourceCodeAccess (303)
[2018.03.03-21.34.33:479][291]LogModuleManager: Shutting down and abandoning module VisualStudioCodeSourceCodeAccess (301)
[2018.03.03-21.34.33:479][291]LogModuleManager: Shutting down and abandoning module UObjectPlugin (299)
[2018.03.03-21.34.33:479][291]LogModuleManager: Shutting down and abandoning module SubversionSourceControl (297)
[2018.03.03-21.34.33:479][291]LogModuleManager: Shutting down and abandoning module PerforceSourceControl (295)
[2018.03.03-21.34.33:479][291]LogModuleManager: Shutting down and abandoning module GitSourceControl (293)
[2018.03.03-21.34.33:479][291]LogModuleManager: Shutting down and abandoning module SourceControl (292)
[2018.03.03-21.34.33:479][291]LogModuleManager: Shutting down and abandoning module LightPropagationVolumeEditor (289)
[2018.03.03-21.34.33:479][291]LogModuleManager: Shutting down and abandoning module PaperTiledImporter (287)
[2018.03.03-21.34.33:479][291]LogModuleManager: Shutting down and abandoning module PaperSpriteSheetImporter (285)
[2018.03.03-21.34.33:479][291]LogModuleManager: Shutting down and abandoning module Paper2DEditor (283)
[2018.03.03-21.34.33:480][291]LogModuleManager: Shutting down and abandoning module MeshPaint (282)
[2018.03.03-21.34.33:480][291]LogModuleManager: Shutting down and abandoning module LevelEditor (280)
[2018.03.03-21.34.33:481][291]LogModuleManager: Shutting down and abandoning module PixelInspectorModule (279)
[2018.03.03-21.34.33:481][291]LogModuleManager: Shutting down and abandoning module MainFrame (277)
[2018.03.03-21.34.33:481][291]LogModuleManager: Shutting down and abandoning module HotReload (276)
[2018.03.03-21.34.33:481][291]LogModuleManager: Shutting down and abandoning module RuntimePhysXCooking (271)
[2018.03.03-21.34.33:481][291]LogModuleManager: Shutting down and abandoning module PhysXVehiclesEditor (269)
[2018.03.03-21.34.33:481][291]LogModuleManager: Shutting down and abandoning module PhysXVehicles (267)
[2018.03.03-21.34.33:481][291]LogModuleManager: Shutting down and abandoning module OculusEditor (265)
[2018.03.03-21.34.33:481][291]LogModuleManager: Shutting down and abandoning module LocationServicesBPLibrary (263)
[2018.03.03-21.34.33:481][291]LogModuleManager: Shutting down and abandoning module ImmediatePhysicsEditor (261)
[2018.03.03-21.34.33:481][291]LogModuleManager: Shutting down and abandoning module ImmediatePhysics (259)
[2018.03.03-21.34.33:481][291]LogModuleManager: Shutting down and abandoning module UdpMessaging (257)
[2018.03.03-21.34.33:582][291]LogModuleManager: Shutting down and abandoning module TcpMessaging (255)
[2018.03.03-21.34.33:683][291]LogModuleManager: Shutting down and abandoning module GameplayTagsEditor (253)
[2018.03.03-21.34.33:683][291]LogModuleManager: Shutting down and abandoning module FacialAnimationEditor (251)
[2018.03.03-21.34.33:683][291]LogModuleManager: Shutting down and abandoning module FacialAnimation (249)
[2018.03.03-21.34.33:683][291]LogModuleManager: Shutting down and abandoning module AssetManagerEditor (247)
[2018.03.03-21.34.33:683][291]LogModuleManager: Shutting down and abandoning module GraphEditor (246)
[2018.03.03-21.34.33:685][291]LogModuleManager: Shutting down and abandoning module ContentBrowser (244)
[2018.03.03-21.34.33:686][291]LogModuleManager: Shutting down and abandoning module LightPropagationVolumeRuntime (241)
[2018.03.03-21.34.33:686][291]LogModuleManager: Shutting down and abandoning module Paper2D (239)
[2018.03.03-21.34.33:686][291]LogModuleManager: Shutting down and abandoning module WindowsMoviePlayer (237)
[2018.03.03-21.34.33:686][291]LogModuleManager: Shutting down and abandoning module WmfMedia (235)
[2018.03.03-21.34.33:689][291]LogModuleManager: Shutting down and abandoning module ImgMedia (233)
[2018.03.03-21.34.33:689][291]LogModuleManager: Shutting down and abandoning module PacketHandler (231)
[2018.03.03-21.34.33:689][291]LogModuleManager: Shutting down and abandoning module ClothingSystemEditor (229)
[2018.03.03-21.34.33:689][291]LogModuleManager: Shutting down and abandoning module ClothingSystemRuntime (227)
[2018.03.03-21.34.33:689][291]LogModuleManager: Shutting down and abandoning module MediaAssets (225)
[2018.03.03-21.34.33:689][291]LogModuleManager: Shutting down and abandoning module Media (224)
[2018.03.03-21.34.33:696][291]LogModuleManager: Shutting down and abandoning module Overlay (221)
[2018.03.03-21.34.33:696][291]LogModuleManager: Shutting down and abandoning module OverlayEditor (220)
[2018.03.03-21.34.33:696][291]LogModuleManager: Shutting down and abandoning module VREditor (217)
[2018.03.03-21.34.33:696][291]LogModuleManager: Shutting down and abandoning module StringTableEditor (215)
[2018.03.03-21.34.33:696][291]LogModuleManager: Shutting down and abandoning module GameplayTasksEditor (213)
[2018.03.03-21.34.33:696][291]LogModuleManager: Shutting down and abandoning module BehaviorTreeEditor (211)
[2018.03.03-21.34.33:697][291]LogModuleManager: Shutting down and abandoning module FunctionalTesting (209)
[2018.03.03-21.34.33:697][291]LogModuleManager: Shutting down and abandoning module CollisionAnalyzer (207)
[2018.03.03-21.34.33:697][291]LogModuleManager: Shutting down and abandoning module WorkspaceMenuStructure (206)
[2018.03.03-21.34.33:697][291]LogModuleManager: Shutting down and abandoning module UMG (203)
[2018.03.03-21.34.33:697][291]LogModuleManager: Shutting down and abandoning module UMGEditor (202)
[2018.03.03-21.34.33:697][291]LogModuleManager: Shutting down and abandoning module Sequencer (201)
[2018.03.03-21.34.33:698][291]LogModuleManager: Shutting down and abandoning module MessageLog (198)
[2018.03.03-21.34.33:698][291]LogModuleManager: Shutting down and abandoning module SlateReflector (193)
[2018.03.03-21.34.33:699][291]LogModuleManager: Shutting down and abandoning module Slate (191)
[2018.03.03-21.34.33:699][291]LogModuleManager: Shutting down and abandoning module EditorStyle (189)
[2018.03.03-21.34.33:701][291]LogModuleManager: Shutting down and abandoning module MRMesh (187)
[2018.03.03-21.34.33:701][291]LogModuleManager: Shutting down and abandoning module SourceCodeAccess (185)
[2018.03.03-21.34.33:701][291]LogModuleManager: Shutting down and abandoning module HeadMountedDisplay (183)
[2018.03.03-21.34.33:701][291]LogModuleManager: Shutting down and abandoning module XAudio2 (181)
[2018.03.03-21.34.33:701][291]LogModuleManager: Shutting down and abandoning module Networking (179)
[2018.03.03-21.34.33:701][291]LogModuleManager: Shutting down and abandoning module Core (177)
[2018.03.03-21.34.33:701][291]LogModuleManager: Shutting down and abandoning module LevelSequence (173)
[2018.03.03-21.34.33:701][291]LogModuleManager: Shutting down and abandoning module DirectoryWatcher (171)
[2018.03.03-21.34.33:702][291]LogModuleManager: Shutting down and abandoning module KismetCompiler (169)
[2018.03.03-21.34.33:702][291]LogModuleManager: Shutting down and abandoning module MeshUtilities (167)
[2018.03.03-21.34.33:702][291]LogModuleManager: Shutting down and abandoning module MeshMergeUtilities (166)
[2018.03.03-21.34.33:702][291]LogModuleManager: Shutting down and abandoning module MeshReductionInterface (165)
[2018.03.03-21.34.33:702][291]LogModuleManager: Shutting down and abandoning module SimplygonSwarm (164)
[2018.03.03-21.34.33:702][291]LogModuleManager: Shutting down and abandoning module SimplygonMeshReduction (162)
[2018.03.03-21.34.33:703][291]LogModuleManager: Shutting down and abandoning module QuadricMeshReduction (160)
[2018.03.03-21.34.33:703][291]LogModuleManager: Shutting down and abandoning module MaterialBaking (156)
[2018.03.03-21.34.33:703][291]LogModuleManager: Shutting down and abandoning module DerivedDataCache (153)
[2018.03.03-21.34.34:063][291]LogDerivedDataCache: Shutdown
[2018.03.03-21.34.34:063][291]LogModuleManager: Shutting down and abandoning module TargetPlatform (151)
[2018.03.03-21.34.34:063][291]LogModuleManager: Shutting down and abandoning module VulkanShaderFormat (150)
[2018.03.03-21.34.34:063][291]LogModuleManager: Shutting down and abandoning module ShaderFormatVectorVM (148)
[2018.03.03-21.34.34:063][291]LogModuleManager: Shutting down and abandoning module ShaderFormatOpenGL (146)
[2018.03.03-21.34.34:063][291]LogModuleManager: Shutting down and abandoning module ShaderFormatD3D (144)
[2018.03.03-21.34.34:063][291]LogModuleManager: Shutting down and abandoning module MetalShaderFormat (142)
[2018.03.03-21.34.34:064][291]LogModuleManager: Shutting down and abandoning module TextureFormatUncompressed (140)
[2018.03.03-21.34.34:064][291]LogModuleManager: Shutting down and abandoning module TextureFormatPVR (138)
[2018.03.03-21.34.34:064][291]LogModuleManager: Shutting down and abandoning module TextureFormatDXT (136)
[2018.03.03-21.34.34:064][291]LogModuleManager: Shutting down and abandoning module TextureFormatIntelISPCTexComp (134)
[2018.03.03-21.34.34:064][291]LogModuleManager: Shutting down and abandoning module TextureFormatASTC (132)
[2018.03.03-21.34.34:064][291]LogModuleManager: Shutting down and abandoning module ImageWrapper (131)
[2018.03.03-21.34.34:064][291]LogModuleManager: Shutting down and abandoning module TextureFormatAndroid (128)
[2018.03.03-21.34.34:064][291]LogModuleManager: Shutting down and abandoning module AudioFormatOpus (126)
[2018.03.03-21.34.34:064][291]LogModuleManager: Shutting down and abandoning module AudioFormatOgg (124)
[2018.03.03-21.34.34:064][291]LogModuleManager: Shutting down and abandoning module AudioFormatADPCM (122)
[2018.03.03-21.34.34:064][291]LogModuleManager: Shutting down and abandoning module LinuxTargetPlatform (120)
[2018.03.03-21.34.34:064][291]LogModuleManager: Shutting down and abandoning module LinuxServerTargetPlatform (118)
[2018.03.03-21.34.34:064][291]LogModuleManager: Shutting down and abandoning module LinuxNoEditorTargetPlatform (116)
[2018.03.03-21.34.34:064][291]LogModuleManager: Shutting down and abandoning module LinuxClientTargetPlatform (114)
[2018.03.03-21.34.34:064][291]LogModuleManager: Shutting down and abandoning module TVOSTargetPlatform (112)
[2018.03.03-21.34.34:064][291]LogModuleManager: Shutting down and abandoning module Messaging (110)
[2018.03.03-21.34.34:064][291]LogModuleManager: Shutting down and abandoning module IOSTargetPlatform (108)
[2018.03.03-21.34.34:064][291]LogModuleManager: Shutting down and abandoning module HTML5TargetPlatform (106)
[2018.03.03-21.34.34:064][291]LogModuleManager: Shutting down and abandoning module AndroidTargetPlatform (104)
[2018.03.03-21.34.34:064][291]LogModuleManager: Shutting down and abandoning module Android_PVRTCTargetPlatform (102)
[2018.03.03-21.34.34:064][291]LogModuleManager: Shutting down and abandoning module Android_MultiTargetPlatform (100)
[2018.03.03-21.34.34:064][291]LogModuleManager: Shutting down and abandoning module Android_ETC2TargetPlatform (98)
[2018.03.03-21.34.34:064][291]LogModuleManager: Shutting down and abandoning module Android_ETC1TargetPlatform (96)
[2018.03.03-21.34.34:064][291]LogModuleManager: Shutting down and abandoning module Android_DXTTargetPlatform (94)
[2018.03.03-21.34.34:064][291]LogModuleManager: Shutting down and abandoning module Android_ATCTargetPlatform (92)
[2018.03.03-21.34.34:064][291]LogModuleManager: Shutting down and abandoning module Android_ASTCTargetPlatform (90)
[2018.03.03-21.34.34:064][291]LogModuleManager: Shutting down and abandoning module WindowsTargetPlatform (88)
[2018.03.03-21.34.34:064][291]LogModuleManager: Shutting down and abandoning module WindowsServerTargetPlatform (86)
[2018.03.03-21.34.34:064][291]LogModuleManager: Shutting down and abandoning module WindowsNoEditorTargetPlatform (84)
[2018.03.03-21.34.34:064][291]LogModuleManager: Shutting down and abandoning module WindowsClientTargetPlatform (82)
[2018.03.03-21.34.34:064][291]LogModuleManager: Shutting down and abandoning module MacTargetPlatform (80)
[2018.03.03-21.34.34:064][291]LogModuleManager: Shutting down and abandoning module MacServerTargetPlatform (78)
[2018.03.03-21.34.34:064][291]LogModuleManager: Shutting down and abandoning module MacNoEditorTargetPlatform (76)
[2018.03.03-21.34.34:064][291]LogModuleManager: Shutting down and abandoning module MacClientTargetPlatform (74)
[2018.03.03-21.34.34:064][291]LogModuleManager: Shutting down and abandoning module AllDesktopTargetPlatform (72)
[2018.03.03-21.34.34:064][291]LogModuleManager: Shutting down and abandoning module InputCore (69)
[2018.03.03-21.34.34:064][291]LogModuleManager: Shutting down and abandoning module Settings (67)
[2018.03.03-21.34.34:064][291]LogModuleManager: Shutting down and abandoning module PhysXCooking (65)
[2018.03.03-21.34.34:064][291]LogModuleManager: Shutting down and abandoning module SteamVR (63)
[2018.03.03-21.34.34:065][291]LogModuleManager: Shutting down and abandoning module OculusHMD (61)
[2018.03.03-21.34.34:065][291]LogModuleManager: Shutting down and abandoning module ExampleDeviceProfileSelector (59)
[2018.03.03-21.34.34:065][291]LogModuleManager: Shutting down and abandoning module AppleARKit (57)
[2018.03.03-21.34.34:065][291]LogModuleManager: Shutting down and abandoning module AugmentedReality (56)
[2018.03.03-21.34.34:065][291]LogModuleManager: Shutting down and abandoning module OnlineBlueprintSupport (53)
[2018.03.03-21.34.34:065][291]LogModuleManager: Shutting down and abandoning module OnlineSubsystem (49)
[2018.03.03-21.34.34:065][291]LogOnline: Display: OSS: FOnlineSubsystemNull::Shutdown()
[2018.03.03-21.34.34:065][291]LogOnline: Display: OSS: FOnlineAsyncTaskManager::Stop() ActiveTask:0000000000000000 Tasks[0/0]
[2018.03.03-21.34.34:066][291]LogOnline: Display: OSS: FOnlineAsyncTaskManager::Exit() started
[2018.03.03-21.34.34:066][291]LogOnline: Display: OSS: FOnlineAsyncTaskManager::Exit() finished
[2018.03.03-21.34.34:066][291]LogModuleManager: Shutting down and abandoning module XMPP (43)
[2018.03.03-21.34.34:066][291]LogModuleManager: Shutting down and abandoning module HTTP (41)
[2018.03.03-21.34.34:066][291]LogHttp: Display: Http module shutting down, but needs to wait on 1 outstanding Http requests:
[2018.03.03-21.34.34:066][291]LogHttp: Display: 	verb=[POST] url=[https://datarouter.ol.epicgames.com/datarouter/api/v1/public/data?SessionID=%7B4C2CFD0A-461C-7D50-46A4-15AE249BA664%7D&AppID=UEEditor.Rocket.Release&AppVersion=4.18.3-3832480%2B%2B%2BUE4%2BRelease-4.18&UserID=a198cc664e80f62bffec53ae281df260%7Caede66b47dc74c7dbc239fe2c29745e4%7Cd3a968a9-d84c-4791-baa5-56d6482b1928&AppEnvironment=datacollector-binary&UploadType=eteventstream] status=Processing
[2018.03.03-21.34.34:066][291]LogHttp: Display: Sleeping 0.5s to wait for 1 outstanding Http requests.
[2018.03.03-21.34.34:567][291]LogHttp: Display: Sleeping 0.5s to wait for 1 outstanding Http requests.
[2018.03.03-21.34.35:067][291]LogHttp: Display: Sleeping 0.5s to wait for 1 outstanding Http requests.
[2018.03.03-21.34.35:568][291]LogHttp: Display: Sleeping 0.5s to wait for 1 outstanding Http requests.
[2018.03.03-21.34.36:068][291]LogHttp: Display: Sleeping 0.5s to wait for 1 outstanding Http requests.
[2018.03.03-21.34.36:569][291]LogHttp: Display: Sleeping 0.5s to wait for 1 outstanding Http requests.
[2018.03.03-21.34.37:069][291]LogHttp: Display: Sleeping 0.5s to wait for 1 outstanding Http requests.
[2018.03.03-21.34.37:569][291]LogHttp: Display: Sleeping 0.5s to wait for 1 outstanding Http requests.
[2018.03.03-21.34.38:070][291]LogHttp: Display: Sleeping 0.5s to wait for 1 outstanding Http requests.
[2018.03.03-21.34.38:570][291]LogHttp: Display: Sleeping 0.5s to wait for 1 outstanding Http requests.
[2018.03.03-21.34.39:070][291]LogHttp: Display: Sleeping 0.5s to wait for 1 outstanding Http requests.
[2018.03.03-21.34.39:571][291]LogHttp: Display: Sleeping 0.5s to wait for 1 outstanding Http requests.
[2018.03.03-21.34.40:072][291]LogHttp: Display: Sleeping 0.5s to wait for 1 outstanding Http requests.
[2018.03.03-21.34.40:572][291]LogHttp: Display: Sleeping 0.5s to wait for 1 outstanding Http requests.
[2018.03.03-21.34.41:072][291]LogHttp: Display: Sleeping 0.5s to wait for 1 outstanding Http requests.
[2018.03.03-21.34.41:573][291]LogHttp: Display: Sleeping 0.5s to wait for 1 outstanding Http requests.
[2018.03.03-21.34.42:073][291]LogHttp: Display: Sleeping 0.5s to wait for 1 outstanding Http requests.
[2018.03.03-21.34.42:573][291]LogHttp: Display: Sleeping 0.5s to wait for 1 outstanding Http requests.
[2018.03.03-21.34.43:074][291]LogHttp: Display: Sleeping 0.5s to wait for 1 outstanding Http requests.
[2018.03.03-21.34.43:575][291]LogHttp: Display: Sleeping 0.5s to wait for 1 outstanding Http requests.
[2018.03.03-21.34.44:075][291]LogHttp: Display: Sleeping 0.5s to wait for 1 outstanding Http requests.
[2018.03.03-21.34.44:575][291]LogHttp: Display: Sleeping 0.5s to wait for 1 outstanding Http requests.
[2018.03.03-21.34.45:076][291]LogHttp: Display: Sleeping 0.5s to wait for 1 outstanding Http requests.
[2018.03.03-21.34.45:576][291]LogHttp: Display: Sleeping 0.5s to wait for 1 outstanding Http requests.
[2018.03.03-21.34.46:076][291]LogHttp: Display: Sleeping 0.5s to wait for 1 outstanding Http requests.
[2018.03.03-21.34.46:576][291]LogHttp: Display: Sleeping 0.5s to wait for 1 outstanding Http requests.
[2018.03.03-21.34.47:077][291]LogHttp: Display: Sleeping 0.5s to wait for 1 outstanding Http requests.
[2018.03.03-21.34.47:578][291]LogHttp: Display: Sleeping 0.5s to wait for 1 outstanding Http requests.
[2018.03.03-21.34.48:079][291]LogHttp: Display: Sleeping 0.5s to wait for 1 outstanding Http requests.
[2018.03.03-21.34.48:579][291]LogHttp: Display: Sleeping 0.5s to wait for 1 outstanding Http requests.
[2018.03.03-21.34.49:079][291]LogHttp: Display: Sleeping 0.5s to wait for 1 outstanding Http requests.
[2018.03.03-21.34.49:580][291]LogHttp: Display: Sleeping 0.5s to wait for 1 outstanding Http requests.
[2018.03.03-21.34.50:080][291]LogHttp: Display: Sleeping 0.5s to wait for 1 outstanding Http requests.
[2018.03.03-21.34.50:580][291]LogHttp: Display: Sleeping 0.5s to wait for 1 outstanding Http requests.
[2018.03.03-21.34.51:081][291]LogHttp: Display: Sleeping 0.5s to wait for 1 outstanding Http requests.
[2018.03.03-21.34.51:582][291]LogHttp: Display: Sleeping 0.5s to wait for 1 outstanding Http requests.
[2018.03.03-21.34.52:082][291]LogHttp: Display: Sleeping 0.5s to wait for 1 outstanding Http requests.
[2018.03.03-21.34.52:582][291]LogHttp: Warning: 0000024325207880: request failed, libcurl error: 7 (Couldn't connect to server)
[2018.03.03-21.34.52:582][291]LogHttp: Warning: 0000024325207880: libcurl info message cache 0 (  Trying 10.0.0.1...)
[2018.03.03-21.34.52:582][291]LogHttp: Warning: 0000024325207880: libcurl info message cache 1 (connect to 10.0.0.1 port 443 failed: Timed out)
[2018.03.03-21.34.52:582][291]LogHttp: Warning: 0000024325207880: libcurl info message cache 2 (Failed to connect to datarouter.ol.epicgames.com port 443: Timed out)
[2018.03.03-21.34.52:582][291]LogHttp: Warning: 0000024325207880: libcurl info message cache 3 (Closing connection 0)
[2018.03.03-21.34.52:588][291]LogModuleManager: Shutting down and abandoning module SSL (40)
[2018.03.03-21.34.52:590][291]LogModuleManager: Shutting down and abandoning module AnimationModifiers (36)
[2018.03.03-21.34.52:590][291]LogModuleManager: Shutting down and abandoning module PropertyEditor (35)
[2018.03.03-21.34.52:590][291]LogModuleManager: Shutting down and abandoning module AudioEditor (32)
[2018.03.03-21.34.52:592][291]LogModuleManager: Shutting down and abandoning module TextureCompressor (30)
[2018.03.03-21.34.52:592][291]LogModuleManager: Shutting down and abandoning module ShaderCore (28)
[2018.03.03-21.34.52:592][291]LogModuleManager: Shutting down and abandoning module Landscape (26)
[2018.03.03-21.34.52:592][291]LogModuleManager: Shutting down and abandoning module SlateRHIRenderer (24)
[2018.03.03-21.34.52:593][291]LogModuleManager: Shutting down and abandoning module OpenGLDrv (22)
[2018.03.03-21.34.52:593][291]LogModuleManager: Shutting down and abandoning module D3D11RHI (20)
[2018.03.03-21.34.52:593][291]LogModuleManager: Shutting down and abandoning module AnimGraphRuntime (18)
[2018.03.03-21.34.52:593][291]LogModuleManager: Shutting down and abandoning module Renderer (16)
[2018.03.03-21.34.52:593][291]LogModuleManager: Shutting down and abandoning module Engine (14)
[2018.03.03-21.34.52:593][291]LogModuleManager: Shutting down and abandoning module CoreUObject (12)
[2018.03.03-21.34.52:593][291]LogModuleManager: Shutting down and abandoning module NetworkFile (10)
[2018.03.03-21.34.52:593][291]LogModuleManager: Shutting down and abandoning module CookedIterativeFile (8)
[2018.03.03-21.34.52:593][291]LogModuleManager: Shutting down and abandoning module StreamingFile (6)
[2018.03.03-21.34.52:593][291]LogModuleManager: Shutting down and abandoning module SandboxFile (4)
[2018.03.03-21.34.52:593][291]LogModuleManager: Shutting down and abandoning module PakFile (2)
[2018.03.03-21.34.52:597][291]LogExit: Exiting.
[2018.03.03-21.34.52:618][291]Log file closed, 03/03/18 16:34:52
