Log file open, 01/22/18 21:32:19
LogWindows: Failed to load 'aqProf.dll' (GetLastError=126)
LogWindows: File 'aqProf.dll' does not exist
LogWindows: Failed to load 'VSPerf140.dll' (GetLastError=126)
LogWindows: File 'VSPerf140.dll' does not exist
LogWindows: Failed to load 'VtuneApi.dll' (GetLastError=126)
LogWindows: File 'VtuneApi.dll' does not exist
LogWindows: Failed to load 'VtuneApi32e.dll' (GetLastError=126)
LogWindows: File 'VtuneApi32e.dll' does not exist
LogInit: Display: Running engine for game: MultiplayerShootout
LogPlatformFile: Not using cached read wrapper
LogInit: Display: RandInit(670018541) SRandInit(670018541).
LogInit: Read version file with build ID '3709383'
LogInit: Overriding engine version to CL 3832480, compatible CL 3709383
LogInit: Registered custom module enumerator with build ID '3709383'
LogTaskGraph: Started task graph with 5 named threads and 14 total threads with 3 sets of task threads.
LogStats: Stats thread started at 0.577740
LogD3D11RHI: Aftermath initialized
LogModuleManager: Display: Found up-to-date module file ../../../Engine/Plugins/2D/Paper2D/Binaries/Win64/UE4Editor-Paper2D.dll (API version 3709383).
LogModuleManager: Display: Found up-to-date module file ../../../Engine/Plugins/2D/Paper2D/Binaries/Win64/UE4Editor-Paper2DEditor.dll (API version 3709383).
LogModuleManager: Display: Found up-to-date module file ../../../Engine/Plugins/2D/Paper2D/Binaries/Win64/UE4Editor-PaperSpriteSheetImporter.dll (API version 3709383).
LogModuleManager: Display: Found up-to-date module file ../../../Engine/Plugins/2D/Paper2D/Binaries/Win64/UE4Editor-PaperTiledImporter.dll (API version 3709383).
LogModuleManager: Display: Found up-to-date module file ../../../Engine/Plugins/2D/Paper2D/Binaries/Win64/UE4Editor-SmartSnapping.dll (API version 3709383).
LogModuleManager: Display: Found up-to-date module file ../../../Engine/Plugins/Blendables/LightPropagationVolume/Binaries/Win64/UE4Editor-LightPropagationVolumeRuntime.dll (API version 3709383).
LogModuleManager: Display: Found up-to-date module file ../../../Engine/Plugins/Blendables/LightPropagationVolume/Binaries/Win64/UE4Editor-LightPropagationVolumeEditor.dll (API version 3709383).
LogModuleManager: Display: Found up-to-date module file ../../../Engine/Plugins/Developer/GitSourceControl/Binaries/Win64/UE4Editor-GitSourceControl.dll (API version 3709383).
LogModuleManager: Display: Found up-to-date module file ../../../Engine/Plugins/Developer/PerforceSourceControl/Binaries/Win64/UE4Editor-PerforceSourceControl.dll (API version 3709383).
LogModuleManager: Display: Found up-to-date module file ../../../Engine/Plugins/Developer/SubversionSourceControl/Binaries/Win64/UE4Editor-SubversionSourceControl.dll (API version 3709383).
LogModuleManager: Display: Found up-to-date module file ../../../Engine/Plugins/Developer/UObjectPlugin/Binaries/Win64/UE4Editor-UObjectPlugin.dll (API version 3709383).
LogModuleManager: Display: Found up-to-date module file ../../../Engine/Plugins/Developer/VisualStudioCodeSourceCodeAccess/Binaries/Win64/UE4Editor-VisualStudioCodeSourceCodeAccess.dll (API version 3709383).
LogModuleManager: Display: Found up-to-date module file ../../../Engine/Plugins/Developer/VisualStudioSourceCodeAccess/Binaries/Win64/UE4Editor-VisualStudioSourceCodeAccess.dll (API version 3709383).
LogModuleManager: Display: Found up-to-date module file ../../../Engine/Plugins/Editor/AssetManagerEditor/Binaries/Win64/UE4Editor-AssetManagerEditor.dll (API version 3709383).
LogModuleManager: Display: Found up-to-date module file ../../../Engine/Plugins/Editor/AudioCapture/Binaries/Win64/UE4Editor-AudioCapture.dll (API version 3709383).
LogModuleManager: Display: Found up-to-date module file ../../../Engine/Plugins/Editor/FacialAnimation/Binaries/Win64/UE4Editor-FacialAnimation.dll (API version 3709383).
LogModuleManager: Display: Found up-to-date module file ../../../Engine/Plugins/Editor/FacialAnimation/Binaries/Win64/UE4Editor-FacialAnimationEditor.dll (API version 3709383).
LogModuleManager: Display: Found up-to-date module file ../../../Engine/Plugins/Editor/GameplayTagsEditor/Binaries/Win64/UE4Editor-GameplayTagsEditor.dll (API version 3709383).
LogModuleManager: Display: Found up-to-date module file ../../../Engine/Plugins/Editor/MobileLauncherProfileWizard/Binaries/Win64/UE4Editor-MobileLauncherProfileWizard.dll (API version 3709383).
LogModuleManager: Display: Found up-to-date module file ../../../Engine/Plugins/Editor/PluginBrowser/Binaries/Win64/UE4Editor-PluginBrowser.dll (API version 3709383).
LogModuleManager: Display: Found up-to-date module file ../../../Engine/Plugins/Editor/SpeedTreeImporter/Binaries/Win64/UE4Editor-SpeedTreeImporter.dll (API version 3709383).
LogModuleManager: Display: Found up-to-date module file ../../../Engine/Plugins/Experimental/AlembicImporter/Binaries/Win64/UE4Editor-AlembicImporter.dll (API version 3709383).
LogModuleManager: Display: Found up-to-date module file ../../../Engine/Plugins/Experimental/AlembicImporter/Binaries/Win64/UE4Editor-AlembicLibrary.dll (API version 3709383).
LogModuleManager: Display: Found up-to-date module file ../../../Engine/Plugins/Experimental/CharacterAI/Binaries/Win64/UE4Editor-CharacterAI.dll (API version 3709383).
LogModuleManager: Display: Found up-to-date module file ../../../Engine/Plugins/Experimental/HTML5Networking/Binaries/Win64/UE4Editor-HTML5Networking.dll (API version 3709383).
LogModuleManager: Display: Found up-to-date module file ../../../Engine/Plugins/Media/AndroidMedia/Binaries/Win64/UE4Editor-AndroidMediaEditor.dll (API version 3709383).
LogModuleManager: Display: Found up-to-date module file ../../../Engine/Plugins/Media/AndroidMedia/Binaries/Win64/UE4Editor-AndroidMediaFactory.dll (API version 3709383).
LogModuleManager: Display: Found up-to-date module file ../../../Engine/Plugins/Media/AvfMedia/Binaries/Win64/UE4Editor-AvfMediaEditor.dll (API version 3709383).
LogModuleManager: Display: Found up-to-date module file ../../../Engine/Plugins/Media/AvfMedia/Binaries/Win64/UE4Editor-AvfMediaFactory.dll (API version 3709383).
LogModuleManager: Display: Found up-to-date module file ../../../Engine/Plugins/Media/AvfMedia/Binaries/Win64/UE4Editor-AvfMediaFactory.dll (API version 3709383).
LogModuleManager: Display: Found up-to-date module file ../../../Engine/Plugins/Media/ImgMedia/Binaries/Win64/UE4Editor-ImgMedia.dll (API version 3709383).
LogModuleManager: Display: Found up-to-date module file ../../../Engine/Plugins/Media/ImgMedia/Binaries/Win64/UE4Editor-ImgMediaEditor.dll (API version 3709383).
LogModuleManager: Display: Found up-to-date module file ../../../Engine/Plugins/Media/ImgMedia/Binaries/Win64/UE4Editor-ImgMediaFactory.dll (API version 3709383).
LogModuleManager: Display: Found up-to-date module file ../../../Engine/Plugins/Media/ImgMedia/Binaries/Win64/UE4Editor-ImgMediaFactory.dll (API version 3709383).
LogModuleManager: Display: Found up-to-date module file ../../../Engine/Plugins/Media/ImgMedia/Binaries/Win64/UE4Editor-OpenExrWrapper.dll (API version 3709383).
LogModuleManager: Display: Found up-to-date module file ../../../Engine/Plugins/Media/MediaCompositing/Binaries/Win64/UE4Editor-MediaCompositing.dll (API version 3709383).
LogModuleManager: Display: Found up-to-date module file ../../../Engine/Plugins/Media/MediaCompositing/Binaries/Win64/UE4Editor-MediaCompositingEditor.dll (API version 3709383).
LogModuleManager: Display: Found up-to-date module file ../../../Engine/Plugins/Media/MediaPlayerEditor/Binaries/Win64/UE4Editor-MediaPlayerEditor.dll (API version 3709383).
LogModuleManager: Display: Found up-to-date module file ../../../Engine/Plugins/Media/WmfMedia/Binaries/Win64/UE4Editor-WmfMedia.dll (API version 3709383).
LogModuleManager: Display: Found up-to-date module file ../../../Engine/Plugins/Media/WmfMedia/Binaries/Win64/UE4Editor-WmfMediaEditor.dll (API version 3709383).
LogModuleManager: Display: Found up-to-date module file ../../../Engine/Plugins/Media/WmfMedia/Binaries/Win64/UE4Editor-WmfMediaFactory.dll (API version 3709383).
LogModuleManager: Display: Found up-to-date module file ../../../Engine/Plugins/Media/WmfMedia/Binaries/Win64/UE4Editor-WmfMediaFactory.dll (API version 3709383).
LogModuleManager: Display: Found up-to-date module file ../../../Engine/Plugins/Messaging/TcpMessaging/Binaries/Win64/UE4Editor-TcpMessaging.dll (API version 3709383).
LogModuleManager: Display: Found up-to-date module file ../../../Engine/Plugins/Messaging/UdpMessaging/Binaries/Win64/UE4Editor-UdpMessaging.dll (API version 3709383).
LogModuleManager: Display: Found up-to-date module file ../../../Engine/Plugins/MovieScene/ActorSequence/Binaries/Win64/UE4Editor-ActorSequence.dll (API version 3709383).
LogModuleManager: Display: Found up-to-date module file ../../../Engine/Plugins/MovieScene/LevelSequenceEditor/Binaries/Win64/UE4Editor-LevelSequenceEditor.dll (API version 3709383).
LogModuleManager: Display: Found up-to-date module file ../../../Engine/Plugins/MovieScene/MatineeToLevelSequence/Binaries/Win64/UE4Editor-MatineeToLevelSequence.dll (API version 3709383).
LogModuleManager: Display: Found up-to-date module file ../../../Engine/Plugins/Online/OnlineSubsystem/Binaries/Win64/UE4Editor-OnlineSubsystem.dll (API version 3709383).
LogModuleManager: Display: Found up-to-date module file ../../../Engine/Plugins/Runtime/AndroidPermission/Binaries/Win64/UE4Editor-AndroidPermission.dll (API version 3709383).
LogModuleManager: Display: Found up-to-date module file ../../../Engine/Plugins/Online/OnlineSubsystemNull/Binaries/Win64/UE4Editor-OnlineSubsystemNull.dll (API version 3709383).
LogModuleManager: Display: Found up-to-date module file ../../../Engine/Plugins/Online/OnlineSubsystemUtils/Binaries/Win64/UE4Editor-OnlineSubsystemUtils.dll (API version 3709383).
LogModuleManager: Display: Found up-to-date module file ../../../Engine/Plugins/Online/OnlineSubsystemUtils/Binaries/Win64/UE4Editor-OnlineBlueprintSupport.dll (API version 3709383).
LogModuleManager: Display: Found up-to-date module file ../../../Engine/Plugins/Runtime/AndroidDeviceProfileSelector/Binaries/Win64/UE4Editor-AndroidDeviceProfileSelector.dll (API version 3709383).
LogModuleManager: Display: Found up-to-date module file ../../../Engine/Plugins/Runtime/AppleARKit/Binaries/Win64/UE4Editor-AppleARKit.dll (API version 3709383).
LogModuleManager: Display: Found up-to-date module file ../../../Engine/Plugins/Runtime/ArchVisCharacter/Binaries/Win64/UE4Editor-ArchVisCharacter.dll (API version 3709383).
LogModuleManager: Display: Found up-to-date module file ../../../Engine/Plugins/Runtime/CableComponent/Binaries/Win64/UE4Editor-CableComponent.dll (API version 3709383).
LogModuleManager: Display: Found up-to-date module file ../../../Engine/Plugins/Runtime/CustomMeshComponent/Binaries/Win64/UE4Editor-CustomMeshComponent.dll (API version 3709383).
LogModuleManager: Display: Found up-to-date module file ../../../Engine/Plugins/Runtime/ExampleDeviceProfileSelector/Binaries/Win64/UE4Editor-ExampleDeviceProfileSelector.dll (API version 3709383).
LogModuleManager: Display: Found up-to-date module file ../../../Engine/Plugins/Runtime/ImmediatePhysics/Binaries/Win64/UE4Editor-ImmediatePhysics.dll (API version 3709383).
LogModuleManager: Display: Found up-to-date module file ../../../Engine/Plugins/Runtime/ImmediatePhysics/Binaries/Win64/UE4Editor-ImmediatePhysicsEditor.dll (API version 3709383).
LogModuleManager: Display: Found up-to-date module file ../../../Engine/Plugins/Runtime/LocationServicesBPLibrary/Binaries/Win64/UE4Editor-LocationServicesBPLibrary.dll (API version 3709383).
LogModuleManager: Display: Found up-to-date module file ../../../Engine/Plugins/Runtime/MobilePatchingUtils/Binaries/Win64/UE4Editor-MobilePatchingUtils.dll (API version 3709383).
LogModuleManager: Display: Found up-to-date module file ../../../Engine/Plugins/Runtime/Oculus/OculusVR/Binaries/Win64/UE4Editor-OculusHMD.dll (API version 3709383).
LogModuleManager: Display: Found up-to-date module file ../../../Engine/Plugins/Runtime/Oculus/OculusVR/Binaries/Win64/UE4Editor-OculusInput.dll (API version 3709383).
LogModuleManager: Display: Found up-to-date module file ../../../Engine/Plugins/Runtime/Oculus/OculusVR/Binaries/Win64/UE4Editor-OculusEditor.dll (API version 3709383).
LogModuleManager: Display: Found up-to-date module file ../../../Engine/Plugins/Runtime/PhysXVehicles/Binaries/Win64/UE4Editor-PhysXVehicles.dll (API version 3709383).
LogModuleManager: Display: Found up-to-date module file ../../../Engine/Plugins/Runtime/PhysXVehicles/Binaries/Win64/UE4Editor-PhysXVehiclesEditor.dll (API version 3709383).
LogModuleManager: Display: Found up-to-date module file ../../../Engine/Plugins/Runtime/ProceduralMeshComponent/Binaries/Win64/UE4Editor-ProceduralMeshComponent.dll (API version 3709383).
LogModuleManager: Display: Found up-to-date module file ../../../Engine/Plugins/Runtime/ProceduralMeshComponent/Binaries/Win64/UE4Editor-ProceduralMeshComponentEditor.dll (API version 3709383).
LogModuleManager: Display: Found up-to-date module file ../../../Engine/Plugins/Runtime/RuntimePhysXCooking/Binaries/Win64/UE4Editor-RuntimePhysXCooking.dll (API version 3709383).
LogModuleManager: Display: Found up-to-date module file ../../../Engine/Plugins/Runtime/Steam/SteamVR/Binaries/Win64/UE4Editor-SteamVR.dll (API version 3709383).
LogModuleManager: Display: Found up-to-date module file ../../../Engine/Plugins/Runtime/Steam/SteamVR/Binaries/Win64/UE4Editor-SteamVRController.dll (API version 3709383).
LogModuleManager: Display: Found up-to-date module file ../../../Engine/Plugins/Runtime/WindowsMoviePlayer/Binaries/Win64/UE4Editor-WindowsMoviePlayer.dll (API version 3709383).
LogPluginManager: Mounting plugin Paper2D
LogPluginManager: Mounting plugin LightPropagationVolume
LogPluginManager: Mounting plugin CodeLiteSourceCodeAccess
LogPluginManager: Mounting plugin GitSourceControl
LogPluginManager: Mounting plugin KDevelopSourceCodeAccess
LogPluginManager: Mounting plugin NullSourceCodeAccess
LogPluginManager: Mounting plugin PerforceSourceControl
LogPluginManager: Mounting plugin SubversionSourceControl
LogPluginManager: Mounting plugin UObjectPlugin
LogPluginManager: Mounting plugin VisualStudioCodeSourceCodeAccess
LogPluginManager: Mounting plugin VisualStudioSourceCodeAccess
LogPluginManager: Mounting plugin XCodeSourceCodeAccess
LogPluginManager: Mounting plugin AssetManagerEditor
LogPluginManager: Mounting plugin AudioCapture
LogPluginManager: Mounting plugin FacialAnimation
LogPluginManager: Mounting plugin GameplayTagsEditor
LogPluginManager: Mounting plugin MobileLauncherProfileWizard
LogPluginManager: Mounting plugin PluginBrowser
LogPluginManager: Mounting plugin SpeedTreeImporter
LogPluginManager: Mounting plugin AlembicImporter
LogPluginManager: Mounting plugin CharacterAI
LogPluginManager: Mounting plugin HTML5Networking
LogPluginManager: Mounting plugin AndroidMedia
LogPluginManager: Mounting plugin AvfMedia
LogPluginManager: Mounting plugin ImgMedia
LogPluginManager: Mounting plugin MediaCompositing
LogPluginManager: Mounting plugin MediaPlayerEditor
LogPluginManager: Mounting plugin WmfMedia
LogPluginManager: Mounting plugin TcpMessaging
LogPluginManager: Mounting plugin UdpMessaging
LogPluginManager: Mounting plugin ActorSequence
LogPluginManager: Mounting plugin LevelSequenceEditor
LogPluginManager: Mounting plugin MatineeToLevelSequence
LogPluginManager: Mounting plugin OnlineSubsystemGooglePlay
LogPluginManager: Mounting plugin OnlineSubsystemIOS
LogPluginManager: Mounting plugin OnlineSubsystem
LogPluginManager: Mounting plugin OnlineSubsystemNull
LogPluginManager: Mounting plugin OnlineSubsystemUtils
LogPluginManager: Mounting plugin AndroidDeviceProfileSelector
LogPluginManager: Mounting plugin AndroidMoviePlayer
LogPluginManager: Mounting plugin AndroidPermission
LogPluginManager: Mounting plugin AppleARKit
LogPluginManager: Mounting plugin AppleMoviePlayer
LogPluginManager: Mounting plugin ArchVisCharacter
LogPluginManager: Mounting plugin CableComponent
LogPluginManager: Mounting plugin CustomMeshComponent
LogPluginManager: Mounting plugin ExampleDeviceProfileSelector
LogPluginManager: Mounting plugin GoogleCloudMessaging
LogPluginManager: Mounting plugin ImmediatePhysics
LogPluginManager: Mounting plugin IOSDeviceProfileSelector
LogPluginManager: Mounting plugin LinuxDeviceProfileSelector
LogPluginManager: Mounting plugin LocationServicesBPLibrary
LogPluginManager: Mounting plugin MobilePatchingUtils
LogPluginManager: Mounting plugin OculusVR
LogPluginManager: Plugin shader directory ../../../Engine/Plugins/Runtime/Oculus/OculusVR/Shaders found
LogPluginManager: Mapping shader source directory ../../../Engine/Plugins/Runtime/Oculus/OculusVR/Shaders to virtual directory /Plugin/OculusVR
LogPluginManager: Mounting plugin PhysXVehicles
LogPluginManager: Mounting plugin ProceduralMeshComponent
LogPluginManager: Mounting plugin RuntimePhysXCooking
LogPluginManager: Mounting plugin SteamVR
LogPluginManager: Mounting plugin WindowsMoviePlayer
LogInit: Using libcurl 7.47.1
LogInit:  - built for x86_64-pc-win32
LogInit:  - supports SSL with OpenSSL/1.0.2g
LogInit:  - supports HTTP deflate (compression) using libz 1.2.8
LogInit:  - other features:
LogInit:      CURL_VERSION_SSL
LogInit:      CURL_VERSION_LIBZ
LogInit:      CURL_VERSION_IPV6
LogInit:      CURL_VERSION_ASYNCHDNS
LogInit:      CURL_VERSION_LARGEFILE
LogInit:      CURL_VERSION_IDN
LogInit:  CurlRequestOptions (configurable via config and command line):
LogInit:  - bVerifyPeer = false  - Libcurl will NOT verify peer certificate
LogInit:  - bUseHttpProxy = false  - Libcurl will NOT use HTTP proxy
LogInit:  - bDontReuseConnections = false  - Libcurl will reuse connections
LogInit:  - CertBundlePath = nullptr  - Libcurl will use whatever was configured at build time.
LogModuleManager: Warning: No filename provided for module OnlineSubsystemSteam
LogModuleManager: Warning: ModuleManager: Unable to load module 'OnlineSubsystemSteam' because the file 'C:/Program Files/Epic Games/UE_4.18/Engine/Binaries/Win64/' was not found.
LogInit: WinSock: version 1.1 (2.2), MaxSocks=32767, MaxUdp=65467
LogHMD: Failed initializing OVRPlugin 1.19.0
LogInit: Build: ++UE4+Release-4.18-CL-3832480
LogInit: Engine Version: 4.18.3-3832480+++UE4+Release-4.18
LogInit: Compatible Engine Version: 4.18.0-3709383+++UE4+Release-4.18
LogInit: Net CL: 3709383
LogDevObjectVersion: Number of dev versions registered: 16
LogDevObjectVersion:   Dev-Blueprints (B0D832E4-1F89-4F0D-ACCF-7EB736FD4AA2): 10
LogDevObjectVersion:   Dev-Build (E1C64328-A22C-4D53-A36C-8E866417BD8C): 0
LogDevObjectVersion:   Dev-Core (375EC13C-06E4-48FB-B500-84F0262A717E): 2
LogDevObjectVersion:   Dev-Editor (E4B068ED-F494-42E9-A231-DA0B2E46BB41): 20
LogDevObjectVersion:   Dev-Framework (CFFC743F-43B0-4480-9391-14DF171D2073): 30
LogDevObjectVersion:   Dev-Mobile (B02B49B5-BB20-44E9-A304-32B752E40360): 0
LogDevObjectVersion:   Dev-Networking (A4E4105C-59A1-49B5-A7C5-40C4547EDFEE): 0
LogDevObjectVersion:   Dev-Online (39C831C9-5AE6-47DC-9A44-9C173E1C8E7C): 0
LogDevObjectVersion:   Dev-Physics (78F01B33-EBEA-4F98-B9B4-84EACCB95AA2): 0
LogDevObjectVersion:   Dev-Platform (6631380F-2D4D-43E0-8009-CF276956A95A): 0
LogDevObjectVersion:   Dev-Rendering (12F88B9F-8875-4AFC-A67C-D90C383ABD29): 20
LogDevObjectVersion:   Dev-Sequencer (7B5AE74C-D270-4C10-A958-57980B212A5A): 4
LogDevObjectVersion:   Dev-VR (D7296918-1DD6-4BDD-9DE2-64A83CC13884): 0
LogDevObjectVersion:   Dev-LoadTimes (C2A15278-BFE7-4AFE-6C17-90FF531DF755): 1
LogDevObjectVersion:   Private-Geometry (6EACA3D4-40EC-4CC1-B786-8BED09428FC5): 1
LogDevObjectVersion:   Dev-AnimPhys (29E575DD-E0A3-4627-9D10-D276232CDCEA): 12
LogInit: Compiled (64-bit): Jan 12 2018 02:04:55
LogInit: Compiled with Visual C++: 19.00.24215.01
LogInit: Build Configuration: Development
LogInit: Branch Name: ++UE4+Release-4.18
LogInit: Command line:  
LogInit: Base directory: C:/Program Files/Epic Games/UE_4.18/Engine/Binaries/Win64/
LogInit: Installed Engine Build: 1
LogInit: Presizing for max 8388607 objects, including 0 objects not considered by GC, pre-allocating 0 bytes for permanent pool.
LogInit: Object subsystem initialized
[2018.01.23-02.32.22:657][  0]LogInit: Selected Device Profile: [Windows]
[2018.01.23-02.32.22:657][  0]LogInit: Applying CVar settings loaded from the selected device profile: [Windows]
[2018.01.23-02.32.22:688][  0]LogInit: Computer: DESKTOP-TVE1Q8K
[2018.01.23-02.32.22:688][  0]LogInit: User: Cosmotron
[2018.01.23-02.32.22:688][  0]LogInit: CPU Page size=4096, Cores=4
[2018.01.23-02.32.22:688][  0]LogInit: High frequency timer resolution =2.648442 MHz
[2018.01.23-02.32.22:688][  0]LogMemory: Memory total: Physical=32.0GB (32GB approx)
[2018.01.23-02.32.22:688][  0]LogMemory: Platform Memory Stats for Windows
[2018.01.23-02.32.22:688][  0]LogMemory: Process Physical Memory: 280.92 MB used, 280.92 MB peak
[2018.01.23-02.32.22:688][  0]LogMemory: Process Virtual Memory: 274.38 MB used, 274.38 MB peak
[2018.01.23-02.32.22:688][  0]LogMemory: Physical Memory: 4953.30 MB used,  27769.41 MB free, 32722.71 MB total
[2018.01.23-02.32.22:688][  0]LogMemory: Virtual Memory: 734.42 MB used,  27769.41 MB free, 134217728.00 MB total
[2018.01.23-02.32.23:082][  0]LogInit: Using OS detected language (en-US).
[2018.01.23-02.32.23:082][  0]LogInit: Using OS detected locale (en-US).
[2018.01.23-02.32.23:162][  0]LogTextLocalizationManager: No specific localization for 'en-US' exists, so the 'en' localization will be used.
[2018.01.23-02.32.23:756][  0]LogInit: Setting process to per monitor DPI aware
[2018.01.23-02.32.26:854][  0]LogD3D11RHI: D3D11 adapters:
[2018.01.23-02.32.26:898][  0]LogD3D11RHI:    0. 'NVIDIA GeForce GTX 1070' (Feature Level 11_0)
[2018.01.23-02.32.26:899][  0]LogD3D11RHI:       8089/0/16361 MB DedicatedVideo/DedicatedSystem/SharedSystem, Outputs:1, VendorId:0x10de
[2018.01.23-02.32.26:902][  0]LogD3D11RHI:    1. 'Microsoft Basic Render Driver' (Feature Level 11_0)
[2018.01.23-02.32.26:902][  0]LogD3D11RHI:       0/0/16361 MB DedicatedVideo/DedicatedSystem/SharedSystem, Outputs:0, VendorId:0x1414
[2018.01.23-02.32.26:902][  0]LogD3D11RHI: Chosen D3D11 Adapter: 0
[2018.01.23-02.32.26:911][  0]LogD3D11RHI: Creating new Direct3DDevice
[2018.01.23-02.32.26:912][  0]LogD3D11RHI:     GPU DeviceId: 0x1be1 (for the marketing name, search the web for "GPU Device Id")
[2018.01.23-02.32.26:912][  0]LogWindows: EnumDisplayDevices:
[2018.01.23-02.32.26:912][  0]LogWindows:    0. 'NVIDIA GeForce GTX 1070' (P:1 D:1)
[2018.01.23-02.32.26:912][  0]LogWindows:    1. 'NVIDIA GeForce GTX 1070' (P:0 D:0)
[2018.01.23-02.32.26:912][  0]LogWindows:    2. 'NVIDIA GeForce GTX 1070' (P:0 D:0)
[2018.01.23-02.32.26:912][  0]LogWindows:    3. 'NVIDIA GeForce GTX 1070' (P:0 D:0)
[2018.01.23-02.32.26:912][  0]LogWindows: DebugString: GetVideoDriverDetailsInvalid PrimaryIsNotTheChoosenAdapter GetVideoDriverDetailsInvalid PrimaryIsNotTheChoosenAdapter GetVideoDriverDetailsInvalid PrimaryIsNotTheChoosenAdapter GetVideoDriverDetailsInvalid PrimaryIsNotTheChoosenAdapter FoundDriverCount:0 
[2018.01.23-02.32.26:912][  0]LogD3D11RHI:     Adapter Name: NVIDIA GeForce GTX 1070
[2018.01.23-02.32.26:912][  0]LogD3D11RHI:   Driver Version: Unknown (internal:Unknown, unified:Unknown)
[2018.01.23-02.32.26:912][  0]LogD3D11RHI:      Driver Date: Unknown
[2018.01.23-02.32.26:912][  0]LogRHI: Texture pool is 5662 MB (70% of 8089 MB)
[2018.01.23-02.32.26:948][  0]LogD3D11RHI: Async texture creation enabled
[2018.01.23-02.32.27:078][  0]LogD3D11RHI: GPU Timing Frequency: 1000.000000 (Debug: 2 2)
[2018.01.23-02.32.27:124][  0]LogShaderCompilers: Guid format shader working directory is -44 characters bigger than the processId version (../../../../../../Users/Cosmotron/Documents/GitHub/VR_MultiPlayerShootout/MultiplayerShootout/Intermediate/Shaders/WorkingDirectory/10768/).
[2018.01.23-02.32.27:124][  0]LogShaderCompilers: Cleaned the shader compiler working directory 'C:/Users/Cosmotron/AppData/Local/Temp/UnrealShaderWorkingDir/B464D7C84D95DED351540E95CDFBC01E/'.
[2018.01.23-02.32.27:125][  0]LogShaderCompilers: Display: Using Local Shader Compiler.
[2018.01.23-02.32.29:862][  0]LogTemp: Display: Loaded TP AllDesktopTargetPlatform
[2018.01.23-02.32.29:927][  0]LogTemp: Display: Loaded TP MacClientTargetPlatform
[2018.01.23-02.32.29:997][  0]LogTemp: Display: Loaded TP MacNoEditorTargetPlatform
[2018.01.23-02.32.30:071][  0]LogTemp: Display: Loaded TP MacServerTargetPlatform
[2018.01.23-02.32.30:146][  0]LogTemp: Display: Loaded TP MacTargetPlatform
[2018.01.23-02.32.30:216][  0]LogTemp: Display: Loaded TP WindowsClientTargetPlatform
[2018.01.23-02.32.30:289][  0]LogTemp: Display: Loaded TP WindowsNoEditorTargetPlatform
[2018.01.23-02.32.30:364][  0]LogTemp: Display: Loaded TP WindowsServerTargetPlatform
[2018.01.23-02.32.30:429][  0]LogTemp: Display: Loaded TP WindowsTargetPlatform
[2018.01.23-02.32.30:498][  0]LogTemp: Display: Loaded TP Android_ASTCTargetPlatform
[2018.01.23-02.32.30:564][  0]LogTemp: Display: Loaded TP Android_ATCTargetPlatform
[2018.01.23-02.32.30:632][  0]LogTemp: Display: Loaded TP Android_DXTTargetPlatform
[2018.01.23-02.32.30:701][  0]LogTemp: Display: Loaded TP Android_ETC1TargetPlatform
[2018.01.23-02.32.30:765][  0]LogTemp: Display: Loaded TP Android_ETC2TargetPlatform
[2018.01.23-02.32.30:900][  0]LogTemp: Display: Loaded TP Android_MultiTargetPlatform
[2018.01.23-02.32.30:901][  0]LogTemp: Display: Loaded TP Android_PVRTCTargetPlatform
[2018.01.23-02.32.30:974][  0]LogTemp: Display: Loaded TP AndroidTargetPlatform
[2018.01.23-02.32.31:028][  0]LogTemp: Display: Loaded TP HTML5TargetPlatform
[2018.01.23-02.32.31:150][  0]LogTemp: Display: Loaded TP IOSTargetPlatform
[2018.01.23-02.32.31:188][  0]LogTemp: Display: Loaded TP TVOSTargetPlatform
[2018.01.23-02.32.31:254][  0]LogTemp: Display: Loaded TP LinuxClientTargetPlatform
[2018.01.23-02.32.31:320][  0]LogTemp: Display: Loaded TP LinuxNoEditorTargetPlatform
[2018.01.23-02.32.31:391][  0]LogTemp: Display: Loaded TP LinuxServerTargetPlatform
[2018.01.23-02.32.31:464][  0]LogTemp: Display: Loaded TP LinuxTargetPlatform
[2018.01.23-02.32.31:465][  0]LogTargetPlatformManager: Display: Building Assets For Windows
[2018.01.23-02.32.32:141][  0]LogDerivedDataCache: Display: Max Cache Size: 512 MB
[2018.01.23-02.32.32:373][  0]LogDerivedDataCache: Loaded boot cache 0.23s 79MB C:/Users/Cosmotron/AppData/Local/UnrealEngine/4.18/DerivedDataCache/Boot.ddc.
[2018.01.23-02.32.32:373][  0]LogDerivedDataCache: Display: Loaded Boot cache: C:/Users/Cosmotron/AppData/Local/UnrealEngine/4.18/DerivedDataCache/Boot.ddc
[2018.01.23-02.32.32:373][  0]LogDerivedDataCache: FDerivedDataBackendGraph:  Pak pak cache file ../../../../../../Users/Cosmotron/Documents/GitHub/VR_MultiPlayerShootout/MultiplayerShootout/DerivedDataCache/DDC.ddp not found, will not use a pak cache.
[2018.01.23-02.32.32:373][  0]LogDerivedDataCache: Unable to find inner node Pak for hierarchical cache Hierarchy.
[2018.01.23-02.32.32:373][  0]LogDerivedDataCache: FDerivedDataBackendGraph:  CompressedPak pak cache file ../../../../../../Users/Cosmotron/Documents/GitHub/VR_MultiPlayerShootout/MultiplayerShootout/DerivedDataCache/Compressed.ddp not found, will not use a pak cache.
[2018.01.23-02.32.32:373][  0]LogDerivedDataCache: Unable to find inner node CompressedPak for hierarchical cache Hierarchy.
[2018.01.23-02.32.32:403][  0]LogDerivedDataCache: Display: Pak cache opened for reading ../../../Engine/DerivedDataCache/Compressed.ddp.
[2018.01.23-02.32.32:415][  0]LogDerivedDataCache: Using Local data cache path C:/Users/Cosmotron/AppData/Local/UnrealEngine/Common/DerivedDataCache: Writable
[2018.01.23-02.32.32:430][  0]LogMaterial: Verifying Global Shaders for PCD3D_SM5
[2018.01.23-02.32.32:433][  0]LogSlate: Using Freetype 2.6.0
[2018.01.23-02.32.32:457][  0]LogSlate: SlateFontCache - WITH_FREETYPE: 1, WITH_HARFBUZZ: 1
[2018.01.23-02.32.32:457][  0]LogSlate: SlateFontCache - WITH_FREETYPE: 1, WITH_HARFBUZZ: 1
[2018.01.23-02.32.33:386][  0]LogInit: Selected Device Profile: [Windows]
[2018.01.23-02.32.34:027][  0]LogSimplygon: Simplygon DLL not present - disabling.
[2018.01.23-02.32.34:081][  0]LogMeshReduction: Using SimplygonSwarm for distributed automatic mesh merging
[2018.01.23-02.32.34:081][  0]LogMeshReduction: Using QuadricMeshReduction for automatic static mesh reduction
[2018.01.23-02.32.34:081][  0]LogMeshReduction: No automatic skeletal mesh reduction module available
[2018.01.23-02.32.34:081][  0]LogMeshReduction: No automatic mesh merging module available
[2018.01.23-02.32.34:081][  0]LogMeshMerging: No automatic mesh merging module available
[2018.01.23-02.32.34:160][  0]LogNetVersion: MultiplayerShootout , NetCL: 3709383, EngineNetVer: 2, GameNetVer: 0 (Checksum: 2187402621)
[2018.01.23-02.32.34:556][  0]Warning: Missing opening '"' in string property value: ThirdParty/Steamworks)
[2018.01.23-02.32.34:659][  0]LogAssetRegistry: FAssetRegistry took 0.0292 seconds to start up
[2018.01.23-02.32.35:958][  0]LogPackageLocalizationCache: Processed 7 localized package path(s) for 2 prioritized culture(s) in 0.107157 seconds
[2018.01.23-02.32.35:965][  0]LogUObjectArray: 35870 objects as part of root set at end of initial load.
[2018.01.23-02.32.35:965][  0]LogUObjectAllocator: 7363704 out of 0 bytes used by permanent object pool.
[2018.01.23-02.32.35:965][  0]LogUObjectArray: CloseDisregardForGC: 0/0 objects in disregard for GC pool
[2018.01.23-02.32.42:537][  0]LogTcpMessaging: Initializing TcpMessaging bridge
[2018.01.23-02.32.42:590][  0]LogUdpMessaging: Initializing bridge on interface 0.0.0.0:0 to multicast group 230.0.0.1:6666.
[2018.01.23-02.32.43:643][  0]LogMaterial: Uniform references updated for custom material expression Custom.
[2018.01.23-02.32.44:330][  0]SourceControl: Source control is disabled
[2018.01.23-02.32.44:331][  0]SourceControl: Source control is disabled
[2018.01.23-02.32.44:407][  0]SourceControl: Source control is disabled
[2018.01.23-02.32.44:480][  0]SourceControl: Source control is disabled
[2018.01.23-02.32.45:548][  0]LogAndroidPermission: UAndroidPermissionCallbackProxy::GetInstance
[2018.01.23-02.32.45:901][  0]LogOcInput: OculusInput pre-init called
[2018.01.23-02.32.46:320][  0]LogEngine: Initializing Engine...
[2018.01.23-02.32.46:892][  0]LogHMD: SteamVR initialized.  Driver: lighthouse  Display: LHR-25FB5BEE
[2018.01.23-02.32.47:358][  0]LogStats: UGameplayTagsManager::ConstructGameplayTagTree: Construct from data asset -  0.000 s
[2018.01.23-02.32.47:358][  0]LogStats: UGameplayTagsManager::ConstructGameplayTagTree: GameplayTagTreeChangedEvent.Broadcast -  0.000 s
[2018.01.23-02.32.47:523][  0]LogAIModule: Creating AISystem for world Untitled
[2018.01.23-02.32.47:546][  0]LogInit: XAudio2 using 'Speakers (Realtek High Definition Audio)' : 2 channels at 48 kHz using 32 bits per sample (channel mask 0x3)
[2018.01.23-02.32.47:572][  0]LogInit: FAudioDevice initialized.
[2018.01.23-02.32.47:634][  0]LogDerivedDataCache: Saved boot cache 0.06s 79MB C:/Users/Cosmotron/AppData/Local/UnrealEngine/4.18/DerivedDataCache/Boot.ddc.
[2018.01.23-02.32.47:645][  0]LogInit: Texture streaming: Enabled
[2018.01.23-02.32.47:758][  0]LogEngineSessionManager: EngineSessionManager initialized
[2018.01.23-02.32.47:918][  0]LogInit: Transaction tracking system initialized
[2018.01.23-02.32.48:293][  0]BlueprintLog: New page: Editor Load
[2018.01.23-02.32.49:359][  0]LocalizationService: Localization service is disabled
[2018.01.23-02.32.50:267][  0]LogConsoleResponse: Display: 
[2018.01.23-02.32.50:921][  0]LogCook: Display: Max memory allowance for cook 16384mb min free memory 0mb
[2018.01.23-02.32.50:921][  0]LogCook: Display: Mobile HDR setting 1
[2018.01.23-02.32.50:921][  0]LogGameplayTags: Display: UGameplayTagsManager::DoneAddingNativeTags. DelegateIsBound: 0
[2018.01.23-02.32.51:730][  0]LogFileCache: Scanning file cache for directory 'C:/Users/Cosmotron/Documents/GitHub/VR_MultiPlayerShootout/MultiplayerShootout/Content/' took 0.02s
[2018.01.23-02.32.52:389][  0]SourceControl: Source control is disabled
[2018.01.23-02.32.52:391][  0]Cmd: MAP LOAD FILE="../../../../../../Users/Cosmotron/Documents/GitHub/VR_MultiPlayerShootout/MultiplayerShootout/Content/Maps/Level_01.umap" TEMPLATE=0 SHOWPROGRESS=1 FEATURELEVEL=3
[2018.01.23-02.32.52:397][  0]LightingResults: New page: Lighting Build
[2018.01.23-02.32.52:449][  0]MapCheck: New page: Map Check
[2018.01.23-02.32.52:449][  0]LightingResults: New page: Lighting Build
[2018.01.23-02.32.53:838][  0]LogBlueprint: Warning: [Compiler BP_Projectile] Set Physics Angular Velocity  is deprecated; Use SetPhysicsAngularVelocityInDegrees instead
[2018.01.23-02.32.53:918][  0]LogBlueprint: Warning: [Compiler BP_Projectile] [0037.35] Compile of BP_Projectile successful, but with 1 Warning(s) [in 110 ms] (/Game/Blueprints/BP_Projectile.BP_Projectile)
[2018.01.23-02.32.54:983][  0]LogAIModule: Creating AISystem for world Level_01
[2018.01.23-02.32.55:013][  0]LogEditorServer: Finished looking for orphan Actors (0.000 secs)
[2018.01.23-02.32.55:038][  0]Cmd: MAP CHECKDEP NOCLEARLOG
[2018.01.23-02.32.55:104][  0]MapCheck: Map check complete: 0 Error(s), 0 Warning(s), took 66.319ms to complete.
[2018.01.23-02.32.55:105][  0]LogFileHelpers: Loading map 'Level_01' took 2.715
[2018.01.23-02.32.55:395][  0]LogCollectionManager: Loaded 0 collections in 0.001875 seconds
[2018.01.23-02.32.55:498][  0]LogFileCache: Scanning file cache for directory 'C:/Users/Cosmotron/Documents/GitHub/VR_MultiPlayerShootout/MultiplayerShootout/Saved/Collections/' took 0.01s
[2018.01.23-02.32.55:498][  0]LogFileCache: Scanning file cache for directory 'C:/Users/Cosmotron/Documents/GitHub/VR_MultiPlayerShootout/MultiplayerShootout/Content/Developers/Cosmotron/Collections/' took 0.01s
[2018.01.23-02.32.55:498][  0]LogFileCache: Scanning file cache for directory 'C:/Users/Cosmotron/Documents/GitHub/VR_MultiPlayerShootout/MultiplayerShootout/Content/Collections/' took 0.01s
[2018.01.23-02.32.55:498][  0]LogCollectionManager: Rebuilt the GUID cache for 0 collections in 0.000000 seconds
[2018.01.23-02.32.55:509][  0]LogContentBrowser: Native class hierarchy populated in 0.0092 seconds. Added 2364 classes and 521 folders.
[2018.01.23-02.32.55:585][  0]LogContentBrowser: Native class hierarchy updated for 'WidgetCarousel' in 0.0003 seconds. Added 0 classes and 0 folders.
[2018.01.23-02.32.56:009][  0]LogContentBrowser: Native class hierarchy updated for 'AddContentDialog' in 0.0003 seconds. Added 0 classes and 0 folders.
[2018.01.23-02.32.56:169][  0]LogSlate: Took 0.009571 seconds to synchronously load lazily loaded font '../../../Engine/Content/Slate/Fonts/Roboto-Regular.ttf' (155K)
[2018.01.23-02.32.56:179][  0]LogSlate: Took 0.004563 seconds to synchronously load lazily loaded font '../../../Engine/Content/Slate/Fonts/Roboto-Bold.ttf' (160K)
[2018.01.23-02.32.56:187][  0]LogSlate: Took 0.005502 seconds to synchronously load lazily loaded font '../../../Engine/Content/Editor/Slate/Fonts/FontAwesome.ttf' (139K)
[2018.01.23-02.32.56:338][  0]LogRenderer: Reallocating scene render targets to support 1044x512 Format 10 NumSamples 1 (Frame:1).
[2018.01.23-02.32.56:599][  0]LogContentBrowser: Native class hierarchy updated for 'HierarchicalLODOutliner' in 0.0003 seconds. Added 1 classes and 2 folders.
[2018.01.23-02.32.56:599][  0]LogLoad: (Engine Initialization) Total time: 40.03 seconds
[2018.01.23-02.32.56:599][  0]LogLoad: (Engine Initialization) Total Blueprint compile time: 0.00 seconds
[2018.01.23-02.32.56:599][  0]LogExternalProfiler: No external profilers were discovered.  External profiling features will not be available.
[2018.01.23-02.32.56:641][  0]LogContentStreaming: Texture pool size now 1000 MB
[2018.01.23-02.32.56:705][  0]LogSlate: Took 0.006034 seconds to synchronously load lazily loaded font '../../../Engine/Content/Slate/Fonts/Roboto-Light.ttf' (159K)
[2018.01.23-02.32.56:738][  1]LogAssetRegistry: Asset discovery search completed in 22.1009 seconds
[2018.01.23-02.32.56:741][  1]LogCollectionManager: Rebuilt the object cache for 0 collections in 0.000000 seconds (found 0 objects)
[2018.01.23-02.32.56:741][  1]LogCollectionManager: Fixed up redirectors for 0 collections in 0.000072 seconds (updated 0 objects)
[2018.01.23-02.32.56:797][  3]LogStaticMesh: Allocated 496x129x64 distance field atlas = 7.8Mb, with 56 objects containing 3.2Mb backing data
[2018.01.23-02.33.29:106][915]LogSlate: Took 0.000200 seconds to synchronously load lazily loaded font '../../../Engine/Content/Slate/Fonts/Roboto-Light.ttf' (159K)
[2018.01.23-02.33.29:550][915]LogContentBrowser: Native class hierarchy updated for 'BlueprintGraph' in 0.0007 seconds. Added 116 classes and 0 folders.
[2018.01.23-02.33.30:504][915]LogSlate: Took 0.006296 seconds to synchronously load lazily loaded font '../../../Engine/Content/Editor/Slate/Fonts/Roboto-BoldCondensed.ttf' (158K)
[2018.01.23-02.33.30:723][916]LogSlate: Took 0.005768 seconds to synchronously load lazily loaded font '../../../Engine/Content/Editor/Slate/Fonts/Roboto-Italic.ttf' (157K)
[2018.01.23-02.34.14:417][465]LogScript: Warning: Accessed None trying to read property MotionController_R
	ThirdPerson_AnimBP_C /Engine/Transient.World_3:PersistentLevel.ThirdPersonCharacter_C_0.CharacterMesh0.ThirdPerson_AnimBP_C_0
	Function /Game/Mannequin/Animations/ThirdPerson_AnimBP.ThirdPerson_AnimBP_C:ExecuteUbergraph_ThirdPerson_AnimBP:03D9
[2018.01.23-02.34.14:417][465]LogScript: Warning: Accessed None trying to read property MotionController_L
	ThirdPerson_AnimBP_C /Engine/Transient.World_3:PersistentLevel.ThirdPersonCharacter_C_0.CharacterMesh0.ThirdPerson_AnimBP_C_0
	Function /Game/Mannequin/Animations/ThirdPerson_AnimBP.ThirdPerson_AnimBP_C:ExecuteUbergraph_ThirdPerson_AnimBP:043E
[2018.01.23-02.34.17:006][602]LogScript: Warning: Accessed None trying to read property MotionController_R
	ThirdPerson_AnimBP_C /Engine/Transient.World_4:PersistentLevel.ThirdPersonCharacter_C_1.CharacterMesh0.ThirdPerson_AnimBP_C_1
	Function /Game/Mannequin/Animations/ThirdPerson_AnimBP.ThirdPerson_AnimBP_C:ExecuteUbergraph_ThirdPerson_AnimBP:03D9
[2018.01.23-02.34.17:007][602]LogScript: Warning: Accessed None trying to read property MotionController_L
	ThirdPerson_AnimBP_C /Engine/Transient.World_4:PersistentLevel.ThirdPersonCharacter_C_1.CharacterMesh0.ThirdPerson_AnimBP_C_1
	Function /Game/Mannequin/Animations/ThirdPerson_AnimBP.ThirdPerson_AnimBP_C:ExecuteUbergraph_ThirdPerson_AnimBP:043E
[2018.01.23-02.36.08:223][107]LogSlate: Took 0.000174 seconds to synchronously load lazily loaded font '../../../Engine/Content/Slate/Fonts/Roboto-Light.ttf' (159K)
[2018.01.23-02.36.15:342][507]LogRenderer: Reallocating scene render targets to support 1112x676 Format 10 NumSamples 1 (Frame:1).
[2018.01.23-02.36.18:794][701]LogEditorTransaction: Undo Replace component used material
[2018.01.23-02.36.43:606][955]LogMaterial: Missing cached shader map for material Material_0, compiling. 
[2018.01.23-02.36.43:608][955]LogMaterial: Warning: /Engine/Transient.Material_0 (no disk path found): Failed to compile Material for platform PCD3D_SM5, Default Material will be used in game.
[2018.01.23-02.36.43:608][955]LogMaterial: 	SceneTexture expressions cannot be used in opaque materials
[2018.01.23-02.42.57:509][590]LogFileHelpers: Editor autosave (incl. sublevels) for '/Game/Maps/Level_01' took 0.067
[2018.01.23-02.48.10:121][392]BlueprintLog: New page: Compile ThirdPersonCharacter
[2018.01.23-02.48.10:213][392]LogScript: Warning: Accessed None trying to read property MotionController_R
	ThirdPerson_AnimBP_C /Engine/Transient.World_3:PersistentLevel.ThirdPersonCharacter_C_0.CharacterMesh0.ThirdPerson_AnimBP_C_2
	Function /Game/Mannequin/Animations/ThirdPerson_AnimBP.ThirdPerson_AnimBP_C:ExecuteUbergraph_ThirdPerson_AnimBP:03D9
[2018.01.23-02.48.10:213][392]LogScript: Warning: Accessed None trying to read property MotionController_L
	ThirdPerson_AnimBP_C /Engine/Transient.World_3:PersistentLevel.ThirdPersonCharacter_C_0.CharacterMesh0.ThirdPerson_AnimBP_C_2
	Function /Game/Mannequin/Animations/ThirdPerson_AnimBP.ThirdPerson_AnimBP_C:ExecuteUbergraph_ThirdPerson_AnimBP:043E
[2018.01.23-02.48.10:214][392]LogScript: Warning: Accessed None trying to read property MotionController_R
	ThirdPerson_AnimBP_C /Engine/Transient.World_3:PersistentLevel.ThirdPersonCharacter_C_0.CharacterMesh0.ThirdPerson_AnimBP_C_3
	Function /Game/Mannequin/Animations/ThirdPerson_AnimBP.ThirdPerson_AnimBP_C:ExecuteUbergraph_ThirdPerson_AnimBP:03D9
[2018.01.23-02.48.10:215][392]LogScript: Warning: Accessed None trying to read property MotionController_L
	ThirdPerson_AnimBP_C /Engine/Transient.World_3:PersistentLevel.ThirdPersonCharacter_C_0.CharacterMesh0.ThirdPerson_AnimBP_C_3
	Function /Game/Mannequin/Animations/ThirdPerson_AnimBP.ThirdPerson_AnimBP_C:ExecuteUbergraph_ThirdPerson_AnimBP:043E
[2018.01.23-02.48.10:216][392]LogScript: Warning: Accessed None trying to read property MotionController_R
	ThirdPerson_AnimBP_C /Engine/Transient.World_4:PersistentLevel.ThirdPersonCharacter_C_1.CharacterMesh0.ThirdPerson_AnimBP_C_4
	Function /Game/Mannequin/Animations/ThirdPerson_AnimBP.ThirdPerson_AnimBP_C:ExecuteUbergraph_ThirdPerson_AnimBP:03D9
[2018.01.23-02.48.10:216][392]LogScript: Warning: Accessed None trying to read property MotionController_L
	ThirdPerson_AnimBP_C /Engine/Transient.World_4:PersistentLevel.ThirdPersonCharacter_C_1.CharacterMesh0.ThirdPerson_AnimBP_C_4
	Function /Game/Mannequin/Animations/ThirdPerson_AnimBP.ThirdPerson_AnimBP_C:ExecuteUbergraph_ThirdPerson_AnimBP:043E
[2018.01.23-02.48.10:219][392]LogScript: Warning: Accessed None trying to read property MotionController_R
	ThirdPerson_AnimBP_C /Engine/Transient.World_4:PersistentLevel.ThirdPersonCharacter_C_1.CharacterMesh0.ThirdPerson_AnimBP_C_5
	Function /Game/Mannequin/Animations/ThirdPerson_AnimBP.ThirdPerson_AnimBP_C:ExecuteUbergraph_ThirdPerson_AnimBP:03D9
[2018.01.23-02.48.10:219][392]LogScript: Warning: Accessed None trying to read property MotionController_L
	ThirdPerson_AnimBP_C /Engine/Transient.World_4:PersistentLevel.ThirdPersonCharacter_C_1.CharacterMesh0.ThirdPerson_AnimBP_C_5
	Function /Game/Mannequin/Animations/ThirdPerson_AnimBP.ThirdPerson_AnimBP_C:ExecuteUbergraph_ThirdPerson_AnimBP:043E
[2018.01.23-02.48.10:574][392]LogScript: Warning: Accessed None trying to read property MotionController_R
	ThirdPerson_AnimBP_C /Engine/Transient.World_3:PersistentLevel.ThirdPersonCharacter_C_0.CharacterMesh0.ThirdPerson_AnimBP_C_3
	Function /Game/Mannequin/Animations/ThirdPerson_AnimBP.ThirdPerson_AnimBP_C:ExecuteUbergraph_ThirdPerson_AnimBP:03D9
[2018.01.23-02.48.10:574][392]LogScript: Warning: Accessed None trying to read property MotionController_L
	ThirdPerson_AnimBP_C /Engine/Transient.World_3:PersistentLevel.ThirdPersonCharacter_C_0.CharacterMesh0.ThirdPerson_AnimBP_C_3
	Function /Game/Mannequin/Animations/ThirdPerson_AnimBP.ThirdPerson_AnimBP_C:ExecuteUbergraph_ThirdPerson_AnimBP:043E
[2018.01.23-02.48.10:577][392]LogScript: Warning: Accessed None trying to read property MotionController_R
	ThirdPerson_AnimBP_C /Engine/Transient.World_4:PersistentLevel.ThirdPersonCharacter_C_1.CharacterMesh0.ThirdPerson_AnimBP_C_5
	Function /Game/Mannequin/Animations/ThirdPerson_AnimBP.ThirdPerson_AnimBP_C:ExecuteUbergraph_ThirdPerson_AnimBP:03D9
[2018.01.23-02.48.10:577][392]LogScript: Warning: Accessed None trying to read property MotionController_L
	ThirdPerson_AnimBP_C /Engine/Transient.World_4:PersistentLevel.ThirdPersonCharacter_C_1.CharacterMesh0.ThirdPerson_AnimBP_C_5
	Function /Game/Mannequin/Animations/ThirdPerson_AnimBP.ThirdPerson_AnimBP_C:ExecuteUbergraph_ThirdPerson_AnimBP:043E
[2018.01.23-02.48.10:579][392]LogScript: Warning: Accessed None trying to read property MotionController_R
	ThirdPerson_AnimBP_C /Engine/Transient.World_3:PersistentLevel.ThirdPersonCharacter_C_22.CharacterMesh0.ThirdPerson_AnimBP_C_6
	Function /Game/Mannequin/Animations/ThirdPerson_AnimBP.ThirdPerson_AnimBP_C:ExecuteUbergraph_ThirdPerson_AnimBP:03D9
[2018.01.23-02.48.10:579][392]LogScript: Warning: Accessed None trying to read property MotionController_L
	ThirdPerson_AnimBP_C /Engine/Transient.World_3:PersistentLevel.ThirdPersonCharacter_C_22.CharacterMesh0.ThirdPerson_AnimBP_C_6
	Function /Game/Mannequin/Animations/ThirdPerson_AnimBP.ThirdPerson_AnimBP_C:ExecuteUbergraph_ThirdPerson_AnimBP:043E
[2018.01.23-02.48.15:089][500]LogTemp: Repeating last play command: VR Preview
[2018.01.23-02.48.15:202][500]LogBlueprintUserMessages: Early PlayInEditor Detection: Level '/Game/Maps/Level_01.Level_01:PersistentLevel' has LevelScriptBlueprint '/Game/Maps/Level_01.Level_01:PersistentLevel.Level_01' with GeneratedClass '/Game/Maps/Level_01.Level_01_C' with ClassGeneratedBy '/Game/Maps/Level_01.Level_01:PersistentLevel.Level_01'
[2018.01.23-02.48.15:203][500]LogPlayLevel: PlayLevel: No blueprints needed recompiling
[2018.01.23-02.48.15:203][500]LogOnline: Display: OSS: FOnlineSubsystemNull::Shutdown()
[2018.01.23-02.48.15:203][500]LogOnline: Display: OSS: FOnlineAsyncTaskManager::Stop() ActiveTask:0000000000000000 Tasks[0/0]
[2018.01.23-02.48.15:205][500]LogOnline: Display: OSS: FOnlineAsyncTaskManager::Exit() started
[2018.01.23-02.48.15:205][500]LogOnline: Display: OSS: FOnlineAsyncTaskManager::Exit() finished
[2018.01.23-02.48.15:205][500]LogModuleManager: Warning: No filename provided for module OnlineSubsystemSteam
[2018.01.23-02.48.15:205][500]LogModuleManager: Warning: ModuleManager: Unable to load module 'OnlineSubsystemSteam' because the file 'C:/Program Files/Epic Games/UE_4.18/Engine/Binaries/Win64/' was not found.
[2018.01.23-02.48.15:218][500]PIE: New page: PIE session: Level_01 (Jan 22, 2018, 4:48:15 PM)
[2018.01.23-02.48.15:244][500]LogPlayLevel: Creating play world package: /Game/Maps/UEDPIE_0_Level_01
[2018.01.23-02.48.15:253][500]LogPlayLevel: PIE: StaticDuplicateObject took: (0.009501s)
[2018.01.23-02.48.15:254][500]LogAIModule: Creating AISystem for world Level_01
[2018.01.23-02.48.15:254][500]LogPlayLevel: PIE: World Init took: (0.000974s)
[2018.01.23-02.48.15:255][500]LogPlayLevel: PIE: Created PIE world by copying editor world from /Game/Maps/Level_01.Level_01 to /Game/Maps/UEDPIE_0_Level_01.Level_01 (0.010849s)
[2018.01.23-02.48.15:295][500]LogInit: XAudio2 using 'Speakers (Realtek High Definition Audio)' : 2 channels at 48 kHz using 32 bits per sample (channel mask 0x3)
[2018.01.23-02.48.15:317][500]LogInit: FAudioDevice initialized.
[2018.01.23-02.48.18:944][500]LogHMD: SteamVR initialized.  Driver: lighthouse  Display: LHR-25FB5BEE
[2018.01.23-02.48.18:999][500]LogLoad: Game class is 'MyGameMode_C'
[2018.01.23-02.48.19:005][500]LogWorld: Bringing World /Game/Maps/UEDPIE_0_Level_01.Level_01 up for play (max tick rate 0) at 2018.01.22-21.48.19
[2018.01.23-02.48.19:005][500]LogWorld: Bringing up level for play took: 0.002881
[2018.01.23-02.48.19:095][500]LogContentBrowser: Native class hierarchy updated for 'MovieSceneCapture' in 0.0003 seconds. Added 11 classes and 0 folders.
[2018.01.23-02.48.19:097][500]LogScript: Warning: Accessed None trying to read property MotionController_R
	ThirdPerson_AnimBP_C /Game/Maps/UEDPIE_0_Level_01.Level_01:PersistentLevel.ThirdPersonCharacter_C_0.CharacterMesh0.ThirdPerson_AnimBP_C_0
	Function /Game/Mannequin/Animations/ThirdPerson_AnimBP.ThirdPerson_AnimBP_C:ExecuteUbergraph_ThirdPerson_AnimBP:03D9
[2018.01.23-02.48.19:097][500]PIE: Error: Blueprint Runtime Error: Accessed None trying to read property MotionController_R from function: 'ExecuteUbergraph_ThirdPerson_AnimBP' from node: Set ControllerTransform_R in graph: EventGraph in object: ThirdPerson_AnimBP with description: Accessed None trying to read property MotionController_R
[2018.01.23-02.48.19:097][500]LogScript: Warning: Accessed None trying to read property MotionController_L
	ThirdPerson_AnimBP_C /Game/Maps/UEDPIE_0_Level_01.Level_01:PersistentLevel.ThirdPersonCharacter_C_0.CharacterMesh0.ThirdPerson_AnimBP_C_0
	Function /Game/Mannequin/Animations/ThirdPerson_AnimBP.ThirdPerson_AnimBP_C:ExecuteUbergraph_ThirdPerson_AnimBP:043E
[2018.01.23-02.48.19:097][500]PIE: Error: Blueprint Runtime Error: Accessed None trying to read property MotionController_L from function: 'ExecuteUbergraph_ThirdPerson_AnimBP' from node: Set ControllerTransform_L in graph: EventGraph in object: ThirdPerson_AnimBP with description: Accessed None trying to read property MotionController_L
[2018.01.23-02.48.19:100][500]LogGameMode: Display: Match State Changed from EnteringMap to WaitingToStart
[2018.01.23-02.48.19:100][500]LogGameState: Match State Changed from EnteringMap to WaitingToStart
[2018.01.23-02.48.19:101][500]LogGameMode: Display: Match State Changed from WaitingToStart to InProgress
[2018.01.23-02.48.19:102][500]LogGameState: Match State Changed from WaitingToStart to InProgress
[2018.01.23-02.48.19:107][500]PIE: Play in editor start time for /Game/Maps/UEDPIE_0_Level_01 3.066
[2018.01.23-02.48.19:108][500]LogBlueprintUserMessages: Late PlayInEditor Detection: Level '/Game/Maps/Level_01.Level_01:PersistentLevel' has LevelScriptBlueprint '/Game/Maps/Level_01.Level_01:PersistentLevel.Level_01' with GeneratedClass '/Game/Maps/Level_01.Level_01_C' with ClassGeneratedBy '/Game/Maps/Level_01.Level_01:PersistentLevel.Level_01'
[2018.01.23-02.48.19:161][501]LogRenderer: Reallocating scene render targets to support 2160x1200 Format 10 NumSamples 1 (Frame:1).
[2018.01.23-02.48.39:755][329]LogBlueprintUserMessages: Early EndPlayMap Detection: Level '/Game/Maps/Level_01.Level_01:PersistentLevel' has LevelScriptBlueprint '/Game/Maps/Level_01.Level_01:PersistentLevel.Level_01' with GeneratedClass '/Game/Maps/Level_01.Level_01_C' with ClassGeneratedBy '/Game/Maps/Level_01.Level_01:PersistentLevel.Level_01'
[2018.01.23-02.48.39:958][329]LogOnline: Display: OSS: FOnlineSubsystemNull::Shutdown()
[2018.01.23-02.48.39:958][329]LogOnline: Display: OSS: FOnlineAsyncTaskManager::Stop() ActiveTask:0000000000000000 Tasks[0/0]
[2018.01.23-02.48.39:959][329]LogOnline: Display: OSS: FOnlineAsyncTaskManager::Exit() started
[2018.01.23-02.48.39:959][329]LogOnline: Display: OSS: FOnlineAsyncTaskManager::Exit() finished
[2018.01.23-02.48.39:959][329]LogPlayLevel: Display: Shutting down PIE online subsystems
[2018.01.23-02.48.39:960][329]LogBlueprintUserMessages: Late EndPlayMap Detection: Level '/Game/Maps/Level_01.Level_01:PersistentLevel' has LevelScriptBlueprint '/Game/Maps/Level_01.Level_01:PersistentLevel.Level_01' with GeneratedClass '/Game/Maps/Level_01.Level_01_C' with ClassGeneratedBy '/Game/Maps/Level_01.Level_01:PersistentLevel.Level_01'
[2018.01.23-02.48.40:052][330]LogPlayLevel: Display: Destroying online subsystem :Context_10
[2018.01.23-02.48.40:052][330]LogOnline: Display: OSS: FOnlineSubsystemNull::Shutdown()
[2018.01.23-02.48.58:055][767]LogAIModule: Creating AISystem for world VR_level
[2018.01.23-02.49.00:664][767]LogSavePackage: Save=162.81ms
[2018.01.23-02.49.00:664][767]LogSavePackage: Moving '../../../../../../Users/Cosmotron/Documents/GitHub/VR_MultiPlayerShootout/MultiplayerShootout/Saved/ThirdPersonCharacter19395572404E3C088311239791DA5E08.tmp' to '../../../../../../Users/Cosmotron/Documents/GitHub/VR_MultiPlayerShootout/MultiplayerShootout/Content/ThirdPersonBP/Blueprints/ThirdPersonCharacter.uasset'
[2018.01.23-02.49.00:668][767]LogSavePackage: Display: Finished SavePackage ../../../../../../Users/Cosmotron/Documents/GitHub/VR_MultiPlayerShootout/MultiplayerShootout/Content/ThirdPersonBP/Blueprints/ThirdPersonCharacter.uasset
[2018.01.23-02.49.00:668][767]Cmd: MAP LOAD FILE="../../../../../../Users/Cosmotron/Documents/GitHub/VR_MultiPlayerShootout/MultiplayerShootout/Content/Maps/VR_level.umap" TEMPLATE=0 SHOWPROGRESS=1 FEATURELEVEL=3
[2018.01.23-02.49.00:669][767]LightingResults: New page: Lighting Build
[2018.01.23-02.49.00:669][767]LoadErrors: New page: Loading map: VR_level.umap
[2018.01.23-02.49.00:670][767]MapCheck: New page: Map Check
[2018.01.23-02.49.00:671][767]LightingResults: New page: Lighting Build
[2018.01.23-02.49.00:811][767]LogEditorServer: Finished looking for orphan Actors (0.000 secs)
[2018.01.23-02.49.00:839][767]LogSlate: Took 0.000192 seconds to synchronously load lazily loaded font '../../../Engine/Content/Slate/Fonts/Roboto-Regular.ttf' (155K)
[2018.01.23-02.49.00:881][767]Cmd: MAP CHECKDEP NOCLEARLOG
[2018.01.23-02.49.00:960][767]MapCheck: Map check complete: 0 Error(s), 0 Warning(s), took 78.88ms to complete.
[2018.01.23-02.49.00:960][767]LogFileHelpers: Loading map 'VR_level' took 0.292
[2018.01.23-02.49.04:636][972]LogTemp: Repeating last play command: VR Preview
[2018.01.23-02.49.04:671][972]LogBlueprintUserMessages: Early PlayInEditor Detection: Level '/Game/Maps/VR_level.VR_level:PersistentLevel' has LevelScriptBlueprint '/Game/Maps/VR_level.VR_level:PersistentLevel.VR_level' with GeneratedClass '/Game/Maps/VR_level.VR_level_C' with ClassGeneratedBy '/Game/Maps/VR_level.VR_level:PersistentLevel.VR_level'
[2018.01.23-02.49.04:671][972]LogPlayLevel: PlayLevel: No blueprints needed recompiling
[2018.01.23-02.49.04:672][972]PIE: New page: PIE session: VR_level (Jan 22, 2018, 4:49:04 PM)
[2018.01.23-02.49.04:672][972]LogPlayLevel: Creating play world package: /Game/Maps/UEDPIE_0_VR_level
[2018.01.23-02.49.04:678][972]LogPlayLevel: PIE: StaticDuplicateObject took: (0.006534s)
[2018.01.23-02.49.04:679][972]LogAIModule: Creating AISystem for world VR_level
[2018.01.23-02.49.04:679][972]LogPlayLevel: PIE: World Init took: (0.001055s)
[2018.01.23-02.49.04:680][972]LogPlayLevel: PIE: Created PIE world by copying editor world from /Game/Maps/VR_level.VR_level to /Game/Maps/UEDPIE_0_VR_level.VR_level (0.007979s)
[2018.01.23-02.49.04:720][972]LogInit: XAudio2 using 'Speakers (Realtek High Definition Audio)' : 2 channels at 48 kHz using 32 bits per sample (channel mask 0x3)
[2018.01.23-02.49.04:739][972]LogInit: FAudioDevice initialized.
[2018.01.23-02.49.04:830][972]LogLoad: Game class is 'MyGameMode_C'
[2018.01.23-02.49.04:836][972]LogWorld: Bringing World /Game/Maps/UEDPIE_0_VR_level.VR_level up for play (max tick rate 0) at 2018.01.22-21.49.04
[2018.01.23-02.49.04:837][972]LogWorld: Bringing up level for play took: 0.002576
[2018.01.23-02.49.04:851][972]LogScript: Warning: Accessed None trying to read property MotionController_R
	ThirdPerson_AnimBP_C /Game/Maps/UEDPIE_0_VR_level.VR_level:PersistentLevel.ThirdPersonCharacter_C_0.CharacterMesh0.ThirdPerson_AnimBP_C_0
	Function /Game/Mannequin/Animations/ThirdPerson_AnimBP.ThirdPerson_AnimBP_C:ExecuteUbergraph_ThirdPerson_AnimBP:03D9
[2018.01.23-02.49.04:852][972]PIE: Error: Blueprint Runtime Error: Accessed None trying to read property MotionController_R from function: 'ExecuteUbergraph_ThirdPerson_AnimBP' from node: Set ControllerTransform_R in graph: EventGraph in object: ThirdPerson_AnimBP with description: Accessed None trying to read property MotionController_R
[2018.01.23-02.49.04:852][972]LogScript: Warning: Accessed None trying to read property MotionController_L
	ThirdPerson_AnimBP_C /Game/Maps/UEDPIE_0_VR_level.VR_level:PersistentLevel.ThirdPersonCharacter_C_0.CharacterMesh0.ThirdPerson_AnimBP_C_0
	Function /Game/Mannequin/Animations/ThirdPerson_AnimBP.ThirdPerson_AnimBP_C:ExecuteUbergraph_ThirdPerson_AnimBP:043E
[2018.01.23-02.49.04:852][972]PIE: Error: Blueprint Runtime Error: Accessed None trying to read property MotionController_L from function: 'ExecuteUbergraph_ThirdPerson_AnimBP' from node: Set ControllerTransform_L in graph: EventGraph in object: ThirdPerson_AnimBP with description: Accessed None trying to read property MotionController_L
[2018.01.23-02.49.04:853][972]LogGameMode: Display: Match State Changed from EnteringMap to WaitingToStart
[2018.01.23-02.49.04:853][972]LogGameState: Match State Changed from EnteringMap to WaitingToStart
[2018.01.23-02.49.04:853][972]LogGameMode: Display: Match State Changed from WaitingToStart to InProgress
[2018.01.23-02.49.04:855][972]LogGameState: Match State Changed from WaitingToStart to InProgress
[2018.01.23-02.49.04:861][972]PIE: Play in editor start time for /Game/Maps/UEDPIE_0_VR_level 0.821
[2018.01.23-02.49.04:862][972]LogBlueprintUserMessages: Late PlayInEditor Detection: Level '/Game/Maps/VR_level.VR_level:PersistentLevel' has LevelScriptBlueprint '/Game/Maps/VR_level.VR_level:PersistentLevel.VR_level' with GeneratedClass '/Game/Maps/VR_level.VR_level_C' with ClassGeneratedBy '/Game/Maps/VR_level.VR_level:PersistentLevel.VR_level'
[2018.01.23-02.49.20:905][399]LogBlueprintUserMessages: Early EndPlayMap Detection: Level '/Game/Maps/VR_level.VR_level:PersistentLevel' has LevelScriptBlueprint '/Game/Maps/VR_level.VR_level:PersistentLevel.VR_level' with GeneratedClass '/Game/Maps/VR_level.VR_level_C' with ClassGeneratedBy '/Game/Maps/VR_level.VR_level:PersistentLevel.VR_level'
[2018.01.23-02.49.21:068][399]LogOnline: Display: OSS: FOnlineSubsystemNull::Shutdown()
[2018.01.23-02.49.21:068][399]LogOnline: Display: OSS: FOnlineAsyncTaskManager::Stop() ActiveTask:0000000000000000 Tasks[0/0]
[2018.01.23-02.49.21:069][399]LogOnline: Display: OSS: FOnlineAsyncTaskManager::Exit() started
[2018.01.23-02.49.21:069][399]LogOnline: Display: OSS: FOnlineAsyncTaskManager::Exit() finished
[2018.01.23-02.49.21:069][399]LogPlayLevel: Display: Shutting down PIE online subsystems
[2018.01.23-02.49.21:069][399]LogBlueprintUserMessages: Late EndPlayMap Detection: Level '/Game/Maps/VR_level.VR_level:PersistentLevel' has LevelScriptBlueprint '/Game/Maps/VR_level.VR_level:PersistentLevel.VR_level' with GeneratedClass '/Game/Maps/VR_level.VR_level_C' with ClassGeneratedBy '/Game/Maps/VR_level.VR_level:PersistentLevel.VR_level'
[2018.01.23-02.49.21:149][400]LogPlayLevel: Display: Destroying online subsystem :Context_11
[2018.01.23-02.49.21:149][400]LogOnline: Display: OSS: FOnlineSubsystemNull::Shutdown()
[2018.01.23-02.49.22:763][462]LogActorComponent: UnregisterComponent: (/Engine/Transient.EditorFloorComp) Not registered. Aborting.
[2018.01.23-02.49.23:077][463]Cmd: QUIT_EDITOR
[2018.01.23-02.49.23:122][463]LogWindowsTextInputMethodSystem: Display: IME system now deactivated.
[2018.01.23-02.49.23:138][463]LogExit: Preparing to exit.
[2018.01.23-02.49.24:006][463]LogDirectoryWatcher: A directory notification for 'C:/Users/Cosmotron/Documents/GitHub/VR_MultiPlayerShootout/MultiplayerShootout/Content/' was aborted.
[2018.01.23-02.49.24:065][463]LogExit: Editor shut down
[2018.01.23-02.49.24:069][463]LogExit: Transaction tracking system shut down
[2018.01.23-02.49.24:276][463]LogDirectoryWatcher: A directory notification for '../../../Engine/Content/' was aborted.
[2018.01.23-02.49.24:276][463]LogDirectoryWatcher: A directory notification for '../../../../../../Users/Cosmotron/Documents/GitHub/VR_MultiPlayerShootout/MultiplayerShootout/Content/' was aborted.
[2018.01.23-02.49.24:276][463]LogDirectoryWatcher: A directory notification for '../../../Engine/Plugins/2D/Paper2D/Content/' was aborted.
[2018.01.23-02.49.24:276][463]LogDirectoryWatcher: A directory notification for '../../../Engine/Plugins/Media/MediaCompositing/Content/' was aborted.
[2018.01.23-02.49.24:276][463]LogDirectoryWatcher: A directory notification for '../../../Engine/Plugins/Runtime/AppleARKit/Content/' was aborted.
[2018.01.23-02.49.24:276][463]LogDirectoryWatcher: A directory notification for '../../../Engine/Plugins/Runtime/Oculus/OculusVR/Content/' was aborted.
[2018.01.23-02.49.24:276][463]LogDirectoryWatcher: A directory notification for '../../../Engine/Plugins/Runtime/Steam/SteamVR/Content/' was aborted.
[2018.01.23-02.49.24:382][463]LogExit: Object subsystem successfully closed.
[2018.01.23-02.49.24:407][463]LogD3D11RHI: Shutdown
[2018.01.23-02.49.24:407][463]LogD3D11RHI: CleanupD3DDevice
[2018.01.23-02.49.24:411][463]LogD3D11RHI: ~FD3D11DynamicRHI
[2018.01.23-02.49.24:431][463]LogModuleManager: Shutting down and abandoning module MovieSceneCapture (557)
[2018.01.23-02.49.24:431][463]LogModuleManager: Shutting down and abandoning module Voice (555)
[2018.01.23-02.49.24:431][463]LogModuleManager: Shutting down and abandoning module SequencerWidgets (553)
[2018.01.23-02.49.24:431][463]LogModuleManager: Shutting down and abandoning module BlueprintGraph (551)
[2018.01.23-02.49.24:431][463]LogModuleManager: Shutting down and abandoning module HierarchicalLODOutliner (549)
[2018.01.23-02.49.24:431][463]LogModuleManager: Shutting down and abandoning module AddContentDialog (547)
[2018.01.23-02.49.24:431][463]LogDirectoryWatcher: A directory notification for 'C:/Program Files/Epic Games/UE_4.18/FeaturePacks/' was aborted.
[2018.01.23-02.49.24:432][463]LogModuleManager: Shutting down and abandoning module WidgetCarousel (546)
[2018.01.23-02.49.24:432][463]LogModuleManager: Shutting down and abandoning module EditorWidgets (543)
[2018.01.23-02.49.24:432][463]LogModuleManager: Shutting down and abandoning module CollectionManager (541)
[2018.01.23-02.49.24:432][463]LogDirectoryWatcher: A directory notification for 'C:/Users/Cosmotron/Documents/GitHub/VR_MultiPlayerShootout/MultiplayerShootout/Content/Collections/' was aborted.
[2018.01.23-02.49.24:433][463]LogDirectoryWatcher: A directory notification for 'C:/Users/Cosmotron/Documents/GitHub/VR_MultiPlayerShootout/MultiplayerShootout/Content/Developers/Cosmotron/Collections/' was aborted.
[2018.01.23-02.49.24:433][463]LogDirectoryWatcher: A directory notification for 'C:/Users/Cosmotron/Documents/GitHub/VR_MultiPlayerShootout/MultiplayerShootout/Saved/Collections/' was aborted.
[2018.01.23-02.49.24:433][463]LogModuleManager: Shutting down and abandoning module SceneOutliner (539)
[2018.01.23-02.49.24:433][463]LogModuleManager: Shutting down and abandoning module StatsViewer (537)
[2018.01.23-02.49.24:433][463]LogModuleManager: Shutting down and abandoning module FoliageEdit (535)
[2018.01.23-02.49.24:433][463]LogModuleManager: Shutting down and abandoning module LandscapeEditor (533)
[2018.01.23-02.49.24:433][463]LogModuleManager: Shutting down and abandoning module MeshPaintMode (531)
[2018.01.23-02.49.24:433][463]LogModuleManager: Shutting down and abandoning module SceneDepthPickerMode (529)
[2018.01.23-02.49.24:433][463]LogModuleManager: Shutting down and abandoning module ActorPickerMode (527)
[2018.01.23-02.49.24:433][463]LogModuleManager: Shutting down and abandoning module GeometryMode (525)
[2018.01.23-02.49.24:433][463]LogModuleManager: Shutting down and abandoning module TextureAlignMode (523)
[2018.01.23-02.49.24:433][463]LogModuleManager: Shutting down and abandoning module BspMode (521)
[2018.01.23-02.49.24:433][463]LogModuleManager: Shutting down and abandoning module PIEPreviewDeviceProfileSelector (519)
[2018.01.23-02.49.24:433][463]LogModuleManager: Shutting down and abandoning module HardwareSurvey (517)
[2018.01.23-02.49.24:433][463]LogModuleManager: Shutting down and abandoning module SequenceRecorderSections (515)
[2018.01.23-02.49.24:433][463]LogModuleManager: Shutting down and abandoning module AutomationWorker (513)
[2018.01.23-02.49.24:433][463]LogModuleManager: Shutting down and abandoning module MatineeToLevelSequence (511)
[2018.01.23-02.49.24:433][463]LogModuleManager: Shutting down and abandoning module LevelSequenceEditor (509)
[2018.01.23-02.49.24:434][463]LogModuleManager: Shutting down and abandoning module PlacementMode (508)
[2018.01.23-02.49.24:434][463]LogModuleManager: Shutting down and abandoning module WmfMediaFactory (505)
[2018.01.23-02.49.24:434][463]LogModuleManager: Shutting down and abandoning module WmfMediaEditor (503)
[2018.01.23-02.49.24:434][463]LogModuleManager: Shutting down and abandoning module OpenExrWrapper (501)
[2018.01.23-02.49.24:434][463]LogModuleManager: Shutting down and abandoning module ImgMediaFactory (499)
[2018.01.23-02.49.24:434][463]LogModuleManager: Shutting down and abandoning module ImgMediaEditor (497)
[2018.01.23-02.49.24:434][463]LogModuleManager: Shutting down and abandoning module AvfMediaFactory (495)
[2018.01.23-02.49.24:434][463]LogModuleManager: Shutting down and abandoning module AvfMediaEditor (493)
[2018.01.23-02.49.24:434][463]LogModuleManager: Shutting down and abandoning module AndroidMediaFactory (491)
[2018.01.23-02.49.24:434][463]LogModuleManager: Shutting down and abandoning module AndroidMediaEditor (489)
[2018.01.23-02.49.24:434][463]LogModuleManager: Shutting down and abandoning module CharacterAI (487)
[2018.01.23-02.49.24:434][463]LogModuleManager: Shutting down and abandoning module AudioCapture (485)
[2018.01.23-02.49.24:434][463]LogModuleManager: Shutting down and abandoning module SequenceRecorder (484)
[2018.01.23-02.49.24:434][463]LogModuleManager: Shutting down and abandoning module SmartSnapping (481)
[2018.01.23-02.49.24:434][463]LogModuleManager: Shutting down and abandoning module SessionServices (479)
[2018.01.23-02.49.24:434][463]LogModuleManager: Shutting down and abandoning module ViewportSnapping (477)
[2018.01.23-02.49.24:434][463]LogModuleManager: Shutting down and abandoning module ViewportInteraction (475)
[2018.01.23-02.49.24:434][463]LogModuleManager: Shutting down and abandoning module ClothPainter (473)
[2018.01.23-02.49.24:434][463]LogModuleManager: Shutting down and abandoning module SkeletalMeshEditor (472)
[2018.01.23-02.49.24:435][463]LogModuleManager: Shutting down and abandoning module LogVisualizer (469)
[2018.01.23-02.49.24:435][463]LogModuleManager: Shutting down and abandoning module IntroTutorials (467)
[2018.01.23-02.49.24:435][463]LogModuleManager: Shutting down and abandoning module GameProjectGeneration (466)
[2018.01.23-02.49.24:436][463]LogModuleManager: Shutting down and abandoning module IOSPlatformEditor (463)
[2018.01.23-02.49.24:436][463]LogModuleManager: Shutting down and abandoning module HTML5PlatformEditor (461)
[2018.01.23-02.49.24:436][463]LogModuleManager: Shutting down and abandoning module AndroidPlatformEditor (459)
[2018.01.23-02.49.24:436][463]LogModuleManager: Shutting down and abandoning module AndroidDeviceDetection (458)
[2018.01.23-02.49.25:179][463]LogModuleManager: Shutting down and abandoning module WindowsPlatformEditor (455)
[2018.01.23-02.49.25:179][463]LogModuleManager: Shutting down and abandoning module IOSRuntimeSettings (453)
[2018.01.23-02.49.25:179][463]LogModuleManager: Shutting down and abandoning module AndroidRuntimeSettings (451)
[2018.01.23-02.49.25:179][463]LogModuleManager: Shutting down and abandoning module InputBindingEditor (449)
[2018.01.23-02.49.25:179][463]LogModuleManager: Shutting down and abandoning module MergeActors (447)
[2018.01.23-02.49.25:180][463]LogModuleManager: Shutting down and abandoning module SizeMap (445)
[2018.01.23-02.49.25:180][463]LogModuleManager: Shutting down and abandoning module TreeMap (443)
[2018.01.23-02.49.25:180][463]LogModuleManager: Shutting down and abandoning module ReferenceViewer (441)
[2018.01.23-02.49.25:180][463]LogModuleManager: Shutting down and abandoning module LocalizationDashboard (439)
[2018.01.23-02.49.25:180][463]LogModuleManager: Shutting down and abandoning module LocalizationService (438)
[2018.01.23-02.49.25:180][463]LogModuleManager: Shutting down and abandoning module HardwareTargeting (435)
[2018.01.23-02.49.25:180][463]LogModuleManager: Shutting down and abandoning module DeviceProfileEditor (433)
[2018.01.23-02.49.25:180][463]LogModuleManager: Shutting down and abandoning module UndoHistory (431)
[2018.01.23-02.49.25:180][463]LogModuleManager: Shutting down and abandoning module XmlParser (429)
[2018.01.23-02.49.25:180][463]LogModuleManager: Shutting down and abandoning module Blutility (427)
[2018.01.23-02.49.25:180][463]LogModuleManager: Shutting down and abandoning module ProjectSettingsViewer (425)
[2018.01.23-02.49.25:180][463]LogModuleManager: Shutting down and abandoning module ProjectTargetPlatformEditor (424)
[2018.01.23-02.49.25:180][463]LogModuleManager: Shutting down and abandoning module EditorSettingsViewer (421)
[2018.01.23-02.49.25:180][463]LogModuleManager: Shutting down and abandoning module SettingsEditor (419)
[2018.01.23-02.49.25:181][463]LogModuleManager: Shutting down and abandoning module ProjectLauncher (417)
[2018.01.23-02.49.25:181][463]LogModuleManager: Shutting down and abandoning module SessionFrontend (415)
[2018.01.23-02.49.25:181][463]LogModuleManager: Shutting down and abandoning module ProfilerClient (413)
[2018.01.23-02.49.25:181][463]LogModuleManager: Shutting down and abandoning module DeviceManager (411)
[2018.01.23-02.49.25:181][463]LogModuleManager: Shutting down and abandoning module TargetDeviceServices (410)
[2018.01.23-02.49.25:245][463]LogModuleManager: Shutting down and abandoning module AutomationController (407)
[2018.01.23-02.49.25:246][463]LogModuleManager: Shutting down and abandoning module AutomationWindow (405)
[2018.01.23-02.49.25:246][463]LogModuleManager: Shutting down and abandoning module Layers (403)
[2018.01.23-02.49.25:247][463]LogModuleManager: Shutting down and abandoning module ComponentVisualizers (401)
[2018.01.23-02.49.25:247][463]LogModuleManager: Shutting down and abandoning module DetailCustomizations (399)
[2018.01.23-02.49.25:247][463]LogModuleManager: Shutting down and abandoning module PackagesDialog (397)
[2018.01.23-02.49.25:248][463]LogModuleManager: Shutting down and abandoning module Persona (395)
[2018.01.23-02.49.25:248][463]LogModuleManager: Shutting down and abandoning module AdvancedPreviewScene (394)
[2018.01.23-02.49.25:248][463]LogModuleManager: Shutting down and abandoning module AnimGraph (392)
[2018.01.23-02.49.25:248][463]LogModuleManager: Shutting down and abandoning module Kismet (389)
[2018.01.23-02.49.25:258][463]LogModuleManager: Shutting down and abandoning module ClassViewer (387)
[2018.01.23-02.49.25:259][463]LogModuleManager: Shutting down and abandoning module Toolbox (385)
[2018.01.23-02.49.25:259][463]LogModuleManager: Shutting down and abandoning module ModuleUI (383)
[2018.01.23-02.49.25:259][463]LogModuleManager: Shutting down and abandoning module MovieSceneTools (381)
[2018.01.23-02.49.25:259][463]LogModuleManager: Shutting down and abandoning module OutputLog (379)
[2018.01.23-02.49.25:259][463]LogModuleManager: Shutting down and abandoning module GammaUI (377)
[2018.01.23-02.49.25:259][463]LogModuleManager: Shutting down and abandoning module Documentation (375)
[2018.01.23-02.49.25:261][463]LogModuleManager: Shutting down and abandoning module MovieSceneTracks (373)
[2018.01.23-02.49.25:261][463]LogModuleManager: Shutting down and abandoning module MovieScene (371)
[2018.01.23-02.49.25:261][463]LogModuleManager: Shutting down and abandoning module StreamingPauseRendering (369)
[2018.01.23-02.49.25:261][463]LogModuleManager: Shutting down and abandoning module LauncherPlatform (367)
[2018.01.23-02.49.25:261][463]LogModuleManager: Shutting down and abandoning module AnalyticsET (365)
[2018.01.23-02.49.25:261][463]LogModuleManager: Shutting down and abandoning module PortalServices (363)
[2018.01.23-02.49.25:261][463]LogModuleManager: Shutting down and abandoning module PortalRpc (361)
[2018.01.23-02.49.25:261][463]LogModuleManager: Shutting down and abandoning module MessagingRpc (359)
[2018.01.23-02.49.25:261][463]LogModuleManager: Shutting down and abandoning module AIModule (357)
[2018.01.23-02.49.25:261][463]LogModuleManager: Shutting down and abandoning module GameplayDebugger (356)
[2018.01.23-02.49.25:261][463]LogModuleManager: Shutting down and abandoning module AITestSuite (354)
[2018.01.23-02.49.25:261][463]LogModuleManager: Shutting down and abandoning module DesktopPlatform (351)
[2018.01.23-02.49.25:261][463]LogModuleManager: Shutting down and abandoning module ProfilerService (349)
[2018.01.23-02.49.25:302][463]LogModuleManager: Shutting down and abandoning module TaskGraph (347)
[2018.01.23-02.49.25:302][463]LogModuleManager: Shutting down and abandoning module SteamVRController (345)
[2018.01.23-02.49.25:302][463]LogModuleManager: Shutting down and abandoning module ProceduralMeshComponentEditor (343)
[2018.01.23-02.49.25:302][463]LogModuleManager: Shutting down and abandoning module ProceduralMeshComponent (341)
[2018.01.23-02.49.25:302][463]LogModuleManager: Shutting down and abandoning module OculusInput (339)
[2018.01.23-02.49.25:303][463]LogModuleManager: Shutting down and abandoning module MobilePatchingUtils (337)
[2018.01.23-02.49.25:303][463]LogModuleManager: Shutting down and abandoning module CustomMeshComponent (335)
[2018.01.23-02.49.25:303][463]LogModuleManager: Shutting down and abandoning module CableComponent (333)
[2018.01.23-02.49.25:303][463]LogModuleManager: Shutting down and abandoning module ArchVisCharacter (331)
[2018.01.23-02.49.25:303][463]LogModuleManager: Shutting down and abandoning module AndroidPermission (329)
[2018.01.23-02.49.25:303][463]LogModuleManager: Shutting down and abandoning module ActorSequence (327)
[2018.01.23-02.49.25:303][463]LogModuleManager: Shutting down and abandoning module MediaPlayerEditor (325)
[2018.01.23-02.49.25:303][463]LogModuleManager: Shutting down and abandoning module MediaCompositingEditor (323)
[2018.01.23-02.49.25:303][463]LogModuleManager: Shutting down and abandoning module MediaCompositing (321)
[2018.01.23-02.49.25:303][463]LogModuleManager: Shutting down and abandoning module HTML5Networking (319)
[2018.01.23-02.49.25:303][463]LogModuleManager: Shutting down and abandoning module AlembicImporter (317)
[2018.01.23-02.49.25:303][463]LogModuleManager: Shutting down and abandoning module AlembicLibrary (316)
[2018.01.23-02.49.25:304][463]LogModuleManager: Shutting down and abandoning module GeometryCache (315)
[2018.01.23-02.49.25:304][463]LogModuleManager: Shutting down and abandoning module GeometryCacheEd (314)
[2018.01.23-02.49.25:304][463]LogModuleManager: Shutting down and abandoning module SpeedTreeImporter (309)
[2018.01.23-02.49.25:304][463]LogModuleManager: Shutting down and abandoning module PluginBrowser (307)
[2018.01.23-02.49.25:304][463]LogModuleManager: Shutting down and abandoning module MobileLauncherProfileWizard (305)
[2018.01.23-02.49.25:304][463]LogModuleManager: Shutting down and abandoning module VisualStudioSourceCodeAccess (303)
[2018.01.23-02.49.25:304][463]LogModuleManager: Shutting down and abandoning module VisualStudioCodeSourceCodeAccess (301)
[2018.01.23-02.49.25:304][463]LogModuleManager: Shutting down and abandoning module UObjectPlugin (299)
[2018.01.23-02.49.25:304][463]LogModuleManager: Shutting down and abandoning module SubversionSourceControl (297)
[2018.01.23-02.49.25:304][463]LogModuleManager: Shutting down and abandoning module PerforceSourceControl (295)
[2018.01.23-02.49.25:305][463]LogModuleManager: Shutting down and abandoning module GitSourceControl (293)
[2018.01.23-02.49.25:305][463]LogModuleManager: Shutting down and abandoning module SourceControl (292)
[2018.01.23-02.49.25:306][463]LogModuleManager: Shutting down and abandoning module LightPropagationVolumeEditor (289)
[2018.01.23-02.49.25:306][463]LogModuleManager: Shutting down and abandoning module PaperTiledImporter (287)
[2018.01.23-02.49.25:306][463]LogModuleManager: Shutting down and abandoning module PaperSpriteSheetImporter (285)
[2018.01.23-02.49.25:306][463]LogModuleManager: Shutting down and abandoning module Paper2DEditor (283)
[2018.01.23-02.49.25:306][463]LogModuleManager: Shutting down and abandoning module MeshPaint (282)
[2018.01.23-02.49.25:306][463]LogModuleManager: Shutting down and abandoning module LevelEditor (280)
[2018.01.23-02.49.25:307][463]LogModuleManager: Shutting down and abandoning module PixelInspectorModule (279)
[2018.01.23-02.49.25:307][463]LogModuleManager: Shutting down and abandoning module MainFrame (277)
[2018.01.23-02.49.25:307][463]LogModuleManager: Shutting down and abandoning module HotReload (276)
[2018.01.23-02.49.25:308][463]LogModuleManager: Shutting down and abandoning module RuntimePhysXCooking (271)
[2018.01.23-02.49.25:308][463]LogModuleManager: Shutting down and abandoning module PhysXVehiclesEditor (269)
[2018.01.23-02.49.25:308][463]LogModuleManager: Shutting down and abandoning module PhysXVehicles (267)
[2018.01.23-02.49.25:308][463]LogModuleManager: Shutting down and abandoning module OculusEditor (265)
[2018.01.23-02.49.25:308][463]LogModuleManager: Shutting down and abandoning module LocationServicesBPLibrary (263)
[2018.01.23-02.49.25:308][463]LogModuleManager: Shutting down and abandoning module ImmediatePhysicsEditor (261)
[2018.01.23-02.49.25:308][463]LogModuleManager: Shutting down and abandoning module ImmediatePhysics (259)
[2018.01.23-02.49.25:308][463]LogModuleManager: Shutting down and abandoning module UdpMessaging (257)
[2018.01.23-02.49.25:408][463]LogModuleManager: Shutting down and abandoning module TcpMessaging (255)
[2018.01.23-02.49.25:509][463]LogModuleManager: Shutting down and abandoning module GameplayTagsEditor (253)
[2018.01.23-02.49.25:509][463]LogModuleManager: Shutting down and abandoning module FacialAnimationEditor (251)
[2018.01.23-02.49.25:509][463]LogModuleManager: Shutting down and abandoning module FacialAnimation (249)
[2018.01.23-02.49.25:509][463]LogModuleManager: Shutting down and abandoning module AssetManagerEditor (247)
[2018.01.23-02.49.25:509][463]LogModuleManager: Shutting down and abandoning module GraphEditor (246)
[2018.01.23-02.49.25:509][463]LogModuleManager: Shutting down and abandoning module ContentBrowser (244)
[2018.01.23-02.49.25:510][463]LogModuleManager: Shutting down and abandoning module LightPropagationVolumeRuntime (241)
[2018.01.23-02.49.25:510][463]LogModuleManager: Shutting down and abandoning module Paper2D (239)
[2018.01.23-02.49.25:510][463]LogModuleManager: Shutting down and abandoning module WindowsMoviePlayer (237)
[2018.01.23-02.49.25:510][463]LogModuleManager: Shutting down and abandoning module WmfMedia (235)
[2018.01.23-02.49.25:514][463]LogModuleManager: Shutting down and abandoning module ImgMedia (233)
[2018.01.23-02.49.25:514][463]LogModuleManager: Shutting down and abandoning module PacketHandler (231)
[2018.01.23-02.49.25:514][463]LogModuleManager: Shutting down and abandoning module ClothingSystemEditor (229)
[2018.01.23-02.49.25:514][463]LogModuleManager: Shutting down and abandoning module ClothingSystemRuntime (227)
[2018.01.23-02.49.25:514][463]LogModuleManager: Shutting down and abandoning module MediaAssets (225)
[2018.01.23-02.49.25:514][463]LogModuleManager: Shutting down and abandoning module Media (224)
[2018.01.23-02.49.25:521][463]LogModuleManager: Shutting down and abandoning module Overlay (221)
[2018.01.23-02.49.25:521][463]LogModuleManager: Shutting down and abandoning module OverlayEditor (220)
[2018.01.23-02.49.25:521][463]LogModuleManager: Shutting down and abandoning module VREditor (217)
[2018.01.23-02.49.25:521][463]LogModuleManager: Shutting down and abandoning module StringTableEditor (215)
[2018.01.23-02.49.25:521][463]LogModuleManager: Shutting down and abandoning module GameplayTasksEditor (213)
[2018.01.23-02.49.25:521][463]LogModuleManager: Shutting down and abandoning module BehaviorTreeEditor (211)
[2018.01.23-02.49.25:522][463]LogModuleManager: Shutting down and abandoning module FunctionalTesting (209)
[2018.01.23-02.49.25:522][463]LogModuleManager: Shutting down and abandoning module CollisionAnalyzer (207)
[2018.01.23-02.49.25:522][463]LogModuleManager: Shutting down and abandoning module WorkspaceMenuStructure (206)
[2018.01.23-02.49.25:522][463]LogModuleManager: Shutting down and abandoning module UMG (203)
[2018.01.23-02.49.25:522][463]LogModuleManager: Shutting down and abandoning module UMGEditor (202)
[2018.01.23-02.49.25:522][463]LogModuleManager: Shutting down and abandoning module Sequencer (201)
[2018.01.23-02.49.25:522][463]LogModuleManager: Shutting down and abandoning module MessageLog (198)
[2018.01.23-02.49.25:522][463]LogModuleManager: Shutting down and abandoning module SlateReflector (193)
[2018.01.23-02.49.25:523][463]LogModuleManager: Shutting down and abandoning module Slate (191)
[2018.01.23-02.49.25:523][463]LogModuleManager: Shutting down and abandoning module EditorStyle (189)
[2018.01.23-02.49.25:525][463]LogModuleManager: Shutting down and abandoning module MRMesh (187)
[2018.01.23-02.49.25:525][463]LogModuleManager: Shutting down and abandoning module SourceCodeAccess (185)
[2018.01.23-02.49.25:525][463]LogModuleManager: Shutting down and abandoning module HeadMountedDisplay (183)
[2018.01.23-02.49.25:525][463]LogModuleManager: Shutting down and abandoning module XAudio2 (181)
[2018.01.23-02.49.25:525][463]LogModuleManager: Shutting down and abandoning module Networking (179)
[2018.01.23-02.49.25:525][463]LogModuleManager: Shutting down and abandoning module Core (177)
[2018.01.23-02.49.25:525][463]LogModuleManager: Shutting down and abandoning module LevelSequence (173)
[2018.01.23-02.49.25:525][463]LogModuleManager: Shutting down and abandoning module DirectoryWatcher (171)
[2018.01.23-02.49.25:526][463]LogModuleManager: Shutting down and abandoning module KismetCompiler (169)
[2018.01.23-02.49.25:526][463]LogModuleManager: Shutting down and abandoning module MeshUtilities (167)
[2018.01.23-02.49.25:526][463]LogModuleManager: Shutting down and abandoning module MeshMergeUtilities (166)
[2018.01.23-02.49.25:526][463]LogModuleManager: Shutting down and abandoning module MeshReductionInterface (165)
[2018.01.23-02.49.25:526][463]LogModuleManager: Shutting down and abandoning module SimplygonSwarm (164)
[2018.01.23-02.49.25:527][463]LogModuleManager: Shutting down and abandoning module SimplygonMeshReduction (162)
[2018.01.23-02.49.25:527][463]LogModuleManager: Shutting down and abandoning module QuadricMeshReduction (160)
[2018.01.23-02.49.25:527][463]LogModuleManager: Shutting down and abandoning module MaterialBaking (156)
[2018.01.23-02.49.25:527][463]LogModuleManager: Shutting down and abandoning module DerivedDataCache (153)
[2018.01.23-02.49.25:579][463]LogDerivedDataCache: Shutdown
[2018.01.23-02.49.25:579][463]LogModuleManager: Shutting down and abandoning module TargetPlatform (151)
[2018.01.23-02.49.25:579][463]LogModuleManager: Shutting down and abandoning module VulkanShaderFormat (150)
[2018.01.23-02.49.25:579][463]LogModuleManager: Shutting down and abandoning module ShaderFormatVectorVM (148)
[2018.01.23-02.49.25:580][463]LogModuleManager: Shutting down and abandoning module ShaderFormatOpenGL (146)
[2018.01.23-02.49.25:580][463]LogModuleManager: Shutting down and abandoning module ShaderFormatD3D (144)
[2018.01.23-02.49.25:580][463]LogModuleManager: Shutting down and abandoning module MetalShaderFormat (142)
[2018.01.23-02.49.25:581][463]LogModuleManager: Shutting down and abandoning module TextureFormatUncompressed (140)
[2018.01.23-02.49.25:581][463]LogModuleManager: Shutting down and abandoning module TextureFormatPVR (138)
[2018.01.23-02.49.25:581][463]LogModuleManager: Shutting down and abandoning module TextureFormatDXT (136)
[2018.01.23-02.49.25:581][463]LogModuleManager: Shutting down and abandoning module TextureFormatIntelISPCTexComp (134)
[2018.01.23-02.49.25:581][463]LogModuleManager: Shutting down and abandoning module TextureFormatASTC (132)
[2018.01.23-02.49.25:581][463]LogModuleManager: Shutting down and abandoning module ImageWrapper (131)
[2018.01.23-02.49.25:581][463]LogModuleManager: Shutting down and abandoning module TextureFormatAndroid (128)
[2018.01.23-02.49.25:581][463]LogModuleManager: Shutting down and abandoning module AudioFormatOpus (126)
[2018.01.23-02.49.25:581][463]LogModuleManager: Shutting down and abandoning module AudioFormatOgg (124)
[2018.01.23-02.49.25:581][463]LogModuleManager: Shutting down and abandoning module AudioFormatADPCM (122)
[2018.01.23-02.49.25:581][463]LogModuleManager: Shutting down and abandoning module LinuxTargetPlatform (120)
[2018.01.23-02.49.25:581][463]LogModuleManager: Shutting down and abandoning module LinuxServerTargetPlatform (118)
[2018.01.23-02.49.25:581][463]LogModuleManager: Shutting down and abandoning module LinuxNoEditorTargetPlatform (116)
[2018.01.23-02.49.25:581][463]LogModuleManager: Shutting down and abandoning module LinuxClientTargetPlatform (114)
[2018.01.23-02.49.25:581][463]LogModuleManager: Shutting down and abandoning module TVOSTargetPlatform (112)
[2018.01.23-02.49.25:581][463]LogModuleManager: Shutting down and abandoning module Messaging (110)
[2018.01.23-02.49.25:581][463]LogModuleManager: Shutting down and abandoning module IOSTargetPlatform (108)
[2018.01.23-02.49.25:581][463]LogModuleManager: Shutting down and abandoning module HTML5TargetPlatform (106)
[2018.01.23-02.49.25:581][463]LogModuleManager: Shutting down and abandoning module AndroidTargetPlatform (104)
[2018.01.23-02.49.25:581][463]LogModuleManager: Shutting down and abandoning module Android_PVRTCTargetPlatform (102)
[2018.01.23-02.49.25:581][463]LogModuleManager: Shutting down and abandoning module Android_MultiTargetPlatform (100)
[2018.01.23-02.49.25:581][463]LogModuleManager: Shutting down and abandoning module Android_ETC2TargetPlatform (98)
[2018.01.23-02.49.25:581][463]LogModuleManager: Shutting down and abandoning module Android_ETC1TargetPlatform (96)
[2018.01.23-02.49.25:581][463]LogModuleManager: Shutting down and abandoning module Android_DXTTargetPlatform (94)
[2018.01.23-02.49.25:581][463]LogModuleManager: Shutting down and abandoning module Android_ATCTargetPlatform (92)
[2018.01.23-02.49.25:581][463]LogModuleManager: Shutting down and abandoning module Android_ASTCTargetPlatform (90)
[2018.01.23-02.49.25:581][463]LogModuleManager: Shutting down and abandoning module WindowsTargetPlatform (88)
[2018.01.23-02.49.25:581][463]LogModuleManager: Shutting down and abandoning module WindowsServerTargetPlatform (86)
[2018.01.23-02.49.25:581][463]LogModuleManager: Shutting down and abandoning module WindowsNoEditorTargetPlatform (84)
[2018.01.23-02.49.25:581][463]LogModuleManager: Shutting down and abandoning module WindowsClientTargetPlatform (82)
[2018.01.23-02.49.25:581][463]LogModuleManager: Shutting down and abandoning module MacTargetPlatform (80)
[2018.01.23-02.49.25:581][463]LogModuleManager: Shutting down and abandoning module MacServerTargetPlatform (78)
[2018.01.23-02.49.25:581][463]LogModuleManager: Shutting down and abandoning module MacNoEditorTargetPlatform (76)
[2018.01.23-02.49.25:581][463]LogModuleManager: Shutting down and abandoning module MacClientTargetPlatform (74)
[2018.01.23-02.49.25:581][463]LogModuleManager: Shutting down and abandoning module AllDesktopTargetPlatform (72)
[2018.01.23-02.49.25:581][463]LogModuleManager: Shutting down and abandoning module InputCore (69)
[2018.01.23-02.49.25:581][463]LogModuleManager: Shutting down and abandoning module Settings (67)
[2018.01.23-02.49.25:581][463]LogModuleManager: Shutting down and abandoning module PhysXCooking (65)
[2018.01.23-02.49.25:581][463]LogModuleManager: Shutting down and abandoning module SteamVR (63)
[2018.01.23-02.49.25:581][463]LogModuleManager: Shutting down and abandoning module OculusHMD (61)
[2018.01.23-02.49.25:582][463]LogModuleManager: Shutting down and abandoning module ExampleDeviceProfileSelector (59)
[2018.01.23-02.49.25:582][463]LogModuleManager: Shutting down and abandoning module AppleARKit (57)
[2018.01.23-02.49.25:582][463]LogModuleManager: Shutting down and abandoning module AugmentedReality (56)
[2018.01.23-02.49.25:582][463]LogModuleManager: Shutting down and abandoning module OnlineBlueprintSupport (53)
[2018.01.23-02.49.25:582][463]LogModuleManager: Shutting down and abandoning module OnlineSubsystem (49)
[2018.01.23-02.49.25:582][463]LogOnline: Display: OSS: FOnlineSubsystemNull::Shutdown()
[2018.01.23-02.49.25:582][463]LogOnline: Display: OSS: FOnlineAsyncTaskManager::Stop() ActiveTask:0000000000000000 Tasks[0/0]
[2018.01.23-02.49.25:582][463]LogOnline: Display: OSS: FOnlineAsyncTaskManager::Exit() started
[2018.01.23-02.49.25:582][463]LogOnline: Display: OSS: FOnlineAsyncTaskManager::Exit() finished
[2018.01.23-02.49.25:582][463]LogModuleManager: Shutting down and abandoning module XMPP (43)
[2018.01.23-02.49.25:583][463]LogModuleManager: Shutting down and abandoning module HTTP (41)
[2018.01.23-02.49.25:583][463]LogHttp: Display: Http module shutting down, but needs to wait on 1 outstanding Http requests:
[2018.01.23-02.49.25:583][463]LogHttp: Display: 	verb=[POST] url=[https://datarouter.ol.epicgames.com/datarouter/api/v1/public/data?SessionID=%7B6D5EDC71-4450-0D21-9BB1-86809999F504%7D&AppID=UEEditor.Rocket.Release&AppVersion=4.18.3-3832480%2B%2B%2BUE4%2BRelease-4.18&UserID=a198cc664e80f62bffec53ae281df260%7Caede66b47dc74c7dbc239fe2c29745e4%7Cd3a968a9-d84c-4791-baa5-56d6482b1928&AppEnvironment=datacollector-binary&UploadType=eteventstream] status=Processing
[2018.01.23-02.49.25:607][463]LogModuleManager: Shutting down and abandoning module SSL (40)
[2018.01.23-02.49.25:608][463]LogModuleManager: Shutting down and abandoning module AnimationModifiers (36)
[2018.01.23-02.49.25:608][463]LogModuleManager: Shutting down and abandoning module PropertyEditor (35)
[2018.01.23-02.49.25:608][463]LogModuleManager: Shutting down and abandoning module AudioEditor (32)
[2018.01.23-02.49.25:609][463]LogModuleManager: Shutting down and abandoning module TextureCompressor (30)
[2018.01.23-02.49.25:609][463]LogModuleManager: Shutting down and abandoning module ShaderCore (28)
[2018.01.23-02.49.25:609][463]LogModuleManager: Shutting down and abandoning module Landscape (26)
[2018.01.23-02.49.25:609][463]LogModuleManager: Shutting down and abandoning module SlateRHIRenderer (24)
[2018.01.23-02.49.25:611][463]LogModuleManager: Shutting down and abandoning module OpenGLDrv (22)
[2018.01.23-02.49.25:612][463]LogModuleManager: Shutting down and abandoning module D3D11RHI (20)
[2018.01.23-02.49.25:612][463]LogModuleManager: Shutting down and abandoning module AnimGraphRuntime (18)
[2018.01.23-02.49.25:612][463]LogModuleManager: Shutting down and abandoning module Renderer (16)
[2018.01.23-02.49.25:612][463]LogModuleManager: Shutting down and abandoning module Engine (14)
[2018.01.23-02.49.25:612][463]LogModuleManager: Shutting down and abandoning module CoreUObject (12)
[2018.01.23-02.49.25:612][463]LogModuleManager: Shutting down and abandoning module NetworkFile (10)
[2018.01.23-02.49.25:612][463]LogModuleManager: Shutting down and abandoning module CookedIterativeFile (8)
[2018.01.23-02.49.25:612][463]LogModuleManager: Shutting down and abandoning module StreamingFile (6)
[2018.01.23-02.49.25:612][463]LogModuleManager: Shutting down and abandoning module SandboxFile (4)
[2018.01.23-02.49.25:612][463]LogModuleManager: Shutting down and abandoning module PakFile (2)
[2018.01.23-02.49.25:616][463]LogExit: Exiting.
[2018.01.23-02.49.25:637][463]Log file closed, 01/22/18 21:49:25
