Log file open, 02/16/18 18:52:00
LogWindows: Failed to load 'aqProf.dll' (GetLastError=126)
LogWindows: File 'aqProf.dll' does not exist
LogWindows: Failed to load 'VSPerf140.dll' (GetLastError=126)
LogWindows: File 'VSPerf140.dll' does not exist
LogWindows: Failed to load 'VtuneApi.dll' (GetLastError=126)
LogWindows: File 'VtuneApi.dll' does not exist
LogWindows: Failed to load 'VtuneApi32e.dll' (GetLastError=126)
LogWindows: File 'VtuneApi32e.dll' does not exist
LogInit: Display: Running engine for game: MultiplayerShootout
LogPlatformFile: Not using cached read wrapper
LogInit: Display: RandInit(-2022164568) SRandInit(-2022164568).
LogInit: Read version file with build ID '3709383'
LogInit: Overriding engine version to CL 3832480, compatible CL 3709383
LogInit: Registered custom module enumerator with build ID '3709383'
LogTaskGraph: Started task graph with 5 named threads and 8 total threads with 3 sets of task threads.
LogStats: Stats thread started at 0.159762
LogD3D11RHI: Aftermath initialized
LogModuleManager: Display: Found up-to-date module file ../../../Engine/Plugins/2D/Paper2D/Binaries/Win64/UE4Editor-Paper2D.dll (API version 3709383).
LogModuleManager: Display: Found up-to-date module file ../../../Engine/Plugins/2D/Paper2D/Binaries/Win64/UE4Editor-Paper2DEditor.dll (API version 3709383).
LogModuleManager: Display: Found up-to-date module file ../../../Engine/Plugins/2D/Paper2D/Binaries/Win64/UE4Editor-PaperSpriteSheetImporter.dll (API version 3709383).
LogModuleManager: Display: Found up-to-date module file ../../../Engine/Plugins/2D/Paper2D/Binaries/Win64/UE4Editor-PaperTiledImporter.dll (API version 3709383).
LogModuleManager: Display: Found up-to-date module file ../../../Engine/Plugins/2D/Paper2D/Binaries/Win64/UE4Editor-SmartSnapping.dll (API version 3709383).
LogModuleManager: Display: Found up-to-date module file ../../../Engine/Plugins/Blendables/LightPropagationVolume/Binaries/Win64/UE4Editor-LightPropagationVolumeRuntime.dll (API version 3709383).
LogModuleManager: Display: Found up-to-date module file ../../../Engine/Plugins/Blendables/LightPropagationVolume/Binaries/Win64/UE4Editor-LightPropagationVolumeEditor.dll (API version 3709383).
LogModuleManager: Display: Found up-to-date module file ../../../Engine/Plugins/Developer/GitSourceControl/Binaries/Win64/UE4Editor-GitSourceControl.dll (API version 3709383).
LogModuleManager: Display: Found up-to-date module file ../../../Engine/Plugins/Developer/PerforceSourceControl/Binaries/Win64/UE4Editor-PerforceSourceControl.dll (API version 3709383).
LogModuleManager: Display: Found up-to-date module file ../../../Engine/Plugins/Developer/SubversionSourceControl/Binaries/Win64/UE4Editor-SubversionSourceControl.dll (API version 3709383).
LogModuleManager: Display: Found up-to-date module file ../../../Engine/Plugins/Developer/UObjectPlugin/Binaries/Win64/UE4Editor-UObjectPlugin.dll (API version 3709383).
LogModuleManager: Display: Found up-to-date module file ../../../Engine/Plugins/Developer/VisualStudioCodeSourceCodeAccess/Binaries/Win64/UE4Editor-VisualStudioCodeSourceCodeAccess.dll (API version 3709383).
LogModuleManager: Display: Found up-to-date module file ../../../Engine/Plugins/Developer/VisualStudioSourceCodeAccess/Binaries/Win64/UE4Editor-VisualStudioSourceCodeAccess.dll (API version 3709383).
LogModuleManager: Display: Found up-to-date module file ../../../Engine/Plugins/Editor/AssetManagerEditor/Binaries/Win64/UE4Editor-AssetManagerEditor.dll (API version 3709383).
LogModuleManager: Display: Found up-to-date module file ../../../Engine/Plugins/Editor/AudioCapture/Binaries/Win64/UE4Editor-AudioCapture.dll (API version 3709383).
LogModuleManager: Display: Found up-to-date module file ../../../Engine/Plugins/Editor/FacialAnimation/Binaries/Win64/UE4Editor-FacialAnimation.dll (API version 3709383).
LogModuleManager: Display: Found up-to-date module file ../../../Engine/Plugins/Editor/FacialAnimation/Binaries/Win64/UE4Editor-FacialAnimationEditor.dll (API version 3709383).
LogModuleManager: Display: Found up-to-date module file ../../../Engine/Plugins/Editor/GameplayTagsEditor/Binaries/Win64/UE4Editor-GameplayTagsEditor.dll (API version 3709383).
LogModuleManager: Display: Found up-to-date module file ../../../Engine/Plugins/Editor/MobileLauncherProfileWizard/Binaries/Win64/UE4Editor-MobileLauncherProfileWizard.dll (API version 3709383).
LogModuleManager: Display: Found up-to-date module file ../../../Engine/Plugins/Editor/PluginBrowser/Binaries/Win64/UE4Editor-PluginBrowser.dll (API version 3709383).
LogModuleManager: Display: Found up-to-date module file ../../../Engine/Plugins/Editor/SpeedTreeImporter/Binaries/Win64/UE4Editor-SpeedTreeImporter.dll (API version 3709383).
LogModuleManager: Display: Found up-to-date module file ../../../Engine/Plugins/Experimental/AlembicImporter/Binaries/Win64/UE4Editor-AlembicImporter.dll (API version 3709383).
LogModuleManager: Display: Found up-to-date module file ../../../Engine/Plugins/Experimental/AlembicImporter/Binaries/Win64/UE4Editor-AlembicLibrary.dll (API version 3709383).
LogModuleManager: Display: Found up-to-date module file ../../../Engine/Plugins/Experimental/CharacterAI/Binaries/Win64/UE4Editor-CharacterAI.dll (API version 3709383).
LogModuleManager: Display: Found up-to-date module file ../../../Engine/Plugins/Experimental/HTML5Networking/Binaries/Win64/UE4Editor-HTML5Networking.dll (API version 3709383).
LogModuleManager: Display: Found up-to-date module file ../../../Engine/Plugins/Media/AndroidMedia/Binaries/Win64/UE4Editor-AndroidMediaEditor.dll (API version 3709383).
LogModuleManager: Display: Found up-to-date module file ../../../Engine/Plugins/Media/AndroidMedia/Binaries/Win64/UE4Editor-AndroidMediaFactory.dll (API version 3709383).
LogModuleManager: Display: Found up-to-date module file ../../../Engine/Plugins/Media/AvfMedia/Binaries/Win64/UE4Editor-AvfMediaEditor.dll (API version 3709383).
LogModuleManager: Display: Found up-to-date module file ../../../Engine/Plugins/Media/AvfMedia/Binaries/Win64/UE4Editor-AvfMediaFactory.dll (API version 3709383).
LogModuleManager: Display: Found up-to-date module file ../../../Engine/Plugins/Media/AvfMedia/Binaries/Win64/UE4Editor-AvfMediaFactory.dll (API version 3709383).
LogModuleManager: Display: Found up-to-date module file ../../../Engine/Plugins/Media/ImgMedia/Binaries/Win64/UE4Editor-ImgMedia.dll (API version 3709383).
LogModuleManager: Display: Found up-to-date module file ../../../Engine/Plugins/Media/ImgMedia/Binaries/Win64/UE4Editor-ImgMediaEditor.dll (API version 3709383).
LogModuleManager: Display: Found up-to-date module file ../../../Engine/Plugins/Media/ImgMedia/Binaries/Win64/UE4Editor-ImgMediaFactory.dll (API version 3709383).
LogModuleManager: Display: Found up-to-date module file ../../../Engine/Plugins/Media/ImgMedia/Binaries/Win64/UE4Editor-ImgMediaFactory.dll (API version 3709383).
LogModuleManager: Display: Found up-to-date module file ../../../Engine/Plugins/Media/ImgMedia/Binaries/Win64/UE4Editor-OpenExrWrapper.dll (API version 3709383).
LogModuleManager: Display: Found up-to-date module file ../../../Engine/Plugins/Media/MediaCompositing/Binaries/Win64/UE4Editor-MediaCompositing.dll (API version 3709383).
LogModuleManager: Display: Found up-to-date module file ../../../Engine/Plugins/Media/MediaCompositing/Binaries/Win64/UE4Editor-MediaCompositingEditor.dll (API version 3709383).
LogModuleManager: Display: Found up-to-date module file ../../../Engine/Plugins/Media/MediaPlayerEditor/Binaries/Win64/UE4Editor-MediaPlayerEditor.dll (API version 3709383).
LogModuleManager: Display: Found up-to-date module file ../../../Engine/Plugins/Media/WmfMedia/Binaries/Win64/UE4Editor-WmfMedia.dll (API version 3709383).
LogModuleManager: Display: Found up-to-date module file ../../../Engine/Plugins/Media/WmfMedia/Binaries/Win64/UE4Editor-WmfMediaEditor.dll (API version 3709383).
LogModuleManager: Display: Found up-to-date module file ../../../Engine/Plugins/Media/WmfMedia/Binaries/Win64/UE4Editor-WmfMediaFactory.dll (API version 3709383).
LogModuleManager: Display: Found up-to-date module file ../../../Engine/Plugins/Media/WmfMedia/Binaries/Win64/UE4Editor-WmfMediaFactory.dll (API version 3709383).
LogModuleManager: Display: Found up-to-date module file ../../../Engine/Plugins/Messaging/TcpMessaging/Binaries/Win64/UE4Editor-TcpMessaging.dll (API version 3709383).
LogModuleManager: Display: Found up-to-date module file ../../../Engine/Plugins/Messaging/UdpMessaging/Binaries/Win64/UE4Editor-UdpMessaging.dll (API version 3709383).
LogModuleManager: Display: Found up-to-date module file ../../../Engine/Plugins/MovieScene/ActorSequence/Binaries/Win64/UE4Editor-ActorSequence.dll (API version 3709383).
LogModuleManager: Display: Found up-to-date module file ../../../Engine/Plugins/MovieScene/LevelSequenceEditor/Binaries/Win64/UE4Editor-LevelSequenceEditor.dll (API version 3709383).
LogModuleManager: Display: Found up-to-date module file ../../../Engine/Plugins/MovieScene/MatineeToLevelSequence/Binaries/Win64/UE4Editor-MatineeToLevelSequence.dll (API version 3709383).
LogModuleManager: Display: Found up-to-date module file ../../../Engine/Plugins/Online/OnlineSubsystem/Binaries/Win64/UE4Editor-OnlineSubsystem.dll (API version 3709383).
LogModuleManager: Display: Found up-to-date module file ../../../Engine/Plugins/Runtime/AndroidPermission/Binaries/Win64/UE4Editor-AndroidPermission.dll (API version 3709383).
LogModuleManager: Display: Found up-to-date module file ../../../Engine/Plugins/Online/OnlineSubsystemNull/Binaries/Win64/UE4Editor-OnlineSubsystemNull.dll (API version 3709383).
LogModuleManager: Display: Found up-to-date module file ../../../Engine/Plugins/Online/OnlineSubsystemUtils/Binaries/Win64/UE4Editor-OnlineSubsystemUtils.dll (API version 3709383).
LogModuleManager: Display: Found up-to-date module file ../../../Engine/Plugins/Online/OnlineSubsystemUtils/Binaries/Win64/UE4Editor-OnlineBlueprintSupport.dll (API version 3709383).
LogModuleManager: Display: Found up-to-date module file ../../../Engine/Plugins/Runtime/AndroidDeviceProfileSelector/Binaries/Win64/UE4Editor-AndroidDeviceProfileSelector.dll (API version 3709383).
LogModuleManager: Display: Found up-to-date module file ../../../Engine/Plugins/Runtime/AppleARKit/Binaries/Win64/UE4Editor-AppleARKit.dll (API version 3709383).
LogModuleManager: Display: Found up-to-date module file ../../../Engine/Plugins/Runtime/ArchVisCharacter/Binaries/Win64/UE4Editor-ArchVisCharacter.dll (API version 3709383).
LogModuleManager: Display: Found up-to-date module file ../../../Engine/Plugins/Runtime/CableComponent/Binaries/Win64/UE4Editor-CableComponent.dll (API version 3709383).
LogModuleManager: Display: Found up-to-date module file ../../../Engine/Plugins/Runtime/CustomMeshComponent/Binaries/Win64/UE4Editor-CustomMeshComponent.dll (API version 3709383).
LogModuleManager: Display: Found up-to-date module file ../../../Engine/Plugins/Runtime/ExampleDeviceProfileSelector/Binaries/Win64/UE4Editor-ExampleDeviceProfileSelector.dll (API version 3709383).
LogModuleManager: Display: Found up-to-date module file ../../../Engine/Plugins/Runtime/ImmediatePhysics/Binaries/Win64/UE4Editor-ImmediatePhysics.dll (API version 3709383).
LogModuleManager: Display: Found up-to-date module file ../../../Engine/Plugins/Runtime/ImmediatePhysics/Binaries/Win64/UE4Editor-ImmediatePhysicsEditor.dll (API version 3709383).
LogModuleManager: Display: Found up-to-date module file ../../../Engine/Plugins/Runtime/LocationServicesBPLibrary/Binaries/Win64/UE4Editor-LocationServicesBPLibrary.dll (API version 3709383).
LogModuleManager: Display: Found up-to-date module file ../../../Engine/Plugins/Runtime/MobilePatchingUtils/Binaries/Win64/UE4Editor-MobilePatchingUtils.dll (API version 3709383).
LogModuleManager: Display: Found up-to-date module file ../../../Engine/Plugins/Runtime/Oculus/OculusVR/Binaries/Win64/UE4Editor-OculusHMD.dll (API version 3709383).
LogModuleManager: Display: Found up-to-date module file ../../../Engine/Plugins/Runtime/Oculus/OculusVR/Binaries/Win64/UE4Editor-OculusInput.dll (API version 3709383).
LogModuleManager: Display: Found up-to-date module file ../../../Engine/Plugins/Runtime/Oculus/OculusVR/Binaries/Win64/UE4Editor-OculusEditor.dll (API version 3709383).
LogModuleManager: Display: Found up-to-date module file ../../../Engine/Plugins/Runtime/PhysXVehicles/Binaries/Win64/UE4Editor-PhysXVehicles.dll (API version 3709383).
LogModuleManager: Display: Found up-to-date module file ../../../Engine/Plugins/Runtime/PhysXVehicles/Binaries/Win64/UE4Editor-PhysXVehiclesEditor.dll (API version 3709383).
LogModuleManager: Display: Found up-to-date module file ../../../Engine/Plugins/Runtime/ProceduralMeshComponent/Binaries/Win64/UE4Editor-ProceduralMeshComponent.dll (API version 3709383).
LogModuleManager: Display: Found up-to-date module file ../../../Engine/Plugins/Runtime/ProceduralMeshComponent/Binaries/Win64/UE4Editor-ProceduralMeshComponentEditor.dll (API version 3709383).
LogModuleManager: Display: Found up-to-date module file ../../../Engine/Plugins/Runtime/RuntimePhysXCooking/Binaries/Win64/UE4Editor-RuntimePhysXCooking.dll (API version 3709383).
LogModuleManager: Display: Found up-to-date module file ../../../Engine/Plugins/Runtime/Steam/SteamVR/Binaries/Win64/UE4Editor-SteamVR.dll (API version 3709383).
LogModuleManager: Display: Found up-to-date module file ../../../Engine/Plugins/Runtime/Steam/SteamVR/Binaries/Win64/UE4Editor-SteamVRController.dll (API version 3709383).
LogModuleManager: Display: Found up-to-date module file ../../../Engine/Plugins/Runtime/WindowsMoviePlayer/Binaries/Win64/UE4Editor-WindowsMoviePlayer.dll (API version 3709383).
LogPluginManager: Mounting plugin Paper2D
LogPluginManager: Mounting plugin LightPropagationVolume
LogPluginManager: Mounting plugin CodeLiteSourceCodeAccess
LogPluginManager: Mounting plugin GitSourceControl
LogPluginManager: Mounting plugin KDevelopSourceCodeAccess
LogPluginManager: Mounting plugin NullSourceCodeAccess
LogPluginManager: Mounting plugin PerforceSourceControl
LogPluginManager: Mounting plugin SubversionSourceControl
LogPluginManager: Mounting plugin UObjectPlugin
LogPluginManager: Mounting plugin VisualStudioCodeSourceCodeAccess
LogPluginManager: Mounting plugin VisualStudioSourceCodeAccess
LogPluginManager: Mounting plugin XCodeSourceCodeAccess
LogPluginManager: Mounting plugin AssetManagerEditor
LogPluginManager: Mounting plugin AudioCapture
LogPluginManager: Mounting plugin FacialAnimation
LogPluginManager: Mounting plugin GameplayTagsEditor
LogPluginManager: Mounting plugin MobileLauncherProfileWizard
LogPluginManager: Mounting plugin PluginBrowser
LogPluginManager: Mounting plugin SpeedTreeImporter
LogPluginManager: Mounting plugin AlembicImporter
LogPluginManager: Mounting plugin CharacterAI
LogPluginManager: Mounting plugin HTML5Networking
LogPluginManager: Mounting plugin AndroidMedia
LogPluginManager: Mounting plugin AvfMedia
LogPluginManager: Mounting plugin ImgMedia
LogPluginManager: Mounting plugin MediaCompositing
LogPluginManager: Mounting plugin MediaPlayerEditor
LogPluginManager: Mounting plugin WmfMedia
LogPluginManager: Mounting plugin TcpMessaging
LogPluginManager: Mounting plugin UdpMessaging
LogPluginManager: Mounting plugin ActorSequence
LogPluginManager: Mounting plugin LevelSequenceEditor
LogPluginManager: Mounting plugin MatineeToLevelSequence
LogPluginManager: Mounting plugin OnlineSubsystemGooglePlay
LogPluginManager: Mounting plugin OnlineSubsystemIOS
LogPluginManager: Mounting plugin OnlineSubsystem
LogPluginManager: Mounting plugin OnlineSubsystemNull
LogPluginManager: Mounting plugin OnlineSubsystemUtils
LogPluginManager: Mounting plugin AndroidDeviceProfileSelector
LogPluginManager: Mounting plugin AndroidMoviePlayer
LogPluginManager: Mounting plugin AndroidPermission
LogPluginManager: Mounting plugin AppleARKit
LogPluginManager: Mounting plugin AppleMoviePlayer
LogPluginManager: Mounting plugin ArchVisCharacter
LogPluginManager: Mounting plugin CableComponent
LogPluginManager: Mounting plugin CustomMeshComponent
LogPluginManager: Mounting plugin ExampleDeviceProfileSelector
LogPluginManager: Mounting plugin GoogleCloudMessaging
LogPluginManager: Mounting plugin ImmediatePhysics
LogPluginManager: Mounting plugin IOSDeviceProfileSelector
LogPluginManager: Mounting plugin LinuxDeviceProfileSelector
LogPluginManager: Mounting plugin LocationServicesBPLibrary
LogPluginManager: Mounting plugin MobilePatchingUtils
LogPluginManager: Mounting plugin OculusVR
LogPluginManager: Plugin shader directory ../../../Engine/Plugins/Runtime/Oculus/OculusVR/Shaders found
LogPluginManager: Mapping shader source directory ../../../Engine/Plugins/Runtime/Oculus/OculusVR/Shaders to virtual directory /Plugin/OculusVR
LogPluginManager: Mounting plugin PhysXVehicles
LogPluginManager: Mounting plugin ProceduralMeshComponent
LogPluginManager: Mounting plugin RuntimePhysXCooking
LogPluginManager: Mounting plugin SteamVR
LogPluginManager: Mounting plugin WindowsMoviePlayer
LogInit: Using libcurl 7.47.1
LogInit:  - built for x86_64-pc-win32
LogInit:  - supports SSL with OpenSSL/1.0.2g
LogInit:  - supports HTTP deflate (compression) using libz 1.2.8
LogInit:  - other features:
LogInit:      CURL_VERSION_SSL
LogInit:      CURL_VERSION_LIBZ
LogInit:      CURL_VERSION_IPV6
LogInit:      CURL_VERSION_ASYNCHDNS
LogInit:      CURL_VERSION_LARGEFILE
LogInit:      CURL_VERSION_IDN
LogInit:  CurlRequestOptions (configurable via config and command line):
LogInit:  - bVerifyPeer = false  - Libcurl will NOT verify peer certificate
LogInit:  - bUseHttpProxy = false  - Libcurl will NOT use HTTP proxy
LogInit:  - bDontReuseConnections = false  - Libcurl will reuse connections
LogInit:  - CertBundlePath = nullptr  - Libcurl will use whatever was configured at build time.
LogModuleManager: Warning: No filename provided for module OnlineSubsystemSteam
LogModuleManager: Warning: ModuleManager: Unable to load module 'OnlineSubsystemSteam' because the file 'C:/Program Files/Epic Games/UE_4.18/Engine/Binaries/Win64/' was not found.
LogInit: WinSock: version 1.1 (2.2), MaxSocks=32767, MaxUdp=65467
LogInit: Build: ++UE4+Release-4.18-CL-3832480
LogInit: Engine Version: 4.18.3-3832480+++UE4+Release-4.18
LogInit: Compatible Engine Version: 4.18.0-3709383+++UE4+Release-4.18
LogInit: Net CL: 3709383
LogDevObjectVersion: Number of dev versions registered: 16
LogDevObjectVersion:   Dev-Blueprints (B0D832E4-1F89-4F0D-ACCF-7EB736FD4AA2): 10
LogDevObjectVersion:   Dev-Build (E1C64328-A22C-4D53-A36C-8E866417BD8C): 0
LogDevObjectVersion:   Dev-Core (375EC13C-06E4-48FB-B500-84F0262A717E): 2
LogDevObjectVersion:   Dev-Editor (E4B068ED-F494-42E9-A231-DA0B2E46BB41): 20
LogDevObjectVersion:   Dev-Framework (CFFC743F-43B0-4480-9391-14DF171D2073): 30
LogDevObjectVersion:   Dev-Mobile (B02B49B5-BB20-44E9-A304-32B752E40360): 0
LogDevObjectVersion:   Dev-Networking (A4E4105C-59A1-49B5-A7C5-40C4547EDFEE): 0
LogDevObjectVersion:   Dev-Online (39C831C9-5AE6-47DC-9A44-9C173E1C8E7C): 0
LogDevObjectVersion:   Dev-Physics (78F01B33-EBEA-4F98-B9B4-84EACCB95AA2): 0
LogDevObjectVersion:   Dev-Platform (6631380F-2D4D-43E0-8009-CF276956A95A): 0
LogDevObjectVersion:   Dev-Rendering (12F88B9F-8875-4AFC-A67C-D90C383ABD29): 20
LogDevObjectVersion:   Dev-Sequencer (7B5AE74C-D270-4C10-A958-57980B212A5A): 4
LogDevObjectVersion:   Dev-VR (D7296918-1DD6-4BDD-9DE2-64A83CC13884): 0
LogDevObjectVersion:   Dev-LoadTimes (C2A15278-BFE7-4AFE-6C17-90FF531DF755): 1
LogDevObjectVersion:   Private-Geometry (6EACA3D4-40EC-4CC1-B786-8BED09428FC5): 1
LogDevObjectVersion:   Dev-AnimPhys (29E575DD-E0A3-4627-9D10-D276232CDCEA): 12
LogInit: Compiled (64-bit): Jan 12 2018 02:04:55
LogInit: Compiled with Visual C++: 19.00.24215.01
LogInit: Build Configuration: Development
LogInit: Branch Name: ++UE4+Release-4.18
LogInit: Command line:  
LogInit: Base directory: C:/Program Files/Epic Games/UE_4.18/Engine/Binaries/Win64/
LogInit: Installed Engine Build: 1
LogInit: Presizing for max 8388607 objects, including 0 objects not considered by GC, pre-allocating 0 bytes for permanent pool.
LogInit: Object subsystem initialized
[2018.02.16-23.52.02:657][  0]LogInit: Selected Device Profile: [Windows]
[2018.02.16-23.52.02:657][  0]LogInit: Applying CVar settings loaded from the selected device profile: [Windows]
[2018.02.16-23.52.02:688][  0]LogInit: Computer: LAPTOP-M1106EE9
[2018.02.16-23.52.02:688][  0]LogInit: User: Andres
[2018.02.16-23.52.02:688][  0]LogInit: CPU Page size=4096, Cores=2
[2018.02.16-23.52.02:689][  0]LogInit: High frequency timer resolution =2.648442 MHz
[2018.02.16-23.52.02:689][  0]LogMemory: Memory total: Physical=7.9GB (8GB approx)
[2018.02.16-23.52.02:689][  0]LogMemory: Platform Memory Stats for Windows
[2018.02.16-23.52.02:689][  0]LogMemory: Process Physical Memory: 272.34 MB used, 272.34 MB peak
[2018.02.16-23.52.02:689][  0]LogMemory: Process Virtual Memory: 269.30 MB used, 269.30 MB peak
[2018.02.16-23.52.02:689][  0]LogMemory: Physical Memory: 5263.29 MB used,  2810.18 MB free, 8073.47 MB total
[2018.02.16-23.52.02:689][  0]LogMemory: Virtual Memory: 680.36 MB used,  2810.18 MB free, 134217728.00 MB total
[2018.02.16-23.52.02:914][  0]LogInit: Using OS detected language (en-US).
[2018.02.16-23.52.02:914][  0]LogInit: Using OS detected locale (en-US).
[2018.02.16-23.52.02:996][  0]LogTextLocalizationManager: No specific localization for 'en-US' exists, so the 'en' localization will be used.
[2018.02.16-23.52.03:580][  0]LogInit: Setting process to per monitor DPI aware
[2018.02.16-23.52.06:361][  0]LogD3D11RHI: D3D11 adapters:
[2018.02.16-23.52.06:370][  0]LogD3D11RHI:    0. 'Intel(R) HD Graphics 620' (Feature Level 11_0)
[2018.02.16-23.52.06:371][  0]LogD3D11RHI:       128/0/4036 MB DedicatedVideo/DedicatedSystem/SharedSystem, Outputs:1, VendorId:0x8086
[2018.02.16-23.52.06:374][  0]LogD3D11RHI:    1. 'Microsoft Basic Render Driver' (Feature Level 11_0)
[2018.02.16-23.52.06:374][  0]LogD3D11RHI:       0/0/4036 MB DedicatedVideo/DedicatedSystem/SharedSystem, Outputs:0, VendorId:0x1414
[2018.02.16-23.52.06:374][  0]LogD3D11RHI: Chosen D3D11 Adapter: 0
[2018.02.16-23.52.06:381][  0]LogD3D11RHI: Creating new Direct3DDevice
[2018.02.16-23.52.06:381][  0]LogD3D11RHI:     GPU DeviceId: 0x5916 (for the marketing name, search the web for "GPU Device Id")
[2018.02.16-23.52.06:381][  0]LogWindows: EnumDisplayDevices:
[2018.02.16-23.52.06:381][  0]LogWindows:    0. 'Intel(R) HD Graphics 620' (P:1 D:1)
[2018.02.16-23.52.06:381][  0]LogWindows:    1. 'Intel(R) HD Graphics 620' (P:0 D:0)
[2018.02.16-23.52.06:381][  0]LogWindows:    2. 'Intel(R) HD Graphics 620' (P:0 D:0)
[2018.02.16-23.52.06:381][  0]LogWindows: DebugString: GetVideoDriverDetailsInvalid PrimaryIsNotTheChoosenAdapter GetVideoDriverDetailsInvalid PrimaryIsNotTheChoosenAdapter GetVideoDriverDetailsInvalid PrimaryIsNotTheChoosenAdapter FoundDriverCount:0 
[2018.02.16-23.52.06:381][  0]LogD3D11RHI:     Adapter Name: Intel(R) HD Graphics 620
[2018.02.16-23.52.06:381][  0]LogD3D11RHI:   Driver Version: Unknown (internal:Unknown, unified:Unknown)
[2018.02.16-23.52.06:381][  0]LogD3D11RHI:      Driver Date: Unknown
[2018.02.16-23.52.06:381][  0]LogRHI: Texture pool is 1502 MB (70% of 2146 MB)
[2018.02.16-23.52.06:388][  0]LogD3D11RHI: Async texture creation enabled
[2018.02.16-23.52.06:393][  0]LogD3D11RHI: GPU Timing Frequency: 12.000000 (Debug: 2 0)
[2018.02.16-23.52.06:394][  0]LogShaderCompilers: Guid format shader working directory is -44 characters bigger than the processId version (../../../../../../Users/Andres/Documents/GitHub/VR_MultiPlayerShootout/MultiplayerShootout/Intermediate/Shaders/WorkingDirectory/13152/).
[2018.02.16-23.52.06:395][  0]LogShaderCompilers: Cleaned the shader compiler working directory 'C:/Users/Andres/AppData/Local/Temp/UnrealShaderWorkingDir/CDEC86454BED613BDE77FE915D2425D4/'.
[2018.02.16-23.52.06:395][  0]LogShaderCompilers: Display: Using Local Shader Compiler.
[2018.02.16-23.52.08:510][  0]LogTemp: Display: Loaded TP AllDesktopTargetPlatform
[2018.02.16-23.52.08:563][  0]LogTemp: Display: Loaded TP MacClientTargetPlatform
[2018.02.16-23.52.08:615][  0]LogTemp: Display: Loaded TP MacNoEditorTargetPlatform
[2018.02.16-23.52.08:668][  0]LogTemp: Display: Loaded TP MacServerTargetPlatform
[2018.02.16-23.52.08:725][  0]LogTemp: Display: Loaded TP MacTargetPlatform
[2018.02.16-23.52.08:778][  0]LogTemp: Display: Loaded TP WindowsClientTargetPlatform
[2018.02.16-23.52.08:832][  0]LogTemp: Display: Loaded TP WindowsNoEditorTargetPlatform
[2018.02.16-23.52.08:885][  0]LogTemp: Display: Loaded TP WindowsServerTargetPlatform
[2018.02.16-23.52.08:932][  0]LogTemp: Display: Loaded TP WindowsTargetPlatform
[2018.02.16-23.52.08:985][  0]LogTemp: Display: Loaded TP Android_ASTCTargetPlatform
[2018.02.16-23.52.09:038][  0]LogTemp: Display: Loaded TP Android_ATCTargetPlatform
[2018.02.16-23.52.09:090][  0]LogTemp: Display: Loaded TP Android_DXTTargetPlatform
[2018.02.16-23.52.09:146][  0]LogTemp: Display: Loaded TP Android_ETC1TargetPlatform
[2018.02.16-23.52.09:198][  0]LogTemp: Display: Loaded TP Android_ETC2TargetPlatform
[2018.02.16-23.52.09:303][  0]LogTemp: Display: Loaded TP Android_MultiTargetPlatform
[2018.02.16-23.52.09:303][  0]LogTemp: Display: Loaded TP Android_PVRTCTargetPlatform
[2018.02.16-23.52.09:362][  0]LogTemp: Display: Loaded TP AndroidTargetPlatform
[2018.02.16-23.52.09:403][  0]LogTemp: Display: Loaded TP HTML5TargetPlatform
[2018.02.16-23.52.09:504][  0]LogTemp: Display: Loaded TP IOSTargetPlatform
[2018.02.16-23.52.09:534][  0]LogTemp: Display: Loaded TP TVOSTargetPlatform
[2018.02.16-23.52.09:589][  0]LogTemp: Display: Loaded TP LinuxClientTargetPlatform
[2018.02.16-23.52.09:641][  0]LogTemp: Display: Loaded TP LinuxNoEditorTargetPlatform
[2018.02.16-23.52.09:693][  0]LogTemp: Display: Loaded TP LinuxServerTargetPlatform
[2018.02.16-23.52.09:749][  0]LogTemp: Display: Loaded TP LinuxTargetPlatform
[2018.02.16-23.52.09:749][  0]LogTargetPlatformManager: Display: Building Assets For Windows
[2018.02.16-23.52.10:265][  0]LogDerivedDataCache: Display: Max Cache Size: 512 MB
[2018.02.16-23.52.11:020][  0]LogDerivedDataCache: Loaded boot cache 0.75s 78MB C:/Users/Andres/AppData/Local/UnrealEngine/4.18/DerivedDataCache/Boot.ddc.
[2018.02.16-23.52.11:020][  0]LogDerivedDataCache: Display: Loaded Boot cache: C:/Users/Andres/AppData/Local/UnrealEngine/4.18/DerivedDataCache/Boot.ddc
[2018.02.16-23.52.11:020][  0]LogDerivedDataCache: FDerivedDataBackendGraph:  Pak pak cache file ../../../../../../Users/Andres/Documents/GitHub/VR_MultiPlayerShootout/MultiplayerShootout/DerivedDataCache/DDC.ddp not found, will not use a pak cache.
[2018.02.16-23.52.11:020][  0]LogDerivedDataCache: Unable to find inner node Pak for hierarchical cache Hierarchy.
[2018.02.16-23.52.11:020][  0]LogDerivedDataCache: FDerivedDataBackendGraph:  CompressedPak pak cache file ../../../../../../Users/Andres/Documents/GitHub/VR_MultiPlayerShootout/MultiplayerShootout/DerivedDataCache/Compressed.ddp not found, will not use a pak cache.
[2018.02.16-23.52.11:020][  0]LogDerivedDataCache: Unable to find inner node CompressedPak for hierarchical cache Hierarchy.
[2018.02.16-23.52.11:057][  0]LogDerivedDataCache: Display: Pak cache opened for reading ../../../Engine/DerivedDataCache/Compressed.ddp.
[2018.02.16-23.52.11:069][  0]LogDerivedDataCache: Using Local data cache path C:/Users/Andres/AppData/Local/UnrealEngine/Common/DerivedDataCache: Writable
[2018.02.16-23.52.11:071][  0]LogMaterial: Verifying Global Shaders for PCD3D_SM5
[2018.02.16-23.52.12:407][  0]LogSlate: Using Freetype 2.6.0
[2018.02.16-23.52.12:427][  0]LogSlate: SlateFontCache - WITH_FREETYPE: 1, WITH_HARFBUZZ: 1
[2018.02.16-23.52.12:427][  0]LogSlate: SlateFontCache - WITH_FREETYPE: 1, WITH_HARFBUZZ: 1
[2018.02.16-23.52.13:620][  0]LogInit: Selected Device Profile: [Windows]
[2018.02.16-23.52.14:095][  0]LogSimplygon: Simplygon DLL not present - disabling.
[2018.02.16-23.52.14:171][  0]LogMeshReduction: Using SimplygonSwarm for distributed automatic mesh merging
[2018.02.16-23.52.14:171][  0]LogMeshReduction: Using QuadricMeshReduction for automatic static mesh reduction
[2018.02.16-23.52.14:171][  0]LogMeshReduction: No automatic skeletal mesh reduction module available
[2018.02.16-23.52.14:171][  0]LogMeshReduction: No automatic mesh merging module available
[2018.02.16-23.52.14:171][  0]LogMeshMerging: No automatic mesh merging module available
[2018.02.16-23.52.14:287][  0]LogMaterial: Missing cached shader map for material WorldGridMaterial, compiling. Is special engine material.
[2018.02.16-23.56.28:138][  0]LogMeshUtilities: Finished distance field build in 0.1s - 14x8x8 distance field, 4528 triangles, Range [-0.1, 0.6], MatineeCam_SM
[2018.02.16-23.56.28:138][  0]LogMaterial: Missing cached shader map for material DefaultDeferredDecalMaterial, compiling. 
[2018.02.16-23.56.45:191][  0]LogMaterial: Missing cached shader map for material DefaultLightFunctionMaterial, compiling. 
[2018.02.16-23.56.47:062][  0]LogMaterial: Missing cached shader map for material DefaultPostProcessMaterial, compiling. 
[2018.02.16-23.56.48:375][  0]LogMaterial: Missing cached shader map for material MatineeCam_mat, compiling. 
[2018.02.16-23.56.48:423][  0]LogNetVersion: MultiplayerShootout , NetCL: 3709383, EngineNetVer: 2, GameNetVer: 0 (Checksum: 2187402621)
[2018.02.16-23.56.48:472][  0]LogMaterial: Missing cached shader map for material HelpActorMaterial, compiling. 
[2018.02.16-23.56.48:642][  0]LogMaterial: Missing cached shader map for material DefaultTextMaterialOpaque, compiling. 
[2018.02.16-23.56.48:717][  0]Warning: Missing opening '"' in string property value: ThirdParty/Steamworks)
[2018.02.16-23.56.48:819][  0]LogAssetRegistry: FAssetRegistry took 0.0299 seconds to start up
[2018.02.16-23.56.48:871][  0]LogMaterial: Missing cached shader map for material Xray, compiling. 
[2018.02.16-23.56.48:915][  0]LogMaterial: Missing cached shader map for material Main, compiling. 
[2018.02.16-23.56.49:102][  0]LogMaterial: Missing cached shader map for material SnapGridMaterial, compiling. 
[2018.02.16-23.56.49:147][  0]LogMaterial: Missing cached shader map for material TranslucentTransformGizmoMaterial, compiling. 
[2018.02.16-23.56.49:171][  0]LogMaterial: Missing cached shader map for material TransformGizmoMaterial, compiling. 
[2018.02.16-23.56.49:242][  0]LogMaterial: Missing cached shader map for material CineMat, compiling. 
[2018.02.16-23.56.49:360][  0]LogMaterial: Missing cached shader map for material M_SimpleOpaque, compiling. 
[2018.02.16-23.56.49:411][  0]LogMaterial: Missing cached shader map for material M_SimpleTranslucent, compiling. 
[2018.02.16-23.56.49:552][  0]LogMaterial: Missing cached shader map for material Widget3DPassThrough, compiling. 
[2018.02.16-23.56.49:574][  0]LogMaterial: Missing cached shader map for material Widget3DPassThrough, compiling. 
[2018.02.16-23.56.49:609][  0]LogMaterial: Missing cached shader map for material Widget3DPassThrough, compiling. 
[2018.02.16-23.56.49:637][  0]LogMaterial: Missing cached shader map for material Widget3DPassThrough, compiling. 
[2018.02.16-23.56.49:655][  0]LogMaterial: Missing cached shader map for material Widget3DPassThrough, compiling. 
[2018.02.16-23.56.49:690][  0]LogMaterial: Missing cached shader map for material Widget3DPassThrough, compiling. 
[2018.02.16-23.56.49:864][  0]LogMaterial: Missing cached shader map for material SkySphereMaterial, compiling. 
[2018.02.16-23.56.49:894][  0]LogMaterial: Missing cached shader map for material FloorPlaneMaterial, compiling. 
[2018.02.16-23.56.50:019][  0]LogMaterial: Missing cached shader map for material LandscapeGizmo_Mat, compiling. 
[2018.02.16-23.56.50:074][  0]LogMaterial: Missing cached shader map for material LandscapeGizmoHeight_Mat, compiling. 
[2018.02.16-23.56.50:188][  0]LogMaterial: Missing cached shader map for material SplineEditorMeshMat, compiling. 
[2018.02.16-23.56.50:236][  0]LogMaterial: Missing cached shader map for material ARKitCameraMaterial, compiling. 
[2018.02.16-23.56.50:273][  0]LogMaterial: Missing cached shader map for material GearVRControllerMaterial, compiling. 
[2018.02.16-23.56.50:488][  0]LogPackageLocalizationCache: Processed 7 localized package path(s) for 2 prioritized culture(s) in 0.140854 seconds
[2018.02.16-23.56.50:498][  0]LogUObjectArray: 35870 objects as part of root set at end of initial load.
[2018.02.16-23.56.50:498][  0]LogUObjectAllocator: 7363704 out of 0 bytes used by permanent object pool.
[2018.02.16-23.56.50:498][  0]LogUObjectArray: CloseDisregardForGC: 0/0 objects in disregard for GC pool
[2018.02.16-23.56.57:331][  0]LogMaterial: Missing cached shader map for material GridPostProcess, compiling. 
[2018.02.16-23.56.57:358][  0]LogMaterial: Missing cached shader map for material LaserPointerMaterial, compiling. 
[2018.02.16-23.56.57:396][  0]LogMaterial: Missing cached shader map for material LaserPointerMaterial, compiling. 
[2018.02.16-23.56.57:459][  0]LogMaterial: Missing cached shader map for material OculusControllerMaterial, compiling. 
[2018.02.16-23.56.57:506][  0]LogMaterial: Missing cached shader map for material GenericHMDMaterial, compiling. 
[2018.02.16-23.56.57:549][  0]LogMaterial: Missing cached shader map for material TeleportDirectionMaterial, compiling. 
[2018.02.16-23.56.57:602][  0]LogMaterial: Missing cached shader map for material FlattenHeightMat, compiling. 
[2018.02.16-23.56.57:631][  0]LogMaterial: Missing cached shader map for material GridMaterial, compiling. 
[2018.02.16-23.56.57:653][  0]LogMaterial: Missing cached shader map for material VRTextMaterial, compiling. 
[2018.02.16-23.56.57:693][  0]LogMaterial: Missing cached shader map for material VivePreControllerMaterial, compiling. 
[2018.02.16-23.56.57:737][  0]LogMaterial: Missing cached shader map for material M_ContentWindow, compiling. 
[2018.02.16-23.56.57:814][  0]LogMaterial: Missing cached shader map for material ArrowMaterial, compiling. 
[2018.02.16-23.56.57:874][  0]LogMaterial: Missing cached shader map for material KeyDiskMaterial, compiling. 
[2018.02.16-23.56.57:910][  0]LogMaterial: Missing cached shader map for material LineMaterial, compiling. 
[2018.02.16-23.56.57:930][  0]LogMaterial: Missing cached shader map for material VRTextMaterial, compiling. 
[2018.02.16-23.56.59:729][  0]LogMaterial: Missing cached shader map for material DefaultSpriteMaterial, compiling. 
[2018.02.16-23.56.59:765][  0]LogMaterial: Missing cached shader map for material DefaultSpriteMaterial, compiling. 
[2018.02.16-23.57.00:582][  0]LogTcpMessaging: Initializing TcpMessaging bridge
[2018.02.16-23.57.00:648][  0]LogUdpMessaging: Initializing bridge on interface 0.0.0.0:0 to multicast group 230.0.0.1:6666.
[2018.02.16-23.57.01:240][  0]LogMaterial: Missing cached shader map for material DefaultMaterial, compiling. 
[2018.02.16-23.57.02:148][  0]LogMaterial: Missing cached shader map for material BaseColor, compiling. 
[2018.02.16-23.57.02:165][  0]LogMaterial: Missing cached shader map for material CustomDepth, compiling. 
[2018.02.16-23.57.02:210][  0]LogMaterial: Uniform references updated for custom material expression Custom.
[2018.02.16-23.57.02:217][  0]LogMaterial: Missing cached shader map for material CustomStencil, compiling. 
[2018.02.16-23.57.02:236][  0]LogMaterial: Missing cached shader map for material FinalImage, compiling. 
[2018.02.16-23.57.02:252][  0]LogMaterial: Missing cached shader map for material LightingModel, compiling. 
[2018.02.16-23.57.02:269][  0]LogMaterial: Missing cached shader map for material MaterialAO, compiling. 
[2018.02.16-23.57.02:285][  0]LogMaterial: Missing cached shader map for material Metallic, compiling. 
[2018.02.16-23.57.02:303][  0]LogMaterial: Missing cached shader map for material Opacity, compiling. 
[2018.02.16-23.57.02:320][  0]LogMaterial: Missing cached shader map for material Roughness, compiling. 
[2018.02.16-23.57.02:337][  0]LogMaterial: Missing cached shader map for material SceneColor, compiling. 
[2018.02.16-23.57.02:354][  0]LogMaterial: Missing cached shader map for material SceneDepth, compiling. 
[2018.02.16-23.57.02:371][  0]LogMaterial: Missing cached shader map for material SeparateTranslucencyRGB, compiling. 
[2018.02.16-23.57.02:388][  0]LogMaterial: Missing cached shader map for material SeparateTranslucencyA, compiling. 
[2018.02.16-23.57.02:404][  0]LogMaterial: Missing cached shader map for material Specular, compiling. 
[2018.02.16-23.57.02:421][  0]LogMaterial: Missing cached shader map for material SubsurfaceColor, compiling. 
[2018.02.16-23.57.02:437][  0]LogMaterial: Missing cached shader map for material WorldNormal, compiling. 
[2018.02.16-23.57.02:456][  0]LogMaterial: Missing cached shader map for material AmbientOcclusion, compiling. 
[2018.02.16-23.57.02:488][  0]LogMaterial: Missing cached shader map for material CustomDepthWorldUnits, compiling. 
[2018.02.16-23.57.02:508][  0]LogMaterial: Missing cached shader map for material SceneDepthWorldUnits, compiling. 
[2018.02.16-23.57.02:525][  0]LogMaterial: Missing cached shader map for material PreTonemapHDRColor, compiling. 
[2018.02.16-23.57.02:543][  0]LogMaterial: Missing cached shader map for material PostTonemapHDRColor, compiling. 
[2018.02.16-23.57.03:266][  0]SourceControl: Source control is disabled
[2018.02.16-23.57.03:268][  0]SourceControl: Source control is disabled
[2018.02.16-23.57.03:395][  0]SourceControl: Source control is disabled
[2018.02.16-23.57.03:489][  0]SourceControl: Source control is disabled
[2018.02.16-23.57.04:445][  0]LogMaterial: Missing cached shader map for material DefaultMediaPlaneMaterial, compiling. 
[2018.02.16-23.57.04:906][  0]LogMeshUtilities: Finished distance field build in 16.4s - 48x48x48 distance field, 528 triangles, Range [-0.6, 1.0], Sphere
[2018.02.16-23.57.04:906][  0]LogAndroidPermission: UAndroidPermissionCallbackProxy::GetInstance
[2018.02.16-23.57.05:442][  0]LogOcInput: OculusInput pre-init called
[2018.02.16-23.57.05:933][  0]LogMaterial: Missing cached shader map for material HighResScreenshot, compiling. 
[2018.02.16-23.57.05:966][  0]LogMaterial: Missing cached shader map for material HighResScreenshotMask, compiling. 
[2018.02.16-23.57.06:001][  0]LogMaterial: Missing cached shader map for material HighResScreenshotCaptureRegion, compiling. 
[2018.02.16-23.57.06:090][  0]LogEngine: Initializing Engine...
[2018.02.16-23.57.06:098][  0]LogHMD: Failed to initialize OpenVR with code 110
[2018.02.16-23.57.06:111][  0]LogMaterial: Missing cached shader map for material WireframeMaterial, compiling. Is special engine material.
[2018.02.16-23.57.06:575][  0]LogMaterial: Missing cached shader map for material LevelColorationLitMaterial, compiling. Is special engine material.
[2018.02.16-23.57.07:823][  0]LogMaterial: Missing cached shader map for material LevelColorationUnlitMaterial, compiling. Is special engine material.
[2018.02.16-23.57.08:177][  0]LogMaterial: Missing cached shader map for material MAT_LevelColorationLitLightmapUV, compiling. Is special engine material.
[2018.02.16-23.57.09:354][  0]LogMaterial: Missing cached shader map for material ShadedLevelColorationLitMaterial, compiling. Is special engine material.
[2018.02.16-23.57.10:550][  0]LogMaterial: Missing cached shader map for material ShadedLevelColorationUnlitMateri, compiling. Is special engine material.
[2018.02.16-23.57.10:905][  0]LogMaterial: Missing cached shader map for material VertexColorMaterial, compiling. 
[2018.02.16-23.57.11:082][  0]LogMaterial: Missing cached shader map for material VertexColorViewMode_ColorOnly, compiling. 
[2018.02.16-23.57.11:128][  0]LogMaterial: Missing cached shader map for material VertexColorViewMode_AlphaAsColor, compiling. 
[2018.02.16-23.57.11:165][  0]LogMaterial: Missing cached shader map for material VertexColorViewMode_RedOnly, compiling. 
[2018.02.16-23.57.11:200][  0]LogMaterial: Missing cached shader map for material VertexColorViewMode_GreenOnly, compiling. 
[2018.02.16-23.57.11:237][  0]LogMaterial: Missing cached shader map for material VertexColorViewMode_BlueOnly, compiling. 
[2018.02.16-23.57.11:269][  0]LogMaterial: Missing cached shader map for material RemoveSurfaceMaterial, compiling. 
[2018.02.16-23.57.11:284][  0]LogMaterial: Missing cached shader map for material DebugMeshMaterial, compiling. 
[2018.02.16-23.57.11:325][  0]LogMaterial: Missing cached shader map for material M_InvalidLightmapSettings, compiling. 
[2018.02.16-23.57.11:409][  0]LogMaterial: Missing cached shader map for material GizmoMaterial, compiling. 
[2018.02.16-23.57.11:446][  0]LogMaterial: Missing cached shader map for material PhAT_JointLimitMaterial, compiling. 
[2018.02.16-23.57.11:492][  0]LogMaterial: Missing cached shader map for material GeomMaterial, compiling. 
[2018.02.16-23.57.11:522][  0]LogMaterial: Missing cached shader map for material EditorBrushMaterial, compiling. 
[2018.02.16-23.57.11:556][  0]LogMaterial: Missing cached shader map for material BoneWeightMaterial, compiling. 
[2018.02.16-23.57.11:752][  0]LogMaterial: Missing cached shader map for material ClothMaterial, compiling. 
[2018.02.16-23.57.11:786][  0]LogMaterial: Missing cached shader map for material ClothMaterial_WF, compiling. 
[2018.02.16-23.57.11:831][  0]LogMaterial: Missing cached shader map for material DebugEditorMaterial, compiling. 
[2018.02.16-23.57.11:864][  0]LogMaterial: Missing cached shader map for material PreviewShadowIndicatorMaterial, compiling. 
[2018.02.16-23.57.12:033][  0]LogStats: UGameplayTagsManager::ConstructGameplayTagTree: Construct from data asset -  0.000 s
[2018.02.16-23.57.12:033][  0]LogStats: UGameplayTagsManager::ConstructGameplayTagTree: GameplayTagTreeChangedEvent.Broadcast -  0.000 s
[2018.02.16-23.57.12:304][  0]LogAIModule: Creating AISystem for world Untitled
[2018.02.16-23.57.12:333][  0]LogInit: XAudio2 using 'Speakers (Realtek High Definition Audio)' : 2 channels at 48 kHz using 32 bits per sample (channel mask 0x3)
[2018.02.16-23.57.12:618][  0]LogInit: FAudioDevice initialized.
[2018.02.16-23.57.12:743][  0]LogDerivedDataCache: Saved boot cache 0.12s 80MB C:/Users/Andres/AppData/Local/UnrealEngine/4.18/DerivedDataCache/Boot.ddc.
[2018.02.16-23.57.12:772][  0]LogInit: Texture streaming: Enabled
[2018.02.16-23.57.12:975][  0]LogEngineSessionManager: EngineSessionManager initialized
[2018.02.16-23.57.13:249][  0]LogInit: Transaction tracking system initialized
[2018.02.16-23.57.13:897][  0]BlueprintLog: New page: Editor Load
[2018.02.16-23.57.15:785][  0]LocalizationService: Localization service is disabled
[2018.02.16-23.57.17:551][  0]LogConsoleResponse: Display: 
[2018.02.16-23.57.17:607][  0]LogMaterial: Missing cached shader map for material Cross_Mat, compiling. 
[2018.02.16-23.57.17:644][  0]LogMaterial: Missing cached shader map for material PhAT_BoneSelectedMaterial, compiling. 
[2018.02.16-23.57.17:671][  0]LogMaterial: Missing cached shader map for material PhAT_ElemSelectedMaterial, compiling. 
[2018.02.16-23.57.17:699][  0]LogMaterial: Missing cached shader map for material PhAT_NoCollisionMaterial, compiling. 
[2018.02.16-23.57.17:725][  0]LogMaterial: Missing cached shader map for material PhAT_UnselectedMaterial, compiling. 
[2018.02.16-23.57.17:756][  0]LogMaterial: Missing cached shader map for material Tick_Mat, compiling. 
[2018.02.16-23.57.17:795][  0]LogMaterial: Missing cached shader map for material WidgetGridVertexColorMaterial_Ma, compiling. 
[2018.02.16-23.57.17:823][  0]LogMaterial: Missing cached shader map for material WidgetMaterial, compiling. 
[2018.02.16-23.57.17:849][  0]LogMaterial: Missing cached shader map for material WidgetMaterial_Current, compiling. 
[2018.02.16-23.57.17:877][  0]LogMaterial: Missing cached shader map for material WidgetMaterial_X, compiling. 
[2018.02.16-23.57.17:902][  0]LogMaterial: Missing cached shader map for material WidgetMaterial_Y, compiling. 
[2018.02.16-23.57.17:929][  0]LogMaterial: Missing cached shader map for material WidgetMaterial_Z, compiling. 
[2018.02.16-23.57.17:957][  0]LogMaterial: Missing cached shader map for material WidgetVertexColorMaterial, compiling. 
[2018.02.16-23.57.18:056][  0]LogMaterial: Missing cached shader map for material LevelGridMaterial, compiling. 
[2018.02.16-23.57.18:213][  0]LogMaterial: Missing cached shader map for material BlinkingCaret, compiling. 
[2018.02.16-23.57.18:301][  0]LogMaterial: Missing cached shader map for material M_StreamingPause, compiling. 
[2018.02.16-23.57.18:358][  0]LogCook: Display: Max memory allowance for cook 16384mb min free memory 0mb
[2018.02.16-23.57.18:358][  0]LogCook: Display: Mobile HDR setting 1
[2018.02.16-23.57.18:358][  0]LogGameplayTags: Display: UGameplayTagsManager::DoneAddingNativeTags. DelegateIsBound: 0
[2018.02.16-23.57.19:222][  0]LogFileCache: Scanning file cache for directory 'C:/Users/Andres/Documents/GitHub/VR_MultiPlayerShootout/MultiplayerShootout/Content/' took 0.03s
[2018.02.16-23.57.20:764][  0]SourceControl: Source control is disabled
[2018.02.16-23.57.20:765][  0]Cmd: MAP LOAD FILE="../../../../../../Users/Andres/Documents/GitHub/VR_MultiPlayerShootout/MultiplayerShootout/Content/Z_Folder/Blueprints/Map/VR_MainMenuMap.umap" TEMPLATE=0 SHOWPROGRESS=1 FEATURELEVEL=3
[2018.02.16-23.57.20:765][  0]LightingResults: New page: Lighting Build
[2018.02.16-23.57.20:837][  0]MapCheck: New page: Map Check
[2018.02.16-23.57.20:837][  0]LightingResults: New page: Lighting Build
[2018.02.16-23.57.22:534][  0]LogBlueprint: Warning: [Compiler BP_Projectile] Set Physics Angular Velocity  is deprecated; Use SetPhysicsAngularVelocityInDegrees instead
[2018.02.16-23.57.22:677][  0]LogMeshUtilities: Finished distance field build in 2.9s - 30x30x30 distance field, 48 triangles, Range [-0.6, 0.6], Cube
[2018.02.16-23.57.22:677][  0]LogBlueprint: Warning: [Compiler BP_Projectile] [0324.43] Compile of BP_Projectile successful, but with 1 Warning(s) [in 193 ms] (/Game/Blueprints/BP_Projectile.BP_Projectile)
[2018.02.16-23.57.23:002][  0]LogTexture: Display: Building textures: HQ_Lightmap0_1 (AutoDXT, 1024X1024)
[2018.02.16-23.57.23:002][  0]LogTexture: Display: Building textures: LQ_Lightmap_0_1 (DXT1, 1024X1024)
[2018.02.16-23.57.23:110][  0]LogMaterial: Missing cached shader map for material M_Beammat, compiling. 
[2018.02.16-23.57.24:763][  0]LogMeshUtilities: Discarded distance field for BeamMesh as mesh was not closed!  Assign a two-sided material to fix.
[2018.02.16-23.57.24:763][  0]LogMeshUtilities: Finished distance field build in 0.1s - 8x8x8 distance field, 384 triangles, Range [-0.5, 0.6], BeamMesh
[2018.02.16-23.57.24:763][  0]LogTexture: Display: Building textures: MuzzleFlash (AutoDXT, 256X256)
[2018.02.16-23.57.24:767][  0]LogStaticMesh: Building static mesh Barrel...
[2018.02.16-23.57.24:800][  0]LogTexture: Display: Building textures: ThumbnailTexture (DXT1, 512X512)
[2018.02.16-23.57.24:800][  0]LogTexture: Display: Building textures: Ammo_Full (AutoDXT, 256X256)
[2018.02.16-23.57.24:800][  0]LogStaticMesh: Built static mesh [0.03s] /Game/Environment/Barrel.Barrel
[2018.02.16-23.57.24:822][  0]LogStaticMesh: Building static mesh Building_01...
[2018.02.16-23.57.25:144][  0]LogTexture: Display: Building textures: Ammo_Empty (AutoDXT, 256X256)
[2018.02.16-23.57.25:144][  0]LogStaticMesh: Built static mesh [0.32s] /Game/Environment/Building_01.Building_01
[2018.02.16-23.57.25:150][  0]LogStaticMesh: Building static mesh Building_00...
[2018.02.16-23.57.25:401][  0]LogMeshUtilities: Finished distance field build in 0.4s - 12x12x18 distance field, 604 triangles, Range [-0.4, 0.7], Barrel
[2018.02.16-23.57.25:401][  0]LogStaticMesh: Built static mesh [0.25s] /Game/Environment/Building_00.Building_00
[2018.02.16-23.57.25:418][  0]LogStaticMesh: Building static mesh Crate...
[2018.02.16-23.57.25:512][  0]LogStaticMesh: Built static mesh [0.09s] /Game/Environment/Crate.Crate
[2018.02.16-23.57.25:515][  0]LogStaticMesh: Building static mesh Ground...
[2018.02.16-23.57.25:520][  0]LogStaticMesh: Built static mesh [0.01s] /Game/Environment/Ground.Ground
[2018.02.16-23.57.25:521][  0]LogStaticMesh: Building static mesh Horse_TieUp...
[2018.02.16-23.57.25:532][  0]LogStaticMesh: Built static mesh [0.01s] /Game/Environment/Horse_TieUp.Horse_TieUp
[2018.02.16-23.57.25:533][  0]LogStaticMesh: Building static mesh Trough...
[2018.02.16-23.57.25:547][  0]LogStaticMesh: Built static mesh [0.01s] /Game/Environment/Trough.Trough
[2018.02.16-23.57.25:619][  0]LogMaterial: Missing cached shader map for material M_Hat, compiling. 
[2018.02.16-23.57.25:723][  0]LogStaticMesh: Building static mesh Hat...
[2018.02.16-23.57.25:769][  0]LogStaticMesh: Built static mesh [0.05s] /Game/Meshes/Hat.Hat
[2018.02.16-23.57.25:788][  0]LogAnimationCompression: Building Anim DDC data for AnimSequence /Game/Animations/Gunslinger_Aim_UL.Gunslinger_Aim_UL
[2018.02.16-23.57.25:791][  0]LogAnimationCompression: Recompressing (AnimSequence /Game/Animations/Gunslinger_Aim_UL.Gunslinger_Aim_UL) using current/default (AnimCompress_RemoveLinearKeys_45) bFirstRecompressUsingCurrentOrDefault(1) bTryAlternateCompressor(0) IsCompressedDataValid(0)
[2018.02.16-23.57.25:802][  0]LogAnimationCompression: Building Anim DDC data for AnimSequence /Game/Animations/Gunslinger_Aim_DR.Gunslinger_Aim_DR
[2018.02.16-23.57.25:802][  0]LogAnimationCompression: Recompressing (AnimSequence /Game/Animations/Gunslinger_Aim_DR.Gunslinger_Aim_DR) using current/default (AnimCompress_RemoveLinearKeys_43) bFirstRecompressUsingCurrentOrDefault(1) bTryAlternateCompressor(0) IsCompressedDataValid(0)
[2018.02.16-23.57.25:809][  0]LogAnimationCompression: Building Anim DDC data for AnimSequence /Game/Animations/Gunslinger_Aim_UC.Gunslinger_Aim_UC
[2018.02.16-23.57.25:809][  0]LogAnimationCompression: Recompressing (AnimSequence /Game/Animations/Gunslinger_Aim_UC.Gunslinger_Aim_UC) using current/default (AnimCompress_RemoveLinearKeys_44) bFirstRecompressUsingCurrentOrDefault(1) bTryAlternateCompressor(0) IsCompressedDataValid(0)
[2018.02.16-23.57.25:819][  0]LogMaterial: Missing cached shader map for material M_UE4Man_Body, compiling. 
[2018.02.16-23.57.26:067][  0]LogAnimationCompression: Building Anim DDC data for AnimSequence /Game/Z_Folder/Blueprints/Character/VR_CharacterIdle.VR_CharacterIdle
[2018.02.16-23.57.26:067][  0]LogAnimationCompression: Recompressing (AnimSequence /Game/Z_Folder/Blueprints/Character/VR_CharacterIdle.VR_CharacterIdle) using current/default (AnimCompress_BitwiseCompressOnly_0) bFirstRecompressUsingCurrentOrDefault(1) bTryAlternateCompressor(0) IsCompressedDataValid(0)
[2018.02.16-23.57.26:129][  0]LogMaterial: Missing cached shader map for material Widget3DPassThrough_CustomBase_IgnoreDepth, compiling. 
[2018.02.16-23.57.26:155][  0]LogMaterial: Missing cached shader map for material M_UE4Man_Body, compiling. 
[2018.02.16-23.57.26:389][  0]LogMaterial: Missing cached shader map for material M_MuzzleFlash, compiling. 
[2018.02.16-23.57.26:555][  0]LogStaticMesh: Building static mesh Gun...
[2018.02.16-23.57.26:571][  0]LogStaticMesh: Built static mesh [0.02s] /Game/Meshes/Gun.Gun
[2018.02.16-23.57.26:611][  0]LogMaterial: Missing cached shader map for material M_Bullet, compiling. 
[2018.02.16-23.57.26:704][  0]LogAnimationCompression: Building Anim DDC data for AnimSequence /Game/Animations/Gunslinger_Hit_01.Gunslinger_Hit_01
[2018.02.16-23.57.26:704][  0]LogAnimationCompression: Recompressing (AnimSequence /Game/Animations/Gunslinger_Hit_01.Gunslinger_Hit_01) using current/default (AnimCompress_RemoveLinearKeys_2) bFirstRecompressUsingCurrentOrDefault(1) bTryAlternateCompressor(0) IsCompressedDataValid(0)
[2018.02.16-23.57.26:712][  0]LogMaterial: Missing cached shader map for material M_Gun, compiling. 
[2018.02.16-23.57.26:806][  0]LogAnimationCompression: Building Anim DDC data for AnimSequence /Game/Animations/Gunslinger_Aim_CL.Gunslinger_Aim_CL
[2018.02.16-23.57.26:806][  0]LogAnimationCompression: Recompressing (AnimSequence /Game/Animations/Gunslinger_Aim_CL.Gunslinger_Aim_CL) using current/default (AnimCompress_RemoveLinearKeys_39) bFirstRecompressUsingCurrentOrDefault(1) bTryAlternateCompressor(0) IsCompressedDataValid(0)
[2018.02.16-23.57.26:837][  0]LogAnimationCompression: Building Anim DDC data for AnimSequence /Game/Animations/Gunslinger_Aim_CC.Gunslinger_Aim_CC
[2018.02.16-23.57.26:842][  0]LogAnimationCompression: Recompressing (AnimSequence /Game/Animations/Gunslinger_Aim_CC.Gunslinger_Aim_CC) using current/default (AnimCompress_RemoveLinearKeys_38) bFirstRecompressUsingCurrentOrDefault(1) bTryAlternateCompressor(0) IsCompressedDataValid(0)
[2018.02.16-23.57.26:844][  0]LogAnimationCompression: Building Anim DDC data for AnimSequence /Game/Animations/Gunslinger_Aiming.Gunslinger_Aiming
[2018.02.16-23.57.26:845][  0]LogAnimationCompression: Recompressing (AnimSequence /Game/Animations/Gunslinger_Aiming.Gunslinger_Aiming) using current/default (AnimCompress_RemoveLinearKeys_13) bFirstRecompressUsingCurrentOrDefault(1) bTryAlternateCompressor(0) IsCompressedDataValid(0)
[2018.02.16-23.57.26:850][  0]LogAnimationCompression: Building Anim DDC data for AnimSequence /Game/Animations/Gunslinger_Aim_DL.Gunslinger_Aim_DL
[2018.02.16-23.57.26:851][  0]LogAnimationCompression: Recompressing (AnimSequence /Game/Animations/Gunslinger_Aim_DL.Gunslinger_Aim_DL) using current/default (AnimCompress_RemoveLinearKeys_42) bFirstRecompressUsingCurrentOrDefault(1) bTryAlternateCompressor(0) IsCompressedDataValid(0)
[2018.02.16-23.57.26:857][  0]LogAnimationCompression: Building Anim DDC data for AnimSequence /Game/Animations/Gunslinger_Aim_DC.Gunslinger_Aim_DC
[2018.02.16-23.57.26:858][  0]LogAnimationCompression: Recompressing (AnimSequence /Game/Animations/Gunslinger_Aim_DC.Gunslinger_Aim_DC) using current/default (AnimCompress_RemoveLinearKeys_41) bFirstRecompressUsingCurrentOrDefault(1) bTryAlternateCompressor(0) IsCompressedDataValid(0)
[2018.02.16-23.57.26:863][  0]LogAnimationCompression: Building Anim DDC data for AnimSequence /Game/Animations/Gunslinger_Aim_CR.Gunslinger_Aim_CR
[2018.02.16-23.57.26:863][  0]LogAnimationCompression: Recompressing (AnimSequence /Game/Animations/Gunslinger_Aim_CR.Gunslinger_Aim_CR) using current/default (AnimCompress_RemoveLinearKeys_40) bFirstRecompressUsingCurrentOrDefault(1) bTryAlternateCompressor(0) IsCompressedDataValid(0)
[2018.02.16-23.57.26:869][  0]LogAudioDerivedData: Display: Building compressed audio format OGG wave Hit_01...
[2018.02.16-23.57.26:916][  0]LogAudioDerivedData: Display: Building compressed audio format OGG wave Randomize_01...
[2018.02.16-23.57.26:931][  0]LogAnimationCompression: Building Anim DDC data for AnimSequence /Game/Animations/Gunslinger_Draw.Gunslinger_Draw
[2018.02.16-23.57.26:931][  0]LogAnimationCompression: Recompressing (AnimSequence /Game/Animations/Gunslinger_Draw.Gunslinger_Draw) using current/default (AnimCompress_RemoveLinearKeys_11) bFirstRecompressUsingCurrentOrDefault(1) bTryAlternateCompressor(0) IsCompressedDataValid(0)
[2018.02.16-23.57.26:953][  0]LogAnimationCompression: Building Anim DDC data for AnimSequence /Game/Animations/Gunslinger_Aim_UR.Gunslinger_Aim_UR
[2018.02.16-23.57.26:953][  0]LogAnimationCompression: Recompressing (AnimSequence /Game/Animations/Gunslinger_Aim_UR.Gunslinger_Aim_UR) using current/default (AnimCompress_RemoveLinearKeys_46) bFirstRecompressUsingCurrentOrDefault(1) bTryAlternateCompressor(0) IsCompressedDataValid(0)
[2018.02.16-23.57.26:960][  0]LogAnimationCompression: Building Anim DDC data for AnimSequence /Game/Animations/Gunslinger_Fire.Gunslinger_Fire
[2018.02.16-23.57.26:960][  0]LogAnimationCompression: Recompressing (AnimSequence /Game/Animations/Gunslinger_Fire.Gunslinger_Fire) using current/default (AnimCompress_RemoveLinearKeys_12) bFirstRecompressUsingCurrentOrDefault(1) bTryAlternateCompressor(0) IsCompressedDataValid(0)
[2018.02.16-23.57.26:970][  0]LogAnimationCompression: Building Anim DDC data for AnimSequence /Game/Animations/Gunslinger_PullBack.Gunslinger_PullBack
[2018.02.16-23.57.26:970][  0]LogAnimationCompression: Recompressing (AnimSequence /Game/Animations/Gunslinger_PullBack.Gunslinger_PullBack) using current/default (AnimCompress_RemoveLinearKeys_13) bFirstRecompressUsingCurrentOrDefault(1) bTryAlternateCompressor(0) IsCompressedDataValid(0)
[2018.02.16-23.57.27:001][  0]LogAnimationCompression: Building Anim DDC data for AnimSequence /Game/Animations/Gunslinger_Ready.Gunslinger_Ready
[2018.02.16-23.57.27:001][  0]LogAnimationCompression: Recompressing (AnimSequence /Game/Animations/Gunslinger_Ready.Gunslinger_Ready) using current/default (AnimCompress_RemoveLinearKeys_1) bFirstRecompressUsingCurrentOrDefault(1) bTryAlternateCompressor(0) IsCompressedDataValid(0)
[2018.02.16-23.57.27:082][  0]LogAnimationCompression: Building Anim DDC data for AnimSequence /Game/Animations/Gunslinger_Unholster.Gunslinger_Unholster
[2018.02.16-23.57.27:083][  0]LogAnimationCompression: Recompressing (AnimSequence /Game/Animations/Gunslinger_Unholster.Gunslinger_Unholster) using current/default (AnimCompress_RemoveLinearKeys_0) bFirstRecompressUsingCurrentOrDefault(1) bTryAlternateCompressor(0) IsCompressedDataValid(0)
[2018.02.16-23.57.27:098][  0]LogMaterial: Missing cached shader map for material M_Player, compiling. 
[2018.02.16-23.57.27:212][  0]LogAudioDerivedData: Display: Building compressed audio format OGG wave Randomize_08...
[2018.02.16-23.57.27:228][  0]LogAudioDerivedData: Display: Building compressed audio format OGG wave Randomize_03...
[2018.02.16-23.57.27:268][  0]LogAudioDerivedData: Display: Building compressed audio format OGG wave Gunfire_01...
[2018.02.16-23.57.27:283][  0]LogAudioDerivedData: Display: Building compressed audio format OGG wave Coin_01...
[2018.02.16-23.57.27:295][  0]LogAudioDerivedData: Display: Building compressed audio format OGG wave Click_01...
[2018.02.16-23.57.27:323][  0]LogMaterial: Missing cached shader map for material M_Basic, compiling. 
[2018.02.16-23.57.27:430][  0]LogAIModule: Creating AISystem for world VR_MainMenuMap
[2018.02.16-23.57.28:038][  0]LogEditorServer: Finished looking for orphan Actors (0.000 secs)
[2018.02.16-23.57.28:108][  0]Cmd: MAP CHECKDEP NOCLEARLOG
[2018.02.16-23.57.28:213][  0]MapCheck: Map check complete: 0 Error(s), 0 Warning(s), took 104.492ms to complete.
[2018.02.16-23.57.28:213][  0]LogFileHelpers: Loading map 'VR_MainMenuMap' took 7.448
[2018.02.16-23.57.28:475][  0]LogCollectionManager: Loaded 0 collections in 0.002652 seconds
[2018.02.16-23.57.28:607][  0]LogFileCache: Scanning file cache for directory 'C:/Users/Andres/Documents/GitHub/VR_MultiPlayerShootout/MultiplayerShootout/Saved/Collections/' took 0.01s
[2018.02.16-23.57.28:607][  0]LogFileCache: Scanning file cache for directory 'C:/Users/Andres/Documents/GitHub/VR_MultiPlayerShootout/MultiplayerShootout/Content/Developers/Andres/Collections/' took 0.01s
[2018.02.16-23.57.28:607][  0]LogFileCache: Scanning file cache for directory 'C:/Users/Andres/Documents/GitHub/VR_MultiPlayerShootout/MultiplayerShootout/Content/Collections/' took 0.01s
[2018.02.16-23.57.28:607][  0]LogCollectionManager: Rebuilt the GUID cache for 0 collections in 0.000001 seconds
[2018.02.16-23.57.28:624][  0]LogContentBrowser: Native class hierarchy populated in 0.0172 seconds. Added 2363 classes and 519 folders.
[2018.02.16-23.57.28:747][  0]LogContentBrowser: Native class hierarchy updated for 'WidgetCarousel' in 0.0004 seconds. Added 0 classes and 0 folders.
[2018.02.16-23.57.29:301][  0]LogContentBrowser: Native class hierarchy updated for 'AddContentDialog' in 0.0004 seconds. Added 0 classes and 0 folders.
[2018.02.16-23.57.29:382][  0]LogContentBrowser: Native class hierarchy updated for 'SceneOutliner' in 0.0004 seconds. Added 1 classes and 2 folders.
[2018.02.16-23.57.29:429][  0]LogSlate: Took 0.011659 seconds to synchronously load lazily loaded font '../../../Engine/Content/Slate/Fonts/Roboto-Regular.ttf' (155K)
[2018.02.16-23.57.29:439][  0]LogSlate: Took 0.007828 seconds to synchronously load lazily loaded font '../../../Engine/Content/Slate/Fonts/Roboto-Bold.ttf' (160K)
[2018.02.16-23.57.29:454][  0]LogSlate: Took 0.007497 seconds to synchronously load lazily loaded font '../../../Engine/Content/Editor/Slate/Fonts/FontAwesome.ttf' (139K)
[2018.02.16-23.57.29:550][  0]LogMaterial: Missing cached shader map for material LevelGridMaterial2, compiling. 
[2018.02.16-23.57.29:693][  0]LogRenderer: Reallocating scene render targets to support 804x340 Format 9 NumSamples 1 (Frame:1).
[2018.02.16-23.57.30:582][  0]LogContentBrowser: Native class hierarchy updated for 'HierarchicalLODOutliner' in 0.0004 seconds. Added 1 classes and 2 folders.
[2018.02.16-23.57.30:582][  0]LogLoad: (Engine Initialization) Total time: 332.34 seconds
[2018.02.16-23.57.30:582][  0]LogLoad: (Engine Initialization) Total Blueprint compile time: 0.00 seconds
[2018.02.16-23.57.30:583][  0]LogExternalProfiler: No external profilers were discovered.  External profiling features will not be available.
[2018.02.16-23.57.30:622][  0]LogContentStreaming: Texture pool size now 400 MB
[2018.02.16-23.57.30:732][  0]LogSlate: Took 0.011242 seconds to synchronously load lazily loaded font '../../../Engine/Content/Slate/Fonts/Roboto-Light.ttf' (159K)
[2018.02.16-23.57.31:352][  2]LogAssetRegistry: Asset discovery search completed in 42.5546 seconds
[2018.02.16-23.57.31:359][  2]LogCollectionManager: Rebuilt the object cache for 0 collections in 0.000000 seconds (found 0 objects)
[2018.02.16-23.57.31:359][  2]LogCollectionManager: Fixed up redirectors for 0 collections in 0.000105 seconds (updated 0 objects)
[2018.02.16-23.57.59:652][558]LogMeshUtilities: Finished distance field build in 34.2s - 64x64x64 distance field, 1200 triangles, Range [-0.0, 0.7], Building_00
[2018.02.16-23.58.01:542][731]LogMeshUtilities: Finished distance field build in 1.8s - 48x48x48 distance field, 528 triangles, Range [1.0, 1.0], Sphere
[2018.02.16-23.58.01:626][738]LogMeshUtilities: Finished distance field build in 0.0s - 8x8x8 distance field, 48 triangles, Range [-0.1, 0.8], Gun
[2018.02.16-23.58.01:726][745]LogMeshUtilities: Finished distance field build in 0.1s - 8x8x8 distance field, 1674 triangles, Range [-0.0, 0.6], Hat
[2018.02.16-23.58.03:006][863]LogMeshUtilities: Finished distance field build in 1.2s - 14x45x11 distance field, 28 triangles, Range [-0.0, 0.4], Trough
[2018.02.16-23.58.03:619][921]LogMeshUtilities: Finished distance field build in 0.6s - 8x39x17 distance field, 36 triangles, Range [-0.0, 0.6], Horse_TieUp
[2018.02.16-23.58.42:443][511]LogMeshUtilities: Finished distance field build in 38.8s - 64x64x64 distance field, 12 triangles, Range [-0.0, 0.5], Ground
[2018.02.16-23.58.42:764][538]LogMeshUtilities: Finished distance field build in 0.3s - 12x12x12 distance field, 300 triangles, Range [-0.5, 0.5], Crate
[2018.02.16-23.59.21:099][ 57]LogMeshUtilities: Finished distance field build in 38.3s - 64x64x64 distance field, 1472 triangles, Range [-0.0, 0.9], Building_01
[2018.02.16-23.59.21:337][ 75]LogMeshUtilities: Discarded distance field for Plane as mesh was not closed!  Assign a two-sided material to fix.
[2018.02.16-23.59.21:337][ 75]LogMeshUtilities: Finished distance field build in 0.2s - 15x15x8 distance field, 2 triangles, Range [-0.2, 1.0], Plane
[2018.02.16-23.59.24:955][413]LogMeshUtilities: Finished distance field build in 3.6s - 30x30x29 distance field, 284 triangles, Range [-0.4, 1.0], Cone
[2018.02.16-23.59.29:256][813]LogMeshUtilities: Finished distance field build in 4.3s - 30x30x30 distance field, 512 triangles, Range [-0.6, 0.8], Cylinder
[2018.02.16-23.59.33:393][191]LogMeshUtilities: Finished distance field build in 4.1s - 30x30x30 distance field, 960 triangles, Range [-0.6, 1.0], Sphere
[2018.02.16-23.59.33:516][201]LogMeshUtilities: Finished distance field build in 0.1s - 9x8x9 distance field, 192 triangles, Range [-0.2, 0.6], Cylinder
[2018.02.16-23.59.33:607][209]LogMeshUtilities: Finished distance field build in 0.1s - 8x8x8 distance field, 180 triangles, Range [-0.4, 0.8], JointSphere
[2018.02.16-23.59.33:709][218]LogMeshUtilities: Finished distance field build in 0.1s - 8x8x8 distance field, 40 triangles, Range [-0.5, 0.6], LineSegmentCylinder
[2018.02.16-23.59.33:752][221]LogMeshUtilities: Finished distance field build in 0.0s - 8x8x8 distance field, 744 triangles, Range [1.0, 1.0], SM_Radial_Pointer
[2018.02.16-23.59.33:822][226]LogMeshUtilities: Finished distance field build in 0.0s - 15x15x8 distance field, 32 triangles, Range [1.0, 1.0], PlaneMesh
[2018.02.16-23.59.33:907][232]LogMeshUtilities: Finished distance field build in 0.1s - 8x8x8 distance field, 440 triangles, Range [-0.0, 0.4], SM_Dialog_Close
[2018.02.16-23.59.34:000][240]LogMeshUtilities: Finished distance field build in 0.1s - 8x8x8 distance field, 240 triangles, Range [-0.0, 0.4], SM_Dialog_Move
[2018.02.16-23.59.34:226][260]LogMeshUtilities: Discarded distance field for SM_ContentWindow_01 as mesh was not closed!  Assign a two-sided material to fix.
[2018.02.16-23.59.34:226][260]LogMeshUtilities: Finished distance field build in 0.2s - 8x15x15 distance field, 670 triangles, Range [-0.1, 1.0], SM_ContentWindow_01
[2018.02.16-23.59.34:278][264]LogMeshUtilities: Finished distance field build in 0.0s - 8x8x8 distance field, 1728 triangles, Range [1.0, 1.0], SM_Radial_Disk
[2018.02.16-23.59.34:386][273]LogMeshUtilities: Finished distance field build in 0.1s - 8x8x8 distance field, 5818 triangles, Range [-0.0, 0.7], GenericHMD
[2018.02.16-23.59.34:507][283]LogMeshUtilities: Finished distance field build in 0.1s - 8x8x8 distance field, 12554 triangles, Range [-0.1, 1.0], OculusControllerMesh
[2018.02.16-23.59.34:662][297]LogMeshUtilities: Finished distance field build in 0.1s - 8x8x8 distance field, 17326 triangles, Range [-0.1, 0.6], VivePreControllerMesh
[2018.02.16-23.59.35:057][331]LogMeshUtilities: Finished distance field build in 0.4s - 25x15x8 distance field, 196 triangles, Range [0.0, 0.7], TeleportDirectionMesh
[2018.02.16-23.59.37:487][558]LogMeshUtilities: Finished distance field build in 2.4s - 15x30x30 distance field, 254 triangles, Range [-0.2, 1.0], CursorPointer
[2018.02.16-23.59.37:595][566]LogMeshUtilities: Finished distance field build in 0.1s - 8x8x8 distance field, 528 triangles, Range [-0.4, 0.9], HoverMesh
[2018.02.16-23.59.37:694][574]LogMeshUtilities: Discarded distance field for LaserPointerMesh as mesh was not closed!  Assign a two-sided material to fix.
[2018.02.16-23.59.37:694][574]LogMeshUtilities: Finished distance field build in 0.1s - 8x8x8 distance field, 1024 triangles, Range [-0.5, 0.6], LaserPointerMesh
[2018.02.16-23.59.37:806][583]LogMeshUtilities: Discarded distance field for LaserPointerMesh_End as mesh was not closed!  Assign a two-sided material to fix.
[2018.02.16-23.59.37:806][583]LogMeshUtilities: Finished distance field build in 0.1s - 8x8x8 distance field, 1084 triangles, Range [-0.5, 0.6], LaserPointerMesh_End
[2018.02.16-23.59.37:915][592]LogMeshUtilities: Discarded distance field for LaserPointerMesh_Start as mesh was not closed!  Assign a two-sided material to fix.
[2018.02.16-23.59.37:915][592]LogMeshUtilities: Finished distance field build in 0.1s - 8x8x8 distance field, 1084 triangles, Range [-0.5, 0.6], LaserPointerMesh_Start
[2018.02.16-23.59.38:012][600]LogMeshUtilities: Finished distance field build in 0.1s - 8x8x8 distance field, 835 triangles, Range [-0.1, 0.8], GearVRController
[2018.02.16-23.59.38:217][616]LogMeshUtilities: Discarded distance field for SplineEditorMesh as mesh was not closed!  Assign a two-sided material to fix.
[2018.02.16-23.59.38:217][616]LogMeshUtilities: Finished distance field build in 0.2s - 15x15x8 distance field, 60 triangles, Range [-0.2, 1.0], SplineEditorMesh
[2018.02.17-00.00.24:745][894]LogMeshUtilities: Finished distance field build in 46.5s - 64x64x64 distance field, 3968 triangles, Range [-0.1, 1.0], EditorSkySphere
[2018.02.17-00.00.29:559][335]LogMeshUtilities: Finished distance field build in 4.8s - 28x28x38 distance field, 448 triangles, Range [-0.5, 0.6], EditorCylinder
[2018.02.17-00.00.30:937][462]LogMeshUtilities: Finished distance field build in 1.3s - 8x38x38 distance field, 32 triangles, Range [-0.1, 1.0], EditorPlane
[2018.02.17-00.00.50:703][296]LogMeshUtilities: Finished distance field build in 19.7s - 48x48x48 distance field, 3968 triangles, Range [-0.6, 1.0], EditorSphere
[2018.02.17-00.00.59:551][119]LogMeshUtilities: Finished distance field build in 8.8s - 38x38x38 distance field, 12 triangles, Range [-0.6, 0.6], EditorCube
[2018.02.17-00.00.59:626][125]LogMeshUtilities: Discarded distance field for S_1_Unit_Plane as mesh was not closed!  Assign a two-sided material to fix.
[2018.02.17-00.00.59:626][125]LogMeshUtilities: Finished distance field build in 0.0s - 8x8x8 distance field, 32 triangles, Range [-0.4, 0.7], S_1_Unit_Plane
[2018.02.17-00.00.59:797][139]LogMeshUtilities: Finished distance field build in 0.1s - 8x14x8 distance field, 6252 triangles, Range [-0.1, 0.6], SM_CineCam
[2018.02.17-00.00.59:893][147]LogMeshUtilities: Finished distance field build in 0.1s - 8x8x8 distance field, 1672 triangles, Range [-0.1, 0.4], SM_RailRig_Mount
[2018.02.17-00.01.00:010][157]LogMeshUtilities: Finished distance field build in 0.1s - 8x8x11 distance field, 1488 triangles, Range [-0.0, 0.4], SM_RailRig_Track
[2018.02.17-00.01.02:966][427]LogMeshUtilities: Finished distance field build in 2.9s - 21x50x21 distance field, 916 triangles, Range [-0.1, 0.6], SM_CraneRig_Body
[2018.02.17-00.01.03:133][442]LogMeshUtilities: Finished distance field build in 0.1s - 9x8x13 distance field, 200 triangles, Range [-0.3, 0.7], SM_CraneRig_Mount
[2018.02.17-00.01.03:241][451]LogMeshUtilities: Finished distance field build in 0.1s - 8x8x8 distance field, 12 triangles, Range [-0.3, 0.3], SM_CraneRig_Arm
[2018.02.17-00.01.05:387][653]LogMeshUtilities: Finished distance field build in 2.1s - 31x27x20 distance field, 1068 triangles, Range [-0.1, 1.0], SM_CraneRig_Base
[2018.02.17-00.01.05:495][661]LogMeshUtilities: Finished distance field build in 0.1s - 8x9x8 distance field, 664 triangles, Range [-0.2, 0.7], SM_Sequencer_Key
[2018.02.17-00.01.05:608][670]LogMeshUtilities: Finished distance field build in 0.1s - 8x8x8 distance field, 56 triangles, Range [-0.0, 0.3], BoundingBoxEdge
[2018.02.17-00.01.05:692][676]LogMeshUtilities: Finished distance field build in 0.0s - 8x8x8 distance field, 172 triangles, Range [-0.0, 1.0], BoundingBoxCorner
[2018.02.17-00.01.05:786][684]LogMeshUtilities: Finished distance field build in 0.1s - 8x8x8 distance field, 120 triangles, Range [-0.0, 0.4], PlaneTranslationHandle
[2018.02.17-00.01.06:626][761]LogMeshUtilities: Finished distance field build in 0.8s - 8x29x29 distance field, 4096 triangles, Range [-0.0, 0.8], RotationHandleFull
[2018.02.17-00.01.06:713][768]LogMeshUtilities: Finished distance field build in 0.1s - 8x8x8 distance field, 272 triangles, Range [-0.0, 0.6], RotationHandleIndicator
[2018.02.17-00.01.06:891][783]LogMeshUtilities: Finished distance field build in 0.1s - 8x13x14 distance field, 952 triangles, Range [-0.0, 1.0], RotationHandleQuarter
[2018.02.17-00.01.06:978][790]LogMeshUtilities: Finished distance field build in 0.1s - 8x8x8 distance field, 544 triangles, Range [-0.0, 0.6], StartRotationHandleIndicator
[2018.02.17-00.01.07:134][803]LogMeshUtilities: Finished distance field build in 0.1s - 8x8x8 distance field, 32256 triangles, Range [-0.5, 0.9], TransformGizmoFreeRotation
[2018.02.17-00.01.07:215][810]LogMeshUtilities: Finished distance field build in 0.0s - 8x8x8 distance field, 172 triangles, Range [0.0, 0.4], TranslateArrowHandle
[2018.02.17-00.01.07:316][817]LogMeshUtilities: Finished distance field build in 0.1s - 8x8x8 distance field, 88 triangles, Range [-0.5, 0.5], UniformScaleHandle
[2018.02.17-00.01.07:384][822]LogMeshUtilities: Finished distance field build in 0.0s - 15x15x8 distance field, 32 triangles, Range [1.0, 1.0], SnapGridPlaneMesh
[2018.02.17-00.01.07:487][831]LogMeshUtilities: Finished distance field build in 0.1s - 8x8x8 distance field, 56 triangles, Range [-0.4, 0.6], SM_Sequencer_Node
