Log file open, 02/26/18 18:04:18
LogWindows: Failed to load 'aqProf.dll' (GetLastError=126)
LogWindows: File 'aqProf.dll' does not exist
LogWindows: Failed to load 'VSPerf140.dll' (GetLastError=126)
LogWindows: File 'VSPerf140.dll' does not exist
LogWindows: Failed to load 'VtuneApi.dll' (GetLastError=126)
LogWindows: File 'VtuneApi.dll' does not exist
LogWindows: Failed to load 'VtuneApi32e.dll' (GetLastError=126)
LogWindows: File 'VtuneApi32e.dll' does not exist
LogInit: Display: Running engine for game: MultiplayerShootout
LogPlatformFile: Not using cached read wrapper
LogInit: Display: RandInit(-807411377) SRandInit(-807411377).
LogInit: Read version file with build ID '3709383'
LogInit: Overriding engine version to CL 3832480, compatible CL 3709383
LogInit: Registered custom module enumerator with build ID '3709383'
LogTaskGraph: Started task graph with 5 named threads and 14 total threads with 3 sets of task threads.
LogStats: Stats thread started at 0.183824
LogD3D11RHI: Aftermath initialized
LogModuleManager: Display: Found up-to-date module file ../../../Engine/Plugins/2D/Paper2D/Binaries/Win64/UE4Editor-Paper2D.dll (API version 3709383).
LogModuleManager: Display: Found up-to-date module file ../../../Engine/Plugins/2D/Paper2D/Binaries/Win64/UE4Editor-Paper2DEditor.dll (API version 3709383).
LogModuleManager: Display: Found up-to-date module file ../../../Engine/Plugins/2D/Paper2D/Binaries/Win64/UE4Editor-PaperSpriteSheetImporter.dll (API version 3709383).
LogModuleManager: Display: Found up-to-date module file ../../../Engine/Plugins/2D/Paper2D/Binaries/Win64/UE4Editor-PaperTiledImporter.dll (API version 3709383).
LogModuleManager: Display: Found up-to-date module file ../../../Engine/Plugins/2D/Paper2D/Binaries/Win64/UE4Editor-SmartSnapping.dll (API version 3709383).
LogModuleManager: Display: Found up-to-date module file ../../../Engine/Plugins/Blendables/LightPropagationVolume/Binaries/Win64/UE4Editor-LightPropagationVolumeRuntime.dll (API version 3709383).
LogModuleManager: Display: Found up-to-date module file ../../../Engine/Plugins/Blendables/LightPropagationVolume/Binaries/Win64/UE4Editor-LightPropagationVolumeEditor.dll (API version 3709383).
LogModuleManager: Display: Found up-to-date module file ../../../Engine/Plugins/Developer/GitSourceControl/Binaries/Win64/UE4Editor-GitSourceControl.dll (API version 3709383).
LogModuleManager: Display: Found up-to-date module file ../../../Engine/Plugins/Developer/PerforceSourceControl/Binaries/Win64/UE4Editor-PerforceSourceControl.dll (API version 3709383).
LogModuleManager: Display: Found up-to-date module file ../../../Engine/Plugins/Developer/SubversionSourceControl/Binaries/Win64/UE4Editor-SubversionSourceControl.dll (API version 3709383).
LogModuleManager: Display: Found up-to-date module file ../../../Engine/Plugins/Developer/UObjectPlugin/Binaries/Win64/UE4Editor-UObjectPlugin.dll (API version 3709383).
LogModuleManager: Display: Found up-to-date module file ../../../Engine/Plugins/Developer/VisualStudioCodeSourceCodeAccess/Binaries/Win64/UE4Editor-VisualStudioCodeSourceCodeAccess.dll (API version 3709383).
LogModuleManager: Display: Found up-to-date module file ../../../Engine/Plugins/Developer/VisualStudioSourceCodeAccess/Binaries/Win64/UE4Editor-VisualStudioSourceCodeAccess.dll (API version 3709383).
LogModuleManager: Display: Found up-to-date module file ../../../Engine/Plugins/Editor/AssetManagerEditor/Binaries/Win64/UE4Editor-AssetManagerEditor.dll (API version 3709383).
LogModuleManager: Display: Found up-to-date module file ../../../Engine/Plugins/Editor/AudioCapture/Binaries/Win64/UE4Editor-AudioCapture.dll (API version 3709383).
LogModuleManager: Display: Found up-to-date module file ../../../Engine/Plugins/Editor/FacialAnimation/Binaries/Win64/UE4Editor-FacialAnimation.dll (API version 3709383).
LogModuleManager: Display: Found up-to-date module file ../../../Engine/Plugins/Editor/FacialAnimation/Binaries/Win64/UE4Editor-FacialAnimationEditor.dll (API version 3709383).
LogModuleManager: Display: Found up-to-date module file ../../../Engine/Plugins/Editor/GameplayTagsEditor/Binaries/Win64/UE4Editor-GameplayTagsEditor.dll (API version 3709383).
LogModuleManager: Display: Found up-to-date module file ../../../Engine/Plugins/Editor/MobileLauncherProfileWizard/Binaries/Win64/UE4Editor-MobileLauncherProfileWizard.dll (API version 3709383).
LogModuleManager: Display: Found up-to-date module file ../../../Engine/Plugins/Editor/PluginBrowser/Binaries/Win64/UE4Editor-PluginBrowser.dll (API version 3709383).
LogModuleManager: Display: Found up-to-date module file ../../../Engine/Plugins/Editor/SpeedTreeImporter/Binaries/Win64/UE4Editor-SpeedTreeImporter.dll (API version 3709383).
LogModuleManager: Display: Found up-to-date module file ../../../Engine/Plugins/Experimental/AlembicImporter/Binaries/Win64/UE4Editor-AlembicImporter.dll (API version 3709383).
LogModuleManager: Display: Found up-to-date module file ../../../Engine/Plugins/Experimental/AlembicImporter/Binaries/Win64/UE4Editor-AlembicLibrary.dll (API version 3709383).
LogModuleManager: Display: Found up-to-date module file ../../../Engine/Plugins/Experimental/CharacterAI/Binaries/Win64/UE4Editor-CharacterAI.dll (API version 3709383).
LogModuleManager: Display: Found up-to-date module file ../../../Engine/Plugins/Experimental/HTML5Networking/Binaries/Win64/UE4Editor-HTML5Networking.dll (API version 3709383).
LogModuleManager: Display: Found up-to-date module file ../../../Engine/Plugins/Media/AndroidMedia/Binaries/Win64/UE4Editor-AndroidMediaEditor.dll (API version 3709383).
LogModuleManager: Display: Found up-to-date module file ../../../Engine/Plugins/Media/AndroidMedia/Binaries/Win64/UE4Editor-AndroidMediaFactory.dll (API version 3709383).
LogModuleManager: Display: Found up-to-date module file ../../../Engine/Plugins/Media/AvfMedia/Binaries/Win64/UE4Editor-AvfMediaEditor.dll (API version 3709383).
LogModuleManager: Display: Found up-to-date module file ../../../Engine/Plugins/Media/AvfMedia/Binaries/Win64/UE4Editor-AvfMediaFactory.dll (API version 3709383).
LogModuleManager: Display: Found up-to-date module file ../../../Engine/Plugins/Media/AvfMedia/Binaries/Win64/UE4Editor-AvfMediaFactory.dll (API version 3709383).
LogModuleManager: Display: Found up-to-date module file ../../../Engine/Plugins/Media/ImgMedia/Binaries/Win64/UE4Editor-ImgMedia.dll (API version 3709383).
LogModuleManager: Display: Found up-to-date module file ../../../Engine/Plugins/Media/ImgMedia/Binaries/Win64/UE4Editor-ImgMediaEditor.dll (API version 3709383).
LogModuleManager: Display: Found up-to-date module file ../../../Engine/Plugins/Media/ImgMedia/Binaries/Win64/UE4Editor-ImgMediaFactory.dll (API version 3709383).
LogModuleManager: Display: Found up-to-date module file ../../../Engine/Plugins/Media/ImgMedia/Binaries/Win64/UE4Editor-ImgMediaFactory.dll (API version 3709383).
LogModuleManager: Display: Found up-to-date module file ../../../Engine/Plugins/Media/ImgMedia/Binaries/Win64/UE4Editor-OpenExrWrapper.dll (API version 3709383).
LogModuleManager: Display: Found up-to-date module file ../../../Engine/Plugins/Media/MediaCompositing/Binaries/Win64/UE4Editor-MediaCompositing.dll (API version 3709383).
LogModuleManager: Display: Found up-to-date module file ../../../Engine/Plugins/Media/MediaCompositing/Binaries/Win64/UE4Editor-MediaCompositingEditor.dll (API version 3709383).
LogModuleManager: Display: Found up-to-date module file ../../../Engine/Plugins/Media/MediaPlayerEditor/Binaries/Win64/UE4Editor-MediaPlayerEditor.dll (API version 3709383).
LogModuleManager: Display: Found up-to-date module file ../../../Engine/Plugins/Media/WmfMedia/Binaries/Win64/UE4Editor-WmfMedia.dll (API version 3709383).
LogModuleManager: Display: Found up-to-date module file ../../../Engine/Plugins/Media/WmfMedia/Binaries/Win64/UE4Editor-WmfMediaEditor.dll (API version 3709383).
LogModuleManager: Display: Found up-to-date module file ../../../Engine/Plugins/Media/WmfMedia/Binaries/Win64/UE4Editor-WmfMediaFactory.dll (API version 3709383).
LogModuleManager: Display: Found up-to-date module file ../../../Engine/Plugins/Media/WmfMedia/Binaries/Win64/UE4Editor-WmfMediaFactory.dll (API version 3709383).
LogModuleManager: Display: Found up-to-date module file ../../../Engine/Plugins/Messaging/TcpMessaging/Binaries/Win64/UE4Editor-TcpMessaging.dll (API version 3709383).
LogModuleManager: Display: Found up-to-date module file ../../../Engine/Plugins/Messaging/UdpMessaging/Binaries/Win64/UE4Editor-UdpMessaging.dll (API version 3709383).
LogModuleManager: Display: Found up-to-date module file ../../../Engine/Plugins/MovieScene/ActorSequence/Binaries/Win64/UE4Editor-ActorSequence.dll (API version 3709383).
LogModuleManager: Display: Found up-to-date module file ../../../Engine/Plugins/MovieScene/LevelSequenceEditor/Binaries/Win64/UE4Editor-LevelSequenceEditor.dll (API version 3709383).
LogModuleManager: Display: Found up-to-date module file ../../../Engine/Plugins/MovieScene/MatineeToLevelSequence/Binaries/Win64/UE4Editor-MatineeToLevelSequence.dll (API version 3709383).
LogModuleManager: Display: Found up-to-date module file ../../../Engine/Plugins/Online/OnlineSubsystem/Binaries/Win64/UE4Editor-OnlineSubsystem.dll (API version 3709383).
LogModuleManager: Display: Found up-to-date module file ../../../Engine/Plugins/Runtime/AndroidPermission/Binaries/Win64/UE4Editor-AndroidPermission.dll (API version 3709383).
LogModuleManager: Display: Found up-to-date module file ../../../Engine/Plugins/Online/OnlineSubsystemNull/Binaries/Win64/UE4Editor-OnlineSubsystemNull.dll (API version 3709383).
LogModuleManager: Display: Found up-to-date module file ../../../Engine/Plugins/Online/OnlineSubsystemUtils/Binaries/Win64/UE4Editor-OnlineSubsystemUtils.dll (API version 3709383).
LogModuleManager: Display: Found up-to-date module file ../../../Engine/Plugins/Online/OnlineSubsystemUtils/Binaries/Win64/UE4Editor-OnlineBlueprintSupport.dll (API version 3709383).
LogModuleManager: Display: Found up-to-date module file ../../../Engine/Plugins/Runtime/AndroidDeviceProfileSelector/Binaries/Win64/UE4Editor-AndroidDeviceProfileSelector.dll (API version 3709383).
LogModuleManager: Display: Found up-to-date module file ../../../Engine/Plugins/Runtime/AppleARKit/Binaries/Win64/UE4Editor-AppleARKit.dll (API version 3709383).
LogModuleManager: Display: Found up-to-date module file ../../../Engine/Plugins/Runtime/ArchVisCharacter/Binaries/Win64/UE4Editor-ArchVisCharacter.dll (API version 3709383).
LogModuleManager: Display: Found up-to-date module file ../../../Engine/Plugins/Runtime/CableComponent/Binaries/Win64/UE4Editor-CableComponent.dll (API version 3709383).
LogModuleManager: Display: Found up-to-date module file ../../../Engine/Plugins/Runtime/CustomMeshComponent/Binaries/Win64/UE4Editor-CustomMeshComponent.dll (API version 3709383).
LogModuleManager: Display: Found up-to-date module file ../../../Engine/Plugins/Runtime/ExampleDeviceProfileSelector/Binaries/Win64/UE4Editor-ExampleDeviceProfileSelector.dll (API version 3709383).
LogModuleManager: Display: Found up-to-date module file ../../../Engine/Plugins/Runtime/ImmediatePhysics/Binaries/Win64/UE4Editor-ImmediatePhysics.dll (API version 3709383).
LogModuleManager: Display: Found up-to-date module file ../../../Engine/Plugins/Runtime/ImmediatePhysics/Binaries/Win64/UE4Editor-ImmediatePhysicsEditor.dll (API version 3709383).
LogModuleManager: Display: Found up-to-date module file ../../../Engine/Plugins/Runtime/LocationServicesBPLibrary/Binaries/Win64/UE4Editor-LocationServicesBPLibrary.dll (API version 3709383).
LogModuleManager: Display: Found up-to-date module file ../../../Engine/Plugins/Runtime/MobilePatchingUtils/Binaries/Win64/UE4Editor-MobilePatchingUtils.dll (API version 3709383).
LogModuleManager: Display: Found up-to-date module file ../../../Engine/Plugins/Runtime/Oculus/OculusVR/Binaries/Win64/UE4Editor-OculusHMD.dll (API version 3709383).
LogModuleManager: Display: Found up-to-date module file ../../../Engine/Plugins/Runtime/Oculus/OculusVR/Binaries/Win64/UE4Editor-OculusInput.dll (API version 3709383).
LogModuleManager: Display: Found up-to-date module file ../../../Engine/Plugins/Runtime/Oculus/OculusVR/Binaries/Win64/UE4Editor-OculusEditor.dll (API version 3709383).
LogModuleManager: Display: Found up-to-date module file ../../../Engine/Plugins/Runtime/PhysXVehicles/Binaries/Win64/UE4Editor-PhysXVehicles.dll (API version 3709383).
LogModuleManager: Display: Found up-to-date module file ../../../Engine/Plugins/Runtime/PhysXVehicles/Binaries/Win64/UE4Editor-PhysXVehiclesEditor.dll (API version 3709383).
LogModuleManager: Display: Found up-to-date module file ../../../Engine/Plugins/Runtime/ProceduralMeshComponent/Binaries/Win64/UE4Editor-ProceduralMeshComponent.dll (API version 3709383).
LogModuleManager: Display: Found up-to-date module file ../../../Engine/Plugins/Runtime/ProceduralMeshComponent/Binaries/Win64/UE4Editor-ProceduralMeshComponentEditor.dll (API version 3709383).
LogModuleManager: Display: Found up-to-date module file ../../../Engine/Plugins/Runtime/RuntimePhysXCooking/Binaries/Win64/UE4Editor-RuntimePhysXCooking.dll (API version 3709383).
LogModuleManager: Display: Found up-to-date module file ../../../Engine/Plugins/Runtime/Steam/SteamVR/Binaries/Win64/UE4Editor-SteamVR.dll (API version 3709383).
LogModuleManager: Display: Found up-to-date module file ../../../Engine/Plugins/Runtime/Steam/SteamVR/Binaries/Win64/UE4Editor-SteamVRController.dll (API version 3709383).
LogModuleManager: Display: Found up-to-date module file ../../../Engine/Plugins/Runtime/WindowsMoviePlayer/Binaries/Win64/UE4Editor-WindowsMoviePlayer.dll (API version 3709383).
LogPluginManager: Mounting plugin Paper2D
LogPluginManager: Mounting plugin LightPropagationVolume
LogPluginManager: Mounting plugin CodeLiteSourceCodeAccess
LogPluginManager: Mounting plugin GitSourceControl
LogPluginManager: Mounting plugin KDevelopSourceCodeAccess
LogPluginManager: Mounting plugin NullSourceCodeAccess
LogPluginManager: Mounting plugin PerforceSourceControl
LogPluginManager: Mounting plugin SubversionSourceControl
LogPluginManager: Mounting plugin UObjectPlugin
LogPluginManager: Mounting plugin VisualStudioCodeSourceCodeAccess
LogPluginManager: Mounting plugin VisualStudioSourceCodeAccess
LogPluginManager: Mounting plugin XCodeSourceCodeAccess
LogPluginManager: Mounting plugin AssetManagerEditor
LogPluginManager: Mounting plugin AudioCapture
LogPluginManager: Mounting plugin FacialAnimation
LogPluginManager: Mounting plugin GameplayTagsEditor
LogPluginManager: Mounting plugin MobileLauncherProfileWizard
LogPluginManager: Mounting plugin PluginBrowser
LogPluginManager: Mounting plugin SpeedTreeImporter
LogPluginManager: Mounting plugin AlembicImporter
LogPluginManager: Mounting plugin CharacterAI
LogPluginManager: Mounting plugin HTML5Networking
LogPluginManager: Mounting plugin AndroidMedia
LogPluginManager: Mounting plugin AvfMedia
LogPluginManager: Mounting plugin ImgMedia
LogPluginManager: Mounting plugin MediaCompositing
LogPluginManager: Mounting plugin MediaPlayerEditor
LogPluginManager: Mounting plugin WmfMedia
LogPluginManager: Mounting plugin TcpMessaging
LogPluginManager: Mounting plugin UdpMessaging
LogPluginManager: Mounting plugin ActorSequence
LogPluginManager: Mounting plugin LevelSequenceEditor
LogPluginManager: Mounting plugin MatineeToLevelSequence
LogPluginManager: Mounting plugin OnlineSubsystemGooglePlay
LogPluginManager: Mounting plugin OnlineSubsystemIOS
LogPluginManager: Mounting plugin OnlineSubsystem
LogPluginManager: Mounting plugin OnlineSubsystemNull
LogPluginManager: Mounting plugin OnlineSubsystemUtils
LogPluginManager: Mounting plugin AndroidDeviceProfileSelector
LogPluginManager: Mounting plugin AndroidMoviePlayer
LogPluginManager: Mounting plugin AndroidPermission
LogPluginManager: Mounting plugin AppleARKit
LogPluginManager: Mounting plugin AppleMoviePlayer
LogPluginManager: Mounting plugin ArchVisCharacter
LogPluginManager: Mounting plugin CableComponent
LogPluginManager: Mounting plugin CustomMeshComponent
LogPluginManager: Mounting plugin ExampleDeviceProfileSelector
LogPluginManager: Mounting plugin GoogleCloudMessaging
LogPluginManager: Mounting plugin ImmediatePhysics
LogPluginManager: Mounting plugin IOSDeviceProfileSelector
LogPluginManager: Mounting plugin LinuxDeviceProfileSelector
LogPluginManager: Mounting plugin LocationServicesBPLibrary
LogPluginManager: Mounting plugin MobilePatchingUtils
LogPluginManager: Mounting plugin OculusVR
LogPluginManager: Plugin shader directory ../../../Engine/Plugins/Runtime/Oculus/OculusVR/Shaders found
LogPluginManager: Mapping shader source directory ../../../Engine/Plugins/Runtime/Oculus/OculusVR/Shaders to virtual directory /Plugin/OculusVR
LogPluginManager: Mounting plugin PhysXVehicles
LogPluginManager: Mounting plugin ProceduralMeshComponent
LogPluginManager: Mounting plugin RuntimePhysXCooking
LogPluginManager: Mounting plugin SteamVR
LogPluginManager: Mounting plugin WindowsMoviePlayer
LogInit: Using libcurl 7.47.1
LogInit:  - built for x86_64-pc-win32
LogInit:  - supports SSL with OpenSSL/1.0.2g
LogInit:  - supports HTTP deflate (compression) using libz 1.2.8
LogInit:  - other features:
LogInit:      CURL_VERSION_SSL
LogInit:      CURL_VERSION_LIBZ
LogInit:      CURL_VERSION_IPV6
LogInit:      CURL_VERSION_ASYNCHDNS
LogInit:      CURL_VERSION_LARGEFILE
LogInit:      CURL_VERSION_IDN
LogInit:  CurlRequestOptions (configurable via config and command line):
LogInit:  - bVerifyPeer = false  - Libcurl will NOT verify peer certificate
LogInit:  - bUseHttpProxy = false  - Libcurl will NOT use HTTP proxy
LogInit:  - bDontReuseConnections = false  - Libcurl will reuse connections
LogInit:  - CertBundlePath = nullptr  - Libcurl will use whatever was configured at build time.
LogModuleManager: Warning: No filename provided for module OnlineSubsystemSteam
LogModuleManager: Warning: ModuleManager: Unable to load module 'OnlineSubsystemSteam' because the file 'C:/Program Files/Epic Games/UE_4.18/Engine/Binaries/Win64/' was not found.
LogInit: WinSock: version 1.1 (2.2), MaxSocks=32767, MaxUdp=65467
LogHMD: Failed initializing OVRPlugin 1.19.0
LogInit: Build: ++UE4+Release-4.18-CL-3832480
LogInit: Engine Version: 4.18.3-3832480+++UE4+Release-4.18
LogInit: Compatible Engine Version: 4.18.0-3709383+++UE4+Release-4.18
LogInit: Net CL: 3709383
LogDevObjectVersion: Number of dev versions registered: 16
LogDevObjectVersion:   Dev-Blueprints (B0D832E4-1F89-4F0D-ACCF-7EB736FD4AA2): 10
LogDevObjectVersion:   Dev-Build (E1C64328-A22C-4D53-A36C-8E866417BD8C): 0
LogDevObjectVersion:   Dev-Core (375EC13C-06E4-48FB-B500-84F0262A717E): 2
LogDevObjectVersion:   Dev-Editor (E4B068ED-F494-42E9-A231-DA0B2E46BB41): 20
LogDevObjectVersion:   Dev-Framework (CFFC743F-43B0-4480-9391-14DF171D2073): 30
LogDevObjectVersion:   Dev-Mobile (B02B49B5-BB20-44E9-A304-32B752E40360): 0
LogDevObjectVersion:   Dev-Networking (A4E4105C-59A1-49B5-A7C5-40C4547EDFEE): 0
LogDevObjectVersion:   Dev-Online (39C831C9-5AE6-47DC-9A44-9C173E1C8E7C): 0
LogDevObjectVersion:   Dev-Physics (78F01B33-EBEA-4F98-B9B4-84EACCB95AA2): 0
LogDevObjectVersion:   Dev-Platform (6631380F-2D4D-43E0-8009-CF276956A95A): 0
LogDevObjectVersion:   Dev-Rendering (12F88B9F-8875-4AFC-A67C-D90C383ABD29): 20
LogDevObjectVersion:   Dev-Sequencer (7B5AE74C-D270-4C10-A958-57980B212A5A): 4
LogDevObjectVersion:   Dev-VR (D7296918-1DD6-4BDD-9DE2-64A83CC13884): 0
LogDevObjectVersion:   Dev-LoadTimes (C2A15278-BFE7-4AFE-6C17-90FF531DF755): 1
LogDevObjectVersion:   Private-Geometry (6EACA3D4-40EC-4CC1-B786-8BED09428FC5): 1
LogDevObjectVersion:   Dev-AnimPhys (29E575DD-E0A3-4627-9D10-D276232CDCEA): 12
LogInit: Compiled (64-bit): Jan 12 2018 02:04:55
LogInit: Compiled with Visual C++: 19.00.24215.01
LogInit: Build Configuration: Development
LogInit: Branch Name: ++UE4+Release-4.18
LogInit: Command line:  
LogInit: Base directory: C:/Program Files/Epic Games/UE_4.18/Engine/Binaries/Win64/
LogInit: Installed Engine Build: 1
LogInit: Presizing for max 8388607 objects, including 0 objects not considered by GC, pre-allocating 0 bytes for permanent pool.
LogInit: Object subsystem initialized
[2018.02.26-23.04.20:446][  0]LogInit: Selected Device Profile: [Windows]
[2018.02.26-23.04.20:446][  0]LogInit: Applying CVar settings loaded from the selected device profile: [Windows]
[2018.02.26-23.04.20:459][  0]LogInit: Computer: DESKTOP-TVE1Q8K
[2018.02.26-23.04.20:459][  0]LogInit: User: Cosmotron
[2018.02.26-23.04.20:459][  0]LogInit: CPU Page size=4096, Cores=4
[2018.02.26-23.04.20:460][  0]LogInit: High frequency timer resolution =2.648442 MHz
[2018.02.26-23.04.20:460][  0]LogMemory: Memory total: Physical=32.0GB (32GB approx)
[2018.02.26-23.04.20:460][  0]LogMemory: Platform Memory Stats for Windows
[2018.02.26-23.04.20:460][  0]LogMemory: Process Physical Memory: 278.43 MB used, 278.43 MB peak
[2018.02.26-23.04.20:460][  0]LogMemory: Process Virtual Memory: 276.19 MB used, 276.19 MB peak
[2018.02.26-23.04.20:460][  0]LogMemory: Physical Memory: 6935.79 MB used,  25786.92 MB free, 32722.71 MB total
[2018.02.26-23.04.20:460][  0]LogMemory: Virtual Memory: 732.21 MB used,  25786.92 MB free, 134217728.00 MB total
[2018.02.26-23.04.20:637][  0]LogInit: Using OS detected language (en-US).
[2018.02.26-23.04.20:637][  0]LogInit: Using OS detected locale (en-US).
[2018.02.26-23.04.20:640][  0]LogTextLocalizationManager: No specific localization for 'en-US' exists, so the 'en' localization will be used.
[2018.02.26-23.04.21:083][  0]LogInit: Setting process to per monitor DPI aware
[2018.02.26-23.04.21:370][  0]LogD3D11RHI: D3D11 adapters:
[2018.02.26-23.04.21:417][  0]LogD3D11RHI:    0. 'NVIDIA GeForce GTX 1070' (Feature Level 11_0)
[2018.02.26-23.04.21:417][  0]LogD3D11RHI:       8081/0/16361 MB DedicatedVideo/DedicatedSystem/SharedSystem, Outputs:1, VendorId:0x10de
[2018.02.26-23.04.21:419][  0]LogD3D11RHI:    1. 'Microsoft Basic Render Driver' (Feature Level 11_0)
[2018.02.26-23.04.21:419][  0]LogD3D11RHI:       0/0/16361 MB DedicatedVideo/DedicatedSystem/SharedSystem, Outputs:0, VendorId:0x1414
[2018.02.26-23.04.21:419][  0]LogD3D11RHI: Chosen D3D11 Adapter: 0
[2018.02.26-23.04.21:428][  0]LogD3D11RHI: Creating new Direct3DDevice
[2018.02.26-23.04.21:428][  0]LogD3D11RHI:     GPU DeviceId: 0x1be1 (for the marketing name, search the web for "GPU Device Id")
[2018.02.26-23.04.21:428][  0]LogWindows: EnumDisplayDevices:
[2018.02.26-23.04.21:428][  0]LogWindows:    0. 'NVIDIA GeForce GTX 1070' (P:1 D:1)
[2018.02.26-23.04.21:428][  0]LogWindows:    1. 'NVIDIA GeForce GTX 1070' (P:0 D:0)
[2018.02.26-23.04.21:428][  0]LogWindows:    2. 'NVIDIA GeForce GTX 1070' (P:0 D:0)
[2018.02.26-23.04.21:428][  0]LogWindows:    3. 'NVIDIA GeForce GTX 1070' (P:0 D:0)
[2018.02.26-23.04.21:429][  0]LogWindows: DebugString: GetVideoDriverDetailsInvalid PrimaryIsNotTheChoosenAdapter GetVideoDriverDetailsInvalid PrimaryIsNotTheChoosenAdapter GetVideoDriverDetailsInvalid PrimaryIsNotTheChoosenAdapter GetVideoDriverDetailsInvalid PrimaryIsNotTheChoosenAdapter FoundDriverCount:0 
[2018.02.26-23.04.21:429][  0]LogD3D11RHI:     Adapter Name: NVIDIA GeForce GTX 1070
[2018.02.26-23.04.21:429][  0]LogD3D11RHI:   Driver Version: Unknown (internal:Unknown, unified:Unknown)
[2018.02.26-23.04.21:429][  0]LogD3D11RHI:      Driver Date: Unknown
[2018.02.26-23.04.21:429][  0]LogRHI: Texture pool is 5656 MB (70% of 8081 MB)
[2018.02.26-23.04.21:462][  0]LogD3D11RHI: Async texture creation enabled
[2018.02.26-23.04.21:482][  0]LogD3D11RHI: GPU Timing Frequency: 1000.000000 (Debug: 2 2)
[2018.02.26-23.04.21:524][  0]LogShaderCompilers: Guid format shader working directory is -43 characters bigger than the processId version (../../../../../../Users/Cosmotron/Documents/GitHub/VR_MultiplayerShootout/MultiplayerShootout/Intermediate/Shaders/WorkingDirectory/9920/).
[2018.02.26-23.04.21:525][  0]LogShaderCompilers: Cleaned the shader compiler working directory 'C:/Users/Cosmotron/AppData/Local/Temp/UnrealShaderWorkingDir/CF8941174A8700E8F31235968727CFFD/'.
[2018.02.26-23.04.21:525][  0]LogShaderCompilers: Display: Using Local Shader Compiler.
[2018.02.26-23.04.22:542][  0]LogTemp: Display: Loaded TP AllDesktopTargetPlatform
[2018.02.26-23.04.22:598][  0]LogTemp: Display: Loaded TP MacClientTargetPlatform
[2018.02.26-23.04.22:653][  0]LogTemp: Display: Loaded TP MacNoEditorTargetPlatform
[2018.02.26-23.04.22:707][  0]LogTemp: Display: Loaded TP MacServerTargetPlatform
[2018.02.26-23.04.22:762][  0]LogTemp: Display: Loaded TP MacTargetPlatform
[2018.02.26-23.04.22:818][  0]LogTemp: Display: Loaded TP WindowsClientTargetPlatform
[2018.02.26-23.04.22:874][  0]LogTemp: Display: Loaded TP WindowsNoEditorTargetPlatform
[2018.02.26-23.04.22:931][  0]LogTemp: Display: Loaded TP WindowsServerTargetPlatform
[2018.02.26-23.04.22:978][  0]LogTemp: Display: Loaded TP WindowsTargetPlatform
[2018.02.26-23.04.23:033][  0]LogTemp: Display: Loaded TP Android_ASTCTargetPlatform
[2018.02.26-23.04.23:090][  0]LogTemp: Display: Loaded TP Android_ATCTargetPlatform
[2018.02.26-23.04.23:143][  0]LogTemp: Display: Loaded TP Android_DXTTargetPlatform
[2018.02.26-23.04.23:198][  0]LogTemp: Display: Loaded TP Android_ETC1TargetPlatform
[2018.02.26-23.04.23:251][  0]LogTemp: Display: Loaded TP Android_ETC2TargetPlatform
[2018.02.26-23.04.23:361][  0]LogTemp: Display: Loaded TP Android_MultiTargetPlatform
[2018.02.26-23.04.23:361][  0]LogTemp: Display: Loaded TP Android_PVRTCTargetPlatform
[2018.02.26-23.04.23:417][  0]LogTemp: Display: Loaded TP AndroidTargetPlatform
[2018.02.26-23.04.23:460][  0]LogTemp: Display: Loaded TP HTML5TargetPlatform
[2018.02.26-23.04.23:555][  0]LogTemp: Display: Loaded TP IOSTargetPlatform
[2018.02.26-23.04.23:584][  0]LogTemp: Display: Loaded TP TVOSTargetPlatform
[2018.02.26-23.04.23:640][  0]LogTemp: Display: Loaded TP LinuxClientTargetPlatform
[2018.02.26-23.04.23:694][  0]LogTemp: Display: Loaded TP LinuxNoEditorTargetPlatform
[2018.02.26-23.04.23:748][  0]LogTemp: Display: Loaded TP LinuxServerTargetPlatform
[2018.02.26-23.04.23:807][  0]LogTemp: Display: Loaded TP LinuxTargetPlatform
[2018.02.26-23.04.23:807][  0]LogTargetPlatformManager: Display: Building Assets For Windows
[2018.02.26-23.04.24:317][  0]LogDerivedDataCache: Display: Max Cache Size: 512 MB
[2018.02.26-23.04.24:402][  0]LogDerivedDataCache: Loaded boot cache 0.08s 94MB C:/Users/Cosmotron/AppData/Local/UnrealEngine/4.18/DerivedDataCache/Boot.ddc.
[2018.02.26-23.04.24:402][  0]LogDerivedDataCache: Display: Loaded Boot cache: C:/Users/Cosmotron/AppData/Local/UnrealEngine/4.18/DerivedDataCache/Boot.ddc
[2018.02.26-23.04.24:402][  0]LogDerivedDataCache: FDerivedDataBackendGraph:  Pak pak cache file ../../../../../../Users/Cosmotron/Documents/GitHub/VR_MultiplayerShootout/MultiplayerShootout/DerivedDataCache/DDC.ddp not found, will not use a pak cache.
[2018.02.26-23.04.24:402][  0]LogDerivedDataCache: Unable to find inner node Pak for hierarchical cache Hierarchy.
[2018.02.26-23.04.24:402][  0]LogDerivedDataCache: FDerivedDataBackendGraph:  CompressedPak pak cache file ../../../../../../Users/Cosmotron/Documents/GitHub/VR_MultiplayerShootout/MultiplayerShootout/DerivedDataCache/Compressed.ddp not found, will not use a pak cache.
[2018.02.26-23.04.24:402][  0]LogDerivedDataCache: Unable to find inner node CompressedPak for hierarchical cache Hierarchy.
[2018.02.26-23.04.24:420][  0]LogDerivedDataCache: Display: Pak cache opened for reading ../../../Engine/DerivedDataCache/Compressed.ddp.
[2018.02.26-23.04.24:432][  0]LogDerivedDataCache: Using Local data cache path C:/Users/Cosmotron/AppData/Local/UnrealEngine/Common/DerivedDataCache: Writable
[2018.02.26-23.04.24:445][  0]LogMaterial: Verifying Global Shaders for PCD3D_SM5
[2018.02.26-23.04.24:445][  0]LogSlate: Using Freetype 2.6.0
[2018.02.26-23.04.24:446][  0]LogSlate: SlateFontCache - WITH_FREETYPE: 1, WITH_HARFBUZZ: 1
[2018.02.26-23.04.24:446][  0]LogSlate: SlateFontCache - WITH_FREETYPE: 1, WITH_HARFBUZZ: 1
[2018.02.26-23.04.24:842][  0]LogInit: Selected Device Profile: [Windows]
[2018.02.26-23.04.25:203][  0]LogSimplygon: Simplygon DLL not present - disabling.
[2018.02.26-23.04.25:246][  0]LogMeshReduction: Using SimplygonSwarm for distributed automatic mesh merging
[2018.02.26-23.04.25:246][  0]LogMeshReduction: Using QuadricMeshReduction for automatic static mesh reduction
[2018.02.26-23.04.25:246][  0]LogMeshReduction: No automatic skeletal mesh reduction module available
[2018.02.26-23.04.25:246][  0]LogMeshReduction: No automatic mesh merging module available
[2018.02.26-23.04.25:246][  0]LogMeshMerging: No automatic mesh merging module available
[2018.02.26-23.04.25:275][  0]LogNetVersion: MultiplayerShootout , NetCL: 3709383, EngineNetVer: 2, GameNetVer: 0 (Checksum: 2187402621)
[2018.02.26-23.04.25:392][  0]Warning: Missing opening '"' in string property value: ThirdParty/Steamworks)
[2018.02.26-23.04.25:464][  0]LogAssetRegistry: FAssetRegistry took 0.0264 seconds to start up
[2018.02.26-23.04.26:029][  0]LogPackageLocalizationCache: Processed 7 localized package path(s) for 2 prioritized culture(s) in 0.080795 seconds
[2018.02.26-23.04.26:035][  0]LogUObjectArray: 35870 objects as part of root set at end of initial load.
[2018.02.26-23.04.26:035][  0]LogUObjectAllocator: 7363696 out of 0 bytes used by permanent object pool.
[2018.02.26-23.04.26:035][  0]LogUObjectArray: CloseDisregardForGC: 0/0 objects in disregard for GC pool
[2018.02.26-23.04.28:960][  0]LogTcpMessaging: Initializing TcpMessaging bridge
[2018.02.26-23.04.29:001][  0]LogUdpMessaging: Initializing bridge on interface 0.0.0.0:0 to multicast group 230.0.0.1:6666.
[2018.02.26-23.04.29:715][  0]LogMaterial: Uniform references updated for custom material expression Custom.
[2018.02.26-23.04.30:194][  0]SourceControl: Source control is disabled
[2018.02.26-23.04.30:194][  0]SourceControl: Source control is disabled
[2018.02.26-23.04.30:251][  0]SourceControl: Source control is disabled
[2018.02.26-23.04.30:308][  0]SourceControl: Source control is disabled
[2018.02.26-23.04.31:102][  0]LogAndroidPermission: UAndroidPermissionCallbackProxy::GetInstance
[2018.02.26-23.04.31:385][  0]LogOcInput: OculusInput pre-init called
[2018.02.26-23.04.31:701][  0]LogEngine: Initializing Engine...
[2018.02.26-23.04.35:276][  0]LogHMD: SteamVR initialized.  Driver: lighthouse  Display: LHR-F45D3F18
[2018.02.26-23.04.35:510][  0]LogStats: UGameplayTagsManager::ConstructGameplayTagTree: Construct from data asset -  0.000 s
[2018.02.26-23.04.35:510][  0]LogStats: UGameplayTagsManager::ConstructGameplayTagTree: GameplayTagTreeChangedEvent.Broadcast -  0.000 s
[2018.02.26-23.04.35:649][  0]LogAIModule: Creating AISystem for world Untitled
[2018.02.26-23.04.35:661][  0]LogInit: XAudio2 using 'Speakers (Realtek High Definition Audio)' : 2 channels at 48 kHz using 32 bits per sample (channel mask 0x3)
[2018.02.26-23.04.35:684][  0]LogInit: FAudioDevice initialized.
[2018.02.26-23.04.35:765][  0]LogDerivedDataCache: Saved boot cache 0.08s 95MB C:/Users/Cosmotron/AppData/Local/UnrealEngine/4.18/DerivedDataCache/Boot.ddc.
[2018.02.26-23.04.35:775][  0]LogInit: Texture streaming: Enabled
[2018.02.26-23.04.35:882][  0]LogEngineSessionManager: EngineSessionManager initialized
[2018.02.26-23.04.36:029][  0]LogInit: Transaction tracking system initialized
[2018.02.26-23.04.36:369][  0]BlueprintLog: New page: Editor Load
[2018.02.26-23.04.37:344][  0]LocalizationService: Localization service is disabled
[2018.02.26-23.04.38:158][  0]LogConsoleResponse: Display: 
[2018.02.26-23.04.38:367][  0]LogCook: Display: Max memory allowance for cook 16384mb min free memory 0mb
[2018.02.26-23.04.38:367][  0]LogCook: Display: Mobile HDR setting 1
[2018.02.26-23.04.38:367][  0]LogGameplayTags: Display: UGameplayTagsManager::DoneAddingNativeTags. DelegateIsBound: 0
[2018.02.26-23.04.39:056][  0]LogFileCache: Scanning file cache for directory 'C:/Users/Cosmotron/Documents/GitHub/VR_MultiplayerShootout/MultiplayerShootout/Content/' took 0.02s
[2018.02.26-23.04.39:647][  0]SourceControl: Source control is disabled
[2018.02.26-23.04.39:647][  0]Cmd: MAP LOAD FILE="../../../../../../Users/Cosmotron/Documents/GitHub/VR_MultiplayerShootout/MultiplayerShootout/Content/Z_Folder/Blueprints/Map/VR_Level01.umap" TEMPLATE=0 SHOWPROGRESS=1 FEATURELEVEL=3
[2018.02.26-23.04.39:648][  0]LightingResults: New page: Lighting Build
[2018.02.26-23.04.39:693][  0]MapCheck: New page: Map Check
[2018.02.26-23.04.39:693][  0]LightingResults: New page: Lighting Build
[2018.02.26-23.04.40:305][  0]LogBlueprint: Warning: [Compiler BP_Projectile] Set Physics Angular Velocity  is deprecated; Use SetPhysicsAngularVelocityInDegrees instead
[2018.02.26-23.04.40:386][  0]LogBlueprint: Warning: [Compiler BP_Projectile] [0022.99] Compile of BP_Projectile successful, but with 1 Warning(s) [in 110 ms] (/Game/Blueprints/BP_Projectile.BP_Projectile)
[2018.02.26-23.04.41:193][  0]LogAIModule: Creating AISystem for world VR_Level01
[2018.02.26-23.04.41:205][  0]LogEditorServer: Finished looking for orphan Actors (0.000 secs)
[2018.02.26-23.04.41:228][  0]Cmd: MAP CHECKDEP NOCLEARLOG
[2018.02.26-23.04.41:297][  0]MapCheck: Map check complete: 0 Error(s), 0 Warning(s), took 68.728ms to complete.
[2018.02.26-23.04.41:297][  0]LogFileHelpers: Loading map 'VR_Level01' took 1.650
[2018.02.26-23.04.41:507][  0]LogCollectionManager: Loaded 0 collections in 0.002443 seconds
[2018.02.26-23.04.41:592][  0]LogFileCache: Scanning file cache for directory 'C:/Users/Cosmotron/Documents/GitHub/VR_MultiplayerShootout/MultiplayerShootout/Saved/Collections/' took 0.01s
[2018.02.26-23.04.41:592][  0]LogFileCache: Scanning file cache for directory 'C:/Users/Cosmotron/Documents/GitHub/VR_MultiplayerShootout/MultiplayerShootout/Content/Developers/Cosmotron/Collections/' took 0.01s
[2018.02.26-23.04.41:592][  0]LogFileCache: Scanning file cache for directory 'C:/Users/Cosmotron/Documents/GitHub/VR_MultiplayerShootout/MultiplayerShootout/Content/Collections/' took 0.01s
[2018.02.26-23.04.41:592][  0]LogCollectionManager: Rebuilt the GUID cache for 0 collections in 0.000000 seconds
[2018.02.26-23.04.41:600][  0]LogContentBrowser: Native class hierarchy populated in 0.0082 seconds. Added 2364 classes and 521 folders.
[2018.02.26-23.04.41:672][  0]LogContentBrowser: Native class hierarchy updated for 'WidgetCarousel' in 0.0003 seconds. Added 0 classes and 0 folders.
[2018.02.26-23.04.41:708][  0]LogContentBrowser: Native class hierarchy updated for 'AddContentDialog' in 0.0003 seconds. Added 0 classes and 0 folders.
[2018.02.26-23.04.41:794][  0]LogSlate: Took 0.000282 seconds to synchronously load lazily loaded font '../../../Engine/Content/Slate/Fonts/Roboto-Regular.ttf' (155K)
[2018.02.26-23.04.41:799][  0]LogSlate: Took 0.000175 seconds to synchronously load lazily loaded font '../../../Engine/Content/Slate/Fonts/Roboto-Bold.ttf' (160K)
[2018.02.26-23.04.41:802][  0]LogSlate: Took 0.000159 seconds to synchronously load lazily loaded font '../../../Engine/Content/Editor/Slate/Fonts/FontAwesome.ttf' (139K)
[2018.02.26-23.04.41:899][  0]LogRenderer: Reallocating scene render targets to support 988x512 Format 10 NumSamples 1 (Frame:1).
[2018.02.26-23.04.42:074][  0]LogContentBrowser: Native class hierarchy updated for 'HierarchicalLODOutliner' in 0.0003 seconds. Added 1 classes and 2 folders.
[2018.02.26-23.04.42:074][  0]LogLoad: (Engine Initialization) Total time: 24.67 seconds
[2018.02.26-23.04.42:074][  0]LogLoad: (Engine Initialization) Total Blueprint compile time: 0.00 seconds
[2018.02.26-23.04.42:074][  0]LogExternalProfiler: No external profilers were discovered.  External profiling features will not be available.
[2018.02.26-23.04.42:092][  0]LogWindowsTextInputMethodSystem: Display: IME system now deactivated.
[2018.02.26-23.04.42:114][  0]LogContentStreaming: Texture pool size now 1000 MB
[2018.02.26-23.04.42:162][  0]LogSlate: Took 0.000140 seconds to synchronously load lazily loaded font '../../../Engine/Content/Slate/Fonts/Roboto-Light.ttf' (159K)
[2018.02.26-23.04.42:178][  1]LogAssetRegistry: Asset discovery search completed in 16.7358 seconds
[2018.02.26-23.04.42:180][  1]LogCollectionManager: Rebuilt the object cache for 0 collections in 0.000000 seconds (found 0 objects)
[2018.02.26-23.04.42:180][  1]LogCollectionManager: Fixed up redirectors for 0 collections in 0.000054 seconds (updated 0 objects)
[2018.02.26-23.04.42:207][  2]LogStaticMesh: Allocated 496x129x64 distance field atlas = 7.8Mb, with 56 objects containing 3.2Mb backing data
[2018.02.26-23.04.50:969][525]LogSlate: Took 0.000154 seconds to synchronously load lazily loaded font '../../../Engine/Content/Slate/Fonts/Roboto-Light.ttf' (159K)
[2018.02.26-23.04.51:293][525]LogContentBrowser: Native class hierarchy updated for 'BlueprintGraph' in 0.0007 seconds. Added 116 classes and 0 folders.
[2018.02.26-23.04.52:027][525]LogSlate: Took 0.000133 seconds to synchronously load lazily loaded font '../../../Engine/Content/Slate/Fonts/Roboto-Regular.ttf' (155K)
[2018.02.26-23.04.52:120][525]LogSlate: Took 0.000170 seconds to synchronously load lazily loaded font '../../../Engine/Content/Editor/Slate/Fonts/Roboto-BoldCondensed.ttf' (158K)
[2018.02.26-23.04.52:405][526]LogSlate: Took 0.000298 seconds to synchronously load lazily loaded font '../../../Engine/Content/Editor/Slate/Fonts/Roboto-Italic.ttf' (157K)
[2018.02.26-23.05.09:317][486]BlueprintLog: New page: Compile New_MotionController
[2018.02.26-23.05.10:083][486]LogSavePackage: Save=242.90ms
[2018.02.26-23.05.10:084][486]LogSavePackage: Moving '../../../../../../Users/Cosmotron/Documents/GitHub/VR_MultiplayerShootout/MultiplayerShootout/Saved/New_MotionController94233B3245F91E4AAE826A8FB8083B0C.tmp' to '../../../../../../Users/Cosmotron/Documents/GitHub/VR_MultiplayerShootout/MultiplayerShootout/Content/Z_Folder/Blueprints/NewCharacter/New_MotionController.uasset'
[2018.02.26-23.05.10:088][486]LogSavePackage: Display: Finished SavePackage ../../../../../../Users/Cosmotron/Documents/GitHub/VR_MultiplayerShootout/MultiplayerShootout/Content/Z_Folder/Blueprints/NewCharacter/New_MotionController.uasset
[2018.02.27-00.09.35:421][803]LogRenderer: Reallocating scene render targets to support 988x616 Format 10 NumSamples 1 (Frame:1).
[2018.02.27-00.10.25:721][761]LogTemp: Repeating last play command: VR Preview
[2018.02.27-00.10.25:814][761]LogBlueprintUserMessages: Early PlayInEditor Detection: Level '/Game/Z_Folder/Blueprints/Map/VR_Level01.VR_Level01:PersistentLevel' has LevelScriptBlueprint '/Game/Z_Folder/Blueprints/Map/VR_Level01.VR_Level01:PersistentLevel.VR_Level01' with GeneratedClass '/Game/Z_Folder/Blueprints/Map/VR_Level01.VR_Level01_C' with ClassGeneratedBy '/Game/Z_Folder/Blueprints/Map/VR_Level01.VR_Level01:PersistentLevel.VR_Level01'
[2018.02.27-00.10.25:815][761]LogPlayLevel: PlayLevel: No blueprints needed recompiling
[2018.02.27-00.10.25:815][761]LogOnline: Display: OSS: FOnlineSubsystemNull::Shutdown()
[2018.02.27-00.10.25:815][761]LogOnline: Display: OSS: FOnlineAsyncTaskManager::Stop() ActiveTask:0000000000000000 Tasks[0/0]
[2018.02.27-00.10.25:816][761]LogOnline: Display: OSS: FOnlineAsyncTaskManager::Exit() started
[2018.02.27-00.10.25:816][761]LogOnline: Display: OSS: FOnlineAsyncTaskManager::Exit() finished
[2018.02.27-00.10.25:816][761]LogModuleManager: Warning: No filename provided for module OnlineSubsystemSteam
[2018.02.27-00.10.25:816][761]LogModuleManager: Warning: ModuleManager: Unable to load module 'OnlineSubsystemSteam' because the file 'C:/Program Files/Epic Games/UE_4.18/Engine/Binaries/Win64/' was not found.
[2018.02.27-00.10.25:828][761]PIE: New page: PIE session: VR_Level01 (Feb 26, 2018, 2:10:25 PM)
[2018.02.27-00.10.25:828][761]LogPlayLevel: Creating play world package: /Game/Z_Folder/Blueprints/Map/UEDPIE_0_VR_Level01
[2018.02.27-00.10.25:837][761]LogPlayLevel: PIE: StaticDuplicateObject took: (0.008557s)
[2018.02.27-00.10.25:838][761]LogAIModule: Creating AISystem for world VR_Level01
[2018.02.27-00.10.25:839][761]LogPlayLevel: PIE: World Init took: (0.001457s)
[2018.02.27-00.10.25:839][761]LogPlayLevel: PIE: Created PIE world by copying editor world from /Game/Z_Folder/Blueprints/Map/VR_Level01.VR_Level01 to /Game/Z_Folder/Blueprints/Map/UEDPIE_0_VR_Level01.VR_Level01 (0.010439s)
[2018.02.27-00.10.25:868][761]LogInit: XAudio2 using 'Speakers (Realtek High Definition Audio)' : 2 channels at 48 kHz using 32 bits per sample (channel mask 0x3)
[2018.02.27-00.10.25:886][761]LogInit: FAudioDevice initialized.
[2018.02.27-00.10.28:511][761]LogHMD: SteamVR initialized.  Driver: lighthouse  Display: LHR-F45D3F18
[2018.02.27-00.10.28:564][761]LogLoad: Game class is 'VR_GameMode_C'
[2018.02.27-00.10.28:572][761]LogWorld: Bringing World /Game/Z_Folder/Blueprints/Map/UEDPIE_0_VR_Level01.VR_Level01 up for play (max tick rate 0) at 2018.02.26-19.10.28
[2018.02.27-00.10.28:573][761]LogWorld: Bringing up level for play took: 0.004513
[2018.02.27-00.10.28:586][761]LogSpawn: Warning: SpawnActor failed because no class was specified
[2018.02.27-00.10.28:664][761]LogContentBrowser: Native class hierarchy updated for 'MovieSceneCapture' in 0.0004 seconds. Added 11 classes and 0 folders.
[2018.02.27-00.10.28:664][761]LogGameMode: Display: Match State Changed from EnteringMap to WaitingToStart
[2018.02.27-00.10.28:664][761]LogGameState: Match State Changed from EnteringMap to WaitingToStart
[2018.02.27-00.10.28:664][761]LogGameMode: Display: Match State Changed from WaitingToStart to InProgress
[2018.02.27-00.10.28:669][761]LogGameState: Match State Changed from WaitingToStart to InProgress
[2018.02.27-00.10.28:671][761]PIE: Play in editor start time for /Game/Z_Folder/Blueprints/Map/UEDPIE_0_VR_Level01 3.77
[2018.02.27-00.10.28:672][761]LogBlueprintUserMessages: Late PlayInEditor Detection: Level '/Game/Z_Folder/Blueprints/Map/VR_Level01.VR_Level01:PersistentLevel' has LevelScriptBlueprint '/Game/Z_Folder/Blueprints/Map/VR_Level01.VR_Level01:PersistentLevel.VR_Level01' with GeneratedClass '/Game/Z_Folder/Blueprints/Map/VR_Level01.VR_Level01_C' with ClassGeneratedBy '/Game/Z_Folder/Blueprints/Map/VR_Level01.VR_Level01:PersistentLevel.VR_Level01'
[2018.02.27-00.10.28:719][762]LogRenderer: Reallocating scene render targets to support 2160x1200 Format 10 NumSamples 1 (Frame:1).
[2018.02.27-00.11.07:094][ 42]LogBlueprintUserMessages: Early EndPlayMap Detection: Level '/Game/Z_Folder/Blueprints/Map/VR_Level01.VR_Level01:PersistentLevel' has LevelScriptBlueprint '/Game/Z_Folder/Blueprints/Map/VR_Level01.VR_Level01:PersistentLevel.VR_Level01' with GeneratedClass '/Game/Z_Folder/Blueprints/Map/VR_Level01.VR_Level01_C' with ClassGeneratedBy '/Game/Z_Folder/Blueprints/Map/VR_Level01.VR_Level01:PersistentLevel.VR_Level01'
[2018.02.27-00.11.07:282][ 42]LogOnline: Display: OSS: FOnlineSubsystemNull::Shutdown()
[2018.02.27-00.11.07:282][ 42]LogOnline: Display: OSS: FOnlineAsyncTaskManager::Stop() ActiveTask:0000000000000000 Tasks[0/0]
[2018.02.27-00.11.07:283][ 42]LogOnline: Display: OSS: FOnlineAsyncTaskManager::Exit() started
[2018.02.27-00.11.07:283][ 42]LogOnline: Display: OSS: FOnlineAsyncTaskManager::Exit() finished
[2018.02.27-00.11.07:283][ 42]LogPlayLevel: Display: Shutting down PIE online subsystems
[2018.02.27-00.11.07:283][ 42]LogBlueprintUserMessages: Late EndPlayMap Detection: Level '/Game/Z_Folder/Blueprints/Map/VR_Level01.VR_Level01:PersistentLevel' has LevelScriptBlueprint '/Game/Z_Folder/Blueprints/Map/VR_Level01.VR_Level01:PersistentLevel.VR_Level01' with GeneratedClass '/Game/Z_Folder/Blueprints/Map/VR_Level01.VR_Level01_C' with ClassGeneratedBy '/Game/Z_Folder/Blueprints/Map/VR_Level01.VR_Level01:PersistentLevel.VR_Level01'
[2018.02.27-00.11.07:319][ 43]LogPlayLevel: Display: Destroying online subsystem :Context_7
[2018.02.27-00.11.07:319][ 43]LogOnline: Display: OSS: FOnlineSubsystemNull::Shutdown()
[2018.02.27-00.11.15:388][510]LogHMD: Warning: Standalone game VR not supported, please use VR Preview.
[2018.02.27-00.12.02:945][538]LogTemp: Repeating last play command: Standalone Game
[2018.02.27-00.12.02:989][538]LogHMD: Warning: Standalone game VR not supported, please use VR Preview.
[2018.02.27-00.12.35:278][104]LogBlueprintUserMessages: Early PlayInEditor Detection: Level '/Game/Z_Folder/Blueprints/Map/VR_Level01.VR_Level01:PersistentLevel' has LevelScriptBlueprint '/Game/Z_Folder/Blueprints/Map/VR_Level01.VR_Level01:PersistentLevel.VR_Level01' with GeneratedClass '/Game/Z_Folder/Blueprints/Map/VR_Level01.VR_Level01_C' with ClassGeneratedBy '/Game/Z_Folder/Blueprints/Map/VR_Level01.VR_Level01:PersistentLevel.VR_Level01'
[2018.02.27-00.12.35:278][104]LogPlayLevel: PlayLevel: No blueprints needed recompiling
[2018.02.27-00.12.35:278][104]PIE: New page: PIE session: VR_Level01 (Feb 26, 2018, 2:12:35 PM)
[2018.02.27-00.12.35:279][104]LogPlayLevel: Creating play world package: /Game/Z_Folder/Blueprints/Map/UEDPIE_0_VR_Level01
[2018.02.27-00.12.35:285][104]LogPlayLevel: PIE: StaticDuplicateObject took: (0.006203s)
[2018.02.27-00.12.35:286][104]LogAIModule: Creating AISystem for world VR_Level01
[2018.02.27-00.12.35:287][104]LogPlayLevel: PIE: World Init took: (0.001583s)
[2018.02.27-00.12.35:287][104]LogPlayLevel: PIE: Created PIE world by copying editor world from /Game/Z_Folder/Blueprints/Map/VR_Level01.VR_Level01 to /Game/Z_Folder/Blueprints/Map/UEDPIE_0_VR_Level01.VR_Level01 (0.008153s)
[2018.02.27-00.12.35:315][104]LogInit: XAudio2 using 'Speakers (Realtek High Definition Audio)' : 2 channels at 48 kHz using 32 bits per sample (channel mask 0x3)
[2018.02.27-00.12.35:332][104]LogInit: FAudioDevice initialized.
[2018.02.27-00.12.35:429][104]LogLoad: Game class is 'VR_GameMode_C'
[2018.02.27-00.12.35:436][104]LogWorld: Bringing World /Game/Z_Folder/Blueprints/Map/UEDPIE_0_VR_Level01.VR_Level01 up for play (max tick rate 0) at 2018.02.26-19.12.35
[2018.02.27-00.12.35:436][104]LogWorld: Bringing up level for play took: 0.003067
[2018.02.27-00.12.35:449][104]LogSpawn: Warning: SpawnActor failed because no class was specified
[2018.02.27-00.12.35:450][104]LogGameMode: Display: Match State Changed from EnteringMap to WaitingToStart
[2018.02.27-00.12.35:450][104]LogGameState: Match State Changed from EnteringMap to WaitingToStart
[2018.02.27-00.12.35:450][104]LogGameMode: Display: Match State Changed from WaitingToStart to InProgress
[2018.02.27-00.12.35:454][104]LogGameState: Match State Changed from WaitingToStart to InProgress
[2018.02.27-00.12.35:457][104]PIE: Play in editor start time for /Game/Z_Folder/Blueprints/Map/UEDPIE_0_VR_Level01 0.556
[2018.02.27-00.12.35:457][104]LogBlueprintUserMessages: Late PlayInEditor Detection: Level '/Game/Z_Folder/Blueprints/Map/VR_Level01.VR_Level01:PersistentLevel' has LevelScriptBlueprint '/Game/Z_Folder/Blueprints/Map/VR_Level01.VR_Level01:PersistentLevel.VR_Level01' with GeneratedClass '/Game/Z_Folder/Blueprints/Map/VR_Level01.VR_Level01_C' with ClassGeneratedBy '/Game/Z_Folder/Blueprints/Map/VR_Level01.VR_Level01:PersistentLevel.VR_Level01'
[2018.02.27-00.12.47:742][193]Set new viewmode: Wireframe
[2018.02.27-00.12.47:878][205]LogBlueprintUserMessages: Early EndPlayMap Detection: Level '/Game/Z_Folder/Blueprints/Map/VR_Level01.VR_Level01:PersistentLevel' has LevelScriptBlueprint '/Game/Z_Folder/Blueprints/Map/VR_Level01.VR_Level01:PersistentLevel.VR_Level01' with GeneratedClass '/Game/Z_Folder/Blueprints/Map/VR_Level01.VR_Level01_C' with ClassGeneratedBy '/Game/Z_Folder/Blueprints/Map/VR_Level01.VR_Level01:PersistentLevel.VR_Level01'
[2018.02.27-00.12.48:023][205]LogOnline: Display: OSS: FOnlineSubsystemNull::Shutdown()
[2018.02.27-00.12.48:023][205]LogOnline: Display: OSS: FOnlineAsyncTaskManager::Stop() ActiveTask:0000000000000000 Tasks[0/0]
[2018.02.27-00.12.48:024][205]LogOnline: Display: OSS: FOnlineAsyncTaskManager::Exit() started
[2018.02.27-00.12.48:024][205]LogOnline: Display: OSS: FOnlineAsyncTaskManager::Exit() finished
[2018.02.27-00.12.48:024][205]LogPlayLevel: Display: Shutting down PIE online subsystems
[2018.02.27-00.12.48:025][205]LogBlueprintUserMessages: Late EndPlayMap Detection: Level '/Game/Z_Folder/Blueprints/Map/VR_Level01.VR_Level01:PersistentLevel' has LevelScriptBlueprint '/Game/Z_Folder/Blueprints/Map/VR_Level01.VR_Level01:PersistentLevel.VR_Level01' with GeneratedClass '/Game/Z_Folder/Blueprints/Map/VR_Level01.VR_Level01_C' with ClassGeneratedBy '/Game/Z_Folder/Blueprints/Map/VR_Level01.VR_Level01:PersistentLevel.VR_Level01'
[2018.02.27-00.12.48:078][206]LogPlayLevel: Display: Destroying online subsystem :Context_8
[2018.02.27-00.12.48:078][206]LogOnline: Display: OSS: FOnlineSubsystemNull::Shutdown()
[2018.02.27-00.16.27:018][156]LogContentBrowser: Native class hierarchy updated for 'SkeletonEditor' in 0.0003 seconds. Added 1 classes and 2 folders.
[2018.02.27-00.16.27:260][156]LogActorComponent: RegisterComponentWithWorld: (/Engine/Transient.World_6:PersistentLevel.Actor_0.DebugSkelMeshComponent_0) Already registered. Aborting.
[2018.02.27-00.16.27:327][156]LogSkeletalMesh: USkeletalMeshComponent::InitArticulated : Bodies already created (/Engine/Transient.World_6:PersistentLevel.Actor_0.DebugSkelMeshComponent_0) - call TermArticulated first.
[2018.02.27-00.16.27:700][156]LogContentBrowser: Native class hierarchy updated for 'ClothingSystemEditorInterface' in 0.0003 seconds. Added 1 classes and 0 folders.
[2018.02.27-00.16.31:472][345]LogActorComponent: RegisterComponentWithWorld: (/Engine/Transient.World_10:PersistentLevel.Actor_1.DebugSkelMeshComponent_1) Already registered. Aborting.
[2018.02.27-00.16.31:744][345]LogSkeletalMesh: USkeletalMeshComponent::InitArticulated : Bodies already created (/Engine/Transient.World_10:PersistentLevel.Actor_1.DebugSkelMeshComponent_1) - call TermArticulated first.
[2018.02.27-00.18.38:112][708]LogUObjectArray: Warning: Other object in slot
[2018.02.27-00.18.38:288][708]LogStats: FPlatformStackWalk::StackWalkAndDump -  0.176 s
[2018.02.27-00.18.38:288][708]LogOutputDevice: Error: === Handled ensure: ===
[2018.02.27-00.18.38:288][708]LogOutputDevice: Error: 
[2018.02.27-00.18.38:288][708]LogOutputDevice: Error: Ensure condition failed: false [File:D:\Build\++UE4+Release-4.18+Compile\Sync\Engine\Source\Editor\UnrealEd\Private\Kismet2\KismetDebugUtilities.cpp] [Line: 1029]
[2018.02.27-00.18.38:288][708]LogOutputDevice: Error: Error: Invalid (but non-null) property associated with pin; cannot get variable value
[2018.02.27-00.18.38:288][708]LogOutputDevice: Error: Stack: 
[2018.02.27-00.18.38:288][708]LogOutputDevice: Error: [Callstack] 0x000000008E772786 UE4Editor-Core.dll!UnknownFunction []
[2018.02.27-00.18.38:288][708]LogOutputDevice: Error: [Callstack] 0x000000008E51123A UE4Editor-Core.dll!UnknownFunction []
[2018.02.27-00.18.38:288][708]LogOutputDevice: Error: [Callstack] 0x000000008E52B906 UE4Editor-Core.dll!UnknownFunction []
[2018.02.27-00.18.38:288][708]LogOutputDevice: Error: [Callstack] 0x00000000897F33F6 UE4Editor-UnrealEd.dll!UnknownFunction []
[2018.02.27-00.18.38:288][708]LogOutputDevice: Error: [Callstack] 0x0000000087C803AB UE4Editor-BlueprintGraph.dll!UnknownFunction []
[2018.02.27-00.18.38:288][708]LogOutputDevice: Error: [Callstack] 0x0000000086623EBA UE4Editor-GraphEditor.dll!UnknownFunction []
[2018.02.27-00.18.38:288][708]LogOutputDevice: Error: [Callstack] 0x00000000864B74AC UE4Editor-GraphEditor.dll!UnknownFunction []
[2018.02.27-00.18.38:288][708]LogOutputDevice: Error: [Callstack] 0x00000000864BABF9 UE4Editor-GraphEditor.dll!UnknownFunction []
[2018.02.27-00.18.38:288][708]LogOutputDevice: Error: [Callstack] 0x00000000865E8225 UE4Editor-GraphEditor.dll!UnknownFunction []
[2018.02.27-00.18.38:288][708]LogOutputDevice: Error: [Callstack] 0x000000008AAB7397 UE4Editor-Slate.dll!UnknownFunction []
[2018.02.27-00.18.38:288][708]LogOutputDevice: Error: [Callstack] 0x000000008AABCE61 UE4Editor-Slate.dll!UnknownFunction []
[2018.02.27-00.18.38:288][708]LogOutputDevice: Error: [Callstack] 0x000000008ACF9913 UE4Editor-Slate.dll!UnknownFunction []
[2018.02.27-00.18.38:288][708]LogOutputDevice: Error: [Callstack] 0x000000008AB13484 UE4Editor-Slate.dll!UnknownFunction []
[2018.02.27-00.18.38:288][708]LogOutputDevice: Error: [Callstack] 0x000000008AB0D1F1 UE4Editor-Slate.dll!UnknownFunction []
[2018.02.27-00.18.38:288][708]LogOutputDevice: Error: [Callstack] 0x000000008AB0C953 UE4Editor-Slate.dll!UnknownFunction []
[2018.02.27-00.18.38:288][708]LogOutputDevice: Error: [Callstack] 0x000000006BB469CA UE4Editor.exe!UnknownFunction []
[2018.02.27-00.18.38:288][708]LogOutputDevice: Error: [Callstack] 0x000000006BB55430 UE4Editor.exe!UnknownFunction []
[2018.02.27-00.18.38:288][708]LogOutputDevice: Error: [Callstack] 0x000000006BB554AA UE4Editor.exe!UnknownFunction []
[2018.02.27-00.18.38:288][708]LogOutputDevice: Error: [Callstack] 0x000000006BB62379 UE4Editor.exe!UnknownFunction []
[2018.02.27-00.18.38:288][708]LogOutputDevice: Error: [Callstack] 0x000000006BB63D57 UE4Editor.exe!UnknownFunction []
[2018.02.27-00.18.38:288][708]LogOutputDevice: Error: [Callstack] 0x00000000E3CB1FE4 KERNEL32.DLL!UnknownFunction []
[2018.02.27-00.18.38:288][708]LogOutputDevice: Error: [Callstack] 0x00000000E63AEFC1 ntdll.dll!UnknownFunction []
[2018.02.27-00.18.38:288][708]LogOutputDevice: Error: 
[2018.02.27-00.18.38:291][708]LogStats:                SubmitErrorReport -  0.000 s
[2018.02.27-00.18.38:741][708]LogStats:                    SendNewReport -  0.450 s
[2018.02.27-00.18.38:741][708]LogStats:             FDebug::EnsureFailed -  0.628 s
[2018.02.27-00.18.44:560][ 47]LogSavePackage: Save=68.02ms
[2018.02.27-00.18.44:560][ 47]LogSavePackage: Moving '../../../../../../Users/Cosmotron/Documents/GitHub/VR_MultiplayerShootout/MultiplayerShootout/Saved/NewCharacter_AnimBP78AF653840A949285743488C2D2CC42A.tmp' to '../../../../../../Users/Cosmotron/Documents/GitHub/VR_MultiplayerShootout/MultiplayerShootout/Content/Z_Folder/Blueprints/NewCharacter/Animations/NewCharacter_AnimBP.uasset'
[2018.02.27-00.18.44:564][ 47]LogSavePackage: Display: Finished SavePackage ../../../../../../Users/Cosmotron/Documents/GitHub/VR_MultiplayerShootout/MultiplayerShootout/Content/Z_Folder/Blueprints/NewCharacter/Animations/NewCharacter_AnimBP.uasset
[2018.02.27-00.18.53:631][580]BlueprintLog: New page: Compile NewCharacter_AnimBP
[2018.02.27-00.21.14:115][888]BlueprintLog: New page: Compile NewVR_Character
[2018.02.27-00.21.14:714][888]LogSavePackage: Save=111.24ms
[2018.02.27-00.21.14:715][888]LogSavePackage: Moving '../../../../../../Users/Cosmotron/Documents/GitHub/VR_MultiplayerShootout/MultiplayerShootout/Saved/NewVR_Character4CA8CBEA47AB38956D2F5D96A35676A2.tmp' to '../../../../../../Users/Cosmotron/Documents/GitHub/VR_MultiplayerShootout/MultiplayerShootout/Content/Z_Folder/Blueprints/NewCharacter/NewVR_Character.uasset'
[2018.02.27-00.21.14:720][888]LogSavePackage: Display: Finished SavePackage ../../../../../../Users/Cosmotron/Documents/GitHub/VR_MultiplayerShootout/MultiplayerShootout/Content/Z_Folder/Blueprints/NewCharacter/NewVR_Character.uasset
[2018.02.27-00.21.28:463][703]BlueprintLog: New page: Compile NewVR_Character
[2018.02.27-00.21.29:036][703]LogSavePackage: Save=107.14ms
[2018.02.27-00.21.29:036][703]LogSavePackage: Moving '../../../../../../Users/Cosmotron/Documents/GitHub/VR_MultiplayerShootout/MultiplayerShootout/Saved/NewVR_CharacterF4638D39450D6A1EE2F133B83A88C218.tmp' to '../../../../../../Users/Cosmotron/Documents/GitHub/VR_MultiplayerShootout/MultiplayerShootout/Content/Z_Folder/Blueprints/NewCharacter/NewVR_Character.uasset'
[2018.02.27-00.21.29:041][703]LogSavePackage: Display: Finished SavePackage ../../../../../../Users/Cosmotron/Documents/GitHub/VR_MultiplayerShootout/MultiplayerShootout/Content/Z_Folder/Blueprints/NewCharacter/NewVR_Character.uasset
[2018.02.27-00.21.29:384][714]LogSavePackage: Save=97.58ms
[2018.02.27-00.21.29:384][714]LogSavePackage: Moving '../../../../../../Users/Cosmotron/Documents/GitHub/VR_MultiplayerShootout/MultiplayerShootout/Saved/NewVR_Character6EE253E143C39A532ADD4E91C4696C1F.tmp' to '../../../../../../Users/Cosmotron/Documents/GitHub/VR_MultiplayerShootout/MultiplayerShootout/Content/Z_Folder/Blueprints/NewCharacter/NewVR_Character.uasset'
[2018.02.27-00.21.29:386][714]LogSavePackage: Display: Finished SavePackage ../../../../../../Users/Cosmotron/Documents/GitHub/VR_MultiplayerShootout/MultiplayerShootout/Content/Z_Folder/Blueprints/NewCharacter/NewVR_Character.uasset
[2018.02.27-00.22.03:515][753]LogSlate: Took 0.000234 seconds to synchronously load lazily loaded font '../../../Engine/Content/Slate/Fonts/Roboto-Light.ttf' (159K)
[2018.02.27-00.22.12:577][293]LogFileHelpers: Editor autosave (incl. sublevels) for '/Game/Z_Folder/Blueprints/Map/VR_Level01' took 0.022
[2018.02.27-00.22.12:579][293]OBJ SavePackage: Generating thumbnails for [1] asset(s) in package [/Game/Z_Folder/Blueprints/NewCharacter/Animations/NewCharacter_AnimBP] ([1] browsable assets)...
[2018.02.27-00.22.12:594][293]OBJ SavePackage:     Rendered thumbnail for [AnimBlueprint /Game/Z_Folder/Blueprints/NewCharacter/Animations/NewCharacter_AnimBP.NewCharacter_AnimBP]
[2018.02.27-00.22.12:594][293]OBJ SavePackage: Finished generating thumbnails for package [/Game/Z_Folder/Blueprints/NewCharacter/Animations/NewCharacter_AnimBP]
[2018.02.27-00.22.12:673][293]LogSavePackage: Save=60.92ms
[2018.02.27-00.22.12:673][293]LogSavePackage: Moving '../../../../../../Users/Cosmotron/Documents/GitHub/VR_MultiplayerShootout/MultiplayerShootout/Saved/NewCharacter_AnimBP_Auto19CB8C9A143AA75C1E63975BBB96C8B8A.tmp' to '../../../../../../Users/Cosmotron/Documents/GitHub/VR_MultiplayerShootout/MultiplayerShootout/Saved/Autosaves/Game/Z_Folder/Blueprints/NewCharacter/Animations/NewCharacter_AnimBP_Auto1.uasset'
[2018.02.27-00.22.12:675][293]LogSavePackage: Display: Finished SavePackage ../../../../../../Users/Cosmotron/Documents/GitHub/VR_MultiplayerShootout/MultiplayerShootout/Saved/Autosaves/Game/Z_Folder/Blueprints/NewCharacter/Animations/NewCharacter_AnimBP_Auto1.uasset
[2018.02.27-00.22.12:675][293]LogFileHelpers: Auto-saving content packages took 0.097
[2018.02.27-00.23.18:435][188]BlueprintLog: New page: Compile New_MotionController
[2018.02.27-00.23.19:228][188]LogSavePackage: Save=251.14ms
[2018.02.27-00.23.19:228][188]LogSavePackage: Moving '../../../../../../Users/Cosmotron/Documents/GitHub/VR_MultiplayerShootout/MultiplayerShootout/Saved/New_MotionController9CCEBDA342DACB80A16DF9AC1CA94F9A.tmp' to '../../../../../../Users/Cosmotron/Documents/GitHub/VR_MultiplayerShootout/MultiplayerShootout/Content/Z_Folder/Blueprints/NewCharacter/New_MotionController.uasset'
[2018.02.27-00.23.19:233][188]LogSavePackage: Display: Finished SavePackage ../../../../../../Users/Cosmotron/Documents/GitHub/VR_MultiplayerShootout/MultiplayerShootout/Content/Z_Folder/Blueprints/NewCharacter/New_MotionController.uasset
[2018.02.27-00.23.30:207][827]LogEditorViewport: Clicking on Actor (LMB): PlayerStart (PlayerStart)
[2018.02.27-00.24.08:908][ 80]LogSavePackage: Save=61.23ms
[2018.02.27-00.24.08:908][ 80]LogSavePackage: Moving '../../../../../../Users/Cosmotron/Documents/GitHub/VR_MultiplayerShootout/MultiplayerShootout/Saved/NewCharacter_AnimBP0954CA854F2AA7A5836E3793411CF3A5.tmp' to '../../../../../../Users/Cosmotron/Documents/GitHub/VR_MultiplayerShootout/MultiplayerShootout/Content/Z_Folder/Blueprints/NewCharacter/Animations/NewCharacter_AnimBP.uasset'
[2018.02.27-00.24.08:912][ 80]LogSavePackage: Display: Finished SavePackage ../../../../../../Users/Cosmotron/Documents/GitHub/VR_MultiplayerShootout/MultiplayerShootout/Content/Z_Folder/Blueprints/NewCharacter/Animations/NewCharacter_AnimBP.uasset
[2018.02.27-00.24.40:401][921]LogSavePackage: Save=13.12ms
[2018.02.27-00.24.40:401][921]LogSavePackage: Moving '../../../../../../Users/Cosmotron/Documents/GitHub/VR_MultiplayerShootout/MultiplayerShootout/Saved/VR_GameStateFF36E279418A8B30670514924ADE81FB.tmp' to '../../../../../../Users/Cosmotron/Documents/GitHub/VR_MultiplayerShootout/MultiplayerShootout/Content/Z_Folder/Blueprints/VR_GameState.uasset'
[2018.02.27-00.24.40:405][921]LogSavePackage: Display: Finished SavePackage ../../../../../../Users/Cosmotron/Documents/GitHub/VR_MultiplayerShootout/MultiplayerShootout/Content/Z_Folder/Blueprints/VR_GameState.uasset
[2018.02.27-00.24.40:870][949]BlueprintLog: New page: Compile VR_GameState
[2018.02.27-00.24.43:206][ 69]LogSavePackage: Save=11.11ms
[2018.02.27-00.24.43:206][ 69]LogSavePackage: Moving '../../../../../../Users/Cosmotron/Documents/GitHub/VR_MultiplayerShootout/MultiplayerShootout/Saved/VR_GameStateE90CF24F4EB5758FD9E665AC9612E746.tmp' to '../../../../../../Users/Cosmotron/Documents/GitHub/VR_MultiplayerShootout/MultiplayerShootout/Content/Z_Folder/Blueprints/VR_GameState.uasset'
[2018.02.27-00.24.43:211][ 69]LogSavePackage: Display: Finished SavePackage ../../../../../../Users/Cosmotron/Documents/GitHub/VR_MultiplayerShootout/MultiplayerShootout/Content/Z_Folder/Blueprints/VR_GameState.uasset
[2018.02.27-00.24.44:031][118]BlueprintLog: New page: Compile VR_GameState
[2018.02.27-00.25.25:848][480]LogSavePackage: Save=66.22ms
[2018.02.27-00.25.25:849][480]LogSavePackage: Moving '../../../../../../Users/Cosmotron/Documents/GitHub/VR_MultiplayerShootout/MultiplayerShootout/Saved/VR_PlayerControllerC4B9D74648285CDDC8CD0AB95A496757.tmp' to '../../../../../../Users/Cosmotron/Documents/GitHub/VR_MultiplayerShootout/MultiplayerShootout/Content/Z_Folder/Blueprints/VR_PlayerController.uasset'
[2018.02.27-00.25.25:853][480]LogSavePackage: Display: Finished SavePackage ../../../../../../Users/Cosmotron/Documents/GitHub/VR_MultiplayerShootout/MultiplayerShootout/Content/Z_Folder/Blueprints/VR_PlayerController.uasset
[2018.02.27-00.25.42:121][425]LogSavePackage: Save=67.77ms
[2018.02.27-00.25.42:121][425]LogSavePackage: Moving '../../../../../../Users/Cosmotron/Documents/GitHub/VR_MultiplayerShootout/MultiplayerShootout/Saved/VR_PlayerController514E81D04F73A3A04DFC1BBD338B2832.tmp' to '../../../../../../Users/Cosmotron/Documents/GitHub/VR_MultiplayerShootout/MultiplayerShootout/Content/Z_Folder/Blueprints/VR_PlayerController.uasset'
[2018.02.27-00.25.42:125][425]LogSavePackage: Display: Finished SavePackage ../../../../../../Users/Cosmotron/Documents/GitHub/VR_MultiplayerShootout/MultiplayerShootout/Content/Z_Folder/Blueprints/VR_PlayerController.uasset
[2018.02.27-00.25.42:819][464]BlueprintLog: New page: Compile VR_PlayerController
[2018.02.27-00.25.47:329][690]LogSavePackage: Save=69.74ms
[2018.02.27-00.25.47:329][690]LogSavePackage: Moving '../../../../../../Users/Cosmotron/Documents/GitHub/VR_MultiplayerShootout/MultiplayerShootout/Saved/VR_PlayerControllerEE699E1245BE0BE9B0D40EB940120396.tmp' to '../../../../../../Users/Cosmotron/Documents/GitHub/VR_MultiplayerShootout/MultiplayerShootout/Content/Z_Folder/Blueprints/VR_PlayerController.uasset'
[2018.02.27-00.25.47:333][690]LogSavePackage: Display: Finished SavePackage ../../../../../../Users/Cosmotron/Documents/GitHub/VR_MultiplayerShootout/MultiplayerShootout/Content/Z_Folder/Blueprints/VR_PlayerController.uasset
[2018.02.27-00.25.47:724][711]BlueprintLog: New page: Compile VR_PlayerController
[2018.02.27-00.28.08:253][853]LogActorComponent: UnregisterComponent: (/Engine/Transient.EditorFloorComp) Not registered. Aborting.
[2018.02.27-00.28.08:325][853]LogActorComponent: UnregisterComponent: (/Engine/Transient.EditorFloorComp) Not registered. Aborting.
[2018.02.27-00.28.08:388][853]LogActorComponent: UnregisterComponent: (/Engine/Transient.EditorFloorComp) Not registered. Aborting.
[2018.02.27-00.28.08:659][853]LogActorComponent: UnregisterComponent: (/Engine/Transient.EditorFloorComp) Not registered. Aborting.
[2018.02.27-00.28.08:937][854]Cmd: QUIT_EDITOR
[2018.02.27-00.28.08:952][854]LogWindowsTextInputMethodSystem: Display: IME system now deactivated.
[2018.02.27-00.28.08:969][854]LogExit: Preparing to exit.
[2018.02.27-00.28.09:966][854]LogDirectoryWatcher: A directory notification for 'C:/Users/Cosmotron/Documents/GitHub/VR_MultiplayerShootout/MultiplayerShootout/Content/' was aborted.
[2018.02.27-00.28.10:016][854]LogExit: Editor shut down
[2018.02.27-00.28.10:020][854]LogExit: Transaction tracking system shut down
[2018.02.27-00.28.10:203][854]LogDirectoryWatcher: A directory notification for '../../../Engine/Content/' was aborted.
[2018.02.27-00.28.10:203][854]LogDirectoryWatcher: A directory notification for '../../../../../../Users/Cosmotron/Documents/GitHub/VR_MultiplayerShootout/MultiplayerShootout/Content/' was aborted.
[2018.02.27-00.28.10:203][854]LogDirectoryWatcher: A directory notification for '../../../Engine/Plugins/2D/Paper2D/Content/' was aborted.
[2018.02.27-00.28.10:203][854]LogDirectoryWatcher: A directory notification for '../../../Engine/Plugins/Media/MediaCompositing/Content/' was aborted.
[2018.02.27-00.28.10:203][854]LogDirectoryWatcher: A directory notification for '../../../Engine/Plugins/Runtime/AppleARKit/Content/' was aborted.
[2018.02.27-00.28.10:203][854]LogDirectoryWatcher: A directory notification for '../../../Engine/Plugins/Runtime/Oculus/OculusVR/Content/' was aborted.
[2018.02.27-00.28.10:203][854]LogDirectoryWatcher: A directory notification for '../../../Engine/Plugins/Runtime/Steam/SteamVR/Content/' was aborted.
[2018.02.27-00.28.10:303][854]LogExit: Object subsystem successfully closed.
[2018.02.27-00.28.10:322][854]LogD3D11RHI: Shutdown
[2018.02.27-00.28.10:322][854]LogD3D11RHI: CleanupD3DDevice
[2018.02.27-00.28.10:325][854]LogD3D11RHI: ~FD3D11DynamicRHI
[2018.02.27-00.28.10:340][854]LogModuleManager: Shutting down and abandoning module AnimationBlueprintEditor (561)
[2018.02.27-00.28.10:340][854]LogModuleManager: Shutting down and abandoning module ClothingSystemEditorInterface (559)
[2018.02.27-00.28.10:340][854]LogModuleManager: Shutting down and abandoning module SkeletonEditor (557)
[2018.02.27-00.28.10:340][854]LogModuleManager: Shutting down and abandoning module MovieSceneCapture (555)
[2018.02.27-00.28.10:340][854]LogModuleManager: Shutting down and abandoning module Voice (553)
[2018.02.27-00.28.10:340][854]LogModuleManager: Shutting down and abandoning module BlueprintGraph (551)
[2018.02.27-00.28.10:340][854]LogModuleManager: Shutting down and abandoning module HierarchicalLODOutliner (549)
[2018.02.27-00.28.10:340][854]LogModuleManager: Shutting down and abandoning module AddContentDialog (547)
[2018.02.27-00.28.10:340][854]LogDirectoryWatcher: A directory notification for 'C:/Program Files/Epic Games/UE_4.18/FeaturePacks/' was aborted.
[2018.02.27-00.28.10:341][854]LogModuleManager: Shutting down and abandoning module WidgetCarousel (546)
[2018.02.27-00.28.10:341][854]LogModuleManager: Shutting down and abandoning module EditorWidgets (543)
[2018.02.27-00.28.10:341][854]LogModuleManager: Shutting down and abandoning module CollectionManager (541)
[2018.02.27-00.28.10:341][854]LogDirectoryWatcher: A directory notification for 'C:/Users/Cosmotron/Documents/GitHub/VR_MultiplayerShootout/MultiplayerShootout/Content/Collections/' was aborted.
[2018.02.27-00.28.10:341][854]LogDirectoryWatcher: A directory notification for 'C:/Users/Cosmotron/Documents/GitHub/VR_MultiplayerShootout/MultiplayerShootout/Content/Developers/Cosmotron/Collections/' was aborted.
[2018.02.27-00.28.10:341][854]LogDirectoryWatcher: A directory notification for 'C:/Users/Cosmotron/Documents/GitHub/VR_MultiplayerShootout/MultiplayerShootout/Saved/Collections/' was aborted.
[2018.02.27-00.28.10:341][854]LogModuleManager: Shutting down and abandoning module SceneOutliner (539)
[2018.02.27-00.28.10:341][854]LogModuleManager: Shutting down and abandoning module StatsViewer (537)
[2018.02.27-00.28.10:341][854]LogModuleManager: Shutting down and abandoning module FoliageEdit (535)
[2018.02.27-00.28.10:341][854]LogModuleManager: Shutting down and abandoning module LandscapeEditor (533)
[2018.02.27-00.28.10:341][854]LogModuleManager: Shutting down and abandoning module MeshPaintMode (531)
[2018.02.27-00.28.10:341][854]LogModuleManager: Shutting down and abandoning module SceneDepthPickerMode (529)
[2018.02.27-00.28.10:341][854]LogModuleManager: Shutting down and abandoning module ActorPickerMode (527)
[2018.02.27-00.28.10:341][854]LogModuleManager: Shutting down and abandoning module GeometryMode (525)
[2018.02.27-00.28.10:341][854]LogModuleManager: Shutting down and abandoning module TextureAlignMode (523)
[2018.02.27-00.28.10:341][854]LogModuleManager: Shutting down and abandoning module BspMode (521)
[2018.02.27-00.28.10:341][854]LogModuleManager: Shutting down and abandoning module PIEPreviewDeviceProfileSelector (519)
[2018.02.27-00.28.10:341][854]LogModuleManager: Shutting down and abandoning module HardwareSurvey (517)
[2018.02.27-00.28.10:341][854]LogModuleManager: Shutting down and abandoning module SequenceRecorderSections (515)
[2018.02.27-00.28.10:341][854]LogModuleManager: Shutting down and abandoning module AutomationWorker (513)
[2018.02.27-00.28.10:341][854]LogModuleManager: Shutting down and abandoning module MatineeToLevelSequence (511)
[2018.02.27-00.28.10:341][854]LogModuleManager: Shutting down and abandoning module LevelSequenceEditor (509)
[2018.02.27-00.28.10:341][854]LogModuleManager: Shutting down and abandoning module PlacementMode (508)
[2018.02.27-00.28.10:341][854]LogModuleManager: Shutting down and abandoning module WmfMediaFactory (505)
[2018.02.27-00.28.10:342][854]LogModuleManager: Shutting down and abandoning module WmfMediaEditor (503)
[2018.02.27-00.28.10:342][854]LogModuleManager: Shutting down and abandoning module OpenExrWrapper (501)
[2018.02.27-00.28.10:342][854]LogModuleManager: Shutting down and abandoning module ImgMediaFactory (499)
[2018.02.27-00.28.10:342][854]LogModuleManager: Shutting down and abandoning module ImgMediaEditor (497)
[2018.02.27-00.28.10:342][854]LogModuleManager: Shutting down and abandoning module AvfMediaFactory (495)
[2018.02.27-00.28.10:342][854]LogModuleManager: Shutting down and abandoning module AvfMediaEditor (493)
[2018.02.27-00.28.10:342][854]LogModuleManager: Shutting down and abandoning module AndroidMediaFactory (491)
[2018.02.27-00.28.10:342][854]LogModuleManager: Shutting down and abandoning module AndroidMediaEditor (489)
[2018.02.27-00.28.10:342][854]LogModuleManager: Shutting down and abandoning module CharacterAI (487)
[2018.02.27-00.28.10:342][854]LogModuleManager: Shutting down and abandoning module AudioCapture (485)
[2018.02.27-00.28.10:342][854]LogModuleManager: Shutting down and abandoning module SequenceRecorder (484)
[2018.02.27-00.28.10:342][854]LogModuleManager: Shutting down and abandoning module SmartSnapping (481)
[2018.02.27-00.28.10:342][854]LogModuleManager: Shutting down and abandoning module SessionServices (479)
[2018.02.27-00.28.10:342][854]LogModuleManager: Shutting down and abandoning module ViewportSnapping (477)
[2018.02.27-00.28.10:342][854]LogModuleManager: Shutting down and abandoning module ViewportInteraction (475)
[2018.02.27-00.28.10:342][854]LogModuleManager: Shutting down and abandoning module ClothPainter (473)
[2018.02.27-00.28.10:342][854]LogModuleManager: Shutting down and abandoning module SkeletalMeshEditor (472)
[2018.02.27-00.28.10:342][854]LogModuleManager: Shutting down and abandoning module LogVisualizer (469)
[2018.02.27-00.28.10:342][854]LogModuleManager: Shutting down and abandoning module IntroTutorials (467)
[2018.02.27-00.28.10:342][854]LogModuleManager: Shutting down and abandoning module GameProjectGeneration (466)
[2018.02.27-00.28.10:342][854]LogModuleManager: Shutting down and abandoning module IOSPlatformEditor (463)
[2018.02.27-00.28.10:342][854]LogModuleManager: Shutting down and abandoning module HTML5PlatformEditor (461)
[2018.02.27-00.28.10:342][854]LogModuleManager: Shutting down and abandoning module AndroidPlatformEditor (459)
[2018.02.27-00.28.10:342][854]LogModuleManager: Shutting down and abandoning module AndroidDeviceDetection (458)
[2018.02.27-00.28.10:918][854]LogModuleManager: Shutting down and abandoning module WindowsPlatformEditor (455)
[2018.02.27-00.28.10:918][854]LogModuleManager: Shutting down and abandoning module IOSRuntimeSettings (453)
[2018.02.27-00.28.10:918][854]LogModuleManager: Shutting down and abandoning module AndroidRuntimeSettings (451)
[2018.02.27-00.28.10:918][854]LogModuleManager: Shutting down and abandoning module InputBindingEditor (449)
[2018.02.27-00.28.10:918][854]LogModuleManager: Shutting down and abandoning module MergeActors (447)
[2018.02.27-00.28.10:918][854]LogModuleManager: Shutting down and abandoning module SizeMap (445)
[2018.02.27-00.28.10:918][854]LogModuleManager: Shutting down and abandoning module TreeMap (443)
[2018.02.27-00.28.10:918][854]LogModuleManager: Shutting down and abandoning module ReferenceViewer (441)
[2018.02.27-00.28.10:918][854]LogModuleManager: Shutting down and abandoning module LocalizationDashboard (439)
[2018.02.27-00.28.10:919][854]LogModuleManager: Shutting down and abandoning module LocalizationService (438)
[2018.02.27-00.28.10:919][854]LogModuleManager: Shutting down and abandoning module HardwareTargeting (435)
[2018.02.27-00.28.10:919][854]LogModuleManager: Shutting down and abandoning module DeviceProfileEditor (433)
[2018.02.27-00.28.10:919][854]LogModuleManager: Shutting down and abandoning module UndoHistory (431)
[2018.02.27-00.28.10:919][854]LogModuleManager: Shutting down and abandoning module XmlParser (429)
[2018.02.27-00.28.10:919][854]LogModuleManager: Shutting down and abandoning module Blutility (427)
[2018.02.27-00.28.10:919][854]LogModuleManager: Shutting down and abandoning module ProjectSettingsViewer (425)
[2018.02.27-00.28.10:919][854]LogModuleManager: Shutting down and abandoning module ProjectTargetPlatformEditor (424)
[2018.02.27-00.28.10:919][854]LogModuleManager: Shutting down and abandoning module EditorSettingsViewer (421)
[2018.02.27-00.28.10:919][854]LogModuleManager: Shutting down and abandoning module SettingsEditor (419)
[2018.02.27-00.28.10:919][854]LogModuleManager: Shutting down and abandoning module ProjectLauncher (417)
[2018.02.27-00.28.10:919][854]LogModuleManager: Shutting down and abandoning module SessionFrontend (415)
[2018.02.27-00.28.10:919][854]LogModuleManager: Shutting down and abandoning module ProfilerClient (413)
[2018.02.27-00.28.10:919][854]LogModuleManager: Shutting down and abandoning module DeviceManager (411)
[2018.02.27-00.28.10:919][854]LogModuleManager: Shutting down and abandoning module TargetDeviceServices (410)
[2018.02.27-00.28.10:983][854]LogModuleManager: Shutting down and abandoning module AutomationController (407)
[2018.02.27-00.28.10:983][854]LogModuleManager: Shutting down and abandoning module AutomationWindow (405)
[2018.02.27-00.28.10:983][854]LogModuleManager: Shutting down and abandoning module Layers (403)
[2018.02.27-00.28.10:983][854]LogModuleManager: Shutting down and abandoning module ComponentVisualizers (401)
[2018.02.27-00.28.10:983][854]LogModuleManager: Shutting down and abandoning module DetailCustomizations (399)
[2018.02.27-00.28.10:983][854]LogModuleManager: Shutting down and abandoning module PackagesDialog (397)
[2018.02.27-00.28.10:983][854]LogModuleManager: Shutting down and abandoning module Persona (395)
[2018.02.27-00.28.10:983][854]LogModuleManager: Shutting down and abandoning module AdvancedPreviewScene (394)
[2018.02.27-00.28.10:983][854]LogModuleManager: Shutting down and abandoning module AnimGraph (392)
[2018.02.27-00.28.10:983][854]LogModuleManager: Shutting down and abandoning module Kismet (389)
[2018.02.27-00.28.10:991][854]LogModuleManager: Shutting down and abandoning module ClassViewer (387)
[2018.02.27-00.28.10:991][854]LogModuleManager: Shutting down and abandoning module Toolbox (385)
[2018.02.27-00.28.10:991][854]LogModuleManager: Shutting down and abandoning module ModuleUI (383)
[2018.02.27-00.28.10:991][854]LogModuleManager: Shutting down and abandoning module MovieSceneTools (381)
[2018.02.27-00.28.10:991][854]LogModuleManager: Shutting down and abandoning module OutputLog (379)
[2018.02.27-00.28.10:991][854]LogModuleManager: Shutting down and abandoning module GammaUI (377)
[2018.02.27-00.28.10:991][854]LogModuleManager: Shutting down and abandoning module Documentation (375)
[2018.02.27-00.28.10:992][854]LogModuleManager: Shutting down and abandoning module MovieSceneTracks (373)
[2018.02.27-00.28.10:992][854]LogModuleManager: Shutting down and abandoning module MovieScene (371)
[2018.02.27-00.28.10:992][854]LogModuleManager: Shutting down and abandoning module StreamingPauseRendering (369)
[2018.02.27-00.28.10:992][854]LogModuleManager: Shutting down and abandoning module LauncherPlatform (367)
[2018.02.27-00.28.10:992][854]LogModuleManager: Shutting down and abandoning module AnalyticsET (365)
[2018.02.27-00.28.10:992][854]LogModuleManager: Shutting down and abandoning module PortalServices (363)
[2018.02.27-00.28.10:992][854]LogModuleManager: Shutting down and abandoning module PortalRpc (361)
[2018.02.27-00.28.10:992][854]LogModuleManager: Shutting down and abandoning module MessagingRpc (359)
[2018.02.27-00.28.10:992][854]LogModuleManager: Shutting down and abandoning module AIModule (357)
[2018.02.27-00.28.10:992][854]LogModuleManager: Shutting down and abandoning module GameplayDebugger (356)
[2018.02.27-00.28.10:992][854]LogModuleManager: Shutting down and abandoning module AITestSuite (354)
[2018.02.27-00.28.10:992][854]LogModuleManager: Shutting down and abandoning module DesktopPlatform (351)
[2018.02.27-00.28.10:992][854]LogModuleManager: Shutting down and abandoning module ProfilerService (349)
[2018.02.27-00.28.11:214][854]LogModuleManager: Shutting down and abandoning module TaskGraph (347)
[2018.02.27-00.28.11:214][854]LogModuleManager: Shutting down and abandoning module SteamVRController (345)
[2018.02.27-00.28.11:214][854]LogModuleManager: Shutting down and abandoning module ProceduralMeshComponentEditor (343)
[2018.02.27-00.28.11:214][854]LogModuleManager: Shutting down and abandoning module ProceduralMeshComponent (341)
[2018.02.27-00.28.11:214][854]LogModuleManager: Shutting down and abandoning module OculusInput (339)
[2018.02.27-00.28.11:214][854]LogModuleManager: Shutting down and abandoning module MobilePatchingUtils (337)
[2018.02.27-00.28.11:214][854]LogModuleManager: Shutting down and abandoning module CustomMeshComponent (335)
[2018.02.27-00.28.11:214][854]LogModuleManager: Shutting down and abandoning module CableComponent (333)
[2018.02.27-00.28.11:214][854]LogModuleManager: Shutting down and abandoning module ArchVisCharacter (331)
[2018.02.27-00.28.11:214][854]LogModuleManager: Shutting down and abandoning module AndroidPermission (329)
[2018.02.27-00.28.11:214][854]LogModuleManager: Shutting down and abandoning module ActorSequence (327)
[2018.02.27-00.28.11:214][854]LogModuleManager: Shutting down and abandoning module MediaPlayerEditor (325)
[2018.02.27-00.28.11:215][854]LogModuleManager: Shutting down and abandoning module MediaCompositingEditor (323)
[2018.02.27-00.28.11:215][854]LogModuleManager: Shutting down and abandoning module MediaCompositing (321)
[2018.02.27-00.28.11:215][854]LogModuleManager: Shutting down and abandoning module HTML5Networking (319)
[2018.02.27-00.28.11:215][854]LogModuleManager: Shutting down and abandoning module AlembicImporter (317)
[2018.02.27-00.28.11:215][854]LogModuleManager: Shutting down and abandoning module AlembicLibrary (316)
[2018.02.27-00.28.11:215][854]LogModuleManager: Shutting down and abandoning module GeometryCache (315)
[2018.02.27-00.28.11:215][854]LogModuleManager: Shutting down and abandoning module GeometryCacheEd (314)
[2018.02.27-00.28.11:215][854]LogModuleManager: Shutting down and abandoning module SpeedTreeImporter (309)
[2018.02.27-00.28.11:215][854]LogModuleManager: Shutting down and abandoning module PluginBrowser (307)
[2018.02.27-00.28.11:215][854]LogModuleManager: Shutting down and abandoning module MobileLauncherProfileWizard (305)
[2018.02.27-00.28.11:215][854]LogModuleManager: Shutting down and abandoning module VisualStudioSourceCodeAccess (303)
[2018.02.27-00.28.11:215][854]LogModuleManager: Shutting down and abandoning module VisualStudioCodeSourceCodeAccess (301)
[2018.02.27-00.28.11:215][854]LogModuleManager: Shutting down and abandoning module UObjectPlugin (299)
[2018.02.27-00.28.11:215][854]LogModuleManager: Shutting down and abandoning module SubversionSourceControl (297)
[2018.02.27-00.28.11:215][854]LogModuleManager: Shutting down and abandoning module PerforceSourceControl (295)
[2018.02.27-00.28.11:215][854]LogModuleManager: Shutting down and abandoning module GitSourceControl (293)
[2018.02.27-00.28.11:215][854]LogModuleManager: Shutting down and abandoning module SourceControl (292)
[2018.02.27-00.28.11:215][854]LogModuleManager: Shutting down and abandoning module LightPropagationVolumeEditor (289)
[2018.02.27-00.28.11:215][854]LogModuleManager: Shutting down and abandoning module PaperTiledImporter (287)
[2018.02.27-00.28.11:215][854]LogModuleManager: Shutting down and abandoning module PaperSpriteSheetImporter (285)
[2018.02.27-00.28.11:215][854]LogModuleManager: Shutting down and abandoning module Paper2DEditor (283)
[2018.02.27-00.28.11:215][854]LogModuleManager: Shutting down and abandoning module MeshPaint (282)
[2018.02.27-00.28.11:215][854]LogModuleManager: Shutting down and abandoning module LevelEditor (280)
[2018.02.27-00.28.11:216][854]LogModuleManager: Shutting down and abandoning module PixelInspectorModule (279)
[2018.02.27-00.28.11:217][854]LogModuleManager: Shutting down and abandoning module MainFrame (277)
[2018.02.27-00.28.11:217][854]LogModuleManager: Shutting down and abandoning module HotReload (276)
[2018.02.27-00.28.11:217][854]LogModuleManager: Shutting down and abandoning module RuntimePhysXCooking (271)
[2018.02.27-00.28.11:217][854]LogModuleManager: Shutting down and abandoning module PhysXVehiclesEditor (269)
[2018.02.27-00.28.11:217][854]LogModuleManager: Shutting down and abandoning module PhysXVehicles (267)
[2018.02.27-00.28.11:217][854]LogModuleManager: Shutting down and abandoning module OculusEditor (265)
[2018.02.27-00.28.11:217][854]LogModuleManager: Shutting down and abandoning module LocationServicesBPLibrary (263)
[2018.02.27-00.28.11:217][854]LogModuleManager: Shutting down and abandoning module ImmediatePhysicsEditor (261)
[2018.02.27-00.28.11:217][854]LogModuleManager: Shutting down and abandoning module ImmediatePhysics (259)
[2018.02.27-00.28.11:217][854]LogModuleManager: Shutting down and abandoning module UdpMessaging (257)
[2018.02.27-00.28.11:318][854]LogModuleManager: Shutting down and abandoning module TcpMessaging (255)
[2018.02.27-00.28.11:419][854]LogModuleManager: Shutting down and abandoning module GameplayTagsEditor (253)
[2018.02.27-00.28.11:419][854]LogModuleManager: Shutting down and abandoning module FacialAnimationEditor (251)
[2018.02.27-00.28.11:419][854]LogModuleManager: Shutting down and abandoning module FacialAnimation (249)
[2018.02.27-00.28.11:419][854]LogModuleManager: Shutting down and abandoning module AssetManagerEditor (247)
[2018.02.27-00.28.11:419][854]LogModuleManager: Shutting down and abandoning module GraphEditor (246)
[2018.02.27-00.28.11:419][854]LogModuleManager: Shutting down and abandoning module ContentBrowser (244)
[2018.02.27-00.28.11:420][854]LogModuleManager: Shutting down and abandoning module LightPropagationVolumeRuntime (241)
[2018.02.27-00.28.11:420][854]LogModuleManager: Shutting down and abandoning module Paper2D (239)
[2018.02.27-00.28.11:420][854]LogModuleManager: Shutting down and abandoning module WindowsMoviePlayer (237)
[2018.02.27-00.28.11:420][854]LogModuleManager: Shutting down and abandoning module WmfMedia (235)
[2018.02.27-00.28.11:422][854]LogModuleManager: Shutting down and abandoning module ImgMedia (233)
[2018.02.27-00.28.11:422][854]LogModuleManager: Shutting down and abandoning module PacketHandler (231)
[2018.02.27-00.28.11:422][854]LogModuleManager: Shutting down and abandoning module ClothingSystemEditor (229)
[2018.02.27-00.28.11:422][854]LogModuleManager: Shutting down and abandoning module ClothingSystemRuntime (227)
[2018.02.27-00.28.11:422][854]LogModuleManager: Shutting down and abandoning module MediaAssets (225)
[2018.02.27-00.28.11:422][854]LogModuleManager: Shutting down and abandoning module Media (224)
[2018.02.27-00.28.11:429][854]LogModuleManager: Shutting down and abandoning module Overlay (221)
[2018.02.27-00.28.11:429][854]LogModuleManager: Shutting down and abandoning module OverlayEditor (220)
[2018.02.27-00.28.11:429][854]LogModuleManager: Shutting down and abandoning module VREditor (217)
[2018.02.27-00.28.11:429][854]LogModuleManager: Shutting down and abandoning module StringTableEditor (215)
[2018.02.27-00.28.11:429][854]LogModuleManager: Shutting down and abandoning module GameplayTasksEditor (213)
[2018.02.27-00.28.11:429][854]LogModuleManager: Shutting down and abandoning module BehaviorTreeEditor (211)
[2018.02.27-00.28.11:429][854]LogModuleManager: Shutting down and abandoning module FunctionalTesting (209)
[2018.02.27-00.28.11:429][854]LogModuleManager: Shutting down and abandoning module CollisionAnalyzer (207)
[2018.02.27-00.28.11:429][854]LogModuleManager: Shutting down and abandoning module WorkspaceMenuStructure (206)
[2018.02.27-00.28.11:429][854]LogModuleManager: Shutting down and abandoning module UMG (203)
[2018.02.27-00.28.11:429][854]LogModuleManager: Shutting down and abandoning module UMGEditor (202)
[2018.02.27-00.28.11:429][854]LogModuleManager: Shutting down and abandoning module Sequencer (201)
[2018.02.27-00.28.11:429][854]LogModuleManager: Shutting down and abandoning module MessageLog (198)
[2018.02.27-00.28.11:429][854]LogModuleManager: Shutting down and abandoning module SlateReflector (193)
[2018.02.27-00.28.11:429][854]LogModuleManager: Shutting down and abandoning module Slate (191)
[2018.02.27-00.28.11:429][854]LogModuleManager: Shutting down and abandoning module EditorStyle (189)
[2018.02.27-00.28.11:431][854]LogModuleManager: Shutting down and abandoning module MRMesh (187)
[2018.02.27-00.28.11:431][854]LogModuleManager: Shutting down and abandoning module SourceCodeAccess (185)
[2018.02.27-00.28.11:432][854]LogModuleManager: Shutting down and abandoning module HeadMountedDisplay (183)
[2018.02.27-00.28.11:432][854]LogModuleManager: Shutting down and abandoning module XAudio2 (181)
[2018.02.27-00.28.11:432][854]LogModuleManager: Shutting down and abandoning module Networking (179)
[2018.02.27-00.28.11:432][854]LogModuleManager: Shutting down and abandoning module Core (177)
[2018.02.27-00.28.11:432][854]LogModuleManager: Shutting down and abandoning module LevelSequence (173)
[2018.02.27-00.28.11:432][854]LogModuleManager: Shutting down and abandoning module DirectoryWatcher (171)
[2018.02.27-00.28.11:432][854]LogModuleManager: Shutting down and abandoning module KismetCompiler (169)
[2018.02.27-00.28.11:432][854]LogModuleManager: Shutting down and abandoning module MeshUtilities (167)
[2018.02.27-00.28.11:432][854]LogModuleManager: Shutting down and abandoning module MeshMergeUtilities (166)
[2018.02.27-00.28.11:432][854]LogModuleManager: Shutting down and abandoning module MeshReductionInterface (165)
[2018.02.27-00.28.11:432][854]LogModuleManager: Shutting down and abandoning module SimplygonSwarm (164)
[2018.02.27-00.28.11:432][854]LogModuleManager: Shutting down and abandoning module SimplygonMeshReduction (162)
[2018.02.27-00.28.11:432][854]LogModuleManager: Shutting down and abandoning module QuadricMeshReduction (160)
[2018.02.27-00.28.11:433][854]LogModuleManager: Shutting down and abandoning module MaterialBaking (156)
[2018.02.27-00.28.11:433][854]LogModuleManager: Shutting down and abandoning module DerivedDataCache (153)
[2018.02.27-00.28.11:469][854]LogDerivedDataCache: Shutdown
[2018.02.27-00.28.11:469][854]LogModuleManager: Shutting down and abandoning module TargetPlatform (151)
[2018.02.27-00.28.11:469][854]LogModuleManager: Shutting down and abandoning module VulkanShaderFormat (150)
[2018.02.27-00.28.11:469][854]LogModuleManager: Shutting down and abandoning module ShaderFormatVectorVM (148)
[2018.02.27-00.28.11:469][854]LogModuleManager: Shutting down and abandoning module ShaderFormatOpenGL (146)
[2018.02.27-00.28.11:469][854]LogModuleManager: Shutting down and abandoning module ShaderFormatD3D (144)
[2018.02.27-00.28.11:469][854]LogModuleManager: Shutting down and abandoning module MetalShaderFormat (142)
[2018.02.27-00.28.11:469][854]LogModuleManager: Shutting down and abandoning module TextureFormatUncompressed (140)
[2018.02.27-00.28.11:469][854]LogModuleManager: Shutting down and abandoning module TextureFormatPVR (138)
[2018.02.27-00.28.11:469][854]LogModuleManager: Shutting down and abandoning module TextureFormatDXT (136)
[2018.02.27-00.28.11:469][854]LogModuleManager: Shutting down and abandoning module TextureFormatIntelISPCTexComp (134)
[2018.02.27-00.28.11:469][854]LogModuleManager: Shutting down and abandoning module TextureFormatASTC (132)
[2018.02.27-00.28.11:469][854]LogModuleManager: Shutting down and abandoning module ImageWrapper (131)
[2018.02.27-00.28.11:469][854]LogModuleManager: Shutting down and abandoning module TextureFormatAndroid (128)
[2018.02.27-00.28.11:469][854]LogModuleManager: Shutting down and abandoning module AudioFormatOpus (126)
[2018.02.27-00.28.11:469][854]LogModuleManager: Shutting down and abandoning module AudioFormatOgg (124)
[2018.02.27-00.28.11:469][854]LogModuleManager: Shutting down and abandoning module AudioFormatADPCM (122)
[2018.02.27-00.28.11:470][854]LogModuleManager: Shutting down and abandoning module LinuxTargetPlatform (120)
[2018.02.27-00.28.11:470][854]LogModuleManager: Shutting down and abandoning module LinuxServerTargetPlatform (118)
[2018.02.27-00.28.11:470][854]LogModuleManager: Shutting down and abandoning module LinuxNoEditorTargetPlatform (116)
[2018.02.27-00.28.11:470][854]LogModuleManager: Shutting down and abandoning module LinuxClientTargetPlatform (114)
[2018.02.27-00.28.11:470][854]LogModuleManager: Shutting down and abandoning module TVOSTargetPlatform (112)
[2018.02.27-00.28.11:470][854]LogModuleManager: Shutting down and abandoning module Messaging (110)
[2018.02.27-00.28.11:470][854]LogModuleManager: Shutting down and abandoning module IOSTargetPlatform (108)
[2018.02.27-00.28.11:470][854]LogModuleManager: Shutting down and abandoning module HTML5TargetPlatform (106)
[2018.02.27-00.28.11:470][854]LogModuleManager: Shutting down and abandoning module AndroidTargetPlatform (104)
[2018.02.27-00.28.11:470][854]LogModuleManager: Shutting down and abandoning module Android_PVRTCTargetPlatform (102)
[2018.02.27-00.28.11:470][854]LogModuleManager: Shutting down and abandoning module Android_MultiTargetPlatform (100)
[2018.02.27-00.28.11:470][854]LogModuleManager: Shutting down and abandoning module Android_ETC2TargetPlatform (98)
[2018.02.27-00.28.11:470][854]LogModuleManager: Shutting down and abandoning module Android_ETC1TargetPlatform (96)
[2018.02.27-00.28.11:470][854]LogModuleManager: Shutting down and abandoning module Android_DXTTargetPlatform (94)
[2018.02.27-00.28.11:470][854]LogModuleManager: Shutting down and abandoning module Android_ATCTargetPlatform (92)
[2018.02.27-00.28.11:470][854]LogModuleManager: Shutting down and abandoning module Android_ASTCTargetPlatform (90)
[2018.02.27-00.28.11:470][854]LogModuleManager: Shutting down and abandoning module WindowsTargetPlatform (88)
[2018.02.27-00.28.11:470][854]LogModuleManager: Shutting down and abandoning module WindowsServerTargetPlatform (86)
[2018.02.27-00.28.11:470][854]LogModuleManager: Shutting down and abandoning module WindowsNoEditorTargetPlatform (84)
[2018.02.27-00.28.11:470][854]LogModuleManager: Shutting down and abandoning module WindowsClientTargetPlatform (82)
[2018.02.27-00.28.11:470][854]LogModuleManager: Shutting down and abandoning module MacTargetPlatform (80)
[2018.02.27-00.28.11:470][854]LogModuleManager: Shutting down and abandoning module MacServerTargetPlatform (78)
[2018.02.27-00.28.11:470][854]LogModuleManager: Shutting down and abandoning module MacNoEditorTargetPlatform (76)
[2018.02.27-00.28.11:470][854]LogModuleManager: Shutting down and abandoning module MacClientTargetPlatform (74)
[2018.02.27-00.28.11:470][854]LogModuleManager: Shutting down and abandoning module AllDesktopTargetPlatform (72)
[2018.02.27-00.28.11:470][854]LogModuleManager: Shutting down and abandoning module InputCore (69)
[2018.02.27-00.28.11:470][854]LogModuleManager: Shutting down and abandoning module Settings (67)
[2018.02.27-00.28.11:470][854]LogModuleManager: Shutting down and abandoning module PhysXCooking (65)
[2018.02.27-00.28.11:470][854]LogModuleManager: Shutting down and abandoning module SteamVR (63)
[2018.02.27-00.28.11:470][854]LogModuleManager: Shutting down and abandoning module OculusHMD (61)
[2018.02.27-00.28.11:470][854]LogModuleManager: Shutting down and abandoning module ExampleDeviceProfileSelector (59)
[2018.02.27-00.28.11:470][854]LogModuleManager: Shutting down and abandoning module AppleARKit (57)
[2018.02.27-00.28.11:470][854]LogModuleManager: Shutting down and abandoning module AugmentedReality (56)
[2018.02.27-00.28.11:470][854]LogModuleManager: Shutting down and abandoning module OnlineBlueprintSupport (53)
[2018.02.27-00.28.11:470][854]LogModuleManager: Shutting down and abandoning module OnlineSubsystem (49)
[2018.02.27-00.28.11:470][854]LogOnline: Display: OSS: FOnlineSubsystemNull::Shutdown()
[2018.02.27-00.28.11:470][854]LogOnline: Display: OSS: FOnlineAsyncTaskManager::Stop() ActiveTask:0000000000000000 Tasks[0/0]
[2018.02.27-00.28.11:471][854]LogOnline: Display: OSS: FOnlineAsyncTaskManager::Exit() started
[2018.02.27-00.28.11:471][854]LogOnline: Display: OSS: FOnlineAsyncTaskManager::Exit() finished
[2018.02.27-00.28.11:471][854]LogModuleManager: Shutting down and abandoning module XMPP (43)
[2018.02.27-00.28.11:471][854]LogModuleManager: Shutting down and abandoning module HTTP (41)
[2018.02.27-00.28.11:471][854]LogHttp: Display: Http module shutting down, but needs to wait on 1 outstanding Http requests:
[2018.02.27-00.28.11:471][854]LogHttp: Display: 	verb=[POST] url=[https://datarouter.ol.epicgames.com/datarouter/api/v1/public/data?SessionID=%7B2E887E53-4244-D753-9F08-D3BE55D1ABF9%7D&AppID=UEEditor.Rocket.Release&AppVersion=4.18.3-3832480%2B%2B%2BUE4%2BRelease-4.18&UserID=a198cc664e80f62bffec53ae281df260%7Caede66b47dc74c7dbc239fe2c29745e4%7Cd3a968a9-d84c-4791-baa5-56d6482b1928&AppEnvironment=datacollector-binary&UploadType=eteventstream] status=Processing
[2018.02.27-00.28.11:482][854]LogModuleManager: Shutting down and abandoning module SSL (40)
[2018.02.27-00.28.11:483][854]LogModuleManager: Shutting down and abandoning module AnimationModifiers (36)
[2018.02.27-00.28.11:483][854]LogModuleManager: Shutting down and abandoning module PropertyEditor (35)
[2018.02.27-00.28.11:483][854]LogModuleManager: Shutting down and abandoning module AudioEditor (32)
[2018.02.27-00.28.11:483][854]LogModuleManager: Shutting down and abandoning module TextureCompressor (30)
[2018.02.27-00.28.11:483][854]LogModuleManager: Shutting down and abandoning module ShaderCore (28)
[2018.02.27-00.28.11:483][854]LogModuleManager: Shutting down and abandoning module Landscape (26)
[2018.02.27-00.28.11:483][854]LogModuleManager: Shutting down and abandoning module SlateRHIRenderer (24)
[2018.02.27-00.28.11:485][854]LogModuleManager: Shutting down and abandoning module OpenGLDrv (22)
[2018.02.27-00.28.11:485][854]LogModuleManager: Shutting down and abandoning module D3D11RHI (20)
[2018.02.27-00.28.11:485][854]LogModuleManager: Shutting down and abandoning module AnimGraphRuntime (18)
[2018.02.27-00.28.11:485][854]LogModuleManager: Shutting down and abandoning module Renderer (16)
[2018.02.27-00.28.11:485][854]LogModuleManager: Shutting down and abandoning module Engine (14)
[2018.02.27-00.28.11:485][854]LogModuleManager: Shutting down and abandoning module CoreUObject (12)
[2018.02.27-00.28.11:485][854]LogModuleManager: Shutting down and abandoning module NetworkFile (10)
[2018.02.27-00.28.11:485][854]LogModuleManager: Shutting down and abandoning module CookedIterativeFile (8)
[2018.02.27-00.28.11:485][854]LogModuleManager: Shutting down and abandoning module StreamingFile (6)
[2018.02.27-00.28.11:485][854]LogModuleManager: Shutting down and abandoning module SandboxFile (4)
[2018.02.27-00.28.11:485][854]LogModuleManager: Shutting down and abandoning module PakFile (2)
[2018.02.27-00.28.11:488][854]LogExit: Exiting.
[2018.02.27-00.28.11:509][854]Log file closed, 02/26/18 19:28:11
