Log file open, 01/24/18 11:50:39
LogWindows: Failed to load 'aqProf.dll' (GetLastError=126)
LogWindows: File 'aqProf.dll' does not exist
LogWindows: Failed to load 'VSPerf140.dll' (GetLastError=126)
LogWindows: File 'VSPerf140.dll' does not exist
LogWindows: Failed to load 'VtuneApi.dll' (GetLastError=126)
LogWindows: File 'VtuneApi.dll' does not exist
LogWindows: Failed to load 'VtuneApi32e.dll' (GetLastError=126)
LogWindows: File 'VtuneApi32e.dll' does not exist
LogInit: Display: Running engine for game: MultiplayerShootout
LogPlatformFile: Not using cached read wrapper
LogInit: Display: RandInit(2054283218) SRandInit(2054283218).
LogInit: Read version file with build ID '3709383'
LogInit: Overriding engine version to CL 3832480, compatible CL 3709383
LogInit: Registered custom module enumerator with build ID '3709383'
LogTaskGraph: Started task graph with 5 named threads and 14 total threads with 3 sets of task threads.
LogStats: Stats thread started at 0.182626
LogD3D11RHI: Aftermath initialized
LogModuleManager: Display: Found up-to-date module file ../../../Engine/Plugins/2D/Paper2D/Binaries/Win64/UE4Editor-Paper2D.dll (API version 3709383).
LogModuleManager: Display: Found up-to-date module file ../../../Engine/Plugins/2D/Paper2D/Binaries/Win64/UE4Editor-Paper2DEditor.dll (API version 3709383).
LogModuleManager: Display: Found up-to-date module file ../../../Engine/Plugins/2D/Paper2D/Binaries/Win64/UE4Editor-PaperSpriteSheetImporter.dll (API version 3709383).
LogModuleManager: Display: Found up-to-date module file ../../../Engine/Plugins/2D/Paper2D/Binaries/Win64/UE4Editor-PaperTiledImporter.dll (API version 3709383).
LogModuleManager: Display: Found up-to-date module file ../../../Engine/Plugins/2D/Paper2D/Binaries/Win64/UE4Editor-SmartSnapping.dll (API version 3709383).
LogModuleManager: Display: Found up-to-date module file ../../../Engine/Plugins/Blendables/LightPropagationVolume/Binaries/Win64/UE4Editor-LightPropagationVolumeRuntime.dll (API version 3709383).
LogModuleManager: Display: Found up-to-date module file ../../../Engine/Plugins/Blendables/LightPropagationVolume/Binaries/Win64/UE4Editor-LightPropagationVolumeEditor.dll (API version 3709383).
LogModuleManager: Display: Found up-to-date module file ../../../Engine/Plugins/Developer/GitSourceControl/Binaries/Win64/UE4Editor-GitSourceControl.dll (API version 3709383).
LogModuleManager: Display: Found up-to-date module file ../../../Engine/Plugins/Developer/PerforceSourceControl/Binaries/Win64/UE4Editor-PerforceSourceControl.dll (API version 3709383).
LogModuleManager: Display: Found up-to-date module file ../../../Engine/Plugins/Developer/SubversionSourceControl/Binaries/Win64/UE4Editor-SubversionSourceControl.dll (API version 3709383).
LogModuleManager: Display: Found up-to-date module file ../../../Engine/Plugins/Developer/UObjectPlugin/Binaries/Win64/UE4Editor-UObjectPlugin.dll (API version 3709383).
LogModuleManager: Display: Found up-to-date module file ../../../Engine/Plugins/Developer/VisualStudioCodeSourceCodeAccess/Binaries/Win64/UE4Editor-VisualStudioCodeSourceCodeAccess.dll (API version 3709383).
LogModuleManager: Display: Found up-to-date module file ../../../Engine/Plugins/Developer/VisualStudioSourceCodeAccess/Binaries/Win64/UE4Editor-VisualStudioSourceCodeAccess.dll (API version 3709383).
LogModuleManager: Display: Found up-to-date module file ../../../Engine/Plugins/Editor/AssetManagerEditor/Binaries/Win64/UE4Editor-AssetManagerEditor.dll (API version 3709383).
LogModuleManager: Display: Found up-to-date module file ../../../Engine/Plugins/Editor/AudioCapture/Binaries/Win64/UE4Editor-AudioCapture.dll (API version 3709383).
LogModuleManager: Display: Found up-to-date module file ../../../Engine/Plugins/Editor/FacialAnimation/Binaries/Win64/UE4Editor-FacialAnimation.dll (API version 3709383).
LogModuleManager: Display: Found up-to-date module file ../../../Engine/Plugins/Editor/FacialAnimation/Binaries/Win64/UE4Editor-FacialAnimationEditor.dll (API version 3709383).
LogModuleManager: Display: Found up-to-date module file ../../../Engine/Plugins/Editor/GameplayTagsEditor/Binaries/Win64/UE4Editor-GameplayTagsEditor.dll (API version 3709383).
LogModuleManager: Display: Found up-to-date module file ../../../Engine/Plugins/Editor/MobileLauncherProfileWizard/Binaries/Win64/UE4Editor-MobileLauncherProfileWizard.dll (API version 3709383).
LogModuleManager: Display: Found up-to-date module file ../../../Engine/Plugins/Editor/PluginBrowser/Binaries/Win64/UE4Editor-PluginBrowser.dll (API version 3709383).
LogModuleManager: Display: Found up-to-date module file ../../../Engine/Plugins/Editor/SpeedTreeImporter/Binaries/Win64/UE4Editor-SpeedTreeImporter.dll (API version 3709383).
LogModuleManager: Display: Found up-to-date module file ../../../Engine/Plugins/Experimental/AlembicImporter/Binaries/Win64/UE4Editor-AlembicImporter.dll (API version 3709383).
LogModuleManager: Display: Found up-to-date module file ../../../Engine/Plugins/Experimental/AlembicImporter/Binaries/Win64/UE4Editor-AlembicLibrary.dll (API version 3709383).
LogModuleManager: Display: Found up-to-date module file ../../../Engine/Plugins/Experimental/CharacterAI/Binaries/Win64/UE4Editor-CharacterAI.dll (API version 3709383).
LogModuleManager: Display: Found up-to-date module file ../../../Engine/Plugins/Experimental/HTML5Networking/Binaries/Win64/UE4Editor-HTML5Networking.dll (API version 3709383).
LogModuleManager: Display: Found up-to-date module file ../../../Engine/Plugins/Media/AndroidMedia/Binaries/Win64/UE4Editor-AndroidMediaEditor.dll (API version 3709383).
LogModuleManager: Display: Found up-to-date module file ../../../Engine/Plugins/Media/AndroidMedia/Binaries/Win64/UE4Editor-AndroidMediaFactory.dll (API version 3709383).
LogModuleManager: Display: Found up-to-date module file ../../../Engine/Plugins/Media/AvfMedia/Binaries/Win64/UE4Editor-AvfMediaEditor.dll (API version 3709383).
LogModuleManager: Display: Found up-to-date module file ../../../Engine/Plugins/Media/AvfMedia/Binaries/Win64/UE4Editor-AvfMediaFactory.dll (API version 3709383).
LogModuleManager: Display: Found up-to-date module file ../../../Engine/Plugins/Media/AvfMedia/Binaries/Win64/UE4Editor-AvfMediaFactory.dll (API version 3709383).
LogModuleManager: Display: Found up-to-date module file ../../../Engine/Plugins/Media/ImgMedia/Binaries/Win64/UE4Editor-ImgMedia.dll (API version 3709383).
LogModuleManager: Display: Found up-to-date module file ../../../Engine/Plugins/Media/ImgMedia/Binaries/Win64/UE4Editor-ImgMediaEditor.dll (API version 3709383).
LogModuleManager: Display: Found up-to-date module file ../../../Engine/Plugins/Media/ImgMedia/Binaries/Win64/UE4Editor-ImgMediaFactory.dll (API version 3709383).
LogModuleManager: Display: Found up-to-date module file ../../../Engine/Plugins/Media/ImgMedia/Binaries/Win64/UE4Editor-ImgMediaFactory.dll (API version 3709383).
LogModuleManager: Display: Found up-to-date module file ../../../Engine/Plugins/Media/ImgMedia/Binaries/Win64/UE4Editor-OpenExrWrapper.dll (API version 3709383).
LogModuleManager: Display: Found up-to-date module file ../../../Engine/Plugins/Media/MediaCompositing/Binaries/Win64/UE4Editor-MediaCompositing.dll (API version 3709383).
LogModuleManager: Display: Found up-to-date module file ../../../Engine/Plugins/Media/MediaCompositing/Binaries/Win64/UE4Editor-MediaCompositingEditor.dll (API version 3709383).
LogModuleManager: Display: Found up-to-date module file ../../../Engine/Plugins/Media/MediaPlayerEditor/Binaries/Win64/UE4Editor-MediaPlayerEditor.dll (API version 3709383).
LogModuleManager: Display: Found up-to-date module file ../../../Engine/Plugins/Media/WmfMedia/Binaries/Win64/UE4Editor-WmfMedia.dll (API version 3709383).
LogModuleManager: Display: Found up-to-date module file ../../../Engine/Plugins/Media/WmfMedia/Binaries/Win64/UE4Editor-WmfMediaEditor.dll (API version 3709383).
LogModuleManager: Display: Found up-to-date module file ../../../Engine/Plugins/Media/WmfMedia/Binaries/Win64/UE4Editor-WmfMediaFactory.dll (API version 3709383).
LogModuleManager: Display: Found up-to-date module file ../../../Engine/Plugins/Media/WmfMedia/Binaries/Win64/UE4Editor-WmfMediaFactory.dll (API version 3709383).
LogModuleManager: Display: Found up-to-date module file ../../../Engine/Plugins/Messaging/TcpMessaging/Binaries/Win64/UE4Editor-TcpMessaging.dll (API version 3709383).
LogModuleManager: Display: Found up-to-date module file ../../../Engine/Plugins/Messaging/UdpMessaging/Binaries/Win64/UE4Editor-UdpMessaging.dll (API version 3709383).
LogModuleManager: Display: Found up-to-date module file ../../../Engine/Plugins/MovieScene/ActorSequence/Binaries/Win64/UE4Editor-ActorSequence.dll (API version 3709383).
LogModuleManager: Display: Found up-to-date module file ../../../Engine/Plugins/MovieScene/LevelSequenceEditor/Binaries/Win64/UE4Editor-LevelSequenceEditor.dll (API version 3709383).
LogModuleManager: Display: Found up-to-date module file ../../../Engine/Plugins/MovieScene/MatineeToLevelSequence/Binaries/Win64/UE4Editor-MatineeToLevelSequence.dll (API version 3709383).
LogModuleManager: Display: Found up-to-date module file ../../../Engine/Plugins/Online/OnlineSubsystem/Binaries/Win64/UE4Editor-OnlineSubsystem.dll (API version 3709383).
LogModuleManager: Display: Found up-to-date module file ../../../Engine/Plugins/Runtime/AndroidPermission/Binaries/Win64/UE4Editor-AndroidPermission.dll (API version 3709383).
LogModuleManager: Display: Found up-to-date module file ../../../Engine/Plugins/Online/OnlineSubsystemNull/Binaries/Win64/UE4Editor-OnlineSubsystemNull.dll (API version 3709383).
LogModuleManager: Display: Found up-to-date module file ../../../Engine/Plugins/Online/OnlineSubsystemUtils/Binaries/Win64/UE4Editor-OnlineSubsystemUtils.dll (API version 3709383).
LogModuleManager: Display: Found up-to-date module file ../../../Engine/Plugins/Online/OnlineSubsystemUtils/Binaries/Win64/UE4Editor-OnlineBlueprintSupport.dll (API version 3709383).
LogModuleManager: Display: Found up-to-date module file ../../../Engine/Plugins/Runtime/AndroidDeviceProfileSelector/Binaries/Win64/UE4Editor-AndroidDeviceProfileSelector.dll (API version 3709383).
LogModuleManager: Display: Found up-to-date module file ../../../Engine/Plugins/Runtime/AppleARKit/Binaries/Win64/UE4Editor-AppleARKit.dll (API version 3709383).
LogModuleManager: Display: Found up-to-date module file ../../../Engine/Plugins/Runtime/ArchVisCharacter/Binaries/Win64/UE4Editor-ArchVisCharacter.dll (API version 3709383).
LogModuleManager: Display: Found up-to-date module file ../../../Engine/Plugins/Runtime/CableComponent/Binaries/Win64/UE4Editor-CableComponent.dll (API version 3709383).
LogModuleManager: Display: Found up-to-date module file ../../../Engine/Plugins/Runtime/CustomMeshComponent/Binaries/Win64/UE4Editor-CustomMeshComponent.dll (API version 3709383).
LogModuleManager: Display: Found up-to-date module file ../../../Engine/Plugins/Runtime/ExampleDeviceProfileSelector/Binaries/Win64/UE4Editor-ExampleDeviceProfileSelector.dll (API version 3709383).
LogModuleManager: Display: Found up-to-date module file ../../../Engine/Plugins/Runtime/ImmediatePhysics/Binaries/Win64/UE4Editor-ImmediatePhysics.dll (API version 3709383).
LogModuleManager: Display: Found up-to-date module file ../../../Engine/Plugins/Runtime/ImmediatePhysics/Binaries/Win64/UE4Editor-ImmediatePhysicsEditor.dll (API version 3709383).
LogModuleManager: Display: Found up-to-date module file ../../../Engine/Plugins/Runtime/LocationServicesBPLibrary/Binaries/Win64/UE4Editor-LocationServicesBPLibrary.dll (API version 3709383).
LogModuleManager: Display: Found up-to-date module file ../../../Engine/Plugins/Runtime/MobilePatchingUtils/Binaries/Win64/UE4Editor-MobilePatchingUtils.dll (API version 3709383).
LogModuleManager: Display: Found up-to-date module file ../../../Engine/Plugins/Runtime/Oculus/OculusVR/Binaries/Win64/UE4Editor-OculusHMD.dll (API version 3709383).
LogModuleManager: Display: Found up-to-date module file ../../../Engine/Plugins/Runtime/Oculus/OculusVR/Binaries/Win64/UE4Editor-OculusInput.dll (API version 3709383).
LogModuleManager: Display: Found up-to-date module file ../../../Engine/Plugins/Runtime/Oculus/OculusVR/Binaries/Win64/UE4Editor-OculusEditor.dll (API version 3709383).
LogModuleManager: Display: Found up-to-date module file ../../../Engine/Plugins/Runtime/PhysXVehicles/Binaries/Win64/UE4Editor-PhysXVehicles.dll (API version 3709383).
LogModuleManager: Display: Found up-to-date module file ../../../Engine/Plugins/Runtime/PhysXVehicles/Binaries/Win64/UE4Editor-PhysXVehiclesEditor.dll (API version 3709383).
LogModuleManager: Display: Found up-to-date module file ../../../Engine/Plugins/Runtime/ProceduralMeshComponent/Binaries/Win64/UE4Editor-ProceduralMeshComponent.dll (API version 3709383).
LogModuleManager: Display: Found up-to-date module file ../../../Engine/Plugins/Runtime/ProceduralMeshComponent/Binaries/Win64/UE4Editor-ProceduralMeshComponentEditor.dll (API version 3709383).
LogModuleManager: Display: Found up-to-date module file ../../../Engine/Plugins/Runtime/RuntimePhysXCooking/Binaries/Win64/UE4Editor-RuntimePhysXCooking.dll (API version 3709383).
LogModuleManager: Display: Found up-to-date module file ../../../Engine/Plugins/Runtime/Steam/SteamVR/Binaries/Win64/UE4Editor-SteamVR.dll (API version 3709383).
LogModuleManager: Display: Found up-to-date module file ../../../Engine/Plugins/Runtime/Steam/SteamVR/Binaries/Win64/UE4Editor-SteamVRController.dll (API version 3709383).
LogModuleManager: Display: Found up-to-date module file ../../../Engine/Plugins/Runtime/WindowsMoviePlayer/Binaries/Win64/UE4Editor-WindowsMoviePlayer.dll (API version 3709383).
LogPluginManager: Mounting plugin Paper2D
LogPluginManager: Mounting plugin LightPropagationVolume
LogPluginManager: Mounting plugin CodeLiteSourceCodeAccess
LogPluginManager: Mounting plugin GitSourceControl
LogPluginManager: Mounting plugin KDevelopSourceCodeAccess
LogPluginManager: Mounting plugin NullSourceCodeAccess
LogPluginManager: Mounting plugin PerforceSourceControl
LogPluginManager: Mounting plugin SubversionSourceControl
LogPluginManager: Mounting plugin UObjectPlugin
LogPluginManager: Mounting plugin VisualStudioCodeSourceCodeAccess
LogPluginManager: Mounting plugin VisualStudioSourceCodeAccess
LogPluginManager: Mounting plugin XCodeSourceCodeAccess
LogPluginManager: Mounting plugin AssetManagerEditor
LogPluginManager: Mounting plugin AudioCapture
LogPluginManager: Mounting plugin FacialAnimation
LogPluginManager: Mounting plugin GameplayTagsEditor
LogPluginManager: Mounting plugin MobileLauncherProfileWizard
LogPluginManager: Mounting plugin PluginBrowser
LogPluginManager: Mounting plugin SpeedTreeImporter
LogPluginManager: Mounting plugin AlembicImporter
LogPluginManager: Mounting plugin CharacterAI
LogPluginManager: Mounting plugin HTML5Networking
LogPluginManager: Mounting plugin AndroidMedia
LogPluginManager: Mounting plugin AvfMedia
LogPluginManager: Mounting plugin ImgMedia
LogPluginManager: Mounting plugin MediaCompositing
LogPluginManager: Mounting plugin MediaPlayerEditor
LogPluginManager: Mounting plugin WmfMedia
LogPluginManager: Mounting plugin TcpMessaging
LogPluginManager: Mounting plugin UdpMessaging
LogPluginManager: Mounting plugin ActorSequence
LogPluginManager: Mounting plugin LevelSequenceEditor
LogPluginManager: Mounting plugin MatineeToLevelSequence
LogPluginManager: Mounting plugin OnlineSubsystemGooglePlay
LogPluginManager: Mounting plugin OnlineSubsystemIOS
LogPluginManager: Mounting plugin OnlineSubsystem
LogPluginManager: Mounting plugin OnlineSubsystemNull
LogPluginManager: Mounting plugin OnlineSubsystemUtils
LogPluginManager: Mounting plugin AndroidDeviceProfileSelector
LogPluginManager: Mounting plugin AndroidMoviePlayer
LogPluginManager: Mounting plugin AndroidPermission
LogPluginManager: Mounting plugin AppleARKit
LogPluginManager: Mounting plugin AppleMoviePlayer
LogPluginManager: Mounting plugin ArchVisCharacter
LogPluginManager: Mounting plugin CableComponent
LogPluginManager: Mounting plugin CustomMeshComponent
LogPluginManager: Mounting plugin ExampleDeviceProfileSelector
LogPluginManager: Mounting plugin GoogleCloudMessaging
LogPluginManager: Mounting plugin ImmediatePhysics
LogPluginManager: Mounting plugin IOSDeviceProfileSelector
LogPluginManager: Mounting plugin LinuxDeviceProfileSelector
LogPluginManager: Mounting plugin LocationServicesBPLibrary
LogPluginManager: Mounting plugin MobilePatchingUtils
LogPluginManager: Mounting plugin OculusVR
LogPluginManager: Plugin shader directory ../../../Engine/Plugins/Runtime/Oculus/OculusVR/Shaders found
LogPluginManager: Mapping shader source directory ../../../Engine/Plugins/Runtime/Oculus/OculusVR/Shaders to virtual directory /Plugin/OculusVR
LogPluginManager: Mounting plugin PhysXVehicles
LogPluginManager: Mounting plugin ProceduralMeshComponent
LogPluginManager: Mounting plugin RuntimePhysXCooking
LogPluginManager: Mounting plugin SteamVR
LogPluginManager: Mounting plugin WindowsMoviePlayer
LogInit: Using libcurl 7.47.1
LogInit:  - built for x86_64-pc-win32
LogInit:  - supports SSL with OpenSSL/1.0.2g
LogInit:  - supports HTTP deflate (compression) using libz 1.2.8
LogInit:  - other features:
LogInit:      CURL_VERSION_SSL
LogInit:      CURL_VERSION_LIBZ
LogInit:      CURL_VERSION_IPV6
LogInit:      CURL_VERSION_ASYNCHDNS
LogInit:      CURL_VERSION_LARGEFILE
LogInit:      CURL_VERSION_IDN
LogInit:  CurlRequestOptions (configurable via config and command line):
LogInit:  - bVerifyPeer = false  - Libcurl will NOT verify peer certificate
LogInit:  - bUseHttpProxy = false  - Libcurl will NOT use HTTP proxy
LogInit:  - bDontReuseConnections = false  - Libcurl will reuse connections
LogInit:  - CertBundlePath = nullptr  - Libcurl will use whatever was configured at build time.
LogModuleManager: Warning: No filename provided for module OnlineSubsystemSteam
LogModuleManager: Warning: ModuleManager: Unable to load module 'OnlineSubsystemSteam' because the file 'C:/Program Files/Epic Games/UE_4.18/Engine/Binaries/Win64/' was not found.
LogInit: WinSock: version 1.1 (2.2), MaxSocks=32767, MaxUdp=65467
LogHMD: Failed initializing OVRPlugin 1.19.0
LogInit: Build: ++UE4+Release-4.18-CL-3832480
LogInit: Engine Version: 4.18.3-3832480+++UE4+Release-4.18
LogInit: Compatible Engine Version: 4.18.0-3709383+++UE4+Release-4.18
LogInit: Net CL: 3709383
LogDevObjectVersion: Number of dev versions registered: 16
LogDevObjectVersion:   Dev-Blueprints (B0D832E4-1F89-4F0D-ACCF-7EB736FD4AA2): 10
LogDevObjectVersion:   Dev-Build (E1C64328-A22C-4D53-A36C-8E866417BD8C): 0
LogDevObjectVersion:   Dev-Core (375EC13C-06E4-48FB-B500-84F0262A717E): 2
LogDevObjectVersion:   Dev-Editor (E4B068ED-F494-42E9-A231-DA0B2E46BB41): 20
LogDevObjectVersion:   Dev-Framework (CFFC743F-43B0-4480-9391-14DF171D2073): 30
LogDevObjectVersion:   Dev-Mobile (B02B49B5-BB20-44E9-A304-32B752E40360): 0
LogDevObjectVersion:   Dev-Networking (A4E4105C-59A1-49B5-A7C5-40C4547EDFEE): 0
LogDevObjectVersion:   Dev-Online (39C831C9-5AE6-47DC-9A44-9C173E1C8E7C): 0
LogDevObjectVersion:   Dev-Physics (78F01B33-EBEA-4F98-B9B4-84EACCB95AA2): 0
LogDevObjectVersion:   Dev-Platform (6631380F-2D4D-43E0-8009-CF276956A95A): 0
LogDevObjectVersion:   Dev-Rendering (12F88B9F-8875-4AFC-A67C-D90C383ABD29): 20
LogDevObjectVersion:   Dev-Sequencer (7B5AE74C-D270-4C10-A958-57980B212A5A): 4
LogDevObjectVersion:   Dev-VR (D7296918-1DD6-4BDD-9DE2-64A83CC13884): 0
LogDevObjectVersion:   Dev-LoadTimes (C2A15278-BFE7-4AFE-6C17-90FF531DF755): 1
LogDevObjectVersion:   Private-Geometry (6EACA3D4-40EC-4CC1-B786-8BED09428FC5): 1
LogDevObjectVersion:   Dev-AnimPhys (29E575DD-E0A3-4627-9D10-D276232CDCEA): 12
LogInit: Compiled (64-bit): Jan 12 2018 02:04:55
LogInit: Compiled with Visual C++: 19.00.24215.01
LogInit: Build Configuration: Development
LogInit: Branch Name: ++UE4+Release-4.18
LogInit: Command line:  
LogInit: Base directory: C:/Program Files/Epic Games/UE_4.18/Engine/Binaries/Win64/
LogInit: Installed Engine Build: 1
LogInit: Presizing for max 8388607 objects, including 0 objects not considered by GC, pre-allocating 0 bytes for permanent pool.
LogInit: Object subsystem initialized
[2018.01.24-16.50.41:352][  0]LogInit: Selected Device Profile: [Windows]
[2018.01.24-16.50.41:352][  0]LogInit: Applying CVar settings loaded from the selected device profile: [Windows]
[2018.01.24-16.50.41:365][  0]LogInit: Computer: DESKTOP-TVE1Q8K
[2018.01.24-16.50.41:365][  0]LogInit: User: Cosmotron
[2018.01.24-16.50.41:365][  0]LogInit: CPU Page size=4096, Cores=4
[2018.01.24-16.50.41:365][  0]LogInit: High frequency timer resolution =2.648434 MHz
[2018.01.24-16.50.41:366][  0]LogMemory: Memory total: Physical=32.0GB (32GB approx)
[2018.01.24-16.50.41:366][  0]LogMemory: Platform Memory Stats for Windows
[2018.01.24-16.50.41:366][  0]LogMemory: Process Physical Memory: 278.24 MB used, 278.24 MB peak
[2018.01.24-16.50.41:366][  0]LogMemory: Process Virtual Memory: 276.22 MB used, 276.22 MB peak
[2018.01.24-16.50.41:366][  0]LogMemory: Physical Memory: 4959.17 MB used,  27763.54 MB free, 32722.71 MB total
[2018.01.24-16.50.41:366][  0]LogMemory: Virtual Memory: 735.95 MB used,  27763.54 MB free, 134217728.00 MB total
[2018.01.24-16.50.41:505][  0]LogInit: Using OS detected language (en-US).
[2018.01.24-16.50.41:505][  0]LogInit: Using OS detected locale (en-US).
[2018.01.24-16.50.41:508][  0]LogTextLocalizationManager: No specific localization for 'en-US' exists, so the 'en' localization will be used.
[2018.01.24-16.50.41:913][  0]LogInit: Setting process to per monitor DPI aware
[2018.01.24-16.50.42:150][  0]LogD3D11RHI: D3D11 adapters:
[2018.01.24-16.50.42:196][  0]LogD3D11RHI:    0. 'NVIDIA GeForce GTX 1070' (Feature Level 11_0)
[2018.01.24-16.50.42:196][  0]LogD3D11RHI:       8089/0/16361 MB DedicatedVideo/DedicatedSystem/SharedSystem, Outputs:1, VendorId:0x10de
[2018.01.24-16.50.42:198][  0]LogD3D11RHI:    1. 'Microsoft Basic Render Driver' (Feature Level 11_0)
[2018.01.24-16.50.42:198][  0]LogD3D11RHI:       0/0/16361 MB DedicatedVideo/DedicatedSystem/SharedSystem, Outputs:0, VendorId:0x1414
[2018.01.24-16.50.42:198][  0]LogD3D11RHI: Chosen D3D11 Adapter: 0
[2018.01.24-16.50.42:204][  0]LogD3D11RHI: Creating new Direct3DDevice
[2018.01.24-16.50.42:204][  0]LogD3D11RHI:     GPU DeviceId: 0x1be1 (for the marketing name, search the web for "GPU Device Id")
[2018.01.24-16.50.42:204][  0]LogWindows: EnumDisplayDevices:
[2018.01.24-16.50.42:204][  0]LogWindows:    0. 'NVIDIA GeForce GTX 1070' (P:1 D:1)
[2018.01.24-16.50.42:204][  0]LogWindows:    1. 'NVIDIA GeForce GTX 1070' (P:0 D:0)
[2018.01.24-16.50.42:204][  0]LogWindows:    2. 'NVIDIA GeForce GTX 1070' (P:0 D:0)
[2018.01.24-16.50.42:204][  0]LogWindows:    3. 'NVIDIA GeForce GTX 1070' (P:0 D:0)
[2018.01.24-16.50.42:204][  0]LogWindows: DebugString: GetVideoDriverDetailsInvalid PrimaryIsNotTheChoosenAdapter GetVideoDriverDetailsInvalid PrimaryIsNotTheChoosenAdapter GetVideoDriverDetailsInvalid PrimaryIsNotTheChoosenAdapter GetVideoDriverDetailsInvalid PrimaryIsNotTheChoosenAdapter FoundDriverCount:0 
[2018.01.24-16.50.42:204][  0]LogD3D11RHI:     Adapter Name: NVIDIA GeForce GTX 1070
[2018.01.24-16.50.42:204][  0]LogD3D11RHI:   Driver Version: Unknown (internal:Unknown, unified:Unknown)
[2018.01.24-16.50.42:204][  0]LogD3D11RHI:      Driver Date: Unknown
[2018.01.24-16.50.42:204][  0]LogRHI: Texture pool is 5662 MB (70% of 8089 MB)
[2018.01.24-16.50.42:234][  0]LogD3D11RHI: Async texture creation enabled
[2018.01.24-16.50.42:305][  0]LogD3D11RHI: GPU Timing Frequency: 1000.000000 (Debug: 2 1)
[2018.01.24-16.50.42:347][  0]LogShaderCompilers: Guid format shader working directory is -30 characters bigger than the processId version (../../../../../../Users/Cosmotron/Documents/Unreal Projects/MultiplayerShootout/Intermediate/Shaders/WorkingDirectory/11280/).
[2018.01.24-16.50.42:347][  0]LogShaderCompilers: Cleaned the shader compiler working directory 'C:/Users/Cosmotron/AppData/Local/Temp/UnrealShaderWorkingDir/870F34F5492D17A7ED6F16885BC7C743/'.
[2018.01.24-16.50.42:347][  0]LogShaderCompilers: Display: Using Local Shader Compiler.
[2018.01.24-16.50.43:236][  0]LogTemp: Display: Loaded TP AllDesktopTargetPlatform
[2018.01.24-16.50.43:283][  0]LogTemp: Display: Loaded TP MacClientTargetPlatform
[2018.01.24-16.50.43:333][  0]LogTemp: Display: Loaded TP MacNoEditorTargetPlatform
[2018.01.24-16.50.43:380][  0]LogTemp: Display: Loaded TP MacServerTargetPlatform
[2018.01.24-16.50.43:429][  0]LogTemp: Display: Loaded TP MacTargetPlatform
[2018.01.24-16.50.43:477][  0]LogTemp: Display: Loaded TP WindowsClientTargetPlatform
[2018.01.24-16.50.43:526][  0]LogTemp: Display: Loaded TP WindowsNoEditorTargetPlatform
[2018.01.24-16.50.43:575][  0]LogTemp: Display: Loaded TP WindowsServerTargetPlatform
[2018.01.24-16.50.43:617][  0]LogTemp: Display: Loaded TP WindowsTargetPlatform
[2018.01.24-16.50.43:666][  0]LogTemp: Display: Loaded TP Android_ASTCTargetPlatform
[2018.01.24-16.50.43:713][  0]LogTemp: Display: Loaded TP Android_ATCTargetPlatform
[2018.01.24-16.50.43:760][  0]LogTemp: Display: Loaded TP Android_DXTTargetPlatform
[2018.01.24-16.50.43:807][  0]LogTemp: Display: Loaded TP Android_ETC1TargetPlatform
[2018.01.24-16.50.43:853][  0]LogTemp: Display: Loaded TP Android_ETC2TargetPlatform
[2018.01.24-16.50.43:948][  0]LogTemp: Display: Loaded TP Android_MultiTargetPlatform
[2018.01.24-16.50.43:948][  0]LogTemp: Display: Loaded TP Android_PVRTCTargetPlatform
[2018.01.24-16.50.43:996][  0]LogTemp: Display: Loaded TP AndroidTargetPlatform
[2018.01.24-16.50.44:032][  0]LogTemp: Display: Loaded TP HTML5TargetPlatform
[2018.01.24-16.50.44:122][  0]LogTemp: Display: Loaded TP IOSTargetPlatform
[2018.01.24-16.50.44:148][  0]LogTemp: Display: Loaded TP TVOSTargetPlatform
[2018.01.24-16.50.44:197][  0]LogTemp: Display: Loaded TP LinuxClientTargetPlatform
[2018.01.24-16.50.44:243][  0]LogTemp: Display: Loaded TP LinuxNoEditorTargetPlatform
[2018.01.24-16.50.44:293][  0]LogTemp: Display: Loaded TP LinuxServerTargetPlatform
[2018.01.24-16.50.44:340][  0]LogTemp: Display: Loaded TP LinuxTargetPlatform
[2018.01.24-16.50.44:340][  0]LogTargetPlatformManager: Display: Building Assets For Windows
[2018.01.24-16.50.44:769][  0]LogDerivedDataCache: Display: Max Cache Size: 512 MB
[2018.01.24-16.50.44:843][  0]LogDerivedDataCache: Loaded boot cache 0.07s 92MB C:/Users/Cosmotron/AppData/Local/UnrealEngine/4.18/DerivedDataCache/Boot.ddc.
[2018.01.24-16.50.44:843][  0]LogDerivedDataCache: Display: Loaded Boot cache: C:/Users/Cosmotron/AppData/Local/UnrealEngine/4.18/DerivedDataCache/Boot.ddc
[2018.01.24-16.50.44:843][  0]LogDerivedDataCache: FDerivedDataBackendGraph:  Pak pak cache file ../../../../../../Users/Cosmotron/Documents/Unreal Projects/MultiplayerShootout/DerivedDataCache/DDC.ddp not found, will not use a pak cache.
[2018.01.24-16.50.44:843][  0]LogDerivedDataCache: Unable to find inner node Pak for hierarchical cache Hierarchy.
[2018.01.24-16.50.44:843][  0]LogDerivedDataCache: FDerivedDataBackendGraph:  CompressedPak pak cache file ../../../../../../Users/Cosmotron/Documents/Unreal Projects/MultiplayerShootout/DerivedDataCache/Compressed.ddp not found, will not use a pak cache.
[2018.01.24-16.50.44:843][  0]LogDerivedDataCache: Unable to find inner node CompressedPak for hierarchical cache Hierarchy.
[2018.01.24-16.50.44:858][  0]LogDerivedDataCache: Display: Pak cache opened for reading ../../../Engine/DerivedDataCache/Compressed.ddp.
[2018.01.24-16.50.44:871][  0]LogDerivedDataCache: Using Local data cache path C:/Users/Cosmotron/AppData/Local/UnrealEngine/Common/DerivedDataCache: Writable
[2018.01.24-16.50.44:880][  0]LogMaterial: Verifying Global Shaders for PCD3D_SM5
[2018.01.24-16.50.44:880][  0]LogSlate: Using Freetype 2.6.0
[2018.01.24-16.50.44:881][  0]LogSlate: SlateFontCache - WITH_FREETYPE: 1, WITH_HARFBUZZ: 1
[2018.01.24-16.50.44:881][  0]LogSlate: SlateFontCache - WITH_FREETYPE: 1, WITH_HARFBUZZ: 1
[2018.01.24-16.50.45:219][  0]LogInit: Selected Device Profile: [Windows]
[2018.01.24-16.50.45:538][  0]LogSimplygon: Simplygon DLL not present - disabling.
[2018.01.24-16.50.45:575][  0]LogMeshReduction: Using SimplygonSwarm for distributed automatic mesh merging
[2018.01.24-16.50.45:575][  0]LogMeshReduction: Using QuadricMeshReduction for automatic static mesh reduction
[2018.01.24-16.50.45:575][  0]LogMeshReduction: No automatic skeletal mesh reduction module available
[2018.01.24-16.50.45:575][  0]LogMeshReduction: No automatic mesh merging module available
[2018.01.24-16.50.45:575][  0]LogMeshMerging: No automatic mesh merging module available
[2018.01.24-16.50.45:603][  0]LogNetVersion: MultiplayerShootout , NetCL: 3709383, EngineNetVer: 2, GameNetVer: 0 (Checksum: 2187402621)
[2018.01.24-16.50.45:703][  0]Warning: Missing opening '"' in string property value: ThirdParty/Steamworks)
[2018.01.24-16.50.45:769][  0]LogAssetRegistry: FAssetRegistry took 0.0262 seconds to start up
[2018.01.24-16.50.46:266][  0]LogPackageLocalizationCache: Processed 7 localized package path(s) for 2 prioritized culture(s) in 0.061573 seconds
[2018.01.24-16.50.46:271][  0]LogUObjectArray: 35870 objects as part of root set at end of initial load.
[2018.01.24-16.50.46:272][  0]LogUObjectAllocator: 7363704 out of 0 bytes used by permanent object pool.
[2018.01.24-16.50.46:272][  0]LogUObjectArray: CloseDisregardForGC: 0/0 objects in disregard for GC pool
[2018.01.24-16.50.48:986][  0]LogTcpMessaging: Initializing TcpMessaging bridge
[2018.01.24-16.50.49:033][  0]LogUdpMessaging: Initializing bridge on interface 0.0.0.0:0 to multicast group 230.0.0.1:6666.
[2018.01.24-16.50.49:667][  0]LogMaterial: Uniform references updated for custom material expression Custom.
[2018.01.24-16.50.50:074][  0]SourceControl: Source control is disabled
[2018.01.24-16.50.50:074][  0]SourceControl: Source control is disabled
[2018.01.24-16.50.50:123][  0]SourceControl: Source control is disabled
[2018.01.24-16.50.50:170][  0]SourceControl: Source control is disabled
[2018.01.24-16.50.50:868][  0]LogAndroidPermission: UAndroidPermissionCallbackProxy::GetInstance
[2018.01.24-16.50.51:125][  0]LogOcInput: OculusInput pre-init called
[2018.01.24-16.50.51:394][  0]LogEngine: Initializing Engine...
[2018.01.24-16.50.51:412][  0]LogHMD: Failed to initialize OpenVR with code 126
[2018.01.24-16.50.51:624][  0]LogStats: UGameplayTagsManager::ConstructGameplayTagTree: Construct from data asset -  0.000 s
[2018.01.24-16.50.51:624][  0]LogStats: UGameplayTagsManager::ConstructGameplayTagTree: GameplayTagTreeChangedEvent.Broadcast -  0.000 s
[2018.01.24-16.50.51:755][  0]LogAIModule: Creating AISystem for world Untitled
[2018.01.24-16.50.51:767][  0]LogInit: XAudio2 using 'Speakers (Realtek High Definition Audio)' : 2 channels at 48 kHz using 32 bits per sample (channel mask 0x3)
[2018.01.24-16.50.51:815][  0]LogInit: FAudioDevice initialized.
[2018.01.24-16.50.51:883][  0]LogDerivedDataCache: Saved boot cache 0.07s 92MB C:/Users/Cosmotron/AppData/Local/UnrealEngine/4.18/DerivedDataCache/Boot.ddc.
[2018.01.24-16.50.51:898][  0]LogInit: Texture streaming: Enabled
[2018.01.24-16.50.52:001][  0]LogEngineSessionManager: EngineSessionManager initialized
[2018.01.24-16.50.52:142][  0]LogInit: Transaction tracking system initialized
[2018.01.24-16.50.52:472][  0]BlueprintLog: New page: Editor Load
[2018.01.24-16.50.53:297][  0]LocalizationService: Localization service is disabled
[2018.01.24-16.50.54:013][  0]LogConsoleResponse: Display: 
[2018.01.24-16.50.54:183][  0]LogCook: Display: Max memory allowance for cook 16384mb min free memory 0mb
[2018.01.24-16.50.54:183][  0]LogCook: Display: Mobile HDR setting 1
[2018.01.24-16.50.54:183][  0]LogGameplayTags: Display: UGameplayTagsManager::DoneAddingNativeTags. DelegateIsBound: 0
[2018.01.24-16.50.54:487][  0]LogFileCache: Scanning file cache for directory 'C:/Users/Cosmotron/Documents/Unreal Projects/MultiplayerShootout/Content/' took 0.01s
[2018.01.24-16.50.55:328][  0]SourceControl: Source control is disabled
[2018.01.24-16.50.55:328][  0]Cmd: MAP LOAD FILE="../../../../../../Users/Cosmotron/Documents/Unreal Projects/MultiplayerShootout/Content/Maps/Level_01.umap" TEMPLATE=0 SHOWPROGRESS=1 FEATURELEVEL=3
[2018.01.24-16.50.55:328][  0]LightingResults: New page: Lighting Build
[2018.01.24-16.50.55:369][  0]MapCheck: New page: Map Check
[2018.01.24-16.50.55:370][  0]LightingResults: New page: Lighting Build
[2018.01.24-16.50.55:798][  0]LogBlueprint: Warning: [Compiler BP_Projectile] Set Physics Angular Velocity  is deprecated; Use SetPhysicsAngularVelocityInDegrees instead
[2018.01.24-16.50.55:870][  0]LogBlueprint: Warning: [Compiler BP_Projectile] [0017.24] Compile of BP_Projectile successful, but with 1 Warning(s) [in 98 ms] (/Game/Blueprints/BP_Projectile.BP_Projectile)
[2018.01.24-16.50.56:197][  0]LogAIModule: Creating AISystem for world Level_01
[2018.01.24-16.50.56:208][  0]LogEditorServer: Finished looking for orphan Actors (0.000 secs)
[2018.01.24-16.50.56:224][  0]Cmd: MAP CHECKDEP NOCLEARLOG
[2018.01.24-16.50.56:280][  0]MapCheck: Map check complete: 0 Error(s), 0 Warning(s), took 56.034ms to complete.
[2018.01.24-16.50.56:280][  0]LogFileHelpers: Loading map 'Level_01' took 0.953
[2018.01.24-16.50.56:460][  0]LogCollectionManager: Loaded 0 collections in 0.001361 seconds
[2018.01.24-16.50.56:543][  0]LogFileCache: Scanning file cache for directory 'C:/Users/Cosmotron/Documents/Unreal Projects/MultiplayerShootout/Saved/Collections/' took 0.01s
[2018.01.24-16.50.56:543][  0]LogFileCache: Scanning file cache for directory 'C:/Users/Cosmotron/Documents/Unreal Projects/MultiplayerShootout/Content/Developers/Cosmotron/Collections/' took 0.01s
[2018.01.24-16.50.56:543][  0]LogFileCache: Scanning file cache for directory 'C:/Users/Cosmotron/Documents/Unreal Projects/MultiplayerShootout/Content/Collections/' took 0.01s
[2018.01.24-16.50.56:543][  0]LogCollectionManager: Rebuilt the GUID cache for 0 collections in 0.000000 seconds
[2018.01.24-16.50.56:551][  0]LogContentBrowser: Native class hierarchy populated in 0.0079 seconds. Added 2364 classes and 521 folders.
[2018.01.24-16.50.56:616][  0]LogContentBrowser: Native class hierarchy updated for 'WidgetCarousel' in 0.0002 seconds. Added 0 classes and 0 folders.
[2018.01.24-16.50.56:648][  0]LogContentBrowser: Native class hierarchy updated for 'AddContentDialog' in 0.0002 seconds. Added 0 classes and 0 folders.
[2018.01.24-16.50.56:715][  0]LogSlate: Took 0.000422 seconds to synchronously load lazily loaded font '../../../Engine/Content/Slate/Fonts/Roboto-Regular.ttf' (155K)
[2018.01.24-16.50.56:724][  0]LogSlate: Took 0.000209 seconds to synchronously load lazily loaded font '../../../Engine/Content/Slate/Fonts/Roboto-Bold.ttf' (160K)
[2018.01.24-16.50.56:727][  0]LogSlate: Took 0.000152 seconds to synchronously load lazily loaded font '../../../Engine/Content/Editor/Slate/Fonts/FontAwesome.ttf' (139K)
[2018.01.24-16.50.56:827][  0]LogRenderer: Reallocating scene render targets to support 1044x512 Format 10 NumSamples 1 (Frame:1).
[2018.01.24-16.50.57:026][  0]LogContentBrowser: Native class hierarchy updated for 'HierarchicalLODOutliner' in 0.0003 seconds. Added 1 classes and 2 folders.
[2018.01.24-16.50.57:026][  0]LogLoad: (Engine Initialization) Total time: 18.40 seconds
[2018.01.24-16.50.57:026][  0]LogLoad: (Engine Initialization) Total Blueprint compile time: 0.00 seconds
[2018.01.24-16.50.57:026][  0]LogExternalProfiler: No external profilers were discovered.  External profiling features will not be available.
[2018.01.24-16.50.57:035][  0]LogWindowsTextInputMethodSystem: Display: IME system now deactivated.
[2018.01.24-16.50.57:060][  0]LogContentStreaming: Texture pool size now 1000 MB
[2018.01.24-16.50.57:110][  1]LogAssetRegistry: Asset discovery search completed in 11.3636 seconds
[2018.01.24-16.50.57:113][  1]LogCollectionManager: Rebuilt the object cache for 0 collections in 0.000000 seconds (found 0 objects)
[2018.01.24-16.50.57:113][  1]LogCollectionManager: Fixed up redirectors for 0 collections in 0.000047 seconds (updated 0 objects)
[2018.01.24-16.50.57:140][  1]LogStaticMesh: Allocated 496x129x64 distance field atlas = 7.8Mb, with 56 objects containing 3.2Mb backing data
[2018.01.24-16.50.59:427][226]LogSlate: Took 0.000171 seconds to synchronously load lazily loaded font '../../../Engine/Content/Slate/Fonts/Roboto-Light.ttf' (159K)
[2018.01.24-16.51.53:782][728]LogSlate: Took 0.000125 seconds to synchronously load lazily loaded font '../../../Engine/Content/Slate/Fonts/Roboto-Light.ttf' (159K)
[2018.01.24-16.53.31:167][ 44]LogContentBrowser: Native class hierarchy updated for 'BlueprintGraph' in 0.0006 seconds. Added 116 classes and 0 folders.
[2018.01.24-16.53.31:877][ 44]LogSlate: Took 0.000119 seconds to synchronously load lazily loaded font '../../../Engine/Content/Slate/Fonts/Roboto-Regular.ttf' (155K)
[2018.01.24-16.53.32:003][ 44]LogSlate: Took 0.004434 seconds to synchronously load lazily loaded font '../../../Engine/Content/Editor/Slate/Fonts/Roboto-BoldCondensed.ttf' (158K)
[2018.01.24-16.53.32:109][ 45]LogSlate: Took 0.004881 seconds to synchronously load lazily loaded font '../../../Engine/Content/Editor/Slate/Fonts/Roboto-Italic.ttf' (157K)
[2018.01.24-16.54.22:911][613]LogRenderer: Reallocating scene render targets to support 1112x676 Format 10 NumSamples 1 (Frame:1).
[2018.01.24-16.55.55:174][149]LogActorComponent: UnregisterComponent: (/Engine/Transient.EditorFloorComp) Not registered. Aborting.
[2018.01.24-16.56.32:173][326]LogAIModule: Creating AISystem for world VR_Level01
[2018.01.24-16.56.41:908][213]LogAIModule: Creating AISystem for world VR_MainMenu
[2018.01.24-16.57.15:131][727]LogMetaData: Removing '/Game/Z_Folder/Blueprints/Map/VR_Level01.SKEL_VR_Level01_C' ref from Metadata '/Game/Maps/VR_Level01.PackageMetaData'
[2018.01.24-16.57.15:131][727]LogMetaData: Removing '/Game/Z_Folder/Blueprints/Map/VR_Level01.VR_Level01_C' ref from Metadata '/Game/Maps/VR_Level01.PackageMetaData'
[2018.01.24-16.57.15:259][727]LogMetaData: Removing '/Game/Z_Folder/Blueprints/Map/VR_MainMenu.SKEL_VR_MainMenu_C' ref from Metadata '/Game/Maps/VR_MainMenu.PackageMetaData'
[2018.01.24-16.57.15:259][727]LogMetaData: Removing '/Game/Z_Folder/Blueprints/Map/VR_MainMenu.VR_MainMenu_C' ref from Metadata '/Game/Maps/VR_MainMenu.PackageMetaData'
[2018.01.24-16.57.15:645][727]LogSavePackage: Save=265.28ms
[2018.01.24-16.57.15:645][727]LogSavePackage: Moving '../../../../../../Users/Cosmotron/Documents/Unreal Projects/MultiplayerShootout/Saved/VR_Level01B4FCCC3D4FA4E8FB1B0AD28C55F66BD3.tmp' to '../../../../../../Users/Cosmotron/Documents/Unreal Projects/MultiplayerShootout/Content/Z_Folder/Blueprints/Map/VR_Level01.umap'
[2018.01.24-16.57.15:651][727]LogSavePackage: Display: Finished SavePackage ../../../../../../Users/Cosmotron/Documents/Unreal Projects/MultiplayerShootout/Content/Z_Folder/Blueprints/Map/VR_Level01.umap
[2018.01.24-16.57.15:655][727]LogFileHelpers: Saving map 'VR_Level01' took 0.369
[2018.01.24-16.57.15:800][727]LogSavePackage: Save=138.61ms
[2018.01.24-16.57.15:800][727]LogSavePackage: Moving '../../../../../../Users/Cosmotron/Documents/Unreal Projects/MultiplayerShootout/Saved/VR_Level01_BuiltData997432324BA71D03A26D4B9012BF9E1A.tmp' to '../../../../../../Users/Cosmotron/Documents/Unreal Projects/MultiplayerShootout/Content/Z_Folder/Blueprints/Map/VR_Level01_BuiltData.uasset'
[2018.01.24-16.57.15:803][727]LogSavePackage: Display: Finished SavePackage ../../../../../../Users/Cosmotron/Documents/Unreal Projects/MultiplayerShootout/Content/Z_Folder/Blueprints/Map/VR_Level01_BuiltData.uasset
[2018.01.24-16.57.16:147][727]LogSavePackage: Save=243.43ms
[2018.01.24-16.57.16:147][727]LogSavePackage: Moving '../../../../../../Users/Cosmotron/Documents/Unreal Projects/MultiplayerShootout/Saved/VR_MainMenuE209D80B4D5873A03F7E83B89F8B7B6B.tmp' to '../../../../../../Users/Cosmotron/Documents/Unreal Projects/MultiplayerShootout/Content/Z_Folder/Blueprints/Map/VR_MainMenu.umap'
[2018.01.24-16.57.16:150][727]LogSavePackage: Display: Finished SavePackage ../../../../../../Users/Cosmotron/Documents/Unreal Projects/MultiplayerShootout/Content/Z_Folder/Blueprints/Map/VR_MainMenu.umap
[2018.01.24-16.57.16:154][727]LogFileHelpers: Saving map 'VR_MainMenu' took 0.348
[2018.01.24-16.57.16:293][727]LogSavePackage: Save=133.96ms
[2018.01.24-16.57.16:293][727]LogSavePackage: Moving '../../../../../../Users/Cosmotron/Documents/Unreal Projects/MultiplayerShootout/Saved/VR_MainMenu_BuiltDataD0F15F5247105B7B931E8C9824F92DF9.tmp' to '../../../../../../Users/Cosmotron/Documents/Unreal Projects/MultiplayerShootout/Content/Z_Folder/Blueprints/Map/VR_MainMenu_BuiltData.uasset'
[2018.01.24-16.57.16:295][727]LogSavePackage: Display: Finished SavePackage ../../../../../../Users/Cosmotron/Documents/Unreal Projects/MultiplayerShootout/Content/Z_Folder/Blueprints/Map/VR_MainMenu_BuiltData.uasset
[2018.01.24-16.57.28:071][660]Cmd: MAP LOAD FILE="../../../../../../Users/Cosmotron/Documents/Unreal Projects/MultiplayerShootout/Content/Z_Folder/Blueprints/Map/VR_MainMenu.umap" TEMPLATE=0 SHOWPROGRESS=1 FEATURELEVEL=3
[2018.01.24-16.57.28:071][660]LightingResults: New page: Lighting Build
[2018.01.24-16.57.28:072][660]LoadErrors: New page: Loading map: VR_MainMenu.umap
[2018.01.24-16.57.28:073][660]MapCheck: New page: Map Check
[2018.01.24-16.57.28:073][660]LightingResults: New page: Lighting Build
[2018.01.24-16.57.28:203][660]LogEditorServer: Finished looking for orphan Actors (0.000 secs)
[2018.01.24-16.57.28:236][660]Cmd: MAP CHECKDEP NOCLEARLOG
[2018.01.24-16.57.28:296][660]MapCheck: Map check complete: 0 Error(s), 0 Warning(s), took 59.969ms to complete.
[2018.01.24-16.57.28:296][660]LogFileHelpers: Loading map 'VR_MainMenu' took 0.226
[2018.01.24-16.57.43:053][331]LogEditorViewport: Clicking on Actor (LMB): DirectionalLight (DirectionalLight)
[2018.01.24-16.58.32:680][754]LogEditorActor: Deleted Actor: PlayerStart
[2018.01.24-16.58.32:695][754]LogEditorActor: Deleted 1 Actors (0.019 secs)
[2018.01.24-16.58.37:645][320]LogEditorViewport: Clicking on Actor (LMB): PlayerStart (PlayerStart)
[2018.01.24-16.58.47:051][291]LogEditorActor: Deleted Actor: CameraActor
[2018.01.24-16.58.47:052][291]LogEditorActor: Deleted Actor: CameraActor
[2018.01.24-16.58.47:053][291]LogEditorActor: Deleted Actor: CameraActor
[2018.01.24-16.58.47:053][291]LogEditorActor: Deleted Actor: CameraActor
[2018.01.24-16.58.47:068][291]LogEditorActor: Deleted 4 Actors (0.020 secs)
[2018.01.24-17.00.03:884][ 69]LogMetaData: Removing '/Game/Z_Folder/Blueprints/VR_GameMode.VR_GameMode_C:Player2' ref from Metadata '/Game/Blueprints/VR_GameMode.PackageMetaData'
[2018.01.24-17.00.03:884][ 69]LogMetaData: Removing '/Game/Z_Folder/Blueprints/VR_GameMode.SKEL_VR_GameMode_C:UserConstructionScript' ref from Metadata '/Game/Blueprints/VR_GameMode.PackageMetaData'
[2018.01.24-17.00.03:884][ 69]LogMetaData: Removing '/Game/Z_Folder/Blueprints/VR_GameMode.SKEL_VR_GameMode_C:DefaultSceneRoot' ref from Metadata '/Game/Blueprints/VR_GameMode.PackageMetaData'
[2018.01.24-17.00.03:884][ 69]LogMetaData: Removing '/Game/Z_Folder/Blueprints/VR_GameMode.SKEL_VR_GameMode_C:Player1' ref from Metadata '/Game/Blueprints/VR_GameMode.PackageMetaData'
[2018.01.24-17.00.03:885][ 69]LogMetaData: Removing '/Game/Z_Folder/Blueprints/VR_GameMode.SKEL_VR_GameMode_C:Player2' ref from Metadata '/Game/Blueprints/VR_GameMode.PackageMetaData'
[2018.01.24-17.00.03:885][ 69]LogMetaData: Removing '/Game/Z_Folder/Blueprints/VR_GameMode.SKEL_VR_GameMode_C:K2_PostLogin' ref from Metadata '/Game/Blueprints/VR_GameMode.PackageMetaData'
[2018.01.24-17.00.03:885][ 69]LogMetaData: Removing '/Game/Z_Folder/Blueprints/VR_GameMode.SKEL_VR_GameMode_C' ref from Metadata '/Game/Blueprints/VR_GameMode.PackageMetaData'
[2018.01.24-17.00.03:885][ 69]LogMetaData: Removing '/Game/Z_Folder/Blueprints/VR_GameMode.VR_GameMode_C' ref from Metadata '/Game/Blueprints/VR_GameMode.PackageMetaData'
[2018.01.24-17.00.03:885][ 69]LogMetaData: Removing '/Game/Z_Folder/Blueprints/VR_GameMode.VR_GameMode_C:Player1' ref from Metadata '/Game/Blueprints/VR_GameMode.PackageMetaData'
[2018.01.24-17.00.03:885][ 69]LogMetaData: Removing '/Game/Z_Folder/Blueprints/VR_GameMode.VR_GameMode_C:DefaultSceneRoot' ref from Metadata '/Game/Blueprints/VR_GameMode.PackageMetaData'
[2018.01.24-17.00.03:885][ 69]LogMetaData: Removing '/Game/Z_Folder/Blueprints/VR_GameMode.VR_GameMode_C:K2_PostLogin' ref from Metadata '/Game/Blueprints/VR_GameMode.PackageMetaData'
[2018.01.24-17.00.03:885][ 69]LogMetaData: Removing '/Game/Z_Folder/Blueprints/VR_GameMode.VR_GameMode_C:UserConstructionScript' ref from Metadata '/Game/Blueprints/VR_GameMode.PackageMetaData'
[2018.01.24-17.00.03:885][ 69]LogMetaData: Removing '/Game/Z_Folder/Blueprints/VR_GameMode.VR_GameMode_C:ExecuteUbergraph_VR_GameMode' ref from Metadata '/Game/Blueprints/VR_GameMode.PackageMetaData'
[2018.01.24-17.00.03:903][ 69]LogMetaData: Removing '/Game/Z_Folder/Blueprints/VR_GameInstance.SKEL_VR_GameInstance_C:Travel Error to String' ref from Metadata '/Game/Blueprints/VR_GameInstance.PackageMetaData'
[2018.01.24-17.00.03:903][ 69]LogMetaData: Removing '/Game/Z_Folder/Blueprints/VR_GameInstance.SKEL_VR_GameInstance_C:NetErrorToString' ref from Metadata '/Game/Blueprints/VR_GameInstance.PackageMetaData'
[2018.01.24-17.00.03:903][ 69]LogMetaData: Removing '/Game/Z_Folder/Blueprints/VR_GameInstance.SKEL_VR_GameInstance_C:NetErrorToString.ErrorString' ref from Metadata '/Game/Blueprints/VR_GameInstance.PackageMetaData'
[2018.01.24-17.00.03:903][ 69]LogMetaData: Removing '/Game/Z_Folder/Blueprints/VR_GameInstance.SKEL_VR_GameInstance_C:MainMenu' ref from Metadata '/Game/Blueprints/VR_GameInstance.PackageMetaData'
[2018.01.24-17.00.03:903][ 69]LogMetaData: Removing '/Game/Z_Folder/Blueprints/VR_GameInstance.SKEL_VR_GameInstance_C:ServerList' ref from Metadata '/Game/Blueprints/VR_GameInstance.PackageMetaData'
[2018.01.24-17.00.03:903][ 69]LogMetaData: Removing '/Game/Z_Folder/Blueprints/VR_GameInstance.SKEL_VR_GameInstance_C:LoadingWidget' ref from Metadata '/Game/Blueprints/VR_GameInstance.PackageMetaData'
[2018.01.24-17.00.03:903][ 69]LogMetaData: Removing '/Game/Z_Folder/Blueprints/VR_GameInstance.SKEL_VR_GameInstance_C:ErrorDialog' ref from Metadata '/Game/Blueprints/VR_GameInstance.PackageMetaData'
[2018.01.24-17.00.03:903][ 69]LogMetaData: Removing '/Game/Z_Folder/Blueprints/VR_GameInstance.SKEL_VR_GameInstance_C:CurrentState' ref from Metadata '/Game/Blueprints/VR_GameInstance.PackageMetaData'
[2018.01.24-17.00.03:903][ 69]LogMetaData: Removing '/Game/Z_Folder/Blueprints/VR_GameInstance.SKEL_VR_GameInstance_C:EnableLAN' ref from Metadata '/Game/Blueprints/VR_GameInstance.PackageMetaData'
[2018.01.24-17.00.03:903][ 69]LogMetaData: Removing '/Game/Z_Folder/Blueprints/VR_GameInstance.SKEL_VR_GameInstance_C:HandleTravelError' ref from Metadata '/Game/Blueprints/VR_GameInstance.PackageMetaData'
[2018.01.24-17.00.03:903][ 69]LogMetaData: Removing '/Game/Z_Folder/Blueprints/VR_GameInstance.SKEL_VR_GameInstance_C:HandleNetworkError' ref from Metadata '/Game/Blueprints/VR_GameInstance.PackageMetaData'
[2018.01.24-17.00.03:903][ 69]LogMetaData: Removing '/Game/Z_Folder/Blueprints/VR_GameInstance.SKEL_VR_GameInstance_C:JoinFromServerListEvent' ref from Metadata '/Game/Blueprints/VR_GameInstance.PackageMetaData'
[2018.01.24-17.00.03:903][ 69]LogMetaData: Removing '/Game/Z_Folder/Blueprints/VR_GameInstance.SKEL_VR_GameInstance_C' ref from Metadata '/Game/Blueprints/VR_GameInstance.PackageMetaData'
[2018.01.24-17.00.03:903][ 69]LogMetaData: Removing '/Game/Z_Folder/Blueprints/VR_GameInstance.VR_GameInstance_C' ref from Metadata '/Game/Blueprints/VR_GameInstance.PackageMetaData'
[2018.01.24-17.00.03:903][ 69]LogMetaData: Removing '/Game/Z_Folder/Blueprints/VR_GameInstance.VR_GameInstance_C:EnableLAN' ref from Metadata '/Game/Blueprints/VR_GameInstance.PackageMetaData'
[2018.01.24-17.00.03:903][ 69]LogMetaData: Removing '/Game/Z_Folder/Blueprints/VR_GameInstance.VR_GameInstance_C:CurrentState' ref from Metadata '/Game/Blueprints/VR_GameInstance.PackageMetaData'
[2018.01.24-17.00.03:903][ 69]LogMetaData: Removing '/Game/Z_Folder/Blueprints/VR_GameInstance.VR_GameInstance_C:ErrorDialog' ref from Metadata '/Game/Blueprints/VR_GameInstance.PackageMetaData'
[2018.01.24-17.00.03:903][ 69]LogMetaData: Removing '/Game/Z_Folder/Blueprints/VR_GameInstance.VR_GameInstance_C:LoadingWidget' ref from Metadata '/Game/Blueprints/VR_GameInstance.PackageMetaData'
[2018.01.24-17.00.03:903][ 69]LogMetaData: Removing '/Game/Z_Folder/Blueprints/VR_GameInstance.VR_GameInstance_C:ServerList' ref from Metadata '/Game/Blueprints/VR_GameInstance.PackageMetaData'
[2018.01.24-17.00.03:903][ 69]LogMetaData: Removing '/Game/Z_Folder/Blueprints/VR_GameInstance.VR_GameInstance_C:MainMenu' ref from Metadata '/Game/Blueprints/VR_GameInstance.PackageMetaData'
[2018.01.24-17.00.03:903][ 69]LogMetaData: Removing '/Game/Z_Folder/Blueprints/VR_GameInstance.VR_GameInstance_C:HandleTravelError' ref from Metadata '/Game/Blueprints/VR_GameInstance.PackageMetaData'
[2018.01.24-17.00.03:903][ 69]LogMetaData: Removing '/Game/Z_Folder/Blueprints/VR_GameInstance.VR_GameInstance_C:HandleNetworkError' ref from Metadata '/Game/Blueprints/VR_GameInstance.PackageMetaData'
[2018.01.24-17.00.03:903][ 69]LogMetaData: Removing '/Game/Z_Folder/Blueprints/VR_GameInstance.VR_GameInstance_C:NetErrorToString.ErrorString' ref from Metadata '/Game/Blueprints/VR_GameInstance.PackageMetaData'
[2018.01.24-17.00.03:903][ 69]LogMetaData: Removing '/Game/Z_Folder/Blueprints/VR_GameInstance.VR_GameInstance_C:ExecuteUbergraph_VR_GameInstance' ref from Metadata '/Game/Blueprints/VR_GameInstance.PackageMetaData'
[2018.01.24-17.00.03:903][ 69]LogMetaData: Removing '/Game/Z_Folder/Blueprints/VR_GameInstance.VR_GameInstance_C:NetErrorToString' ref from Metadata '/Game/Blueprints/VR_GameInstance.PackageMetaData'
[2018.01.24-17.00.03:904][ 69]LogMetaData: Removing '/Game/Z_Folder/Blueprints/VR_GameInstance.VR_GameInstance_C:Travel Error to String' ref from Metadata '/Game/Blueprints/VR_GameInstance.PackageMetaData'
[2018.01.24-17.00.03:993][ 69]LogSavePackage: Save=69.76ms
[2018.01.24-17.00.03:993][ 69]LogSavePackage: Moving '../../../../../../Users/Cosmotron/Documents/Unreal Projects/MultiplayerShootout/Saved/VR_GameModeAB8A04C5422D741F93CEDCB4010939A5.tmp' to '../../../../../../Users/Cosmotron/Documents/Unreal Projects/MultiplayerShootout/Content/Z_Folder/Blueprints/VR_GameMode.uasset'
[2018.01.24-17.00.03:995][ 69]LogSavePackage: Display: Finished SavePackage ../../../../../../Users/Cosmotron/Documents/Unreal Projects/MultiplayerShootout/Content/Z_Folder/Blueprints/VR_GameMode.uasset
[2018.01.24-17.00.04:176][ 69]LogSavePackage: Save=173.91ms
[2018.01.24-17.00.04:176][ 69]LogSavePackage: Moving '../../../../../../Users/Cosmotron/Documents/Unreal Projects/MultiplayerShootout/Saved/VR_GameInstanceB60D0EA140F79087715436A023AB8E8E.tmp' to '../../../../../../Users/Cosmotron/Documents/Unreal Projects/MultiplayerShootout/Content/Z_Folder/Blueprints/VR_GameInstance.uasset'
[2018.01.24-17.00.04:179][ 69]LogSavePackage: Display: Finished SavePackage ../../../../../../Users/Cosmotron/Documents/Unreal Projects/MultiplayerShootout/Content/Z_Folder/Blueprints/VR_GameInstance.uasset
[2018.01.24-17.00.16:689][270]LogSlate: Took 0.000168 seconds to synchronously load lazily loaded font '../../../Engine/Content/Slate/Fonts/Roboto-Light.ttf' (159K)
[2018.01.24-17.00.32:632][624]LogAIModule: Creating AISystem for world MainMenu
[2018.01.24-17.00.39:610][624]LogSavePackage: Save=207.33ms
[2018.01.24-17.00.39:610][624]LogSavePackage: Moving '../../../../../../Users/Cosmotron/Documents/Unreal Projects/MultiplayerShootout/Saved/VR_MainMenu84B8827F406F234521F0948F439ECAA3.tmp' to '../../../../../../Users/Cosmotron/Documents/Unreal Projects/MultiplayerShootout/Content/Z_Folder/Blueprints/Map/VR_MainMenu.umap'
[2018.01.24-17.00.39:614][624]LogSavePackage: Display: Finished SavePackage ../../../../../../Users/Cosmotron/Documents/Unreal Projects/MultiplayerShootout/Content/Z_Folder/Blueprints/Map/VR_MainMenu.umap
[2018.01.24-17.00.39:649][624]LogFileHelpers: Saving map 'VR_MainMenu' took 0.332
[2018.01.24-17.00.39:649][624]Cmd: MAP LOAD FILE="../../../../../../Users/Cosmotron/Documents/Unreal Projects/MultiplayerShootout/Content/Maps/MainMenu.umap" TEMPLATE=0 SHOWPROGRESS=1 FEATURELEVEL=3
[2018.01.24-17.00.39:649][624]LightingResults: New page: Lighting Build
[2018.01.24-17.00.39:650][624]LoadErrors: New page: Loading map: MainMenu.umap
[2018.01.24-17.00.39:651][624]MapCheck: New page: Map Check
[2018.01.24-17.00.39:651][624]LightingResults: New page: Lighting Build
[2018.01.24-17.00.39:753][624]LogEditorServer: Finished looking for orphan Actors (0.000 secs)
[2018.01.24-17.00.39:785][624]Cmd: MAP CHECKDEP NOCLEARLOG
[2018.01.24-17.00.39:842][624]MapCheck: Map check complete: 0 Error(s), 0 Warning(s), took 57.747ms to complete.
[2018.01.24-17.00.39:842][624]LogFileHelpers: Loading map 'MainMenu' took 0.194
[2018.01.24-17.01.07:967][286]LogAIModule: Creating AISystem for world VR_MainMenu
[2018.01.24-17.01.07:990][286]Cmd: MAP LOAD FILE="../../../../../../Users/Cosmotron/Documents/Unreal Projects/MultiplayerShootout/Content/Z_Folder/Blueprints/Map/VR_MainMenu.umap" TEMPLATE=0 SHOWPROGRESS=1 FEATURELEVEL=3
[2018.01.24-17.01.07:990][286]LightingResults: New page: Lighting Build
[2018.01.24-17.01.07:991][286]LoadErrors: New page: Loading map: VR_MainMenu.umap
[2018.01.24-17.01.07:991][286]MapCheck: New page: Map Check
[2018.01.24-17.01.07:991][286]LightingResults: New page: Lighting Build
[2018.01.24-17.01.08:135][286]LogEditorServer: Finished looking for orphan Actors (0.000 secs)
[2018.01.24-17.01.08:167][286]Cmd: MAP CHECKDEP NOCLEARLOG
[2018.01.24-17.01.08:228][286]MapCheck: Map check complete: 0 Error(s), 0 Warning(s), took 60.947ms to complete.
[2018.01.24-17.01.08:229][286]LogFileHelpers: Loading map 'VR_MainMenu' took 0.239
[2018.01.24-17.01.58:803][591]BlueprintLog: New page: Compile VR_MainMenu
[2018.01.24-17.03.23:350][162]LogMetaData: Removing '/Game/Z_Folder/Blueprints/Widgets/VR_MainMenu.SKEL_VR_MainMenu_C:LAN toggle button' ref from Metadata '/Game/Blueprints/Widgets/VR_MainMenu.PackageMetaData'
[2018.01.24-17.03.23:350][162]LogMetaData: Removing '/Game/Z_Folder/Blueprints/Widgets/VR_MainMenu.SKEL_VR_MainMenu_C:Play button' ref from Metadata '/Game/Blueprints/Widgets/VR_MainMenu.PackageMetaData'
[2018.01.24-17.03.23:350][162]LogMetaData: Removing '/Game/Z_Folder/Blueprints/Widgets/VR_MainMenu.SKEL_VR_MainMenu_C:Quit button' ref from Metadata '/Game/Blueprints/Widgets/VR_MainMenu.PackageMetaData'
[2018.01.24-17.03.23:350][162]LogMetaData: Removing '/Game/Z_Folder/Blueprints/Widgets/VR_MainMenu.SKEL_VR_MainMenu_C:TextBlock_78' ref from Metadata '/Game/Blueprints/Widgets/VR_MainMenu.PackageMetaData'
[2018.01.24-17.03.23:350][162]LogMetaData: Removing '/Game/Z_Folder/Blueprints/Widgets/VR_MainMenu.SKEL_VR_MainMenu_C:FoundSessions' ref from Metadata '/Game/Blueprints/Widgets/VR_MainMenu.PackageMetaData'
[2018.01.24-17.03.23:350][162]LogMetaData: Removing '/Game/Z_Folder/Blueprints/Widgets/VR_MainMenu.SKEL_VR_MainMenu_C:ServerList' ref from Metadata '/Game/Blueprints/Widgets/VR_MainMenu.PackageMetaData'
[2018.01.24-17.03.23:350][162]LogMetaData: Removing '/Game/Z_Folder/Blueprints/Widgets/VR_MainMenu.SKEL_VR_MainMenu_C:BndEvt__LAN toggle button_K2Node_ComponentBoundEvent_48_OnButtonClickedEvent__DelegateSignature' ref from Metadata '/Game/Blueprints/Widgets/VR_MainMenu.PackageMetaData'
[2018.01.24-17.03.23:350][162]LogMetaData: Removing '/Game/Z_Folder/Blueprints/Widgets/VR_MainMenu.SKEL_VR_MainMenu_C:BndEvt__Find games button_K2Node_ComponentBoundEvent_63_OnButtonClickedEvent__DelegateSignature' ref from Metadata '/Game/Blueprints/Widgets/VR_MainMenu.PackageMetaData'
[2018.01.24-17.03.23:350][162]LogMetaData: Removing '/Game/Z_Folder/Blueprints/Widgets/VR_MainMenu.SKEL_VR_MainMenu_C:BndEvt__Quit button_K2Node_ComponentBoundEvent_5_OnButtonClickedEvent__DelegateSignature' ref from Metadata '/Game/Blueprints/Widgets/VR_MainMenu.PackageMetaData'
[2018.01.24-17.03.23:350][162]LogMetaData: Removing '/Game/Z_Folder/Blueprints/Widgets/VR_MainMenu.SKEL_VR_MainMenu_C:BndEvt__Play button_K2Node_ComponentBoundEvent_0_OnButtonClickedEvent__DelegateSignature' ref from Metadata '/Game/Blueprints/Widgets/VR_MainMenu.PackageMetaData'
[2018.01.24-17.03.23:350][162]LogMetaData: Removing '/Game/Z_Folder/Blueprints/Widgets/VR_MainMenu.SKEL_VR_MainMenu_C' ref from Metadata '/Game/Blueprints/Widgets/VR_MainMenu.PackageMetaData'
[2018.01.24-17.03.23:350][162]LogMetaData: Removing '/Game/Z_Folder/Blueprints/Widgets/VR_MainMenu.VR_MainMenu_C' ref from Metadata '/Game/Blueprints/Widgets/VR_MainMenu.PackageMetaData'
[2018.01.24-17.03.23:350][162]LogMetaData: Removing '/Game/Z_Folder/Blueprints/Widgets/VR_MainMenu.SKEL_VR_MainMenu_C:Find games button' ref from Metadata '/Game/Blueprints/Widgets/VR_MainMenu.PackageMetaData'
[2018.01.24-17.03.23:350][162]LogMetaData: Removing '/Game/Z_Folder/Blueprints/Widgets/VR_MainMenu.SKEL_VR_MainMenu_C:DefaultAnimationData_5' ref from Metadata '/Game/Blueprints/Widgets/VR_MainMenu.PackageMetaData'
[2018.01.24-17.03.23:350][162]LogMetaData: Removing '/Game/Z_Folder/Blueprints/Widgets/VR_MainMenu.SKEL_VR_MainMenu_C:GetText_0.ButtonText' ref from Metadata '/Game/Blueprints/Widgets/VR_MainMenu.PackageMetaData'
[2018.01.24-17.03.23:350][162]LogMetaData: Removing '/Game/Z_Folder/Blueprints/Widgets/VR_MainMenu.VR_MainMenu_C:ServerList' ref from Metadata '/Game/Blueprints/Widgets/VR_MainMenu.PackageMetaData'
[2018.01.24-17.03.23:350][162]LogMetaData: Removing '/Game/Z_Folder/Blueprints/Widgets/VR_MainMenu.VR_MainMenu_C:FoundSessions' ref from Metadata '/Game/Blueprints/Widgets/VR_MainMenu.PackageMetaData'
[2018.01.24-17.03.23:350][162]LogMetaData: Removing '/Game/Z_Folder/Blueprints/Widgets/VR_MainMenu.VR_MainMenu_C:TextBlock_78' ref from Metadata '/Game/Blueprints/Widgets/VR_MainMenu.PackageMetaData'
[2018.01.24-17.03.23:350][162]LogMetaData: Removing '/Game/Z_Folder/Blueprints/Widgets/VR_MainMenu.VR_MainMenu_C:Quit button' ref from Metadata '/Game/Blueprints/Widgets/VR_MainMenu.PackageMetaData'
[2018.01.24-17.03.23:350][162]LogMetaData: Removing '/Game/Z_Folder/Blueprints/Widgets/VR_MainMenu.VR_MainMenu_C:Play button' ref from Metadata '/Game/Blueprints/Widgets/VR_MainMenu.PackageMetaData'
[2018.01.24-17.03.23:350][162]LogMetaData: Removing '/Game/Z_Folder/Blueprints/Widgets/VR_MainMenu.VR_MainMenu_C:LAN toggle button' ref from Metadata '/Game/Blueprints/Widgets/VR_MainMenu.PackageMetaData'
[2018.01.24-17.03.23:350][162]LogMetaData: Removing '/Game/Z_Folder/Blueprints/Widgets/VR_MainMenu.VR_MainMenu_C:Find games button' ref from Metadata '/Game/Blueprints/Widgets/VR_MainMenu.PackageMetaData'
[2018.01.24-17.03.23:350][162]LogMetaData: Removing '/Game/Z_Folder/Blueprints/Widgets/VR_MainMenu.VR_MainMenu_C:DefaultAnimationData_5' ref from Metadata '/Game/Blueprints/Widgets/VR_MainMenu.PackageMetaData'
[2018.01.24-17.03.23:350][162]LogMetaData: Removing '/Game/Z_Folder/Blueprints/Widgets/VR_MainMenu.VR_MainMenu_C:GetText_0.ButtonText' ref from Metadata '/Game/Blueprints/Widgets/VR_MainMenu.PackageMetaData'
[2018.01.24-17.03.23:350][162]LogMetaData: Removing '/Game/Z_Folder/Blueprints/Widgets/VR_MainMenu.VR_MainMenu_C:ExecuteUbergraph_VR_MainMenu' ref from Metadata '/Game/Blueprints/Widgets/VR_MainMenu.PackageMetaData'
[2018.01.24-17.03.23:432][162]LogSavePackage: Save=64.75ms
[2018.01.24-17.03.23:432][162]LogSavePackage: Moving '../../../../../../Users/Cosmotron/Documents/Unreal Projects/MultiplayerShootout/Saved/VR_MainMenu2027E5BE4AB39CC3421758A0803403D9.tmp' to '../../../../../../Users/Cosmotron/Documents/Unreal Projects/MultiplayerShootout/Content/Z_Folder/Blueprints/Widgets/VR_MainMenu.uasset'
[2018.01.24-17.03.23:437][162]LogSavePackage: Display: Finished SavePackage ../../../../../../Users/Cosmotron/Documents/Unreal Projects/MultiplayerShootout/Content/Z_Folder/Blueprints/Widgets/VR_MainMenu.uasset
[2018.01.24-17.05.40:414][241]BlueprintLog: New page: Compile 3D_MainMenu
[2018.01.24-17.05.56:856][635]LogSlate: Warning: Prevented a slow task dialog from being summoned while a context menu was open
[2018.01.24-17.06.09:667][735]BlueprintLog: New page: Compile 3D_MainMenu
[2018.01.24-17.08.09:735][554]LogSavePackage: Save=217.56ms
[2018.01.24-17.08.09:735][554]LogSavePackage: Moving '../../../../../../Users/Cosmotron/Documents/Unreal Projects/MultiplayerShootout/Saved/VR_MainMenu23596B1C4E6878577B7E4EBCFC932787.tmp' to '../../../../../../Users/Cosmotron/Documents/Unreal Projects/MultiplayerShootout/Content/Z_Folder/Blueprints/Map/VR_MainMenu.umap'
[2018.01.24-17.08.09:740][554]LogSavePackage: Display: Finished SavePackage ../../../../../../Users/Cosmotron/Documents/Unreal Projects/MultiplayerShootout/Content/Z_Folder/Blueprints/Map/VR_MainMenu.umap
[2018.01.24-17.08.09:778][554]LogFileHelpers: Saving map 'VR_MainMenu' took 0.348
[2018.01.24-17.08.09:795][554]LogSavePackage: Save=13.17ms
[2018.01.24-17.08.09:795][554]LogSavePackage: Moving '../../../../../../Users/Cosmotron/Documents/Unreal Projects/MultiplayerShootout/Saved/3D_MainMenu6345FDA4496C74E3100EF4B29DE61C34.tmp' to '../../../../../../Users/Cosmotron/Documents/Unreal Projects/MultiplayerShootout/Content/Z_Folder/Blueprints/Widgets/3D_MainMenu.uasset'
[2018.01.24-17.08.09:798][554]LogSavePackage: Display: Finished SavePackage ../../../../../../Users/Cosmotron/Documents/Unreal Projects/MultiplayerShootout/Content/Z_Folder/Blueprints/Widgets/3D_MainMenu.uasset
[2018.01.24-17.08.09:919][554]LogWindowsTextInputMethodSystem: Display: IME system now deactivated.
[2018.01.24-17.08.10:103][555]Cmd: QUIT_EDITOR
[2018.01.24-17.08.10:140][555]LogExit: Preparing to exit.
[2018.01.24-17.08.10:378][555]LogDirectoryWatcher: A directory notification for 'C:/Users/Cosmotron/Documents/Unreal Projects/MultiplayerShootout/Content/' was aborted.
[2018.01.24-17.08.10:412][555]LogExit: Editor shut down
[2018.01.24-17.08.10:415][555]LogExit: Transaction tracking system shut down
[2018.01.24-17.08.10:590][555]LogDirectoryWatcher: A directory notification for '../../../Engine/Content/' was aborted.
[2018.01.24-17.08.10:590][555]LogDirectoryWatcher: A directory notification for '../../../../../../Users/Cosmotron/Documents/Unreal Projects/MultiplayerShootout/Content/' was aborted.
[2018.01.24-17.08.10:590][555]LogDirectoryWatcher: A directory notification for '../../../Engine/Plugins/2D/Paper2D/Content/' was aborted.
[2018.01.24-17.08.10:590][555]LogDirectoryWatcher: A directory notification for '../../../Engine/Plugins/Media/MediaCompositing/Content/' was aborted.
[2018.01.24-17.08.10:590][555]LogDirectoryWatcher: A directory notification for '../../../Engine/Plugins/Runtime/AppleARKit/Content/' was aborted.
[2018.01.24-17.08.10:590][555]LogDirectoryWatcher: A directory notification for '../../../Engine/Plugins/Runtime/Oculus/OculusVR/Content/' was aborted.
[2018.01.24-17.08.10:590][555]LogDirectoryWatcher: A directory notification for '../../../Engine/Plugins/Runtime/Steam/SteamVR/Content/' was aborted.
[2018.01.24-17.08.10:681][555]LogExit: Object subsystem successfully closed.
[2018.01.24-17.08.10:704][555]LogD3D11RHI: Shutdown
[2018.01.24-17.08.10:704][555]LogD3D11RHI: CleanupD3DDevice
[2018.01.24-17.08.10:706][555]LogD3D11RHI: ~FD3D11DynamicRHI
[2018.01.24-17.08.10:724][555]LogModuleManager: Shutting down and abandoning module SequencerWidgets (555)
[2018.01.24-17.08.10:724][555]LogModuleManager: Shutting down and abandoning module HierarchicalLODUtilities (553)
[2018.01.24-17.08.10:724][555]LogModuleManager: Shutting down and abandoning module BlueprintGraph (551)
[2018.01.24-17.08.10:724][555]LogModuleManager: Shutting down and abandoning module HierarchicalLODOutliner (549)
[2018.01.24-17.08.10:724][555]LogModuleManager: Shutting down and abandoning module AddContentDialog (547)
[2018.01.24-17.08.10:724][555]LogDirectoryWatcher: A directory notification for 'C:/Program Files/Epic Games/UE_4.18/FeaturePacks/' was aborted.
[2018.01.24-17.08.10:725][555]LogModuleManager: Shutting down and abandoning module WidgetCarousel (546)
[2018.01.24-17.08.10:725][555]LogModuleManager: Shutting down and abandoning module EditorWidgets (543)
[2018.01.24-17.08.10:725][555]LogModuleManager: Shutting down and abandoning module CollectionManager (541)
[2018.01.24-17.08.10:725][555]LogDirectoryWatcher: A directory notification for 'C:/Users/Cosmotron/Documents/Unreal Projects/MultiplayerShootout/Content/Collections/' was aborted.
[2018.01.24-17.08.10:725][555]LogDirectoryWatcher: A directory notification for 'C:/Users/Cosmotron/Documents/Unreal Projects/MultiplayerShootout/Content/Developers/Cosmotron/Collections/' was aborted.
[2018.01.24-17.08.10:725][555]LogDirectoryWatcher: A directory notification for 'C:/Users/Cosmotron/Documents/Unreal Projects/MultiplayerShootout/Saved/Collections/' was aborted.
[2018.01.24-17.08.10:725][555]LogModuleManager: Shutting down and abandoning module SceneOutliner (539)
[2018.01.24-17.08.10:725][555]LogModuleManager: Shutting down and abandoning module StatsViewer (537)
[2018.01.24-17.08.10:725][555]LogModuleManager: Shutting down and abandoning module FoliageEdit (535)
[2018.01.24-17.08.10:725][555]LogModuleManager: Shutting down and abandoning module LandscapeEditor (533)
[2018.01.24-17.08.10:725][555]LogModuleManager: Shutting down and abandoning module MeshPaintMode (531)
[2018.01.24-17.08.10:725][555]LogModuleManager: Shutting down and abandoning module SceneDepthPickerMode (529)
[2018.01.24-17.08.10:725][555]LogModuleManager: Shutting down and abandoning module ActorPickerMode (527)
[2018.01.24-17.08.10:725][555]LogModuleManager: Shutting down and abandoning module GeometryMode (525)
[2018.01.24-17.08.10:725][555]LogModuleManager: Shutting down and abandoning module TextureAlignMode (523)
[2018.01.24-17.08.10:725][555]LogModuleManager: Shutting down and abandoning module BspMode (521)
[2018.01.24-17.08.10:725][555]LogModuleManager: Shutting down and abandoning module PIEPreviewDeviceProfileSelector (519)
[2018.01.24-17.08.10:725][555]LogModuleManager: Shutting down and abandoning module HardwareSurvey (517)
[2018.01.24-17.08.10:725][555]LogModuleManager: Shutting down and abandoning module SequenceRecorderSections (515)
[2018.01.24-17.08.10:725][555]LogModuleManager: Shutting down and abandoning module AutomationWorker (513)
[2018.01.24-17.08.10:725][555]LogModuleManager: Shutting down and abandoning module MatineeToLevelSequence (511)
[2018.01.24-17.08.10:725][555]LogModuleManager: Shutting down and abandoning module LevelSequenceEditor (509)
[2018.01.24-17.08.10:726][555]LogModuleManager: Shutting down and abandoning module PlacementMode (508)
[2018.01.24-17.08.10:726][555]LogModuleManager: Shutting down and abandoning module WmfMediaFactory (505)
[2018.01.24-17.08.10:726][555]LogModuleManager: Shutting down and abandoning module WmfMediaEditor (503)
[2018.01.24-17.08.10:726][555]LogModuleManager: Shutting down and abandoning module OpenExrWrapper (501)
[2018.01.24-17.08.10:726][555]LogModuleManager: Shutting down and abandoning module ImgMediaFactory (499)
[2018.01.24-17.08.10:726][555]LogModuleManager: Shutting down and abandoning module ImgMediaEditor (497)
[2018.01.24-17.08.10:726][555]LogModuleManager: Shutting down and abandoning module AvfMediaFactory (495)
[2018.01.24-17.08.10:726][555]LogModuleManager: Shutting down and abandoning module AvfMediaEditor (493)
[2018.01.24-17.08.10:726][555]LogModuleManager: Shutting down and abandoning module AndroidMediaFactory (491)
[2018.01.24-17.08.10:726][555]LogModuleManager: Shutting down and abandoning module AndroidMediaEditor (489)
[2018.01.24-17.08.10:726][555]LogModuleManager: Shutting down and abandoning module CharacterAI (487)
[2018.01.24-17.08.10:726][555]LogModuleManager: Shutting down and abandoning module AudioCapture (485)
[2018.01.24-17.08.10:726][555]LogModuleManager: Shutting down and abandoning module SequenceRecorder (484)
[2018.01.24-17.08.10:726][555]LogModuleManager: Shutting down and abandoning module SmartSnapping (481)
[2018.01.24-17.08.10:726][555]LogModuleManager: Shutting down and abandoning module SessionServices (479)
[2018.01.24-17.08.10:726][555]LogModuleManager: Shutting down and abandoning module ViewportSnapping (477)
[2018.01.24-17.08.10:726][555]LogModuleManager: Shutting down and abandoning module ViewportInteraction (475)
[2018.01.24-17.08.10:726][555]LogModuleManager: Shutting down and abandoning module ClothPainter (473)
[2018.01.24-17.08.10:726][555]LogModuleManager: Shutting down and abandoning module SkeletalMeshEditor (472)
[2018.01.24-17.08.10:726][555]LogModuleManager: Shutting down and abandoning module LogVisualizer (469)
[2018.01.24-17.08.10:726][555]LogModuleManager: Shutting down and abandoning module IntroTutorials (467)
[2018.01.24-17.08.10:726][555]LogModuleManager: Shutting down and abandoning module GameProjectGeneration (466)
[2018.01.24-17.08.10:726][555]LogModuleManager: Shutting down and abandoning module IOSPlatformEditor (463)
[2018.01.24-17.08.10:726][555]LogModuleManager: Shutting down and abandoning module HTML5PlatformEditor (461)
[2018.01.24-17.08.10:726][555]LogModuleManager: Shutting down and abandoning module AndroidPlatformEditor (459)
[2018.01.24-17.08.10:726][555]LogModuleManager: Shutting down and abandoning module AndroidDeviceDetection (458)
[2018.01.24-17.08.11:006][555]LogModuleManager: Shutting down and abandoning module WindowsPlatformEditor (455)
[2018.01.24-17.08.11:007][555]LogModuleManager: Shutting down and abandoning module IOSRuntimeSettings (453)
[2018.01.24-17.08.11:007][555]LogModuleManager: Shutting down and abandoning module AndroidRuntimeSettings (451)
[2018.01.24-17.08.11:007][555]LogModuleManager: Shutting down and abandoning module InputBindingEditor (449)
[2018.01.24-17.08.11:007][555]LogModuleManager: Shutting down and abandoning module MergeActors (447)
[2018.01.24-17.08.11:007][555]LogModuleManager: Shutting down and abandoning module SizeMap (445)
[2018.01.24-17.08.11:007][555]LogModuleManager: Shutting down and abandoning module TreeMap (443)
[2018.01.24-17.08.11:007][555]LogModuleManager: Shutting down and abandoning module ReferenceViewer (441)
[2018.01.24-17.08.11:007][555]LogModuleManager: Shutting down and abandoning module LocalizationDashboard (439)
[2018.01.24-17.08.11:007][555]LogModuleManager: Shutting down and abandoning module LocalizationService (438)
[2018.01.24-17.08.11:007][555]LogModuleManager: Shutting down and abandoning module HardwareTargeting (435)
[2018.01.24-17.08.11:007][555]LogModuleManager: Shutting down and abandoning module DeviceProfileEditor (433)
[2018.01.24-17.08.11:007][555]LogModuleManager: Shutting down and abandoning module UndoHistory (431)
[2018.01.24-17.08.11:007][555]LogModuleManager: Shutting down and abandoning module XmlParser (429)
[2018.01.24-17.08.11:007][555]LogModuleManager: Shutting down and abandoning module Blutility (427)
[2018.01.24-17.08.11:007][555]LogModuleManager: Shutting down and abandoning module ProjectSettingsViewer (425)
[2018.01.24-17.08.11:007][555]LogModuleManager: Shutting down and abandoning module ProjectTargetPlatformEditor (424)
[2018.01.24-17.08.11:007][555]LogModuleManager: Shutting down and abandoning module EditorSettingsViewer (421)
[2018.01.24-17.08.11:007][555]LogModuleManager: Shutting down and abandoning module SettingsEditor (419)
[2018.01.24-17.08.11:007][555]LogModuleManager: Shutting down and abandoning module ProjectLauncher (417)
[2018.01.24-17.08.11:007][555]LogModuleManager: Shutting down and abandoning module SessionFrontend (415)
[2018.01.24-17.08.11:007][555]LogModuleManager: Shutting down and abandoning module ProfilerClient (413)
[2018.01.24-17.08.11:007][555]LogModuleManager: Shutting down and abandoning module DeviceManager (411)
[2018.01.24-17.08.11:007][555]LogModuleManager: Shutting down and abandoning module TargetDeviceServices (410)
[2018.01.24-17.08.11:070][555]LogModuleManager: Shutting down and abandoning module AutomationController (407)
[2018.01.24-17.08.11:070][555]LogModuleManager: Shutting down and abandoning module AutomationWindow (405)
[2018.01.24-17.08.11:070][555]LogModuleManager: Shutting down and abandoning module Layers (403)
[2018.01.24-17.08.11:070][555]LogModuleManager: Shutting down and abandoning module ComponentVisualizers (401)
[2018.01.24-17.08.11:070][555]LogModuleManager: Shutting down and abandoning module DetailCustomizations (399)
[2018.01.24-17.08.11:070][555]LogModuleManager: Shutting down and abandoning module PackagesDialog (397)
[2018.01.24-17.08.11:070][555]LogModuleManager: Shutting down and abandoning module Persona (395)
[2018.01.24-17.08.11:070][555]LogModuleManager: Shutting down and abandoning module AdvancedPreviewScene (394)
[2018.01.24-17.08.11:070][555]LogModuleManager: Shutting down and abandoning module AnimGraph (392)
[2018.01.24-17.08.11:070][555]LogModuleManager: Shutting down and abandoning module Kismet (389)
[2018.01.24-17.08.11:079][555]LogModuleManager: Shutting down and abandoning module ClassViewer (387)
[2018.01.24-17.08.11:080][555]LogModuleManager: Shutting down and abandoning module Toolbox (385)
[2018.01.24-17.08.11:080][555]LogModuleManager: Shutting down and abandoning module ModuleUI (383)
[2018.01.24-17.08.11:080][555]LogModuleManager: Shutting down and abandoning module MovieSceneTools (381)
[2018.01.24-17.08.11:080][555]LogModuleManager: Shutting down and abandoning module OutputLog (379)
[2018.01.24-17.08.11:080][555]LogModuleManager: Shutting down and abandoning module GammaUI (377)
[2018.01.24-17.08.11:080][555]LogModuleManager: Shutting down and abandoning module Documentation (375)
[2018.01.24-17.08.11:080][555]LogModuleManager: Shutting down and abandoning module MovieSceneTracks (373)
[2018.01.24-17.08.11:080][555]LogModuleManager: Shutting down and abandoning module MovieScene (371)
[2018.01.24-17.08.11:080][555]LogModuleManager: Shutting down and abandoning module StreamingPauseRendering (369)
[2018.01.24-17.08.11:080][555]LogModuleManager: Shutting down and abandoning module LauncherPlatform (367)
[2018.01.24-17.08.11:080][555]LogModuleManager: Shutting down and abandoning module AnalyticsET (365)
[2018.01.24-17.08.11:080][555]LogModuleManager: Shutting down and abandoning module PortalServices (363)
[2018.01.24-17.08.11:080][555]LogModuleManager: Shutting down and abandoning module PortalRpc (361)
[2018.01.24-17.08.11:080][555]LogModuleManager: Shutting down and abandoning module MessagingRpc (359)
[2018.01.24-17.08.11:080][555]LogModuleManager: Shutting down and abandoning module AIModule (357)
[2018.01.24-17.08.11:080][555]LogModuleManager: Shutting down and abandoning module GameplayDebugger (356)
[2018.01.24-17.08.11:080][555]LogModuleManager: Shutting down and abandoning module AITestSuite (354)
[2018.01.24-17.08.11:080][555]LogModuleManager: Shutting down and abandoning module DesktopPlatform (351)
[2018.01.24-17.08.11:080][555]LogModuleManager: Shutting down and abandoning module ProfilerService (349)
[2018.01.24-17.08.11:322][555]LogModuleManager: Shutting down and abandoning module TaskGraph (347)
[2018.01.24-17.08.11:322][555]LogModuleManager: Shutting down and abandoning module SteamVRController (345)
[2018.01.24-17.08.11:322][555]LogModuleManager: Shutting down and abandoning module ProceduralMeshComponentEditor (343)
[2018.01.24-17.08.11:322][555]LogModuleManager: Shutting down and abandoning module ProceduralMeshComponent (341)
[2018.01.24-17.08.11:322][555]LogModuleManager: Shutting down and abandoning module OculusInput (339)
[2018.01.24-17.08.11:322][555]LogModuleManager: Shutting down and abandoning module MobilePatchingUtils (337)
[2018.01.24-17.08.11:322][555]LogModuleManager: Shutting down and abandoning module CustomMeshComponent (335)
[2018.01.24-17.08.11:322][555]LogModuleManager: Shutting down and abandoning module CableComponent (333)
[2018.01.24-17.08.11:322][555]LogModuleManager: Shutting down and abandoning module ArchVisCharacter (331)
[2018.01.24-17.08.11:322][555]LogModuleManager: Shutting down and abandoning module AndroidPermission (329)
[2018.01.24-17.08.11:322][555]LogModuleManager: Shutting down and abandoning module ActorSequence (327)
[2018.01.24-17.08.11:322][555]LogModuleManager: Shutting down and abandoning module MediaPlayerEditor (325)
[2018.01.24-17.08.11:323][555]LogModuleManager: Shutting down and abandoning module MediaCompositingEditor (323)
[2018.01.24-17.08.11:323][555]LogModuleManager: Shutting down and abandoning module MediaCompositing (321)
[2018.01.24-17.08.11:323][555]LogModuleManager: Shutting down and abandoning module HTML5Networking (319)
[2018.01.24-17.08.11:323][555]LogModuleManager: Shutting down and abandoning module AlembicImporter (317)
[2018.01.24-17.08.11:323][555]LogModuleManager: Shutting down and abandoning module AlembicLibrary (316)
[2018.01.24-17.08.11:323][555]LogModuleManager: Shutting down and abandoning module GeometryCache (315)
[2018.01.24-17.08.11:323][555]LogModuleManager: Shutting down and abandoning module GeometryCacheEd (314)
[2018.01.24-17.08.11:323][555]LogModuleManager: Shutting down and abandoning module SpeedTreeImporter (309)
[2018.01.24-17.08.11:323][555]LogModuleManager: Shutting down and abandoning module PluginBrowser (307)
[2018.01.24-17.08.11:323][555]LogModuleManager: Shutting down and abandoning module MobileLauncherProfileWizard (305)
[2018.01.24-17.08.11:323][555]LogModuleManager: Shutting down and abandoning module VisualStudioSourceCodeAccess (303)
[2018.01.24-17.08.11:323][555]LogModuleManager: Shutting down and abandoning module VisualStudioCodeSourceCodeAccess (301)
[2018.01.24-17.08.11:323][555]LogModuleManager: Shutting down and abandoning module UObjectPlugin (299)
[2018.01.24-17.08.11:323][555]LogModuleManager: Shutting down and abandoning module SubversionSourceControl (297)
[2018.01.24-17.08.11:323][555]LogModuleManager: Shutting down and abandoning module PerforceSourceControl (295)
[2018.01.24-17.08.11:323][555]LogModuleManager: Shutting down and abandoning module GitSourceControl (293)
[2018.01.24-17.08.11:323][555]LogModuleManager: Shutting down and abandoning module SourceControl (292)
[2018.01.24-17.08.11:323][555]LogModuleManager: Shutting down and abandoning module LightPropagationVolumeEditor (289)
[2018.01.24-17.08.11:323][555]LogModuleManager: Shutting down and abandoning module PaperTiledImporter (287)
[2018.01.24-17.08.11:323][555]LogModuleManager: Shutting down and abandoning module PaperSpriteSheetImporter (285)
[2018.01.24-17.08.11:323][555]LogModuleManager: Shutting down and abandoning module Paper2DEditor (283)
[2018.01.24-17.08.11:323][555]LogModuleManager: Shutting down and abandoning module MeshPaint (282)
[2018.01.24-17.08.11:323][555]LogModuleManager: Shutting down and abandoning module LevelEditor (280)
[2018.01.24-17.08.11:325][555]LogModuleManager: Shutting down and abandoning module PixelInspectorModule (279)
[2018.01.24-17.08.11:325][555]LogModuleManager: Shutting down and abandoning module MainFrame (277)
[2018.01.24-17.08.11:325][555]LogModuleManager: Shutting down and abandoning module HotReload (276)
[2018.01.24-17.08.11:326][555]LogModuleManager: Shutting down and abandoning module RuntimePhysXCooking (271)
[2018.01.24-17.08.11:326][555]LogModuleManager: Shutting down and abandoning module PhysXVehiclesEditor (269)
[2018.01.24-17.08.11:326][555]LogModuleManager: Shutting down and abandoning module PhysXVehicles (267)
[2018.01.24-17.08.11:326][555]LogModuleManager: Shutting down and abandoning module OculusEditor (265)
[2018.01.24-17.08.11:326][555]LogModuleManager: Shutting down and abandoning module LocationServicesBPLibrary (263)
[2018.01.24-17.08.11:326][555]LogModuleManager: Shutting down and abandoning module ImmediatePhysicsEditor (261)
[2018.01.24-17.08.11:326][555]LogModuleManager: Shutting down and abandoning module ImmediatePhysics (259)
[2018.01.24-17.08.11:326][555]LogModuleManager: Shutting down and abandoning module UdpMessaging (257)
[2018.01.24-17.08.11:427][555]LogModuleManager: Shutting down and abandoning module TcpMessaging (255)
[2018.01.24-17.08.11:528][555]LogModuleManager: Shutting down and abandoning module GameplayTagsEditor (253)
[2018.01.24-17.08.11:528][555]LogModuleManager: Shutting down and abandoning module FacialAnimationEditor (251)
[2018.01.24-17.08.11:528][555]LogModuleManager: Shutting down and abandoning module FacialAnimation (249)
[2018.01.24-17.08.11:528][555]LogModuleManager: Shutting down and abandoning module AssetManagerEditor (247)
[2018.01.24-17.08.11:528][555]LogModuleManager: Shutting down and abandoning module GraphEditor (246)
[2018.01.24-17.08.11:528][555]LogModuleManager: Shutting down and abandoning module ContentBrowser (244)
[2018.01.24-17.08.11:529][555]LogModuleManager: Shutting down and abandoning module LightPropagationVolumeRuntime (241)
[2018.01.24-17.08.11:529][555]LogModuleManager: Shutting down and abandoning module Paper2D (239)
[2018.01.24-17.08.11:529][555]LogModuleManager: Shutting down and abandoning module WindowsMoviePlayer (237)
[2018.01.24-17.08.11:529][555]LogModuleManager: Shutting down and abandoning module WmfMedia (235)
[2018.01.24-17.08.11:531][555]LogModuleManager: Shutting down and abandoning module ImgMedia (233)
[2018.01.24-17.08.11:531][555]LogModuleManager: Shutting down and abandoning module PacketHandler (231)
[2018.01.24-17.08.11:531][555]LogModuleManager: Shutting down and abandoning module ClothingSystemEditor (229)
[2018.01.24-17.08.11:531][555]LogModuleManager: Shutting down and abandoning module ClothingSystemRuntime (227)
[2018.01.24-17.08.11:531][555]LogModuleManager: Shutting down and abandoning module MediaAssets (225)
[2018.01.24-17.08.11:531][555]LogModuleManager: Shutting down and abandoning module Media (224)
[2018.01.24-17.08.11:537][555]LogModuleManager: Shutting down and abandoning module Overlay (221)
[2018.01.24-17.08.11:537][555]LogModuleManager: Shutting down and abandoning module OverlayEditor (220)
[2018.01.24-17.08.11:537][555]LogModuleManager: Shutting down and abandoning module VREditor (217)
[2018.01.24-17.08.11:537][555]LogModuleManager: Shutting down and abandoning module StringTableEditor (215)
[2018.01.24-17.08.11:537][555]LogModuleManager: Shutting down and abandoning module GameplayTasksEditor (213)
[2018.01.24-17.08.11:537][555]LogModuleManager: Shutting down and abandoning module BehaviorTreeEditor (211)
[2018.01.24-17.08.11:537][555]LogModuleManager: Shutting down and abandoning module FunctionalTesting (209)
[2018.01.24-17.08.11:537][555]LogModuleManager: Shutting down and abandoning module CollisionAnalyzer (207)
[2018.01.24-17.08.11:537][555]LogModuleManager: Shutting down and abandoning module WorkspaceMenuStructure (206)
[2018.01.24-17.08.11:537][555]LogModuleManager: Shutting down and abandoning module UMG (203)
[2018.01.24-17.08.11:537][555]LogModuleManager: Shutting down and abandoning module UMGEditor (202)
[2018.01.24-17.08.11:537][555]LogModuleManager: Shutting down and abandoning module Sequencer (201)
[2018.01.24-17.08.11:537][555]LogModuleManager: Shutting down and abandoning module MessageLog (198)
[2018.01.24-17.08.11:537][555]LogModuleManager: Shutting down and abandoning module SlateReflector (193)
[2018.01.24-17.08.11:537][555]LogModuleManager: Shutting down and abandoning module Slate (191)
[2018.01.24-17.08.11:537][555]LogModuleManager: Shutting down and abandoning module EditorStyle (189)
[2018.01.24-17.08.11:539][555]LogModuleManager: Shutting down and abandoning module MRMesh (187)
[2018.01.24-17.08.11:539][555]LogModuleManager: Shutting down and abandoning module SourceCodeAccess (185)
[2018.01.24-17.08.11:539][555]LogModuleManager: Shutting down and abandoning module HeadMountedDisplay (183)
[2018.01.24-17.08.11:540][555]LogModuleManager: Shutting down and abandoning module XAudio2 (181)
[2018.01.24-17.08.11:540][555]LogModuleManager: Shutting down and abandoning module Networking (179)
[2018.01.24-17.08.11:540][555]LogModuleManager: Shutting down and abandoning module Core (177)
[2018.01.24-17.08.11:540][555]LogModuleManager: Shutting down and abandoning module LevelSequence (173)
[2018.01.24-17.08.11:540][555]LogModuleManager: Shutting down and abandoning module DirectoryWatcher (171)
[2018.01.24-17.08.11:541][555]LogModuleManager: Shutting down and abandoning module KismetCompiler (169)
[2018.01.24-17.08.11:541][555]LogModuleManager: Shutting down and abandoning module MeshUtilities (167)
[2018.01.24-17.08.11:541][555]LogModuleManager: Shutting down and abandoning module MeshMergeUtilities (166)
[2018.01.24-17.08.11:541][555]LogModuleManager: Shutting down and abandoning module MeshReductionInterface (165)
[2018.01.24-17.08.11:541][555]LogModuleManager: Shutting down and abandoning module SimplygonSwarm (164)
[2018.01.24-17.08.11:541][555]LogModuleManager: Shutting down and abandoning module SimplygonMeshReduction (162)
[2018.01.24-17.08.11:541][555]LogModuleManager: Shutting down and abandoning module QuadricMeshReduction (160)
[2018.01.24-17.08.11:541][555]LogModuleManager: Shutting down and abandoning module MaterialBaking (156)
[2018.01.24-17.08.11:541][555]LogModuleManager: Shutting down and abandoning module DerivedDataCache (153)
[2018.01.24-17.08.11:546][555]LogDerivedDataCache: Shutdown
[2018.01.24-17.08.11:546][555]LogModuleManager: Shutting down and abandoning module TargetPlatform (151)
[2018.01.24-17.08.11:546][555]LogModuleManager: Shutting down and abandoning module VulkanShaderFormat (150)
[2018.01.24-17.08.11:546][555]LogModuleManager: Shutting down and abandoning module ShaderFormatVectorVM (148)
[2018.01.24-17.08.11:546][555]LogModuleManager: Shutting down and abandoning module ShaderFormatOpenGL (146)
[2018.01.24-17.08.11:546][555]LogModuleManager: Shutting down and abandoning module ShaderFormatD3D (144)
[2018.01.24-17.08.11:546][555]LogModuleManager: Shutting down and abandoning module MetalShaderFormat (142)
[2018.01.24-17.08.11:546][555]LogModuleManager: Shutting down and abandoning module TextureFormatUncompressed (140)
[2018.01.24-17.08.11:546][555]LogModuleManager: Shutting down and abandoning module TextureFormatPVR (138)
[2018.01.24-17.08.11:546][555]LogModuleManager: Shutting down and abandoning module TextureFormatDXT (136)
[2018.01.24-17.08.11:546][555]LogModuleManager: Shutting down and abandoning module TextureFormatIntelISPCTexComp (134)
[2018.01.24-17.08.11:546][555]LogModuleManager: Shutting down and abandoning module TextureFormatASTC (132)
[2018.01.24-17.08.11:547][555]LogModuleManager: Shutting down and abandoning module ImageWrapper (131)
[2018.01.24-17.08.11:547][555]LogModuleManager: Shutting down and abandoning module TextureFormatAndroid (128)
[2018.01.24-17.08.11:547][555]LogModuleManager: Shutting down and abandoning module AudioFormatOpus (126)
[2018.01.24-17.08.11:547][555]LogModuleManager: Shutting down and abandoning module AudioFormatOgg (124)
[2018.01.24-17.08.11:547][555]LogModuleManager: Shutting down and abandoning module AudioFormatADPCM (122)
[2018.01.24-17.08.11:547][555]LogModuleManager: Shutting down and abandoning module LinuxTargetPlatform (120)
[2018.01.24-17.08.11:547][555]LogModuleManager: Shutting down and abandoning module LinuxServerTargetPlatform (118)
[2018.01.24-17.08.11:547][555]LogModuleManager: Shutting down and abandoning module LinuxNoEditorTargetPlatform (116)
[2018.01.24-17.08.11:547][555]LogModuleManager: Shutting down and abandoning module LinuxClientTargetPlatform (114)
[2018.01.24-17.08.11:547][555]LogModuleManager: Shutting down and abandoning module TVOSTargetPlatform (112)
[2018.01.24-17.08.11:547][555]LogModuleManager: Shutting down and abandoning module Messaging (110)
[2018.01.24-17.08.11:547][555]LogModuleManager: Shutting down and abandoning module IOSTargetPlatform (108)
[2018.01.24-17.08.11:547][555]LogModuleManager: Shutting down and abandoning module HTML5TargetPlatform (106)
[2018.01.24-17.08.11:547][555]LogModuleManager: Shutting down and abandoning module AndroidTargetPlatform (104)
[2018.01.24-17.08.11:547][555]LogModuleManager: Shutting down and abandoning module Android_PVRTCTargetPlatform (102)
[2018.01.24-17.08.11:547][555]LogModuleManager: Shutting down and abandoning module Android_MultiTargetPlatform (100)
[2018.01.24-17.08.11:547][555]LogModuleManager: Shutting down and abandoning module Android_ETC2TargetPlatform (98)
[2018.01.24-17.08.11:547][555]LogModuleManager: Shutting down and abandoning module Android_ETC1TargetPlatform (96)
[2018.01.24-17.08.11:547][555]LogModuleManager: Shutting down and abandoning module Android_DXTTargetPlatform (94)
[2018.01.24-17.08.11:547][555]LogModuleManager: Shutting down and abandoning module Android_ATCTargetPlatform (92)
[2018.01.24-17.08.11:547][555]LogModuleManager: Shutting down and abandoning module Android_ASTCTargetPlatform (90)
[2018.01.24-17.08.11:547][555]LogModuleManager: Shutting down and abandoning module WindowsTargetPlatform (88)
[2018.01.24-17.08.11:547][555]LogModuleManager: Shutting down and abandoning module WindowsServerTargetPlatform (86)
[2018.01.24-17.08.11:547][555]LogModuleManager: Shutting down and abandoning module WindowsNoEditorTargetPlatform (84)
[2018.01.24-17.08.11:547][555]LogModuleManager: Shutting down and abandoning module WindowsClientTargetPlatform (82)
[2018.01.24-17.08.11:547][555]LogModuleManager: Shutting down and abandoning module MacTargetPlatform (80)
[2018.01.24-17.08.11:547][555]LogModuleManager: Shutting down and abandoning module MacServerTargetPlatform (78)
[2018.01.24-17.08.11:547][555]LogModuleManager: Shutting down and abandoning module MacNoEditorTargetPlatform (76)
[2018.01.24-17.08.11:547][555]LogModuleManager: Shutting down and abandoning module MacClientTargetPlatform (74)
[2018.01.24-17.08.11:547][555]LogModuleManager: Shutting down and abandoning module AllDesktopTargetPlatform (72)
[2018.01.24-17.08.11:547][555]LogModuleManager: Shutting down and abandoning module InputCore (69)
[2018.01.24-17.08.11:547][555]LogModuleManager: Shutting down and abandoning module Settings (67)
[2018.01.24-17.08.11:548][555]LogModuleManager: Shutting down and abandoning module PhysXCooking (65)
[2018.01.24-17.08.11:548][555]LogModuleManager: Shutting down and abandoning module SteamVR (63)
[2018.01.24-17.08.11:548][555]LogModuleManager: Shutting down and abandoning module OculusHMD (61)
[2018.01.24-17.08.11:548][555]LogModuleManager: Shutting down and abandoning module ExampleDeviceProfileSelector (59)
[2018.01.24-17.08.11:548][555]LogModuleManager: Shutting down and abandoning module AppleARKit (57)
[2018.01.24-17.08.11:548][555]LogModuleManager: Shutting down and abandoning module AugmentedReality (56)
[2018.01.24-17.08.11:548][555]LogModuleManager: Shutting down and abandoning module OnlineBlueprintSupport (53)
[2018.01.24-17.08.11:548][555]LogModuleManager: Shutting down and abandoning module OnlineSubsystem (49)
[2018.01.24-17.08.11:548][555]LogOnline: Display: OSS: FOnlineSubsystemNull::Shutdown()
[2018.01.24-17.08.11:548][555]LogOnline: Display: OSS: FOnlineAsyncTaskManager::Stop() ActiveTask:0000000000000000 Tasks[0/0]
[2018.01.24-17.08.11:549][555]LogOnline: Display: OSS: FOnlineAsyncTaskManager::Exit() started
[2018.01.24-17.08.11:549][555]LogOnline: Display: OSS: FOnlineAsyncTaskManager::Exit() finished
[2018.01.24-17.08.11:549][555]LogModuleManager: Shutting down and abandoning module XMPP (43)
[2018.01.24-17.08.11:549][555]LogModuleManager: Shutting down and abandoning module HTTP (41)
[2018.01.24-17.08.11:549][555]LogHttp: Display: Http module shutting down, but needs to wait on 1 outstanding Http requests:
[2018.01.24-17.08.11:549][555]LogHttp: Display: 	verb=[POST] url=[https://datarouter.ol.epicgames.com/datarouter/api/v1/public/data?SessionID=%7B88F6512E-4000-0568-5E27-D4AB5B044ED7%7D&AppID=UEEditor.Rocket.Release&AppVersion=4.18.3-3832480%2B%2B%2BUE4%2BRelease-4.18&UserID=a198cc664e80f62bffec53ae281df260%7Caede66b47dc74c7dbc239fe2c29745e4%7Cd3a968a9-d84c-4791-baa5-56d6482b1928&AppEnvironment=datacollector-binary&UploadType=eteventstream] status=Processing
[2018.01.24-17.08.11:577][555]LogModuleManager: Shutting down and abandoning module SSL (40)
[2018.01.24-17.08.11:579][555]LogModuleManager: Shutting down and abandoning module AnimationModifiers (36)
[2018.01.24-17.08.11:579][555]LogModuleManager: Shutting down and abandoning module PropertyEditor (35)
[2018.01.24-17.08.11:579][555]LogModuleManager: Shutting down and abandoning module AudioEditor (32)
[2018.01.24-17.08.11:579][555]LogModuleManager: Shutting down and abandoning module TextureCompressor (30)
[2018.01.24-17.08.11:579][555]LogModuleManager: Shutting down and abandoning module ShaderCore (28)
[2018.01.24-17.08.11:579][555]LogModuleManager: Shutting down and abandoning module Landscape (26)
[2018.01.24-17.08.11:579][555]LogModuleManager: Shutting down and abandoning module SlateRHIRenderer (24)
[2018.01.24-17.08.11:580][555]LogModuleManager: Shutting down and abandoning module OpenGLDrv (22)
[2018.01.24-17.08.11:580][555]LogModuleManager: Shutting down and abandoning module D3D11RHI (20)
[2018.01.24-17.08.11:580][555]LogModuleManager: Shutting down and abandoning module AnimGraphRuntime (18)
[2018.01.24-17.08.11:580][555]LogModuleManager: Shutting down and abandoning module Renderer (16)
[2018.01.24-17.08.11:580][555]LogModuleManager: Shutting down and abandoning module Engine (14)
[2018.01.24-17.08.11:580][555]LogModuleManager: Shutting down and abandoning module CoreUObject (12)
[2018.01.24-17.08.11:580][555]LogModuleManager: Shutting down and abandoning module NetworkFile (10)
[2018.01.24-17.08.11:580][555]LogModuleManager: Shutting down and abandoning module CookedIterativeFile (8)
[2018.01.24-17.08.11:580][555]LogModuleManager: Shutting down and abandoning module StreamingFile (6)
[2018.01.24-17.08.11:580][555]LogModuleManager: Shutting down and abandoning module SandboxFile (4)
[2018.01.24-17.08.11:581][555]LogModuleManager: Shutting down and abandoning module PakFile (2)
[2018.01.24-17.08.11:584][555]LogExit: Exiting.
[2018.01.24-17.08.11:598][555]Log file closed, 01/24/18 12:08:11
